[  1%] Built target tactigon_msgs__rosidl_generator_type_description
[  1%] Built target ament_cmake_python_copy_tactigon_msgs
[  3%] Built target tactigon_msgs__cpp
[ 25%] Built target tactigon_msgs__rosidl_generator_c
[ 34%] Built target tactigon_msgs__rosidl_typesupport_introspection_c
[ 68%] Built target tactigon_msgs__rosidl_typesupport_c
[ 71%] Built target tactigon_msgs__rosidl_typesupport_introspection_cpp
[ 71%] Built target tactigon_msgs__rosidl_typesupport_cpp
[ 68%] Built target tactigon_msgs__rosidl_typesupport_fastrtps_c
[ 81%] Built target tactigon_msgs__rosidl_typesupport_fastrtps_cpp
[ 81%] Built target tactigon_msgs
[ 82%] Built target tactigon_msgs__py
[ 90%] Built target tactigon_msgs__rosidl_generator_py
[100%] Built target tactigon_msgs_s__rosidl_typesupport_fastrtps_c
[100%] Built target tactigon_msgs_s__rosidl_typesupport_c
[100%] Built target tactigon_msgs_s__rosidl_typesupport_introspection_c
running egg_info
writing tactigon_msgs.egg-info/PKG-INFO
writing dependency_links to tactigon_msgs.egg-info/dependency_links.txt
writing top-level names to tactigon_msgs.egg-info/top_level.txt
reading manifest file 'tactigon_msgs.egg-info/SOURCES.txt'
writing manifest file 'tactigon_msgs.egg-info/SOURCES.txt'
[100%] Built target ament_cmake_python_build_tactigon_msgs_egg
-- Install configuration: ""
-- Up-to-date: /home/banjov2/ros2_ws/install/tactigon_msgs/share/ament_index/resource_index/rosidl_interfaces/tactigon_msgs
-- Up-to-date: /home/banjov2/ros2_ws/install/tactigon_msgs/share/tactigon_msgs/msg/Touch.json
-- Up-to-date: /home/banjov2/ros2_ws/install/tactigon_msgs/share/tactigon_msgs/msg/Angle.json
-- Up-to-date: /home/banjov2/ros2_ws/install/tactigon_msgs/share/tactigon_msgs/msg/Gesture.json
-- Up-to-date: /home/banjov2/ros2_ws/install/tactigon_msgs/share/tactigon_msgs/msg/TSkinState.json
-- Up-to-date: /home/banjov2/ros2_ws/install/tactigon_msgs/include/tactigon_msgs/tactigon_msgs
-- Up-to-date: /home/banjov2/ros2_ws/install/tactigon_msgs/include/tactigon_msgs/tactigon_msgs/msg
-- Up-to-date: /home/banjov2/ros2_ws/install/tactigon_msgs/include/tactigon_msgs/tactigon_msgs/msg/touch.h
-- Up-to-date: /home/banjov2/ros2_ws/install/tactigon_msgs/include/tactigon_msgs/tactigon_msgs/msg/detail
-- Up-to-date: /home/banjov2/ros2_ws/install/tactigon_msgs/include/tactigon_msgs/tactigon_msgs/msg/detail/touch__functions.c
-- Installing: /home/banjov2/ros2_ws/install/tactigon_msgs/include/tactigon_msgs/tactigon_msgs/msg/detail/touch__type_support.c
-- Up-to-date: /home/banjov2/ros2_ws/install/tactigon_msgs/include/tactigon_msgs/tactigon_msgs/msg/detail/angle__type_support.h
-- Up-to-date: /home/banjov2/ros2_ws/install/tactigon_msgs/include/tactigon_msgs/tactigon_msgs/msg/detail/gesture__functions.h
-- Up-to-date: /home/banjov2/ros2_ws/install/tactigon_msgs/include/tactigon_msgs/tactigon_msgs/msg/detail/touch__description.c
-- Up-to-date: /home/banjov2/ros2_ws/install/tactigon_msgs/include/tactigon_msgs/tactigon_msgs/msg/detail/t_skin_state__functions.c
-- Installing: /home/banjov2/ros2_ws/install/tactigon_msgs/include/tactigon_msgs/tactigon_msgs/msg/detail/t_skin_state__type_support.c
-- Up-to-date: /home/banjov2/ros2_ws/install/tactigon_msgs/include/tactigon_msgs/tactigon_msgs/msg/detail/gesture__struct.h
-- Up-to-date: /home/banjov2/ros2_ws/install/tactigon_msgs/include/tactigon_msgs/tactigon_msgs/msg/detail/t_skin_state__description.c
-- Up-to-date: /home/banjov2/ros2_ws/install/tactigon_msgs/include/tactigon_msgs/tactigon_msgs/msg/detail/t_skin_state__functions.h
-- Up-to-date: /home/banjov2/ros2_ws/install/tactigon_msgs/include/tactigon_msgs/tactigon_msgs/msg/detail/t_skin_state__type_support.h
-- Up-to-date: /home/banjov2/ros2_ws/install/tactigon_msgs/include/tactigon_msgs/tactigon_msgs/msg/detail/gesture__type_support.h
-- Up-to-date: /home/banjov2/ros2_ws/install/tactigon_msgs/include/tactigon_msgs/tactigon_msgs/msg/detail/angle__struct.h
-- Up-to-date: /home/banjov2/ros2_ws/install/tactigon_msgs/include/tactigon_msgs/tactigon_msgs/msg/detail/angle__functions.h
-- Installing: /home/banjov2/ros2_ws/install/tactigon_msgs/include/tactigon_msgs/tactigon_msgs/msg/detail/gesture__type_support.c
-- Installing: /home/banjov2/ros2_ws/install/tactigon_msgs/include/tactigon_msgs/tactigon_msgs/msg/detail/angle__type_support.c
-- Up-to-date: /home/banjov2/ros2_ws/install/tactigon_msgs/include/tactigon_msgs/tactigon_msgs/msg/detail/t_skin_state__struct.h
-- Up-to-date: /home/banjov2/ros2_ws/install/tactigon_msgs/include/tactigon_msgs/tactigon_msgs/msg/detail/gesture__description.c
-- Up-to-date: /home/banjov2/ros2_ws/install/tactigon_msgs/include/tactigon_msgs/tactigon_msgs/msg/detail/gesture__functions.c
-- Up-to-date: /home/banjov2/ros2_ws/install/tactigon_msgs/include/tactigon_msgs/tactigon_msgs/msg/detail/touch__type_support.h
-- Up-to-date: /home/banjov2/ros2_ws/install/tactigon_msgs/include/tactigon_msgs/tactigon_msgs/msg/detail/angle__description.c
-- Up-to-date: /home/banjov2/ros2_ws/install/tactigon_msgs/include/tactigon_msgs/tactigon_msgs/msg/detail/touch__struct.h
-- Up-to-date: /home/banjov2/ros2_ws/install/tactigon_msgs/include/tactigon_msgs/tactigon_msgs/msg/detail/touch__functions.h
-- Up-to-date: /home/banjov2/ros2_ws/install/tactigon_msgs/include/tactigon_msgs/tactigon_msgs/msg/detail/angle__functions.c
-- Up-to-date: /home/banjov2/ros2_ws/install/tactigon_msgs/include/tactigon_msgs/tactigon_msgs/msg/rosidl_generator_c__visibility_control.h
-- Up-to-date: /home/banjov2/ros2_ws/install/tactigon_msgs/include/tactigon_msgs/tactigon_msgs/msg/t_skin_state.h
-- Up-to-date: /home/banjov2/ros2_ws/install/tactigon_msgs/include/tactigon_msgs/tactigon_msgs/msg/angle.h
-- Up-to-date: /home/banjov2/ros2_ws/install/tactigon_msgs/include/tactigon_msgs/tactigon_msgs/msg/gesture.h
-- Up-to-date: /home/banjov2/ros2_ws/install/tactigon_msgs/share/tactigon_msgs/environment/library_path.sh
-- Up-to-date: /home/banjov2/ros2_ws/install/tactigon_msgs/share/tactigon_msgs/environment/library_path.dsv
-- Up-to-date: /home/banjov2/ros2_ws/install/tactigon_msgs/lib/libtactigon_msgs__rosidl_generator_c.so
-- Up-to-date: /home/banjov2/ros2_ws/install/tactigon_msgs/include/tactigon_msgs/tactigon_msgs
-- Up-to-date: /home/banjov2/ros2_ws/install/tactigon_msgs/include/tactigon_msgs/tactigon_msgs/msg
-- Up-to-date: /home/banjov2/ros2_ws/install/tactigon_msgs/include/tactigon_msgs/tactigon_msgs/msg/rosidl_typesupport_fastrtps_c__visibility_control.h
-- Up-to-date: /home/banjov2/ros2_ws/install/tactigon_msgs/include/tactigon_msgs/tactigon_msgs/msg/detail
-- Up-to-date: /home/banjov2/ros2_ws/install/tactigon_msgs/include/tactigon_msgs/tactigon_msgs/msg/detail/touch__rosidl_typesupport_fastrtps_c.h
-- Up-to-date: /home/banjov2/ros2_ws/install/tactigon_msgs/include/tactigon_msgs/tactigon_msgs/msg/detail/angle__rosidl_typesupport_fastrtps_c.h
-- Up-to-date: /home/banjov2/ros2_ws/install/tactigon_msgs/include/tactigon_msgs/tactigon_msgs/msg/detail/gesture__rosidl_typesupport_fastrtps_c.h
-- Up-to-date: /home/banjov2/ros2_ws/install/tactigon_msgs/include/tactigon_msgs/tactigon_msgs/msg/detail/t_skin_state__rosidl_typesupport_fastrtps_c.h
-- Up-to-date: /home/banjov2/ros2_ws/install/tactigon_msgs/lib/libtactigon_msgs__rosidl_typesupport_fastrtps_c.so
-- Up-to-date: /home/banjov2/ros2_ws/install/tactigon_msgs/include/tactigon_msgs/tactigon_msgs
-- Up-to-date: /home/banjov2/ros2_ws/install/tactigon_msgs/include/tactigon_msgs/tactigon_msgs/msg
-- Up-to-date: /home/banjov2/ros2_ws/install/tactigon_msgs/include/tactigon_msgs/tactigon_msgs/msg/rosidl_typesupport_introspection_c__visibility_control.h
-- Up-to-date: /home/banjov2/ros2_ws/install/tactigon_msgs/include/tactigon_msgs/tactigon_msgs/msg/detail
-- Installing: /home/banjov2/ros2_ws/install/tactigon_msgs/include/tactigon_msgs/tactigon_msgs/msg/detail/touch__type_support.c
-- Installing: /home/banjov2/ros2_ws/install/tactigon_msgs/include/tactigon_msgs/tactigon_msgs/msg/detail/t_skin_state__type_support.c
-- Up-to-date: /home/banjov2/ros2_ws/install/tactigon_msgs/include/tactigon_msgs/tactigon_msgs/msg/detail/gesture__rosidl_typesupport_introspection_c.h
-- Installing: /home/banjov2/ros2_ws/install/tactigon_msgs/include/tactigon_msgs/tactigon_msgs/msg/detail/gesture__type_support.c
-- Up-to-date: /home/banjov2/ros2_ws/install/tactigon_msgs/include/tactigon_msgs/tactigon_msgs/msg/detail/touch__rosidl_typesupport_introspection_c.h
-- Installing: /home/banjov2/ros2_ws/install/tactigon_msgs/include/tactigon_msgs/tactigon_msgs/msg/detail/angle__type_support.c
-- Up-to-date: /home/banjov2/ros2_ws/install/tactigon_msgs/include/tactigon_msgs/tactigon_msgs/msg/detail/t_skin_state__rosidl_typesupport_introspection_c.h
-- Up-to-date: /home/banjov2/ros2_ws/install/tactigon_msgs/include/tactigon_msgs/tactigon_msgs/msg/detail/angle__rosidl_typesupport_introspection_c.h
-- Up-to-date: /home/banjov2/ros2_ws/install/tactigon_msgs/lib/libtactigon_msgs__rosidl_typesupport_introspection_c.so
-- Up-to-date: /home/banjov2/ros2_ws/install/tactigon_msgs/lib/libtactigon_msgs__rosidl_typesupport_c.so
-- Up-to-date: /home/banjov2/ros2_ws/install/tactigon_msgs/include/tactigon_msgs/tactigon_msgs
-- Up-to-date: /home/banjov2/ros2_ws/install/tactigon_msgs/include/tactigon_msgs/tactigon_msgs/msg
-- Up-to-date: /home/banjov2/ros2_ws/install/tactigon_msgs/include/tactigon_msgs/tactigon_msgs/msg/angle.hpp
-- Up-to-date: /home/banjov2/ros2_ws/install/tactigon_msgs/include/tactigon_msgs/tactigon_msgs/msg/rosidl_generator_cpp__visibility_control.hpp
-- Up-to-date: /home/banjov2/ros2_ws/install/tactigon_msgs/include/tactigon_msgs/tactigon_msgs/msg/touch.hpp
-- Up-to-date: /home/banjov2/ros2_ws/install/tactigon_msgs/include/tactigon_msgs/tactigon_msgs/msg/t_skin_state.hpp
-- Up-to-date: /home/banjov2/ros2_ws/install/tactigon_msgs/include/tactigon_msgs/tactigon_msgs/msg/detail
-- Up-to-date: /home/banjov2/ros2_ws/install/tactigon_msgs/include/tactigon_msgs/tactigon_msgs/msg/detail/touch__type_support.hpp
-- Up-to-date: /home/banjov2/ros2_ws/install/tactigon_msgs/include/tactigon_msgs/tactigon_msgs/msg/detail/touch__traits.hpp
-- Up-to-date: /home/banjov2/ros2_ws/install/tactigon_msgs/include/tactigon_msgs/tactigon_msgs/msg/detail/angle__type_support.hpp
-- Up-to-date: /home/banjov2/ros2_ws/install/tactigon_msgs/include/tactigon_msgs/tactigon_msgs/msg/detail/gesture__struct.hpp
-- Up-to-date: /home/banjov2/ros2_ws/install/tactigon_msgs/include/tactigon_msgs/tactigon_msgs/msg/detail/gesture__traits.hpp
-- Up-to-date: /home/banjov2/ros2_ws/install/tactigon_msgs/include/tactigon_msgs/tactigon_msgs/msg/detail/gesture__type_support.hpp
-- Up-to-date: /home/banjov2/ros2_ws/install/tactigon_msgs/include/tactigon_msgs/tactigon_msgs/msg/detail/t_skin_state__struct.hpp
-- Up-to-date: /home/banjov2/ros2_ws/install/tactigon_msgs/include/tactigon_msgs/tactigon_msgs/msg/detail/t_skin_state__traits.hpp
-- Up-to-date: /home/banjov2/ros2_ws/install/tactigon_msgs/include/tactigon_msgs/tactigon_msgs/msg/detail/angle__traits.hpp
-- Up-to-date: /home/banjov2/ros2_ws/install/tactigon_msgs/include/tactigon_msgs/tactigon_msgs/msg/detail/touch__struct.hpp
-- Up-to-date: /home/banjov2/ros2_ws/install/tactigon_msgs/include/tactigon_msgs/tactigon_msgs/msg/detail/t_skin_state__type_support.hpp
-- Up-to-date: /home/banjov2/ros2_ws/install/tactigon_msgs/include/tactigon_msgs/tactigon_msgs/msg/detail/gesture__builder.hpp
-- Up-to-date: /home/banjov2/ros2_ws/install/tactigon_msgs/include/tactigon_msgs/tactigon_msgs/msg/detail/angle__builder.hpp
-- Up-to-date: /home/banjov2/ros2_ws/install/tactigon_msgs/include/tactigon_msgs/tactigon_msgs/msg/detail/touch__builder.hpp
-- Up-to-date: /home/banjov2/ros2_ws/install/tactigon_msgs/include/tactigon_msgs/tactigon_msgs/msg/detail/angle__struct.hpp
-- Up-to-date: /home/banjov2/ros2_ws/install/tactigon_msgs/include/tactigon_msgs/tactigon_msgs/msg/detail/t_skin_state__builder.hpp
-- Up-to-date: /home/banjov2/ros2_ws/install/tactigon_msgs/include/tactigon_msgs/tactigon_msgs/msg/gesture.hpp
-- Up-to-date: /home/banjov2/ros2_ws/install/tactigon_msgs/include/tactigon_msgs/tactigon_msgs
-- Up-to-date: /home/banjov2/ros2_ws/install/tactigon_msgs/include/tactigon_msgs/tactigon_msgs/msg
-- Up-to-date: /home/banjov2/ros2_ws/install/tactigon_msgs/include/tactigon_msgs/tactigon_msgs/msg/rosidl_typesupport_fastrtps_cpp__visibility_control.h
-- Up-to-date: /home/banjov2/ros2_ws/install/tactigon_msgs/include/tactigon_msgs/tactigon_msgs/msg/detail
-- Up-to-date: /home/banjov2/ros2_ws/install/tactigon_msgs/include/tactigon_msgs/tactigon_msgs/msg/detail/t_skin_state__rosidl_typesupport_fastrtps_cpp.hpp
-- Up-to-date: /home/banjov2/ros2_ws/install/tactigon_msgs/include/tactigon_msgs/tactigon_msgs/msg/detail/touch__rosidl_typesupport_fastrtps_cpp.hpp
-- Up-to-date: /home/banjov2/ros2_ws/install/tactigon_msgs/include/tactigon_msgs/tactigon_msgs/msg/detail/gesture__rosidl_typesupport_fastrtps_cpp.hpp
-- Up-to-date: /home/banjov2/ros2_ws/install/tactigon_msgs/include/tactigon_msgs/tactigon_msgs/msg/detail/dds_fastrtps
-- Up-to-date: /home/banjov2/ros2_ws/install/tactigon_msgs/include/tactigon_msgs/tactigon_msgs/msg/detail/angle__rosidl_typesupport_fastrtps_cpp.hpp
-- Up-to-date: /home/banjov2/ros2_ws/install/tactigon_msgs/lib/libtactigon_msgs__rosidl_typesupport_fastrtps_cpp.so
-- Up-to-date: /home/banjov2/ros2_ws/install/tactigon_msgs/include/tactigon_msgs/tactigon_msgs
-- Up-to-date: /home/banjov2/ros2_ws/install/tactigon_msgs/include/tactigon_msgs/tactigon_msgs/msg
-- Up-to-date: /home/banjov2/ros2_ws/install/tactigon_msgs/include/tactigon_msgs/tactigon_msgs/msg/detail
-- Up-to-date: /home/banjov2/ros2_ws/install/tactigon_msgs/include/tactigon_msgs/tactigon_msgs/msg/detail/touch__rosidl_typesupport_introspection_cpp.hpp
-- Up-to-date: /home/banjov2/ros2_ws/install/tactigon_msgs/include/tactigon_msgs/tactigon_msgs/msg/detail/gesture__type_support.cpp
-- Up-to-date: /home/banjov2/ros2_ws/install/tactigon_msgs/include/tactigon_msgs/tactigon_msgs/msg/detail/gesture__rosidl_typesupport_introspection_cpp.hpp
-- Up-to-date: /home/banjov2/ros2_ws/install/tactigon_msgs/include/tactigon_msgs/tactigon_msgs/msg/detail/angle__rosidl_typesupport_introspection_cpp.hpp
-- Up-to-date: /home/banjov2/ros2_ws/install/tactigon_msgs/include/tactigon_msgs/tactigon_msgs/msg/detail/angle__type_support.cpp
-- Up-to-date: /home/banjov2/ros2_ws/install/tactigon_msgs/include/tactigon_msgs/tactigon_msgs/msg/detail/t_skin_state__rosidl_typesupport_introspection_cpp.hpp
-- Up-to-date: /home/banjov2/ros2_ws/install/tactigon_msgs/include/tactigon_msgs/tactigon_msgs/msg/detail/touch__type_support.cpp
-- Up-to-date: /home/banjov2/ros2_ws/install/tactigon_msgs/include/tactigon_msgs/tactigon_msgs/msg/detail/t_skin_state__type_support.cpp
-- Up-to-date: /home/banjov2/ros2_ws/install/tactigon_msgs/lib/libtactigon_msgs__rosidl_typesupport_introspection_cpp.so
-- Up-to-date: /home/banjov2/ros2_ws/install/tactigon_msgs/lib/libtactigon_msgs__rosidl_typesupport_cpp.so
-- Up-to-date: /home/banjov2/ros2_ws/install/tactigon_msgs/share/tactigon_msgs/environment/pythonpath.sh
-- Up-to-date: /home/banjov2/ros2_ws/install/tactigon_msgs/share/tactigon_msgs/environment/pythonpath.dsv
-- Up-to-date: /home/banjov2/ros2_ws/install/tactigon_msgs/lib/python3.12/site-packages/tactigon_msgs-0.0.0-py3.12.egg-info
-- Installing: /home/banjov2/ros2_ws/install/tactigon_msgs/lib/python3.12/site-packages/tactigon_msgs-0.0.0-py3.12.egg-info/SOURCES.txt
-- Installing: /home/banjov2/ros2_ws/install/tactigon_msgs/lib/python3.12/site-packages/tactigon_msgs-0.0.0-py3.12.egg-info/dependency_links.txt
-- Installing: /home/banjov2/ros2_ws/install/tactigon_msgs/lib/python3.12/site-packages/tactigon_msgs-0.0.0-py3.12.egg-info/top_level.txt
-- Installing: /home/banjov2/ros2_ws/install/tactigon_msgs/lib/python3.12/site-packages/tactigon_msgs-0.0.0-py3.12.egg-info/PKG-INFO
-- Up-to-date: /home/banjov2/ros2_ws/install/tactigon_msgs/lib/python3.12/site-packages/tactigon_msgs
-- Up-to-date: /home/banjov2/ros2_ws/install/tactigon_msgs/lib/python3.12/site-packages/tactigon_msgs/tactigon_msgs_s__rosidl_typesupport_introspection_c.so
-- Up-to-date: /home/banjov2/ros2_ws/install/tactigon_msgs/lib/python3.12/site-packages/tactigon_msgs/tactigon_msgs_s__rosidl_typesupport_fastrtps_c.so
-- Up-to-date: /home/banjov2/ros2_ws/install/tactigon_msgs/lib/python3.12/site-packages/tactigon_msgs/__init__.py
-- Up-to-date: /home/banjov2/ros2_ws/install/tactigon_msgs/lib/python3.12/site-packages/tactigon_msgs/msg
-- Up-to-date: /home/banjov2/ros2_ws/install/tactigon_msgs/lib/python3.12/site-packages/tactigon_msgs/msg/_t_skin_state_s.c
-- Up-to-date: /home/banjov2/ros2_ws/install/tactigon_msgs/lib/python3.12/site-packages/tactigon_msgs/msg/_gesture_s.c
-- Up-to-date: /home/banjov2/ros2_ws/install/tactigon_msgs/lib/python3.12/site-packages/tactigon_msgs/msg/__init__.py
-- Up-to-date: /home/banjov2/ros2_ws/install/tactigon_msgs/lib/python3.12/site-packages/tactigon_msgs/msg/_gesture.py
-- Up-to-date: /home/banjov2/ros2_ws/install/tactigon_msgs/lib/python3.12/site-packages/tactigon_msgs/msg/_angle.py
-- Up-to-date: /home/banjov2/ros2_ws/install/tactigon_msgs/lib/python3.12/site-packages/tactigon_msgs/msg/_angle_s.c
-- Up-to-date: /home/banjov2/ros2_ws/install/tactigon_msgs/lib/python3.12/site-packages/tactigon_msgs/msg/_touch.py
-- Up-to-date: /home/banjov2/ros2_ws/install/tactigon_msgs/lib/python3.12/site-packages/tactigon_msgs/msg/_touch_s.c
-- Up-to-date: /home/banjov2/ros2_ws/install/tactigon_msgs/lib/python3.12/site-packages/tactigon_msgs/msg/_t_skin_state.py
-- Up-to-date: /home/banjov2/ros2_ws/install/tactigon_msgs/lib/python3.12/site-packages/tactigon_msgs/_tactigon_msgs_s.ep.rosidl_typesupport_c.c
-- Up-to-date: /home/banjov2/ros2_ws/install/tactigon_msgs/lib/python3.12/site-packages/tactigon_msgs/tactigon_msgs_s__rosidl_typesupport_c.so
-- Up-to-date: /home/banjov2/ros2_ws/install/tactigon_msgs/lib/python3.12/site-packages/tactigon_msgs/_tactigon_msgs_s.ep.rosidl_typesupport_fastrtps_c.c
-- Up-to-date: /home/banjov2/ros2_ws/install/tactigon_msgs/lib/python3.12/site-packages/tactigon_msgs/_tactigon_msgs_s.ep.rosidl_typesupport_introspection_c.c
Listing '/home/banjov2/ros2_ws/install/tactigon_msgs/lib/python3.12/site-packages/tactigon_msgs'...
Listing '/home/banjov2/ros2_ws/install/tactigon_msgs/lib/python3.12/site-packages/tactigon_msgs/msg'...
-- Up-to-date: /home/banjov2/ros2_ws/install/tactigon_msgs/lib/python3.12/site-packages/tactigon_msgs/tactigon_msgs_s__rosidl_typesupport_fastrtps_c.so
-- Up-to-date: /home/banjov2/ros2_ws/install/tactigon_msgs/lib/python3.12/site-packages/tactigon_msgs/tactigon_msgs_s__rosidl_typesupport_introspection_c.so
-- Up-to-date: /home/banjov2/ros2_ws/install/tactigon_msgs/lib/python3.12/site-packages/tactigon_msgs/tactigon_msgs_s__rosidl_typesupport_c.so
-- Up-to-date: /home/banjov2/ros2_ws/install/tactigon_msgs/lib/libtactigon_msgs__rosidl_generator_py.so
-- Up-to-date: /home/banjov2/ros2_ws/install/tactigon_msgs/share/tactigon_msgs/msg/Touch.idl
-- Up-to-date: /home/banjov2/ros2_ws/install/tactigon_msgs/share/tactigon_msgs/msg/Angle.idl
-- Up-to-date: /home/banjov2/ros2_ws/install/tactigon_msgs/share/tactigon_msgs/msg/Gesture.idl
-- Up-to-date: /home/banjov2/ros2_ws/install/tactigon_msgs/share/tactigon_msgs/msg/TSkinState.idl
-- Up-to-date: /home/banjov2/ros2_ws/install/tactigon_msgs/share/tactigon_msgs/msg/Touch.msg
-- Up-to-date: /home/banjov2/ros2_ws/install/tactigon_msgs/share/tactigon_msgs/msg/Angle.msg
-- Up-to-date: /home/banjov2/ros2_ws/install/tactigon_msgs/share/tactigon_msgs/msg/Gesture.msg
-- Up-to-date: /home/banjov2/ros2_ws/install/tactigon_msgs/share/tactigon_msgs/msg/TSkinState.msg
-- Up-to-date: /home/banjov2/ros2_ws/install/tactigon_msgs/share/ament_index/resource_index/package_run_dependencies/tactigon_msgs
-- Up-to-date: /home/banjov2/ros2_ws/install/tactigon_msgs/share/ament_index/resource_index/parent_prefix_path/tactigon_msgs
-- Up-to-date: /home/banjov2/ros2_ws/install/tactigon_msgs/share/tactigon_msgs/environment/ament_prefix_path.sh
-- Up-to-date: /home/banjov2/ros2_ws/install/tactigon_msgs/share/tactigon_msgs/environment/ament_prefix_path.dsv
-- Up-to-date: /home/banjov2/ros2_ws/install/tactigon_msgs/share/tactigon_msgs/environment/path.sh
-- Up-to-date: /home/banjov2/ros2_ws/install/tactigon_msgs/share/tactigon_msgs/environment/path.dsv
-- Up-to-date: /home/banjov2/ros2_ws/install/tactigon_msgs/share/tactigon_msgs/local_setup.bash
-- Up-to-date: /home/banjov2/ros2_ws/install/tactigon_msgs/share/tactigon_msgs/local_setup.sh
-- Up-to-date: /home/banjov2/ros2_ws/install/tactigon_msgs/share/tactigon_msgs/local_setup.zsh
-- Up-to-date: /home/banjov2/ros2_ws/install/tactigon_msgs/share/tactigon_msgs/local_setup.dsv
-- Installing: /home/banjov2/ros2_ws/install/tactigon_msgs/share/tactigon_msgs/package.dsv
-- Up-to-date: /home/banjov2/ros2_ws/install/tactigon_msgs/share/ament_index/resource_index/packages/tactigon_msgs
-- Up-to-date: /home/banjov2/ros2_ws/install/tactigon_msgs/share/tactigon_msgs/cmake/export_tactigon_msgs__rosidl_generator_cExport.cmake
-- Up-to-date: /home/banjov2/ros2_ws/install/tactigon_msgs/share/tactigon_msgs/cmake/export_tactigon_msgs__rosidl_generator_cExport-noconfig.cmake
-- Up-to-date: /home/banjov2/ros2_ws/install/tactigon_msgs/share/tactigon_msgs/cmake/export_tactigon_msgs__rosidl_typesupport_fastrtps_cExport.cmake
-- Up-to-date: /home/banjov2/ros2_ws/install/tactigon_msgs/share/tactigon_msgs/cmake/export_tactigon_msgs__rosidl_typesupport_fastrtps_cExport-noconfig.cmake
-- Up-to-date: /home/banjov2/ros2_ws/install/tactigon_msgs/share/tactigon_msgs/cmake/tactigon_msgs__rosidl_typesupport_introspection_cExport.cmake
-- Up-to-date: /home/banjov2/ros2_ws/install/tactigon_msgs/share/tactigon_msgs/cmake/tactigon_msgs__rosidl_typesupport_introspection_cExport-noconfig.cmake
-- Up-to-date: /home/banjov2/ros2_ws/install/tactigon_msgs/share/tactigon_msgs/cmake/tactigon_msgs__rosidl_typesupport_cExport.cmake
-- Up-to-date: /home/banjov2/ros2_ws/install/tactigon_msgs/share/tactigon_msgs/cmake/tactigon_msgs__rosidl_typesupport_cExport-noconfig.cmake
-- Up-to-date: /home/banjov2/ros2_ws/install/tactigon_msgs/share/tactigon_msgs/cmake/export_tactigon_msgs__rosidl_generator_cppExport.cmake
-- Up-to-date: /home/banjov2/ros2_ws/install/tactigon_msgs/share/tactigon_msgs/cmake/export_tactigon_msgs__rosidl_typesupport_fastrtps_cppExport.cmake
-- Up-to-date: /home/banjov2/ros2_ws/install/tactigon_msgs/share/tactigon_msgs/cmake/export_tactigon_msgs__rosidl_typesupport_fastrtps_cppExport-noconfig.cmake
-- Up-to-date: /home/banjov2/ros2_ws/install/tactigon_msgs/share/tactigon_msgs/cmake/tactigon_msgs__rosidl_typesupport_introspection_cppExport.cmake
-- Up-to-date: /home/banjov2/ros2_ws/install/tactigon_msgs/share/tactigon_msgs/cmake/tactigon_msgs__rosidl_typesupport_introspection_cppExport-noconfig.cmake
-- Up-to-date: /home/banjov2/ros2_ws/install/tactigon_msgs/share/tactigon_msgs/cmake/tactigon_msgs__rosidl_typesupport_cppExport.cmake
-- Up-to-date: /home/banjov2/ros2_ws/install/tactigon_msgs/share/tactigon_msgs/cmake/tactigon_msgs__rosidl_typesupport_cppExport-noconfig.cmake
-- Up-to-date: /home/banjov2/ros2_ws/install/tactigon_msgs/share/tactigon_msgs/cmake/export_tactigon_msgs__rosidl_generator_pyExport.cmake
-- Up-to-date: /home/banjov2/ros2_ws/install/tactigon_msgs/share/tactigon_msgs/cmake/export_tactigon_msgs__rosidl_generator_pyExport-noconfig.cmake
-- Up-to-date: /home/banjov2/ros2_ws/install/tactigon_msgs/share/tactigon_msgs/cmake/rosidl_cmake-extras.cmake
-- Up-to-date: /home/banjov2/ros2_ws/install/tactigon_msgs/share/tactigon_msgs/cmake/ament_cmake_export_dependencies-extras.cmake
-- Up-to-date: /home/banjov2/ros2_ws/install/tactigon_msgs/share/tactigon_msgs/cmake/ament_cmake_export_include_directories-extras.cmake
-- Up-to-date: /home/banjov2/ros2_ws/install/tactigon_msgs/share/tactigon_msgs/cmake/ament_cmake_export_libraries-extras.cmake
-- Up-to-date: /home/banjov2/ros2_ws/install/tactigon_msgs/share/tactigon_msgs/cmake/ament_cmake_export_targets-extras.cmake
-- Up-to-date: /home/banjov2/ros2_ws/install/tactigon_msgs/share/tactigon_msgs/cmake/rosidl_cmake_export_typesupport_targets-extras.cmake
-- Up-to-date: /home/banjov2/ros2_ws/install/tactigon_msgs/share/tactigon_msgs/cmake/rosidl_cmake_export_typesupport_libraries-extras.cmake
-- Up-to-date: /home/banjov2/ros2_ws/install/tactigon_msgs/share/tactigon_msgs/cmake/tactigon_msgsConfig.cmake
-- Up-to-date: /home/banjov2/ros2_ws/install/tactigon_msgs/share/tactigon_msgs/cmake/tactigon_msgsConfig-version.cmake
-- Up-to-date: /home/banjov2/ros2_ws/install/tactigon_msgs/share/tactigon_msgs/package.xml
