[0.084s] DEBUG:colcon:Command line arguments: ['/usr/bin/colcon', 'build']
[0.085s] DEBUG:colcon:Parsed command line arguments: Namespace(log_base=None, log_level=None, verb_name='build', build_base='build', install_base='install', merge_install=False, symlink_install=False, test_result_base=None, continue_on_error=False, executor='parallel', parallel_workers=8, event_handlers=None, ignore_user_meta=False, metas=['./colcon.meta'], base_paths=['.'], packages_ignore=None, packages_ignore_regex=None, paths=None, packages_up_to=None, packages_up_to_regex=None, packages_above=None, packages_above_and_dependencies=None, packages_above_depth=None, packages_select_by_dep=None, packages_skip_by_dep=None, packages_skip_up_to=None, packages_select_build_failed=False, packages_skip_build_finished=False, packages_select_test_failures=False, packages_skip_test_passed=False, packages_select=None, packages_skip=None, packages_select_regex=None, packages_skip_regex=None, packages_start=None, packages_end=None, allow_overriding=[], cmake_args=None, cmake_target=None, cmake_target_skip_unavailable=False, cmake_clean_cache=False, cmake_clean_first=False, cmake_force_configure=False, ament_cmake_args=None, catkin_cmake_args=None, catkin_skip_building_tests=False, mixin_files=None, mixin=None, verb_parser=<colcon_mixin.mixin.mixin_argument.MixinArgumentDecorator object at 0x75ab2cf77b00>, verb_extension=<colcon_core.verb.build.BuildVerb object at 0x75ab2cf77860>, main=<bound method BuildVerb.main of <colcon_core.verb.build.BuildVerb object at 0x75ab2cf77860>>, mixin_verb=('build',))
[0.115s] Level 1:colcon.colcon_core.package_discovery:discover_packages(colcon_meta) check parameters
[0.115s] Level 1:colcon.colcon_core.package_discovery:discover_packages(recursive) check parameters
[0.115s] Level 1:colcon.colcon_core.package_discovery:discover_packages(ignore) check parameters
[0.115s] Level 1:colcon.colcon_core.package_discovery:discover_packages(path) check parameters
[0.115s] Level 1:colcon.colcon_core.package_discovery:discover_packages(colcon_meta) discover
[0.115s] Level 1:colcon.colcon_core.package_discovery:discover_packages(recursive) discover
[0.115s] INFO:colcon.colcon_core.package_discovery:Crawling recursively for packages in '/home/banjov2/ros2_ws'
[0.116s] Level 1:colcon.colcon_core.package_identification:_identify(.) by extensions ['ignore', 'ignore_ament_install']
[0.116s] Level 1:colcon.colcon_core.package_identification:_identify(.) by extension 'ignore'
[0.116s] Level 1:colcon.colcon_core.package_identification:_identify(.) by extension 'ignore_ament_install'
[0.116s] Level 1:colcon.colcon_core.package_identification:_identify(.) by extensions ['colcon_pkg']
[0.116s] Level 1:colcon.colcon_core.package_identification:_identify(.) by extension 'colcon_pkg'
[0.116s] Level 1:colcon.colcon_core.package_identification:_identify(.) by extensions ['colcon_meta']
[0.116s] Level 1:colcon.colcon_core.package_identification:_identify(.) by extension 'colcon_meta'
[0.116s] Level 1:colcon.colcon_core.package_identification:_identify(.) by extensions ['ros']
[0.116s] Level 1:colcon.colcon_core.package_identification:_identify(.) by extension 'ros'
[0.136s] Level 1:colcon.colcon_core.package_identification:_identify(.) by extensions ['cmake', 'python']
[0.137s] Level 1:colcon.colcon_core.package_identification:_identify(.) by extension 'cmake'
[0.137s] Level 1:colcon.colcon_core.package_identification:_identify(.) by extension 'python'
[0.137s] Level 1:colcon.colcon_core.package_identification:_identify(.) by extensions ['python_setup_py']
[0.137s] Level 1:colcon.colcon_core.package_identification:_identify(.) by extension 'python_setup_py'
[0.137s] Level 1:colcon.colcon_core.package_identification:_identify(build) by extensions ['ignore', 'ignore_ament_install']
[0.137s] Level 1:colcon.colcon_core.package_identification:_identify(build) by extension 'ignore'
[0.137s] Level 1:colcon.colcon_core.package_identification:_identify(build) ignored
[0.137s] Level 1:colcon.colcon_core.package_identification:_identify(examples) by extensions ['ignore', 'ignore_ament_install']
[0.137s] Level 1:colcon.colcon_core.package_identification:_identify(examples) by extension 'ignore'
[0.137s] Level 1:colcon.colcon_core.package_identification:_identify(examples) by extension 'ignore_ament_install'
[0.138s] Level 1:colcon.colcon_core.package_identification:_identify(examples) by extensions ['colcon_pkg']
[0.138s] Level 1:colcon.colcon_core.package_identification:_identify(examples) by extension 'colcon_pkg'
[0.138s] Level 1:colcon.colcon_core.package_identification:_identify(examples) by extensions ['colcon_meta']
[0.138s] Level 1:colcon.colcon_core.package_identification:_identify(examples) by extension 'colcon_meta'
[0.138s] Level 1:colcon.colcon_core.package_identification:_identify(examples) by extensions ['ros']
[0.138s] Level 1:colcon.colcon_core.package_identification:_identify(examples) by extension 'ros'
[0.138s] Level 1:colcon.colcon_core.package_identification:_identify(examples) by extensions ['cmake', 'python']
[0.138s] Level 1:colcon.colcon_core.package_identification:_identify(examples) by extension 'cmake'
[0.138s] Level 1:colcon.colcon_core.package_identification:_identify(examples) by extension 'python'
[0.138s] Level 1:colcon.colcon_core.package_identification:_identify(examples) by extensions ['python_setup_py']
[0.138s] Level 1:colcon.colcon_core.package_identification:_identify(examples) by extension 'python_setup_py'
[0.138s] Level 1:colcon.colcon_core.package_identification:_identify(examples/audio) by extensions ['ignore', 'ignore_ament_install']
[0.138s] Level 1:colcon.colcon_core.package_identification:_identify(examples/audio) by extension 'ignore'
[0.138s] Level 1:colcon.colcon_core.package_identification:_identify(examples/audio) by extension 'ignore_ament_install'
[0.138s] Level 1:colcon.colcon_core.package_identification:_identify(examples/audio) by extensions ['colcon_pkg']
[0.138s] Level 1:colcon.colcon_core.package_identification:_identify(examples/audio) by extension 'colcon_pkg'
[0.138s] Level 1:colcon.colcon_core.package_identification:_identify(examples/audio) by extensions ['colcon_meta']
[0.139s] Level 1:colcon.colcon_core.package_identification:_identify(examples/audio) by extension 'colcon_meta'
[0.139s] Level 1:colcon.colcon_core.package_identification:_identify(examples/audio) by extensions ['ros']
[0.139s] Level 1:colcon.colcon_core.package_identification:_identify(examples/audio) by extension 'ros'
[0.139s] Level 1:colcon.colcon_core.package_identification:_identify(examples/audio) by extensions ['cmake', 'python']
[0.139s] Level 1:colcon.colcon_core.package_identification:_identify(examples/audio) by extension 'cmake'
[0.139s] Level 1:colcon.colcon_core.package_identification:_identify(examples/audio) by extension 'python'
[0.139s] Level 1:colcon.colcon_core.package_identification:_identify(examples/audio) by extensions ['python_setup_py']
[0.139s] Level 1:colcon.colcon_core.package_identification:_identify(examples/audio) by extension 'python_setup_py'
[0.139s] Level 1:colcon.colcon_core.package_identification:_identify(examples/braccio) by extensions ['ignore', 'ignore_ament_install']
[0.139s] Level 1:colcon.colcon_core.package_identification:_identify(examples/braccio) by extension 'ignore'
[0.139s] Level 1:colcon.colcon_core.package_identification:_identify(examples/braccio) by extension 'ignore_ament_install'
[0.139s] Level 1:colcon.colcon_core.package_identification:_identify(examples/braccio) by extensions ['colcon_pkg']
[0.139s] Level 1:colcon.colcon_core.package_identification:_identify(examples/braccio) by extension 'colcon_pkg'
[0.139s] Level 1:colcon.colcon_core.package_identification:_identify(examples/braccio) by extensions ['colcon_meta']
[0.139s] Level 1:colcon.colcon_core.package_identification:_identify(examples/braccio) by extension 'colcon_meta'
[0.139s] Level 1:colcon.colcon_core.package_identification:_identify(examples/braccio) by extensions ['ros']
[0.139s] Level 1:colcon.colcon_core.package_identification:_identify(examples/braccio) by extension 'ros'
[0.140s] Level 1:colcon.colcon_core.package_identification:_identify(examples/braccio) by extensions ['cmake', 'python']
[0.140s] Level 1:colcon.colcon_core.package_identification:_identify(examples/braccio) by extension 'cmake'
[0.140s] Level 1:colcon.colcon_core.package_identification:_identify(examples/braccio) by extension 'python'
[0.140s] Level 1:colcon.colcon_core.package_identification:_identify(examples/braccio) by extensions ['python_setup_py']
[0.140s] Level 1:colcon.colcon_core.package_identification:_identify(examples/braccio) by extension 'python_setup_py'
[0.140s] Level 1:colcon.colcon_core.package_identification:_identify(examples/braccio/arduino_code) by extensions ['ignore', 'ignore_ament_install']
[0.140s] Level 1:colcon.colcon_core.package_identification:_identify(examples/braccio/arduino_code) by extension 'ignore'
[0.140s] Level 1:colcon.colcon_core.package_identification:_identify(examples/braccio/arduino_code) by extension 'ignore_ament_install'
[0.140s] Level 1:colcon.colcon_core.package_identification:_identify(examples/braccio/arduino_code) by extensions ['colcon_pkg']
[0.140s] Level 1:colcon.colcon_core.package_identification:_identify(examples/braccio/arduino_code) by extension 'colcon_pkg'
[0.140s] Level 1:colcon.colcon_core.package_identification:_identify(examples/braccio/arduino_code) by extensions ['colcon_meta']
[0.140s] Level 1:colcon.colcon_core.package_identification:_identify(examples/braccio/arduino_code) by extension 'colcon_meta'
[0.140s] Level 1:colcon.colcon_core.package_identification:_identify(examples/braccio/arduino_code) by extensions ['ros']
[0.140s] Level 1:colcon.colcon_core.package_identification:_identify(examples/braccio/arduino_code) by extension 'ros'
[0.140s] Level 1:colcon.colcon_core.package_identification:_identify(examples/braccio/arduino_code) by extensions ['cmake', 'python']
[0.140s] Level 1:colcon.colcon_core.package_identification:_identify(examples/braccio/arduino_code) by extension 'cmake'
[0.140s] Level 1:colcon.colcon_core.package_identification:_identify(examples/braccio/arduino_code) by extension 'python'
[0.140s] Level 1:colcon.colcon_core.package_identification:_identify(examples/braccio/arduino_code) by extensions ['python_setup_py']
[0.141s] Level 1:colcon.colcon_core.package_identification:_identify(examples/braccio/arduino_code) by extension 'python_setup_py'
[0.141s] Level 1:colcon.colcon_core.package_identification:_identify(examples/flask) by extensions ['ignore', 'ignore_ament_install']
[0.141s] Level 1:colcon.colcon_core.package_identification:_identify(examples/flask) by extension 'ignore'
[0.141s] Level 1:colcon.colcon_core.package_identification:_identify(examples/flask) by extension 'ignore_ament_install'
[0.141s] Level 1:colcon.colcon_core.package_identification:_identify(examples/flask) by extensions ['colcon_pkg']
[0.141s] Level 1:colcon.colcon_core.package_identification:_identify(examples/flask) by extension 'colcon_pkg'
[0.141s] Level 1:colcon.colcon_core.package_identification:_identify(examples/flask) by extensions ['colcon_meta']
[0.141s] Level 1:colcon.colcon_core.package_identification:_identify(examples/flask) by extension 'colcon_meta'
[0.141s] Level 1:colcon.colcon_core.package_identification:_identify(examples/flask) by extensions ['ros']
[0.141s] Level 1:colcon.colcon_core.package_identification:_identify(examples/flask) by extension 'ros'
[0.141s] Level 1:colcon.colcon_core.package_identification:_identify(examples/flask) by extensions ['cmake', 'python']
[0.141s] Level 1:colcon.colcon_core.package_identification:_identify(examples/flask) by extension 'cmake'
[0.141s] Level 1:colcon.colcon_core.package_identification:_identify(examples/flask) by extension 'python'
[0.141s] Level 1:colcon.colcon_core.package_identification:_identify(examples/flask) by extensions ['python_setup_py']
[0.141s] Level 1:colcon.colcon_core.package_identification:_identify(examples/flask) by extension 'python_setup_py'
[0.141s] Level 1:colcon.colcon_core.package_identification:_identify(examples/flask/extensions) by extensions ['ignore', 'ignore_ament_install']
[0.142s] Level 1:colcon.colcon_core.package_identification:_identify(examples/flask/extensions) by extension 'ignore'
[0.142s] Level 1:colcon.colcon_core.package_identification:_identify(examples/flask/extensions) by extension 'ignore_ament_install'
[0.142s] Level 1:colcon.colcon_core.package_identification:_identify(examples/flask/extensions) by extensions ['colcon_pkg']
[0.142s] Level 1:colcon.colcon_core.package_identification:_identify(examples/flask/extensions) by extension 'colcon_pkg'
[0.142s] Level 1:colcon.colcon_core.package_identification:_identify(examples/flask/extensions) by extensions ['colcon_meta']
[0.142s] Level 1:colcon.colcon_core.package_identification:_identify(examples/flask/extensions) by extension 'colcon_meta'
[0.142s] Level 1:colcon.colcon_core.package_identification:_identify(examples/flask/extensions) by extensions ['ros']
[0.142s] Level 1:colcon.colcon_core.package_identification:_identify(examples/flask/extensions) by extension 'ros'
[0.142s] Level 1:colcon.colcon_core.package_identification:_identify(examples/flask/extensions) by extensions ['cmake', 'python']
[0.142s] Level 1:colcon.colcon_core.package_identification:_identify(examples/flask/extensions) by extension 'cmake'
[0.142s] Level 1:colcon.colcon_core.package_identification:_identify(examples/flask/extensions) by extension 'python'
[0.142s] Level 1:colcon.colcon_core.package_identification:_identify(examples/flask/extensions) by extensions ['python_setup_py']
[0.142s] Level 1:colcon.colcon_core.package_identification:_identify(examples/flask/extensions) by extension 'python_setup_py'
[0.142s] Level 1:colcon.colcon_core.package_identification:_identify(examples/flask/static) by extensions ['ignore', 'ignore_ament_install']
[0.142s] Level 1:colcon.colcon_core.package_identification:_identify(examples/flask/static) by extension 'ignore'
[0.142s] Level 1:colcon.colcon_core.package_identification:_identify(examples/flask/static) by extension 'ignore_ament_install'
[0.142s] Level 1:colcon.colcon_core.package_identification:_identify(examples/flask/static) by extensions ['colcon_pkg']
[0.143s] Level 1:colcon.colcon_core.package_identification:_identify(examples/flask/static) by extension 'colcon_pkg'
[0.143s] Level 1:colcon.colcon_core.package_identification:_identify(examples/flask/static) by extensions ['colcon_meta']
[0.143s] Level 1:colcon.colcon_core.package_identification:_identify(examples/flask/static) by extension 'colcon_meta'
[0.143s] Level 1:colcon.colcon_core.package_identification:_identify(examples/flask/static) by extensions ['ros']
[0.143s] Level 1:colcon.colcon_core.package_identification:_identify(examples/flask/static) by extension 'ros'
[0.143s] Level 1:colcon.colcon_core.package_identification:_identify(examples/flask/static) by extensions ['cmake', 'python']
[0.143s] Level 1:colcon.colcon_core.package_identification:_identify(examples/flask/static) by extension 'cmake'
[0.143s] Level 1:colcon.colcon_core.package_identification:_identify(examples/flask/static) by extension 'python'
[0.143s] Level 1:colcon.colcon_core.package_identification:_identify(examples/flask/static) by extensions ['python_setup_py']
[0.143s] Level 1:colcon.colcon_core.package_identification:_identify(examples/flask/static) by extension 'python_setup_py'
[0.143s] Level 1:colcon.colcon_core.package_identification:_identify(examples/flask/static/css) by extensions ['ignore', 'ignore_ament_install']
[0.143s] Level 1:colcon.colcon_core.package_identification:_identify(examples/flask/static/css) by extension 'ignore'
[0.143s] Level 1:colcon.colcon_core.package_identification:_identify(examples/flask/static/css) by extension 'ignore_ament_install'
[0.143s] Level 1:colcon.colcon_core.package_identification:_identify(examples/flask/static/css) by extensions ['colcon_pkg']
[0.143s] Level 1:colcon.colcon_core.package_identification:_identify(examples/flask/static/css) by extension 'colcon_pkg'
[0.143s] Level 1:colcon.colcon_core.package_identification:_identify(examples/flask/static/css) by extensions ['colcon_meta']
[0.143s] Level 1:colcon.colcon_core.package_identification:_identify(examples/flask/static/css) by extension 'colcon_meta'
[0.144s] Level 1:colcon.colcon_core.package_identification:_identify(examples/flask/static/css) by extensions ['ros']
[0.144s] Level 1:colcon.colcon_core.package_identification:_identify(examples/flask/static/css) by extension 'ros'
[0.144s] Level 1:colcon.colcon_core.package_identification:_identify(examples/flask/static/css) by extensions ['cmake', 'python']
[0.144s] Level 1:colcon.colcon_core.package_identification:_identify(examples/flask/static/css) by extension 'cmake'
[0.144s] Level 1:colcon.colcon_core.package_identification:_identify(examples/flask/static/css) by extension 'python'
[0.144s] Level 1:colcon.colcon_core.package_identification:_identify(examples/flask/static/css) by extensions ['python_setup_py']
[0.144s] Level 1:colcon.colcon_core.package_identification:_identify(examples/flask/static/css) by extension 'python_setup_py'
[0.144s] Level 1:colcon.colcon_core.package_identification:_identify(examples/flask/static/images) by extensions ['ignore', 'ignore_ament_install']
[0.144s] Level 1:colcon.colcon_core.package_identification:_identify(examples/flask/static/images) by extension 'ignore'
[0.144s] Level 1:colcon.colcon_core.package_identification:_identify(examples/flask/static/images) by extension 'ignore_ament_install'
[0.144s] Level 1:colcon.colcon_core.package_identification:_identify(examples/flask/static/images) by extensions ['colcon_pkg']
[0.144s] Level 1:colcon.colcon_core.package_identification:_identify(examples/flask/static/images) by extension 'colcon_pkg'
[0.144s] Level 1:colcon.colcon_core.package_identification:_identify(examples/flask/static/images) by extensions ['colcon_meta']
[0.144s] Level 1:colcon.colcon_core.package_identification:_identify(examples/flask/static/images) by extension 'colcon_meta'
[0.144s] Level 1:colcon.colcon_core.package_identification:_identify(examples/flask/static/images) by extensions ['ros']
[0.144s] Level 1:colcon.colcon_core.package_identification:_identify(examples/flask/static/images) by extension 'ros'
[0.144s] Level 1:colcon.colcon_core.package_identification:_identify(examples/flask/static/images) by extensions ['cmake', 'python']
[0.144s] Level 1:colcon.colcon_core.package_identification:_identify(examples/flask/static/images) by extension 'cmake'
[0.145s] Level 1:colcon.colcon_core.package_identification:_identify(examples/flask/static/images) by extension 'python'
[0.145s] Level 1:colcon.colcon_core.package_identification:_identify(examples/flask/static/images) by extensions ['python_setup_py']
[0.145s] Level 1:colcon.colcon_core.package_identification:_identify(examples/flask/static/images) by extension 'python_setup_py'
[0.145s] Level 1:colcon.colcon_core.package_identification:_identify(examples/flask/templates) by extensions ['ignore', 'ignore_ament_install']
[0.145s] Level 1:colcon.colcon_core.package_identification:_identify(examples/flask/templates) by extension 'ignore'
[0.145s] Level 1:colcon.colcon_core.package_identification:_identify(examples/flask/templates) by extension 'ignore_ament_install'
[0.145s] Level 1:colcon.colcon_core.package_identification:_identify(examples/flask/templates) by extensions ['colcon_pkg']
[0.145s] Level 1:colcon.colcon_core.package_identification:_identify(examples/flask/templates) by extension 'colcon_pkg'
[0.145s] Level 1:colcon.colcon_core.package_identification:_identify(examples/flask/templates) by extensions ['colcon_meta']
[0.145s] Level 1:colcon.colcon_core.package_identification:_identify(examples/flask/templates) by extension 'colcon_meta'
[0.145s] Level 1:colcon.colcon_core.package_identification:_identify(examples/flask/templates) by extensions ['ros']
[0.145s] Level 1:colcon.colcon_core.package_identification:_identify(examples/flask/templates) by extension 'ros'
[0.145s] Level 1:colcon.colcon_core.package_identification:_identify(examples/flask/templates) by extensions ['cmake', 'python']
[0.145s] Level 1:colcon.colcon_core.package_identification:_identify(examples/flask/templates) by extension 'cmake'
[0.145s] Level 1:colcon.colcon_core.package_identification:_identify(examples/flask/templates) by extension 'python'
[0.145s] Level 1:colcon.colcon_core.package_identification:_identify(examples/flask/templates) by extensions ['python_setup_py']
[0.145s] Level 1:colcon.colcon_core.package_identification:_identify(examples/flask/templates) by extension 'python_setup_py'
[0.146s] Level 1:colcon.colcon_core.package_identification:_identify(examples/flask/templates/main) by extensions ['ignore', 'ignore_ament_install']
[0.146s] Level 1:colcon.colcon_core.package_identification:_identify(examples/flask/templates/main) by extension 'ignore'
[0.146s] Level 1:colcon.colcon_core.package_identification:_identify(examples/flask/templates/main) by extension 'ignore_ament_install'
[0.146s] Level 1:colcon.colcon_core.package_identification:_identify(examples/flask/templates/main) by extensions ['colcon_pkg']
[0.146s] Level 1:colcon.colcon_core.package_identification:_identify(examples/flask/templates/main) by extension 'colcon_pkg'
[0.146s] Level 1:colcon.colcon_core.package_identification:_identify(examples/flask/templates/main) by extensions ['colcon_meta']
[0.146s] Level 1:colcon.colcon_core.package_identification:_identify(examples/flask/templates/main) by extension 'colcon_meta'
[0.146s] Level 1:colcon.colcon_core.package_identification:_identify(examples/flask/templates/main) by extensions ['ros']
[0.146s] Level 1:colcon.colcon_core.package_identification:_identify(examples/flask/templates/main) by extension 'ros'
[0.146s] Level 1:colcon.colcon_core.package_identification:_identify(examples/flask/templates/main) by extensions ['cmake', 'python']
[0.146s] Level 1:colcon.colcon_core.package_identification:_identify(examples/flask/templates/main) by extension 'cmake'
[0.146s] Level 1:colcon.colcon_core.package_identification:_identify(examples/flask/templates/main) by extension 'python'
[0.146s] Level 1:colcon.colcon_core.package_identification:_identify(examples/flask/templates/main) by extensions ['python_setup_py']
[0.146s] Level 1:colcon.colcon_core.package_identification:_identify(examples/flask/templates/main) by extension 'python_setup_py'
[0.146s] Level 1:colcon.colcon_core.package_identification:_identify(examples/gear) by extensions ['ignore', 'ignore_ament_install']
[0.146s] Level 1:colcon.colcon_core.package_identification:_identify(examples/gear) by extension 'ignore'
[0.146s] Level 1:colcon.colcon_core.package_identification:_identify(examples/gear) by extension 'ignore_ament_install'
[0.147s] Level 1:colcon.colcon_core.package_identification:_identify(examples/gear) by extensions ['colcon_pkg']
[0.147s] Level 1:colcon.colcon_core.package_identification:_identify(examples/gear) by extension 'colcon_pkg'
[0.147s] Level 1:colcon.colcon_core.package_identification:_identify(examples/gear) by extensions ['colcon_meta']
[0.147s] Level 1:colcon.colcon_core.package_identification:_identify(examples/gear) by extension 'colcon_meta'
[0.147s] Level 1:colcon.colcon_core.package_identification:_identify(examples/gear) by extensions ['ros']
[0.147s] Level 1:colcon.colcon_core.package_identification:_identify(examples/gear) by extension 'ros'
[0.147s] Level 1:colcon.colcon_core.package_identification:_identify(examples/gear) by extensions ['cmake', 'python']
[0.147s] Level 1:colcon.colcon_core.package_identification:_identify(examples/gear) by extension 'cmake'
[0.147s] Level 1:colcon.colcon_core.package_identification:_identify(examples/gear) by extension 'python'
[0.147s] Level 1:colcon.colcon_core.package_identification:_identify(examples/gear) by extensions ['python_setup_py']
[0.147s] Level 1:colcon.colcon_core.package_identification:_identify(examples/gear) by extension 'python_setup_py'
[0.147s] Level 1:colcon.colcon_core.package_identification:_identify(examples/speech) by extensions ['ignore', 'ignore_ament_install']
[0.147s] Level 1:colcon.colcon_core.package_identification:_identify(examples/speech) by extension 'ignore'
[0.147s] Level 1:colcon.colcon_core.package_identification:_identify(examples/speech) by extension 'ignore_ament_install'
[0.147s] Level 1:colcon.colcon_core.package_identification:_identify(examples/speech) by extensions ['colcon_pkg']
[0.147s] Level 1:colcon.colcon_core.package_identification:_identify(examples/speech) by extension 'colcon_pkg'
[0.148s] Level 1:colcon.colcon_core.package_identification:_identify(examples/speech) by extensions ['colcon_meta']
[0.148s] Level 1:colcon.colcon_core.package_identification:_identify(examples/speech) by extension 'colcon_meta'
[0.148s] Level 1:colcon.colcon_core.package_identification:_identify(examples/speech) by extensions ['ros']
[0.148s] Level 1:colcon.colcon_core.package_identification:_identify(examples/speech) by extension 'ros'
[0.148s] Level 1:colcon.colcon_core.package_identification:_identify(examples/speech) by extensions ['cmake', 'python']
[0.148s] Level 1:colcon.colcon_core.package_identification:_identify(examples/speech) by extension 'cmake'
[0.148s] Level 1:colcon.colcon_core.package_identification:_identify(examples/speech) by extension 'python'
[0.148s] Level 1:colcon.colcon_core.package_identification:_identify(examples/speech) by extensions ['python_setup_py']
[0.148s] Level 1:colcon.colcon_core.package_identification:_identify(examples/speech) by extension 'python_setup_py'
[0.148s] Level 1:colcon.colcon_core.package_identification:_identify(install) by extensions ['ignore', 'ignore_ament_install']
[0.148s] Level 1:colcon.colcon_core.package_identification:_identify(install) by extension 'ignore'
[0.148s] Level 1:colcon.colcon_core.package_identification:_identify(install) ignored
[0.149s] Level 1:colcon.colcon_core.package_identification:_identify(log) by extensions ['ignore', 'ignore_ament_install']
[0.149s] Level 1:colcon.colcon_core.package_identification:_identify(log) by extension 'ignore'
[0.149s] Level 1:colcon.colcon_core.package_identification:_identify(log) ignored
[0.149s] Level 1:colcon.colcon_core.package_identification:_identify(src) by extensions ['ignore', 'ignore_ament_install']
[0.149s] Level 1:colcon.colcon_core.package_identification:_identify(src) by extension 'ignore'
[0.149s] Level 1:colcon.colcon_core.package_identification:_identify(src) by extension 'ignore_ament_install'
[0.149s] Level 1:colcon.colcon_core.package_identification:_identify(src) by extensions ['colcon_pkg']
[0.149s] Level 1:colcon.colcon_core.package_identification:_identify(src) by extension 'colcon_pkg'
[0.149s] Level 1:colcon.colcon_core.package_identification:_identify(src) by extensions ['colcon_meta']
[0.149s] Level 1:colcon.colcon_core.package_identification:_identify(src) by extension 'colcon_meta'
[0.149s] Level 1:colcon.colcon_core.package_identification:_identify(src) by extensions ['ros']
[0.149s] Level 1:colcon.colcon_core.package_identification:_identify(src) by extension 'ros'
[0.149s] Level 1:colcon.colcon_core.package_identification:_identify(src) by extensions ['cmake', 'python']
[0.149s] Level 1:colcon.colcon_core.package_identification:_identify(src) by extension 'cmake'
[0.149s] Level 1:colcon.colcon_core.package_identification:_identify(src) by extension 'python'
[0.149s] Level 1:colcon.colcon_core.package_identification:_identify(src) by extensions ['python_setup_py']
[0.149s] Level 1:colcon.colcon_core.package_identification:_identify(src) by extension 'python_setup_py'
[0.150s] Level 1:colcon.colcon_core.package_identification:_identify(src/tactigon_msgs) by extensions ['ignore', 'ignore_ament_install']
[0.150s] Level 1:colcon.colcon_core.package_identification:_identify(src/tactigon_msgs) by extension 'ignore'
[0.150s] Level 1:colcon.colcon_core.package_identification:_identify(src/tactigon_msgs) by extension 'ignore_ament_install'
[0.150s] Level 1:colcon.colcon_core.package_identification:_identify(src/tactigon_msgs) by extensions ['colcon_pkg']
[0.150s] Level 1:colcon.colcon_core.package_identification:_identify(src/tactigon_msgs) by extension 'colcon_pkg'
[0.150s] Level 1:colcon.colcon_core.package_identification:_identify(src/tactigon_msgs) by extensions ['colcon_meta']
[0.150s] Level 1:colcon.colcon_core.package_identification:_identify(src/tactigon_msgs) by extension 'colcon_meta'
[0.150s] Level 1:colcon.colcon_core.package_identification:_identify(src/tactigon_msgs) by extensions ['ros']
[0.150s] Level 1:colcon.colcon_core.package_identification:_identify(src/tactigon_msgs) by extension 'ros'
[0.153s] DEBUG:colcon.colcon_core.package_identification:Package 'src/tactigon_msgs' with type 'ros.ament_cmake' and name 'tactigon_msgs'
[0.153s] Level 1:colcon.colcon_core.package_identification:_identify(src/tactigon_ros) by extensions ['ignore', 'ignore_ament_install']
[0.153s] Level 1:colcon.colcon_core.package_identification:_identify(src/tactigon_ros) by extension 'ignore'
[0.153s] Level 1:colcon.colcon_core.package_identification:_identify(src/tactigon_ros) by extension 'ignore_ament_install'
[0.153s] Level 1:colcon.colcon_core.package_identification:_identify(src/tactigon_ros) by extensions ['colcon_pkg']
[0.153s] Level 1:colcon.colcon_core.package_identification:_identify(src/tactigon_ros) by extension 'colcon_pkg'
[0.153s] Level 1:colcon.colcon_core.package_identification:_identify(src/tactigon_ros) by extensions ['colcon_meta']
[0.153s] Level 1:colcon.colcon_core.package_identification:_identify(src/tactigon_ros) by extension 'colcon_meta'
[0.153s] Level 1:colcon.colcon_core.package_identification:_identify(src/tactigon_ros) by extensions ['ros']
[0.153s] Level 1:colcon.colcon_core.package_identification:_identify(src/tactigon_ros) by extension 'ros'
[0.154s] DEBUG:colcon.colcon_core.package_identification:Package 'src/tactigon_ros' with type 'ros.ament_python' and name 'tactigon_ros'
[0.154s] Level 1:colcon.colcon_core.package_discovery:discover_packages(recursive) using defaults
[0.154s] Level 1:colcon.colcon_core.package_discovery:discover_packages(ignore) discover
[0.154s] Level 1:colcon.colcon_core.package_discovery:discover_packages(ignore) using defaults
[0.154s] Level 1:colcon.colcon_core.package_discovery:discover_packages(path) discover
[0.154s] Level 1:colcon.colcon_core.package_discovery:discover_packages(path) using defaults
[0.170s] Level 1:colcon.colcon_core.package_discovery:discover_packages(prefix_path) check parameters
[0.170s] Level 1:colcon.colcon_core.package_discovery:discover_packages(prefix_path) discover
[0.171s] DEBUG:colcon.colcon_installed_package_information.package_discovery:Found 2 installed packages in /home/banjov2/ros2_ws/install
[0.173s] DEBUG:colcon.colcon_installed_package_information.package_discovery:Found 285 installed packages in /opt/ros/jazzy
[0.173s] Level 1:colcon.colcon_core.package_discovery:discover_packages(prefix_path) using defaults
[0.207s] Level 5:colcon.colcon_core.verb:set package 'tactigon_msgs' build argument 'cmake_args' from command line to 'None'
[0.207s] Level 5:colcon.colcon_core.verb:set package 'tactigon_msgs' build argument 'cmake_target' from command line to 'None'
[0.207s] Level 5:colcon.colcon_core.verb:set package 'tactigon_msgs' build argument 'cmake_target_skip_unavailable' from command line to 'False'
[0.207s] Level 5:colcon.colcon_core.verb:set package 'tactigon_msgs' build argument 'cmake_clean_cache' from command line to 'False'
[0.207s] Level 5:colcon.colcon_core.verb:set package 'tactigon_msgs' build argument 'cmake_clean_first' from command line to 'False'
[0.207s] Level 5:colcon.colcon_core.verb:set package 'tactigon_msgs' build argument 'cmake_force_configure' from command line to 'False'
[0.207s] Level 5:colcon.colcon_core.verb:set package 'tactigon_msgs' build argument 'ament_cmake_args' from command line to 'None'
[0.207s] Level 5:colcon.colcon_core.verb:set package 'tactigon_msgs' build argument 'catkin_cmake_args' from command line to 'None'
[0.207s] Level 5:colcon.colcon_core.verb:set package 'tactigon_msgs' build argument 'catkin_skip_building_tests' from command line to 'False'
[0.207s] DEBUG:colcon.colcon_core.verb:Building package 'tactigon_msgs' with the following arguments: {'ament_cmake_args': None, 'build_base': '/home/banjov2/ros2_ws/build/tactigon_msgs', 'catkin_cmake_args': None, 'catkin_skip_building_tests': False, 'cmake_args': None, 'cmake_clean_cache': False, 'cmake_clean_first': False, 'cmake_force_configure': False, 'cmake_target': None, 'cmake_target_skip_unavailable': False, 'install_base': '/home/banjov2/ros2_ws/install/tactigon_msgs', 'merge_install': False, 'path': '/home/banjov2/ros2_ws/src/tactigon_msgs', 'symlink_install': False, 'test_result_base': None}
[0.208s] Level 5:colcon.colcon_core.verb:set package 'tactigon_ros' build argument 'cmake_args' from command line to 'None'
[0.208s] Level 5:colcon.colcon_core.verb:set package 'tactigon_ros' build argument 'cmake_target' from command line to 'None'
[0.208s] Level 5:colcon.colcon_core.verb:set package 'tactigon_ros' build argument 'cmake_target_skip_unavailable' from command line to 'False'
[0.208s] Level 5:colcon.colcon_core.verb:set package 'tactigon_ros' build argument 'cmake_clean_cache' from command line to 'False'
[0.208s] Level 5:colcon.colcon_core.verb:set package 'tactigon_ros' build argument 'cmake_clean_first' from command line to 'False'
[0.208s] Level 5:colcon.colcon_core.verb:set package 'tactigon_ros' build argument 'cmake_force_configure' from command line to 'False'
[0.208s] Level 5:colcon.colcon_core.verb:set package 'tactigon_ros' build argument 'ament_cmake_args' from command line to 'None'
[0.208s] Level 5:colcon.colcon_core.verb:set package 'tactigon_ros' build argument 'catkin_cmake_args' from command line to 'None'
[0.208s] Level 5:colcon.colcon_core.verb:set package 'tactigon_ros' build argument 'catkin_skip_building_tests' from command line to 'False'
[0.208s] DEBUG:colcon.colcon_core.verb:Building package 'tactigon_ros' with the following arguments: {'ament_cmake_args': None, 'build_base': '/home/banjov2/ros2_ws/build/tactigon_ros', 'catkin_cmake_args': None, 'catkin_skip_building_tests': False, 'cmake_args': None, 'cmake_clean_cache': False, 'cmake_clean_first': False, 'cmake_force_configure': False, 'cmake_target': None, 'cmake_target_skip_unavailable': False, 'install_base': '/home/banjov2/ros2_ws/install/tactigon_ros', 'merge_install': False, 'path': '/home/banjov2/ros2_ws/src/tactigon_ros', 'symlink_install': False, 'test_result_base': None}
[0.208s] INFO:colcon.colcon_core.executor:Executing jobs using 'parallel' executor
[0.209s] DEBUG:colcon.colcon_parallel_executor.executor.parallel:run_until_complete
[0.209s] INFO:colcon.colcon_ros.task.ament_cmake.build:Building ROS package in '/home/banjov2/ros2_ws/src/tactigon_msgs' with build type 'ament_cmake'
[0.209s] INFO:colcon.colcon_cmake.task.cmake.build:Building CMake package in '/home/banjov2/ros2_ws/src/tactigon_msgs'
[0.212s] INFO:colcon.colcon_core.plugin_system:Skipping extension 'colcon_core.shell.bat': Not used on non-Windows systems
[0.212s] INFO:colcon.colcon_core.shell:Skip shell extension 'powershell' for command environment: Not usable outside of PowerShell
[0.212s] DEBUG:colcon.colcon_core.shell:Skip shell extension 'dsv' for command environment
[0.219s] DEBUG:colcon.colcon_core.event_handler.log_command:Invoking command in '/home/banjov2/ros2_ws/build/tactigon_msgs': CMAKE_PREFIX_PATH=${CMAKE_PREFIX_PATH}:/home/banjov2/ros2_ws/install/tactigon_ros:/opt/ros/jazzy DEBUGINFOD_URLS=https://debuginfod.ubuntu.com /usr/bin/cmake --build /home/banjov2/ros2_ws/build/tactigon_msgs -- -j8 -l8
[0.566s] DEBUG:colcon.colcon_core.event_handler.log_command:Invoked command in '/home/banjov2/ros2_ws/build/tactigon_msgs' returned '0': CMAKE_PREFIX_PATH=${CMAKE_PREFIX_PATH}:/home/banjov2/ros2_ws/install/tactigon_ros:/opt/ros/jazzy DEBUGINFOD_URLS=https://debuginfod.ubuntu.com /usr/bin/cmake --build /home/banjov2/ros2_ws/build/tactigon_msgs -- -j8 -l8
[0.574s] DEBUG:colcon.colcon_core.event_handler.log_command:Invoking command in '/home/banjov2/ros2_ws/build/tactigon_msgs': CMAKE_PREFIX_PATH=${CMAKE_PREFIX_PATH}:/home/banjov2/ros2_ws/install/tactigon_ros:/opt/ros/jazzy DEBUGINFOD_URLS=https://debuginfod.ubuntu.com /usr/bin/cmake --install /home/banjov2/ros2_ws/build/tactigon_msgs
[0.625s] Level 1:colcon.colcon_core.environment:create_environment_scripts_only(tactigon_msgs)
[0.625s] DEBUG:colcon.colcon_core.event_handler.log_command:Invoked command in '/home/banjov2/ros2_ws/build/tactigon_msgs' returned '0': CMAKE_PREFIX_PATH=${CMAKE_PREFIX_PATH}:/home/banjov2/ros2_ws/install/tactigon_ros:/opt/ros/jazzy DEBUGINFOD_URLS=https://debuginfod.ubuntu.com /usr/bin/cmake --install /home/banjov2/ros2_ws/build/tactigon_msgs
[0.627s] Level 1:colcon.colcon_core.environment:checking '/home/banjov2/ros2_ws/install/tactigon_msgs' for CMake module files
[0.627s] Level 1:colcon.colcon_core.environment:checking '/home/banjov2/ros2_ws/install/tactigon_msgs' for CMake config files
[0.627s] Level 1:colcon.colcon_core.shell:create_environment_hook('tactigon_msgs', 'cmake_prefix_path')
[0.628s] INFO:colcon.colcon_core.shell:Creating environment hook '/home/banjov2/ros2_ws/install/tactigon_msgs/share/tactigon_msgs/hook/cmake_prefix_path.ps1'
[0.628s] INFO:colcon.colcon_core.shell:Creating environment descriptor '/home/banjov2/ros2_ws/install/tactigon_msgs/share/tactigon_msgs/hook/cmake_prefix_path.dsv'
[0.628s] INFO:colcon.colcon_core.shell:Creating environment hook '/home/banjov2/ros2_ws/install/tactigon_msgs/share/tactigon_msgs/hook/cmake_prefix_path.sh'
[0.629s] Level 1:colcon.colcon_core.environment:checking '/home/banjov2/ros2_ws/install/tactigon_msgs/lib'
[0.629s] Level 1:colcon.colcon_core.shell:create_environment_hook('tactigon_msgs', 'ld_library_path_lib')
[0.629s] INFO:colcon.colcon_core.shell:Creating environment hook '/home/banjov2/ros2_ws/install/tactigon_msgs/share/tactigon_msgs/hook/ld_library_path_lib.ps1'
[0.630s] INFO:colcon.colcon_core.shell:Creating environment descriptor '/home/banjov2/ros2_ws/install/tactigon_msgs/share/tactigon_msgs/hook/ld_library_path_lib.dsv'
[0.630s] INFO:colcon.colcon_core.shell:Creating environment hook '/home/banjov2/ros2_ws/install/tactigon_msgs/share/tactigon_msgs/hook/ld_library_path_lib.sh'
[0.630s] Level 1:colcon.colcon_core.environment:checking '/home/banjov2/ros2_ws/install/tactigon_msgs/bin'
[0.630s] Level 1:colcon.colcon_core.environment:checking '/home/banjov2/ros2_ws/install/tactigon_msgs/lib/pkgconfig/tactigon_msgs.pc'
[0.630s] Level 1:colcon.colcon_core.environment:checking '/home/banjov2/ros2_ws/install/tactigon_msgs/lib/python3.12/site-packages'
[0.631s] Level 1:colcon.colcon_core.shell:create_environment_hook('tactigon_msgs', 'pythonpath')
[0.631s] INFO:colcon.colcon_core.shell:Creating environment hook '/home/banjov2/ros2_ws/install/tactigon_msgs/share/tactigon_msgs/hook/pythonpath.ps1'
[0.631s] INFO:colcon.colcon_core.shell:Creating environment descriptor '/home/banjov2/ros2_ws/install/tactigon_msgs/share/tactigon_msgs/hook/pythonpath.dsv'
[0.631s] INFO:colcon.colcon_core.shell:Creating environment hook '/home/banjov2/ros2_ws/install/tactigon_msgs/share/tactigon_msgs/hook/pythonpath.sh'
[0.632s] Level 1:colcon.colcon_core.environment:checking '/home/banjov2/ros2_ws/install/tactigon_msgs/bin'
[0.632s] INFO:colcon.colcon_core.shell:Creating package script '/home/banjov2/ros2_ws/install/tactigon_msgs/share/tactigon_msgs/package.ps1'
[0.633s] INFO:colcon.colcon_core.shell:Creating package descriptor '/home/banjov2/ros2_ws/install/tactigon_msgs/share/tactigon_msgs/package.dsv'
[0.633s] INFO:colcon.colcon_core.shell:Creating package script '/home/banjov2/ros2_ws/install/tactigon_msgs/share/tactigon_msgs/package.sh'
[0.633s] INFO:colcon.colcon_core.shell:Creating package script '/home/banjov2/ros2_ws/install/tactigon_msgs/share/tactigon_msgs/package.bash'
[0.634s] INFO:colcon.colcon_core.shell:Creating package script '/home/banjov2/ros2_ws/install/tactigon_msgs/share/tactigon_msgs/package.zsh'
[0.634s] Level 1:colcon.colcon_core.environment:create_file_with_runtime_dependencies(/home/banjov2/ros2_ws/install/tactigon_msgs/share/colcon-core/packages/tactigon_msgs)
[0.635s] Level 1:colcon.colcon_core.environment:create_environment_scripts_only(tactigon_msgs)
[0.635s] Level 1:colcon.colcon_core.environment:checking '/home/banjov2/ros2_ws/install/tactigon_msgs' for CMake module files
[0.635s] Level 1:colcon.colcon_core.environment:checking '/home/banjov2/ros2_ws/install/tactigon_msgs' for CMake config files
[0.636s] Level 1:colcon.colcon_core.shell:create_environment_hook('tactigon_msgs', 'cmake_prefix_path')
[0.636s] INFO:colcon.colcon_core.shell:Creating environment hook '/home/banjov2/ros2_ws/install/tactigon_msgs/share/tactigon_msgs/hook/cmake_prefix_path.ps1'
[0.636s] INFO:colcon.colcon_core.shell:Creating environment descriptor '/home/banjov2/ros2_ws/install/tactigon_msgs/share/tactigon_msgs/hook/cmake_prefix_path.dsv'
[0.636s] INFO:colcon.colcon_core.shell:Creating environment hook '/home/banjov2/ros2_ws/install/tactigon_msgs/share/tactigon_msgs/hook/cmake_prefix_path.sh'
[0.637s] Level 1:colcon.colcon_core.environment:checking '/home/banjov2/ros2_ws/install/tactigon_msgs/lib'
[0.637s] Level 1:colcon.colcon_core.shell:create_environment_hook('tactigon_msgs', 'ld_library_path_lib')
[0.637s] INFO:colcon.colcon_core.shell:Creating environment hook '/home/banjov2/ros2_ws/install/tactigon_msgs/share/tactigon_msgs/hook/ld_library_path_lib.ps1'
[0.637s] INFO:colcon.colcon_core.shell:Creating environment descriptor '/home/banjov2/ros2_ws/install/tactigon_msgs/share/tactigon_msgs/hook/ld_library_path_lib.dsv'
[0.637s] INFO:colcon.colcon_core.shell:Creating environment hook '/home/banjov2/ros2_ws/install/tactigon_msgs/share/tactigon_msgs/hook/ld_library_path_lib.sh'
[0.638s] Level 1:colcon.colcon_core.environment:checking '/home/banjov2/ros2_ws/install/tactigon_msgs/bin'
[0.638s] Level 1:colcon.colcon_core.environment:checking '/home/banjov2/ros2_ws/install/tactigon_msgs/lib/pkgconfig/tactigon_msgs.pc'
[0.638s] Level 1:colcon.colcon_core.environment:checking '/home/banjov2/ros2_ws/install/tactigon_msgs/lib/python3.12/site-packages'
[0.638s] Level 1:colcon.colcon_core.shell:create_environment_hook('tactigon_msgs', 'pythonpath')
[0.638s] INFO:colcon.colcon_core.shell:Creating environment hook '/home/banjov2/ros2_ws/install/tactigon_msgs/share/tactigon_msgs/hook/pythonpath.ps1'
[0.639s] INFO:colcon.colcon_core.shell:Creating environment descriptor '/home/banjov2/ros2_ws/install/tactigon_msgs/share/tactigon_msgs/hook/pythonpath.dsv'
[0.639s] INFO:colcon.colcon_core.shell:Creating environment hook '/home/banjov2/ros2_ws/install/tactigon_msgs/share/tactigon_msgs/hook/pythonpath.sh'
[0.639s] Level 1:colcon.colcon_core.environment:checking '/home/banjov2/ros2_ws/install/tactigon_msgs/bin'
[0.639s] INFO:colcon.colcon_core.shell:Creating package script '/home/banjov2/ros2_ws/install/tactigon_msgs/share/tactigon_msgs/package.ps1'
[0.640s] INFO:colcon.colcon_core.shell:Creating package descriptor '/home/banjov2/ros2_ws/install/tactigon_msgs/share/tactigon_msgs/package.dsv'
[0.640s] INFO:colcon.colcon_core.shell:Creating package script '/home/banjov2/ros2_ws/install/tactigon_msgs/share/tactigon_msgs/package.sh'
[0.641s] INFO:colcon.colcon_core.shell:Creating package script '/home/banjov2/ros2_ws/install/tactigon_msgs/share/tactigon_msgs/package.bash'
[0.641s] INFO:colcon.colcon_core.shell:Creating package script '/home/banjov2/ros2_ws/install/tactigon_msgs/share/tactigon_msgs/package.zsh'
[0.641s] Level 1:colcon.colcon_core.environment:create_file_with_runtime_dependencies(/home/banjov2/ros2_ws/install/tactigon_msgs/share/colcon-core/packages/tactigon_msgs)
[0.641s] INFO:colcon.colcon_ros.task.ament_python.build:Building ROS package in '/home/banjov2/ros2_ws/src/tactigon_ros' with build type 'ament_python'
[0.642s] Level 1:colcon.colcon_core.shell:create_environment_hook('tactigon_ros', 'ament_prefix_path')
[0.642s] INFO:colcon.colcon_core.shell:Creating environment hook '/home/banjov2/ros2_ws/install/tactigon_ros/share/tactigon_ros/hook/ament_prefix_path.ps1'
[0.642s] INFO:colcon.colcon_core.shell:Creating environment descriptor '/home/banjov2/ros2_ws/install/tactigon_ros/share/tactigon_ros/hook/ament_prefix_path.dsv'
[0.643s] INFO:colcon.colcon_core.shell:Creating environment hook '/home/banjov2/ros2_ws/install/tactigon_ros/share/tactigon_ros/hook/ament_prefix_path.sh'
[0.643s] INFO:colcon.colcon_core.shell:Skip shell extension 'powershell' for command environment: Not usable outside of PowerShell
[0.643s] DEBUG:colcon.colcon_core.shell:Skip shell extension 'dsv' for command environment
[0.839s] INFO:colcon.colcon_core.task.python.build:Building Python package in '/home/banjov2/ros2_ws/src/tactigon_ros'
[0.840s] INFO:colcon.colcon_core.shell:Skip shell extension 'powershell' for command environment: Not usable outside of PowerShell
[0.840s] DEBUG:colcon.colcon_core.shell:Skip shell extension 'dsv' for command environment
[1.448s] DEBUG:colcon.colcon_core.event_handler.log_command:Invoking command in '/home/banjov2/ros2_ws/src/tactigon_ros': DEBUGINFOD_URLS=https://debuginfod.ubuntu.com PYTHONPATH=/home/banjov2/ros2_ws/build/tactigon_ros/prefix_override:/usr/lib/python3/dist-packages/colcon_core/task/python/colcon_distutils_commands:/home/banjov2/ros2_ws/install/tactigon_ros/lib/python3.12/site-packages:/home/banjov2/ros2_ws/install/tactigon_msgs/lib/python3.12/site-packages:/home/banjov2/ros2_ws/install/tactigon_ros/lib/python3.12/site-packages:/opt/ros/jazzy/lib/python3.12/site-packages /usr/bin/python3 -W ignore:setup.py install is deprecated -W ignore:easy_install command is deprecated setup.py egg_info --egg-base ../../build/tactigon_ros build --build-base /home/banjov2/ros2_ws/build/tactigon_ros/build install --record /home/banjov2/ros2_ws/build/tactigon_ros/install.log --single-version-externally-managed install_data
[1.985s] Level 1:colcon.colcon_core.environment:checking '/home/banjov2/ros2_ws/install/tactigon_ros' for CMake module files
[1.986s] DEBUG:colcon.colcon_core.event_handler.log_command:Invoked command in '/home/banjov2/ros2_ws/src/tactigon_ros' returned '0': DEBUGINFOD_URLS=https://debuginfod.ubuntu.com PYTHONPATH=/home/banjov2/ros2_ws/build/tactigon_ros/prefix_override:/usr/lib/python3/dist-packages/colcon_core/task/python/colcon_distutils_commands:/home/banjov2/ros2_ws/install/tactigon_ros/lib/python3.12/site-packages:/home/banjov2/ros2_ws/install/tactigon_msgs/lib/python3.12/site-packages:/home/banjov2/ros2_ws/install/tactigon_ros/lib/python3.12/site-packages:/opt/ros/jazzy/lib/python3.12/site-packages /usr/bin/python3 -W ignore:setup.py install is deprecated -W ignore:easy_install command is deprecated setup.py egg_info --egg-base ../../build/tactigon_ros build --build-base /home/banjov2/ros2_ws/build/tactigon_ros/build install --record /home/banjov2/ros2_ws/build/tactigon_ros/install.log --single-version-externally-managed install_data
[1.986s] Level 1:colcon.colcon_core.environment:checking '/home/banjov2/ros2_ws/install/tactigon_ros' for CMake config files
[1.987s] Level 1:colcon.colcon_core.environment:checking '/home/banjov2/ros2_ws/install/tactigon_ros/lib'
[1.987s] Level 1:colcon.colcon_core.environment:checking '/home/banjov2/ros2_ws/install/tactigon_ros/bin'
[1.987s] Level 1:colcon.colcon_core.environment:checking '/home/banjov2/ros2_ws/install/tactigon_ros/lib/pkgconfig/tactigon_ros.pc'
[1.987s] Level 1:colcon.colcon_core.environment:checking '/home/banjov2/ros2_ws/install/tactigon_ros/lib/python3.12/site-packages'
[1.987s] Level 1:colcon.colcon_core.shell:create_environment_hook('tactigon_ros', 'pythonpath')
[1.988s] INFO:colcon.colcon_core.shell:Creating environment hook '/home/banjov2/ros2_ws/install/tactigon_ros/share/tactigon_ros/hook/pythonpath.ps1'
[1.988s] INFO:colcon.colcon_core.shell:Creating environment descriptor '/home/banjov2/ros2_ws/install/tactigon_ros/share/tactigon_ros/hook/pythonpath.dsv'
[1.989s] INFO:colcon.colcon_core.shell:Creating environment hook '/home/banjov2/ros2_ws/install/tactigon_ros/share/tactigon_ros/hook/pythonpath.sh'
[1.989s] Level 1:colcon.colcon_core.environment:checking '/home/banjov2/ros2_ws/install/tactigon_ros/bin'
[1.990s] Level 1:colcon.colcon_core.environment:create_environment_scripts_only(tactigon_ros)
[1.990s] INFO:colcon.colcon_core.shell:Creating package script '/home/banjov2/ros2_ws/install/tactigon_ros/share/tactigon_ros/package.ps1'
[1.990s] INFO:colcon.colcon_core.shell:Creating package descriptor '/home/banjov2/ros2_ws/install/tactigon_ros/share/tactigon_ros/package.dsv'
[1.991s] INFO:colcon.colcon_core.shell:Creating package script '/home/banjov2/ros2_ws/install/tactigon_ros/share/tactigon_ros/package.sh'
[1.992s] INFO:colcon.colcon_core.shell:Creating package script '/home/banjov2/ros2_ws/install/tactigon_ros/share/tactigon_ros/package.bash'
[1.992s] INFO:colcon.colcon_core.shell:Creating package script '/home/banjov2/ros2_ws/install/tactigon_ros/share/tactigon_ros/package.zsh'
[1.992s] Level 1:colcon.colcon_core.environment:create_file_with_runtime_dependencies(/home/banjov2/ros2_ws/install/tactigon_ros/share/colcon-core/packages/tactigon_ros)
[1.993s] DEBUG:colcon.colcon_parallel_executor.executor.parallel:closing loop
[1.993s] DEBUG:colcon.colcon_parallel_executor.executor.parallel:loop closed
[1.993s] DEBUG:colcon.colcon_parallel_executor.executor.parallel:run_until_complete finished with '0'
[1.994s] DEBUG:colcon.colcon_core.event_reactor:joining thread
[1.999s] INFO:colcon.colcon_core.plugin_system:Skipping extension 'colcon_notification.desktop_notification.terminal_notifier': Not used on non-Darwin systems
[1.999s] INFO:colcon.colcon_core.plugin_system:Skipping extension 'colcon_notification.desktop_notification.win32': Not used on non-Windows systems
[1.999s] INFO:colcon.colcon_notification.desktop_notification:Sending desktop notification using 'notify2'
[2.018s] DEBUG:colcon.colcon_core.event_reactor:joined thread
[2.018s] INFO:colcon.colcon_core.shell:Creating prefix script '/home/banjov2/ros2_ws/install/local_setup.ps1'
[2.020s] INFO:colcon.colcon_core.shell:Creating prefix util module '/home/banjov2/ros2_ws/install/_local_setup_util_ps1.py'
[2.021s] INFO:colcon.colcon_core.shell:Creating prefix chain script '/home/banjov2/ros2_ws/install/setup.ps1'
[2.022s] INFO:colcon.colcon_core.shell:Creating prefix script '/home/banjov2/ros2_ws/install/local_setup.sh'
[2.023s] INFO:colcon.colcon_core.shell:Creating prefix util module '/home/banjov2/ros2_ws/install/_local_setup_util_sh.py'
[2.024s] INFO:colcon.colcon_core.shell:Creating prefix chain script '/home/banjov2/ros2_ws/install/setup.sh'
[2.025s] INFO:colcon.colcon_core.shell:Creating prefix script '/home/banjov2/ros2_ws/install/local_setup.bash'
[2.026s] INFO:colcon.colcon_core.shell:Creating prefix chain script '/home/banjov2/ros2_ws/install/setup.bash'
[2.027s] INFO:colcon.colcon_core.shell:Creating prefix script '/home/banjov2/ros2_ws/install/local_setup.zsh'
[2.028s] INFO:colcon.colcon_core.shell:Creating prefix chain script '/home/banjov2/ros2_ws/install/setup.zsh'
