-- The C compiler identification is GNU 13.3.0
-- The CXX compiler identification is GNU 13.3.0
-- Detecting C compiler ABI info
-- Detecting C compiler ABI info - done
-- Check for working C compiler: /usr/bin/cc - skipped
-- Detecting C compile features
-- Detecting C compile features - done
-- Detecting CXX compiler ABI info
-- Detecting CXX compiler ABI info - done
-- Check for working CXX compiler: /usr/bin/c++ - skipped
-- Detecting CXX compile features
-- Detecting CXX compile features - done
-- Found ament_cmake: 2.5.3 (/opt/ros/jazzy/share/ament_cmake/cmake)
-- Found Python3: /usr/bin/python3 (found version "3.12.3") found components: Interpreter 
-- Found rosidl_default_generators: 1.6.0 (/opt/ros/jazzy/share/rosidl_default_generators/cmake)
-- Using all available rosidl_typesupport_c: rosidl_typesupport_fastrtps_c;rosidl_typesupport_introspection_c
-- Using all available rosidl_typesupport_cpp: rosidl_typesupport_fastrtps_cpp;rosidl_typesupport_introspection_cpp
-- Found rosidl_adapter: 4.6.5 (/opt/ros/jazzy/share/rosidl_adapter/cmake)
-- Found std_msgs: 5.3.5 (/opt/ros/jazzy/share/std_msgs/cmake)
-- Found ament_cmake_ros: 0.12.0 (/opt/ros/jazzy/share/ament_cmake_ros/cmake)
-- Using all available rosidl_typesupport_c: rosidl_typesupport_fastrtps_c;rosidl_typesupport_introspection_c
-- Using all available rosidl_typesupport_cpp: rosidl_typesupport_fastrtps_cpp;rosidl_typesupport_introspection_cpp
-- Found python_cmake_module: 0.11.1 (/opt/ros/jazzy/share/python_cmake_module/cmake)
-- Found PythonExtra: /usr/bin/python3  
-- Found Python3: /usr/bin/python3 (found version "3.12.3") found components: Interpreter Development NumPy Development.Module Development.Embed 
-- Found ament_lint_auto: 0.17.1 (/opt/ros/jazzy/share/ament_lint_auto/cmake)
-- Added test 'lint_cmake' to check CMake code style
-- Added test 'xmllint' to check XML markup files
-- Configuring done (4.3s)
-- Generating done (0.1s)
-- Build files have been written to: /home/banjov2/ros2_ws/build/tactigon_msgs
[  1%] [34m[1mGenerating type hashes for ROS interfaces[0m
[  1%] Built target ament_cmake_python_copy_tactigon_msgs
running egg_info
creating tactigon_msgs.egg-info
writing tactigon_msgs.egg-info/PKG-INFO
writing dependency_links to tactigon_msgs.egg-info/dependency_links.txt
writing top-level names to tactigon_msgs.egg-info/top_level.txt
writing manifest file 'tactigon_msgs.egg-info/SOURCES.txt'
[  1%] Built target tactigon_msgs__rosidl_generator_type_description
[  3%] [34m[1mGenerating C code for ROS interfaces[0m
[  4%] [34m[1mGenerating C++ code for ROS interfaces[0m
reading manifest file 'tactigon_msgs.egg-info/SOURCES.txt'
writing manifest file 'tactigon_msgs.egg-info/SOURCES.txt'
[  4%] Built target ament_cmake_python_build_tactigon_msgs_egg
[  4%] Built target tactigon_msgs__cpp
[  6%] [32mBuilding C object CMakeFiles/tactigon_msgs__rosidl_generator_c.dir/rosidl_generator_c/tactigon_msgs/msg/detail/touch__description.c.o[0m
[  7%] [32mBuilding C object CMakeFiles/tactigon_msgs__rosidl_generator_c.dir/rosidl_generator_c/tactigon_msgs/msg/detail/touch__type_support.c.o[0m
[  9%] [32mBuilding C object CMakeFiles/tactigon_msgs__rosidl_generator_c.dir/rosidl_generator_c/tactigon_msgs/msg/detail/angle__description.c.o[0m
[ 10%] [32mBuilding C object CMakeFiles/tactigon_msgs__rosidl_generator_c.dir/rosidl_generator_c/tactigon_msgs/msg/detail/angle__functions.c.o[0m
[ 12%] [32mBuilding C object CMakeFiles/tactigon_msgs__rosidl_generator_c.dir/rosidl_generator_c/tactigon_msgs/msg/detail/gesture__description.c.o[0m
[ 14%] [32mBuilding C object CMakeFiles/tactigon_msgs__rosidl_generator_c.dir/rosidl_generator_c/tactigon_msgs/msg/detail/gesture__functions.c.o[0m
[ 15%] [32mBuilding C object CMakeFiles/tactigon_msgs__rosidl_generator_c.dir/rosidl_generator_c/tactigon_msgs/msg/detail/touch__functions.c.o[0m
[ 17%] [32mBuilding C object CMakeFiles/tactigon_msgs__rosidl_generator_c.dir/rosidl_generator_c/tactigon_msgs/msg/detail/angle__type_support.c.o[0m
[ 18%] [32mBuilding C object CMakeFiles/tactigon_msgs__rosidl_generator_c.dir/rosidl_generator_c/tactigon_msgs/msg/detail/gesture__type_support.c.o[0m
[ 20%] [32mBuilding C object CMakeFiles/tactigon_msgs__rosidl_generator_c.dir/rosidl_generator_c/tactigon_msgs/msg/detail/t_skin_state__functions.c.o[0m
[ 21%] [32mBuilding C object CMakeFiles/tactigon_msgs__rosidl_generator_c.dir/rosidl_generator_c/tactigon_msgs/msg/detail/t_skin_state__description.c.o[0m
[ 23%] [32mBuilding C object CMakeFiles/tactigon_msgs__rosidl_generator_c.dir/rosidl_generator_c/tactigon_msgs/msg/detail/t_skin_state__type_support.c.o[0m
[ 25%] [32m[1mLinking C shared library libtactigon_msgs__rosidl_generator_c.so[0m
[ 25%] Built target tactigon_msgs__rosidl_generator_c
[ 26%] [34m[1mGenerating C++ introspection for ROS interfaces[0m
[ 28%] [34m[1mGenerating C++ type support dispatch for ROS interfaces[0m
[ 29%] [34m[1mGenerating C type support for eProsima Fast-RTPS[0m
[ 31%] [34m[1mGenerating C type support dispatch for ROS interfaces[0m
[ 32%] [34m[1mGenerating C++ type support for eProsima Fast-RTPS[0m
[ 34%] [34m[1mGenerating C introspection for ROS interfaces[0m
[ 35%] [32mBuilding CXX object CMakeFiles/tactigon_msgs__rosidl_typesupport_c.dir/rosidl_typesupport_c/tactigon_msgs/msg/gesture__type_support.cpp.o[0m
[ 37%] [32mBuilding CXX object CMakeFiles/tactigon_msgs__rosidl_typesupport_c.dir/rosidl_typesupport_c/tactigon_msgs/msg/touch__type_support.cpp.o[0m
[ 39%] [32mBuilding CXX object CMakeFiles/tactigon_msgs__rosidl_typesupport_c.dir/rosidl_typesupport_c/tactigon_msgs/msg/angle__type_support.cpp.o[0m
[ 40%] [32mBuilding CXX object CMakeFiles/tactigon_msgs__rosidl_typesupport_cpp.dir/rosidl_typesupport_cpp/tactigon_msgs/msg/touch__type_support.cpp.o[0m
[ 42%] [32mBuilding CXX object CMakeFiles/tactigon_msgs__rosidl_typesupport_cpp.dir/rosidl_typesupport_cpp/tactigon_msgs/msg/angle__type_support.cpp.o[0m
[ 43%] [32mBuilding CXX object CMakeFiles/tactigon_msgs__rosidl_typesupport_c.dir/rosidl_typesupport_c/tactigon_msgs/msg/t_skin_state__type_support.cpp.o[0m
[ 45%] [32mBuilding CXX object CMakeFiles/tactigon_msgs__rosidl_typesupport_cpp.dir/rosidl_typesupport_cpp/tactigon_msgs/msg/gesture__type_support.cpp.o[0m
[ 46%] [32mBuilding CXX object CMakeFiles/tactigon_msgs__rosidl_typesupport_introspection_cpp.dir/rosidl_typesupport_introspection_cpp/tactigon_msgs/msg/detail/touch__type_support.cpp.o[0m
[ 48%] [32mBuilding C object CMakeFiles/tactigon_msgs__rosidl_typesupport_introspection_c.dir/rosidl_typesupport_introspection_c/tactigon_msgs/msg/detail/touch__type_support.c.o[0m
[ 50%] [32m[1mLinking CXX shared library libtactigon_msgs__rosidl_typesupport_c.so[0m
[ 51%] [32mBuilding CXX object CMakeFiles/tactigon_msgs__rosidl_typesupport_fastrtps_cpp.dir/rosidl_typesupport_fastrtps_cpp/tactigon_msgs/msg/detail/dds_fastrtps/touch__type_support.cpp.o[0m
[ 53%] [32mBuilding C object CMakeFiles/tactigon_msgs__rosidl_typesupport_introspection_c.dir/rosidl_typesupport_introspection_c/tactigon_msgs/msg/detail/angle__type_support.c.o[0m
[ 54%] [32mBuilding CXX object CMakeFiles/tactigon_msgs__rosidl_typesupport_fastrtps_c.dir/rosidl_typesupport_fastrtps_c/tactigon_msgs/msg/detail/touch__type_support_c.cpp.o[0m
[ 54%] Built target tactigon_msgs__rosidl_typesupport_c
[ 56%] [32mBuilding C object CMakeFiles/tactigon_msgs__rosidl_typesupport_introspection_c.dir/rosidl_typesupport_introspection_c/tactigon_msgs/msg/detail/gesture__type_support.c.o[0m
[ 57%] [32mBuilding CXX object CMakeFiles/tactigon_msgs__rosidl_typesupport_fastrtps_cpp.dir/rosidl_typesupport_fastrtps_cpp/tactigon_msgs/msg/detail/dds_fastrtps/angle__type_support.cpp.o[0m
[ 59%] [32mBuilding C object CMakeFiles/tactigon_msgs__rosidl_typesupport_introspection_c.dir/rosidl_typesupport_introspection_c/tactigon_msgs/msg/detail/t_skin_state__type_support.c.o[0m
[ 60%] [32m[1mLinking C shared library libtactigon_msgs__rosidl_typesupport_introspection_c.so[0m
[ 60%] Built target tactigon_msgs__rosidl_typesupport_introspection_c
[ 62%] [32mBuilding CXX object CMakeFiles/tactigon_msgs__rosidl_typesupport_introspection_cpp.dir/rosidl_typesupport_introspection_cpp/tactigon_msgs/msg/detail/angle__type_support.cpp.o[0m
[ 64%] [32mBuilding CXX object CMakeFiles/tactigon_msgs__rosidl_typesupport_fastrtps_cpp.dir/rosidl_typesupport_fastrtps_cpp/tactigon_msgs/msg/detail/dds_fastrtps/gesture__type_support.cpp.o[0m
[ 65%] [32mBuilding CXX object CMakeFiles/tactigon_msgs__rosidl_typesupport_cpp.dir/rosidl_typesupport_cpp/tactigon_msgs/msg/t_skin_state__type_support.cpp.o[0m
[ 67%] [32mBuilding CXX object CMakeFiles/tactigon_msgs__rosidl_typesupport_fastrtps_cpp.dir/rosidl_typesupport_fastrtps_cpp/tactigon_msgs/msg/detail/dds_fastrtps/t_skin_state__type_support.cpp.o[0m
[ 68%] [32mBuilding CXX object CMakeFiles/tactigon_msgs__rosidl_typesupport_fastrtps_c.dir/rosidl_typesupport_fastrtps_c/tactigon_msgs/msg/detail/angle__type_support_c.cpp.o[0m
[ 70%] [32mBuilding CXX object CMakeFiles/tactigon_msgs__rosidl_typesupport_fastrtps_c.dir/rosidl_typesupport_fastrtps_c/tactigon_msgs/msg/detail/gesture__type_support_c.cpp.o[0m
[ 71%] [32mBuilding CXX object CMakeFiles/tactigon_msgs__rosidl_typesupport_fastrtps_c.dir/rosidl_typesupport_fastrtps_c/tactigon_msgs/msg/detail/t_skin_state__type_support_c.cpp.o[0m
[ 73%] [32mBuilding CXX object CMakeFiles/tactigon_msgs__rosidl_typesupport_introspection_cpp.dir/rosidl_typesupport_introspection_cpp/tactigon_msgs/msg/detail/gesture__type_support.cpp.o[0m
[ 75%] [32m[1mLinking CXX shared library libtactigon_msgs__rosidl_typesupport_cpp.so[0m
[ 76%] [32mBuilding CXX object CMakeFiles/tactigon_msgs__rosidl_typesupport_introspection_cpp.dir/rosidl_typesupport_introspection_cpp/tactigon_msgs/msg/detail/t_skin_state__type_support.cpp.o[0m
[ 76%] Built target tactigon_msgs__rosidl_typesupport_cpp
[ 78%] [32m[1mLinking CXX shared library libtactigon_msgs__rosidl_typesupport_fastrtps_cpp.so[0m
[ 78%] Built target tactigon_msgs__rosidl_typesupport_fastrtps_cpp
[ 79%] [32m[1mLinking CXX shared library libtactigon_msgs__rosidl_typesupport_introspection_cpp.so[0m
[ 79%] Built target tactigon_msgs__rosidl_typesupport_introspection_cpp
[ 81%] [32m[1mLinking CXX shared library libtactigon_msgs__rosidl_typesupport_fastrtps_c.so[0m
[ 81%] Built target tactigon_msgs__rosidl_typesupport_fastrtps_c
[ 81%] Built target tactigon_msgs
[ 82%] [34m[1mGenerating Python code for ROS interfaces[0m
[ 82%] Built target tactigon_msgs__py
[ 85%] [32mBuilding C object CMakeFiles/tactigon_msgs__rosidl_generator_py.dir/rosidl_generator_py/tactigon_msgs/msg/_t_skin_state_s.c.o[0m
[ 85%] [32mBuilding C object CMakeFiles/tactigon_msgs__rosidl_generator_py.dir/rosidl_generator_py/tactigon_msgs/msg/_touch_s.c.o[0m
[ 87%] [32mBuilding C object CMakeFiles/tactigon_msgs__rosidl_generator_py.dir/rosidl_generator_py/tactigon_msgs/msg/_angle_s.c.o[0m
[ 89%] [32mBuilding C object CMakeFiles/tactigon_msgs__rosidl_generator_py.dir/rosidl_generator_py/tactigon_msgs/msg/_gesture_s.c.o[0m
[ 90%] [32m[1mLinking C shared library libtactigon_msgs__rosidl_generator_py.so[0m
[ 90%] Built target tactigon_msgs__rosidl_generator_py
[ 92%] [32mBuilding C object CMakeFiles/tactigon_msgs_s__rosidl_typesupport_fastrtps_c.dir/rosidl_generator_py/tactigon_msgs/_tactigon_msgs_s.ep.rosidl_typesupport_fastrtps_c.c.o[0m
[ 95%] [32mBuilding C object CMakeFiles/tactigon_msgs_s__rosidl_typesupport_c.dir/rosidl_generator_py/tactigon_msgs/_tactigon_msgs_s.ep.rosidl_typesupport_c.c.o[0m
[ 95%] [32mBuilding C object CMakeFiles/tactigon_msgs_s__rosidl_typesupport_introspection_c.dir/rosidl_generator_py/tactigon_msgs/_tactigon_msgs_s.ep.rosidl_typesupport_introspection_c.c.o[0m
[ 96%] [32m[1mLinking C shared module rosidl_generator_py/tactigon_msgs/tactigon_msgs_s__rosidl_typesupport_fastrtps_c.so[0m
[ 96%] Built target tactigon_msgs_s__rosidl_typesupport_fastrtps_c
[ 98%] [32m[1mLinking C shared module rosidl_generator_py/tactigon_msgs/tactigon_msgs_s__rosidl_typesupport_c.so[0m
[100%] [32m[1mLinking C shared module rosidl_generator_py/tactigon_msgs/tactigon_msgs_s__rosidl_typesupport_introspection_c.so[0m
[100%] Built target tactigon_msgs_s__rosidl_typesupport_introspection_c
[100%] Built target tactigon_msgs_s__rosidl_typesupport_c
-- Install configuration: ""
-- Installing: /home/banjov2/ros2_ws/install/tactigon_msgs/share/ament_index/resource_index/rosidl_interfaces/tactigon_msgs
-- Installing: /home/banjov2/ros2_ws/install/tactigon_msgs/share/tactigon_msgs/msg/Touch.json
-- Installing: /home/banjov2/ros2_ws/install/tactigon_msgs/share/tactigon_msgs/msg/Angle.json
-- Installing: /home/banjov2/ros2_ws/install/tactigon_msgs/share/tactigon_msgs/msg/Gesture.json
-- Installing: /home/banjov2/ros2_ws/install/tactigon_msgs/share/tactigon_msgs/msg/TSkinState.json
-- Installing: /home/banjov2/ros2_ws/install/tactigon_msgs/include/tactigon_msgs/tactigon_msgs
-- Installing: /home/banjov2/ros2_ws/install/tactigon_msgs/include/tactigon_msgs/tactigon_msgs/msg
-- Installing: /home/banjov2/ros2_ws/install/tactigon_msgs/include/tactigon_msgs/tactigon_msgs/msg/touch.h
-- Installing: /home/banjov2/ros2_ws/install/tactigon_msgs/include/tactigon_msgs/tactigon_msgs/msg/detail
-- Installing: /home/banjov2/ros2_ws/install/tactigon_msgs/include/tactigon_msgs/tactigon_msgs/msg/detail/touch__functions.c
-- Installing: /home/banjov2/ros2_ws/install/tactigon_msgs/include/tactigon_msgs/tactigon_msgs/msg/detail/touch__type_support.c
-- Installing: /home/banjov2/ros2_ws/install/tactigon_msgs/include/tactigon_msgs/tactigon_msgs/msg/detail/angle__type_support.h
-- Installing: /home/banjov2/ros2_ws/install/tactigon_msgs/include/tactigon_msgs/tactigon_msgs/msg/detail/gesture__functions.h
-- Installing: /home/banjov2/ros2_ws/install/tactigon_msgs/include/tactigon_msgs/tactigon_msgs/msg/detail/touch__description.c
-- Installing: /home/banjov2/ros2_ws/install/tactigon_msgs/include/tactigon_msgs/tactigon_msgs/msg/detail/t_skin_state__functions.c
-- Installing: /home/banjov2/ros2_ws/install/tactigon_msgs/include/tactigon_msgs/tactigon_msgs/msg/detail/t_skin_state__type_support.c
-- Installing: /home/banjov2/ros2_ws/install/tactigon_msgs/include/tactigon_msgs/tactigon_msgs/msg/detail/gesture__struct.h
-- Installing: /home/banjov2/ros2_ws/install/tactigon_msgs/include/tactigon_msgs/tactigon_msgs/msg/detail/t_skin_state__description.c
-- Installing: /home/banjov2/ros2_ws/install/tactigon_msgs/include/tactigon_msgs/tactigon_msgs/msg/detail/t_skin_state__functions.h
-- Installing: /home/banjov2/ros2_ws/install/tactigon_msgs/include/tactigon_msgs/tactigon_msgs/msg/detail/t_skin_state__type_support.h
-- Installing: /home/banjov2/ros2_ws/install/tactigon_msgs/include/tactigon_msgs/tactigon_msgs/msg/detail/gesture__type_support.h
-- Installing: /home/banjov2/ros2_ws/install/tactigon_msgs/include/tactigon_msgs/tactigon_msgs/msg/detail/angle__struct.h
-- Installing: /home/banjov2/ros2_ws/install/tactigon_msgs/include/tactigon_msgs/tactigon_msgs/msg/detail/angle__functions.h
-- Installing: /home/banjov2/ros2_ws/install/tactigon_msgs/include/tactigon_msgs/tactigon_msgs/msg/detail/gesture__type_support.c
-- Installing: /home/banjov2/ros2_ws/install/tactigon_msgs/include/tactigon_msgs/tactigon_msgs/msg/detail/angle__type_support.c
-- Installing: /home/banjov2/ros2_ws/install/tactigon_msgs/include/tactigon_msgs/tactigon_msgs/msg/detail/t_skin_state__struct.h
-- Installing: /home/banjov2/ros2_ws/install/tactigon_msgs/include/tactigon_msgs/tactigon_msgs/msg/detail/gesture__description.c
-- Installing: /home/banjov2/ros2_ws/install/tactigon_msgs/include/tactigon_msgs/tactigon_msgs/msg/detail/gesture__functions.c
-- Installing: /home/banjov2/ros2_ws/install/tactigon_msgs/include/tactigon_msgs/tactigon_msgs/msg/detail/touch__type_support.h
-- Installing: /home/banjov2/ros2_ws/install/tactigon_msgs/include/tactigon_msgs/tactigon_msgs/msg/detail/angle__description.c
-- Installing: /home/banjov2/ros2_ws/install/tactigon_msgs/include/tactigon_msgs/tactigon_msgs/msg/detail/touch__struct.h
-- Installing: /home/banjov2/ros2_ws/install/tactigon_msgs/include/tactigon_msgs/tactigon_msgs/msg/detail/touch__functions.h
-- Installing: /home/banjov2/ros2_ws/install/tactigon_msgs/include/tactigon_msgs/tactigon_msgs/msg/detail/angle__functions.c
-- Installing: /home/banjov2/ros2_ws/install/tactigon_msgs/include/tactigon_msgs/tactigon_msgs/msg/rosidl_generator_c__visibility_control.h
-- Installing: /home/banjov2/ros2_ws/install/tactigon_msgs/include/tactigon_msgs/tactigon_msgs/msg/t_skin_state.h
-- Installing: /home/banjov2/ros2_ws/install/tactigon_msgs/include/tactigon_msgs/tactigon_msgs/msg/angle.h
-- Installing: /home/banjov2/ros2_ws/install/tactigon_msgs/include/tactigon_msgs/tactigon_msgs/msg/gesture.h
-- Installing: /home/banjov2/ros2_ws/install/tactigon_msgs/share/tactigon_msgs/environment/library_path.sh
-- Installing: /home/banjov2/ros2_ws/install/tactigon_msgs/share/tactigon_msgs/environment/library_path.dsv
-- Installing: /home/banjov2/ros2_ws/install/tactigon_msgs/lib/libtactigon_msgs__rosidl_generator_c.so
-- Set non-toolchain portion of runtime path of "/home/banjov2/ros2_ws/install/tactigon_msgs/lib/libtactigon_msgs__rosidl_generator_c.so" to ""
-- Up-to-date: /home/banjov2/ros2_ws/install/tactigon_msgs/include/tactigon_msgs/tactigon_msgs
-- Up-to-date: /home/banjov2/ros2_ws/install/tactigon_msgs/include/tactigon_msgs/tactigon_msgs/msg
-- Installing: /home/banjov2/ros2_ws/install/tactigon_msgs/include/tactigon_msgs/tactigon_msgs/msg/rosidl_typesupport_fastrtps_c__visibility_control.h
-- Up-to-date: /home/banjov2/ros2_ws/install/tactigon_msgs/include/tactigon_msgs/tactigon_msgs/msg/detail
-- Installing: /home/banjov2/ros2_ws/install/tactigon_msgs/include/tactigon_msgs/tactigon_msgs/msg/detail/touch__rosidl_typesupport_fastrtps_c.h
-- Installing: /home/banjov2/ros2_ws/install/tactigon_msgs/include/tactigon_msgs/tactigon_msgs/msg/detail/angle__rosidl_typesupport_fastrtps_c.h
-- Installing: /home/banjov2/ros2_ws/install/tactigon_msgs/include/tactigon_msgs/tactigon_msgs/msg/detail/gesture__rosidl_typesupport_fastrtps_c.h
-- Installing: /home/banjov2/ros2_ws/install/tactigon_msgs/include/tactigon_msgs/tactigon_msgs/msg/detail/t_skin_state__rosidl_typesupport_fastrtps_c.h
-- Installing: /home/banjov2/ros2_ws/install/tactigon_msgs/lib/libtactigon_msgs__rosidl_typesupport_fastrtps_c.so
-- Set non-toolchain portion of runtime path of "/home/banjov2/ros2_ws/install/tactigon_msgs/lib/libtactigon_msgs__rosidl_typesupport_fastrtps_c.so" to ""
-- Up-to-date: /home/banjov2/ros2_ws/install/tactigon_msgs/include/tactigon_msgs/tactigon_msgs
-- Up-to-date: /home/banjov2/ros2_ws/install/tactigon_msgs/include/tactigon_msgs/tactigon_msgs/msg
-- Installing: /home/banjov2/ros2_ws/install/tactigon_msgs/include/tactigon_msgs/tactigon_msgs/msg/rosidl_typesupport_introspection_c__visibility_control.h
-- Up-to-date: /home/banjov2/ros2_ws/install/tactigon_msgs/include/tactigon_msgs/tactigon_msgs/msg/detail
-- Installing: /home/banjov2/ros2_ws/install/tactigon_msgs/include/tactigon_msgs/tactigon_msgs/msg/detail/touch__type_support.c
-- Installing: /home/banjov2/ros2_ws/install/tactigon_msgs/include/tactigon_msgs/tactigon_msgs/msg/detail/t_skin_state__type_support.c
-- Installing: /home/banjov2/ros2_ws/install/tactigon_msgs/include/tactigon_msgs/tactigon_msgs/msg/detail/gesture__rosidl_typesupport_introspection_c.h
-- Installing: /home/banjov2/ros2_ws/install/tactigon_msgs/include/tactigon_msgs/tactigon_msgs/msg/detail/gesture__type_support.c
-- Installing: /home/banjov2/ros2_ws/install/tactigon_msgs/include/tactigon_msgs/tactigon_msgs/msg/detail/touch__rosidl_typesupport_introspection_c.h
-- Installing: /home/banjov2/ros2_ws/install/tactigon_msgs/include/tactigon_msgs/tactigon_msgs/msg/detail/angle__type_support.c
-- Installing: /home/banjov2/ros2_ws/install/tactigon_msgs/include/tactigon_msgs/tactigon_msgs/msg/detail/t_skin_state__rosidl_typesupport_introspection_c.h
-- Installing: /home/banjov2/ros2_ws/install/tactigon_msgs/include/tactigon_msgs/tactigon_msgs/msg/detail/angle__rosidl_typesupport_introspection_c.h
-- Installing: /home/banjov2/ros2_ws/install/tactigon_msgs/lib/libtactigon_msgs__rosidl_typesupport_introspection_c.so
-- Set non-toolchain portion of runtime path of "/home/banjov2/ros2_ws/install/tactigon_msgs/lib/libtactigon_msgs__rosidl_typesupport_introspection_c.so" to ""
-- Installing: /home/banjov2/ros2_ws/install/tactigon_msgs/lib/libtactigon_msgs__rosidl_typesupport_c.so
-- Set non-toolchain portion of runtime path of "/home/banjov2/ros2_ws/install/tactigon_msgs/lib/libtactigon_msgs__rosidl_typesupport_c.so" to ""
-- Up-to-date: /home/banjov2/ros2_ws/install/tactigon_msgs/include/tactigon_msgs/tactigon_msgs
-- Up-to-date: /home/banjov2/ros2_ws/install/tactigon_msgs/include/tactigon_msgs/tactigon_msgs/msg
-- Installing: /home/banjov2/ros2_ws/install/tactigon_msgs/include/tactigon_msgs/tactigon_msgs/msg/angle.hpp
-- Installing: /home/banjov2/ros2_ws/install/tactigon_msgs/include/tactigon_msgs/tactigon_msgs/msg/rosidl_generator_cpp__visibility_control.hpp
-- Installing: /home/banjov2/ros2_ws/install/tactigon_msgs/include/tactigon_msgs/tactigon_msgs/msg/touch.hpp
-- Installing: /home/banjov2/ros2_ws/install/tactigon_msgs/include/tactigon_msgs/tactigon_msgs/msg/t_skin_state.hpp
-- Up-to-date: /home/banjov2/ros2_ws/install/tactigon_msgs/include/tactigon_msgs/tactigon_msgs/msg/detail
-- Installing: /home/banjov2/ros2_ws/install/tactigon_msgs/include/tactigon_msgs/tactigon_msgs/msg/detail/touch__type_support.hpp
-- Installing: /home/banjov2/ros2_ws/install/tactigon_msgs/include/tactigon_msgs/tactigon_msgs/msg/detail/touch__traits.hpp
-- Installing: /home/banjov2/ros2_ws/install/tactigon_msgs/include/tactigon_msgs/tactigon_msgs/msg/detail/angle__type_support.hpp
-- Installing: /home/banjov2/ros2_ws/install/tactigon_msgs/include/tactigon_msgs/tactigon_msgs/msg/detail/gesture__struct.hpp
-- Installing: /home/banjov2/ros2_ws/install/tactigon_msgs/include/tactigon_msgs/tactigon_msgs/msg/detail/gesture__traits.hpp
-- Installing: /home/banjov2/ros2_ws/install/tactigon_msgs/include/tactigon_msgs/tactigon_msgs/msg/detail/gesture__type_support.hpp
-- Installing: /home/banjov2/ros2_ws/install/tactigon_msgs/include/tactigon_msgs/tactigon_msgs/msg/detail/t_skin_state__struct.hpp
-- Installing: /home/banjov2/ros2_ws/install/tactigon_msgs/include/tactigon_msgs/tactigon_msgs/msg/detail/t_skin_state__traits.hpp
-- Installing: /home/banjov2/ros2_ws/install/tactigon_msgs/include/tactigon_msgs/tactigon_msgs/msg/detail/angle__traits.hpp
-- Installing: /home/banjov2/ros2_ws/install/tactigon_msgs/include/tactigon_msgs/tactigon_msgs/msg/detail/touch__struct.hpp
-- Installing: /home/banjov2/ros2_ws/install/tactigon_msgs/include/tactigon_msgs/tactigon_msgs/msg/detail/t_skin_state__type_support.hpp
-- Installing: /home/banjov2/ros2_ws/install/tactigon_msgs/include/tactigon_msgs/tactigon_msgs/msg/detail/gesture__builder.hpp
-- Installing: /home/banjov2/ros2_ws/install/tactigon_msgs/include/tactigon_msgs/tactigon_msgs/msg/detail/angle__builder.hpp
-- Installing: /home/banjov2/ros2_ws/install/tactigon_msgs/include/tactigon_msgs/tactigon_msgs/msg/detail/touch__builder.hpp
-- Installing: /home/banjov2/ros2_ws/install/tactigon_msgs/include/tactigon_msgs/tactigon_msgs/msg/detail/angle__struct.hpp
-- Installing: /home/banjov2/ros2_ws/install/tactigon_msgs/include/tactigon_msgs/tactigon_msgs/msg/detail/t_skin_state__builder.hpp
-- Installing: /home/banjov2/ros2_ws/install/tactigon_msgs/include/tactigon_msgs/tactigon_msgs/msg/gesture.hpp
-- Up-to-date: /home/banjov2/ros2_ws/install/tactigon_msgs/include/tactigon_msgs/tactigon_msgs
-- Up-to-date: /home/banjov2/ros2_ws/install/tactigon_msgs/include/tactigon_msgs/tactigon_msgs/msg
-- Installing: /home/banjov2/ros2_ws/install/tactigon_msgs/include/tactigon_msgs/tactigon_msgs/msg/rosidl_typesupport_fastrtps_cpp__visibility_control.h
-- Up-to-date: /home/banjov2/ros2_ws/install/tactigon_msgs/include/tactigon_msgs/tactigon_msgs/msg/detail
-- Installing: /home/banjov2/ros2_ws/install/tactigon_msgs/include/tactigon_msgs/tactigon_msgs/msg/detail/t_skin_state__rosidl_typesupport_fastrtps_cpp.hpp
-- Installing: /home/banjov2/ros2_ws/install/tactigon_msgs/include/tactigon_msgs/tactigon_msgs/msg/detail/touch__rosidl_typesupport_fastrtps_cpp.hpp
-- Installing: /home/banjov2/ros2_ws/install/tactigon_msgs/include/tactigon_msgs/tactigon_msgs/msg/detail/gesture__rosidl_typesupport_fastrtps_cpp.hpp
-- Installing: /home/banjov2/ros2_ws/install/tactigon_msgs/include/tactigon_msgs/tactigon_msgs/msg/detail/dds_fastrtps
-- Installing: /home/banjov2/ros2_ws/install/tactigon_msgs/include/tactigon_msgs/tactigon_msgs/msg/detail/angle__rosidl_typesupport_fastrtps_cpp.hpp
-- Installing: /home/banjov2/ros2_ws/install/tactigon_msgs/lib/libtactigon_msgs__rosidl_typesupport_fastrtps_cpp.so
-- Set non-toolchain portion of runtime path of "/home/banjov2/ros2_ws/install/tactigon_msgs/lib/libtactigon_msgs__rosidl_typesupport_fastrtps_cpp.so" to ""
-- Up-to-date: /home/banjov2/ros2_ws/install/tactigon_msgs/include/tactigon_msgs/tactigon_msgs
-- Up-to-date: /home/banjov2/ros2_ws/install/tactigon_msgs/include/tactigon_msgs/tactigon_msgs/msg
-- Up-to-date: /home/banjov2/ros2_ws/install/tactigon_msgs/include/tactigon_msgs/tactigon_msgs/msg/detail
-- Installing: /home/banjov2/ros2_ws/install/tactigon_msgs/include/tactigon_msgs/tactigon_msgs/msg/detail/touch__rosidl_typesupport_introspection_cpp.hpp
-- Installing: /home/banjov2/ros2_ws/install/tactigon_msgs/include/tactigon_msgs/tactigon_msgs/msg/detail/gesture__type_support.cpp
-- Installing: /home/banjov2/ros2_ws/install/tactigon_msgs/include/tactigon_msgs/tactigon_msgs/msg/detail/gesture__rosidl_typesupport_introspection_cpp.hpp
-- Installing: /home/banjov2/ros2_ws/install/tactigon_msgs/include/tactigon_msgs/tactigon_msgs/msg/detail/angle__rosidl_typesupport_introspection_cpp.hpp
-- Installing: /home/banjov2/ros2_ws/install/tactigon_msgs/include/tactigon_msgs/tactigon_msgs/msg/detail/angle__type_support.cpp
-- Installing: /home/banjov2/ros2_ws/install/tactigon_msgs/include/tactigon_msgs/tactigon_msgs/msg/detail/t_skin_state__rosidl_typesupport_introspection_cpp.hpp
-- Installing: /home/banjov2/ros2_ws/install/tactigon_msgs/include/tactigon_msgs/tactigon_msgs/msg/detail/touch__type_support.cpp
-- Installing: /home/banjov2/ros2_ws/install/tactigon_msgs/include/tactigon_msgs/tactigon_msgs/msg/detail/t_skin_state__type_support.cpp
-- Installing: /home/banjov2/ros2_ws/install/tactigon_msgs/lib/libtactigon_msgs__rosidl_typesupport_introspection_cpp.so
-- Set non-toolchain portion of runtime path of "/home/banjov2/ros2_ws/install/tactigon_msgs/lib/libtactigon_msgs__rosidl_typesupport_introspection_cpp.so" to ""
-- Installing: /home/banjov2/ros2_ws/install/tactigon_msgs/lib/libtactigon_msgs__rosidl_typesupport_cpp.so
-- Set non-toolchain portion of runtime path of "/home/banjov2/ros2_ws/install/tactigon_msgs/lib/libtactigon_msgs__rosidl_typesupport_cpp.so" to ""
-- Installing: /home/banjov2/ros2_ws/install/tactigon_msgs/share/tactigon_msgs/environment/pythonpath.sh
-- Installing: /home/banjov2/ros2_ws/install/tactigon_msgs/share/tactigon_msgs/environment/pythonpath.dsv
-- Installing: /home/banjov2/ros2_ws/install/tactigon_msgs/lib/python3.12/site-packages/tactigon_msgs-0.0.0-py3.12.egg-info
-- Installing: /home/banjov2/ros2_ws/install/tactigon_msgs/lib/python3.12/site-packages/tactigon_msgs-0.0.0-py3.12.egg-info/SOURCES.txt
-- Installing: /home/banjov2/ros2_ws/install/tactigon_msgs/lib/python3.12/site-packages/tactigon_msgs-0.0.0-py3.12.egg-info/dependency_links.txt
-- Installing: /home/banjov2/ros2_ws/install/tactigon_msgs/lib/python3.12/site-packages/tactigon_msgs-0.0.0-py3.12.egg-info/top_level.txt
-- Installing: /home/banjov2/ros2_ws/install/tactigon_msgs/lib/python3.12/site-packages/tactigon_msgs-0.0.0-py3.12.egg-info/PKG-INFO
-- Installing: /home/banjov2/ros2_ws/install/tactigon_msgs/lib/python3.12/site-packages/tactigon_msgs
-- Installing: /home/banjov2/ros2_ws/install/tactigon_msgs/lib/python3.12/site-packages/tactigon_msgs/tactigon_msgs_s__rosidl_typesupport_introspection_c.so
-- Installing: /home/banjov2/ros2_ws/install/tactigon_msgs/lib/python3.12/site-packages/tactigon_msgs/tactigon_msgs_s__rosidl_typesupport_fastrtps_c.so
-- Installing: /home/banjov2/ros2_ws/install/tactigon_msgs/lib/python3.12/site-packages/tactigon_msgs/__init__.py
-- Installing: /home/banjov2/ros2_ws/install/tactigon_msgs/lib/python3.12/site-packages/tactigon_msgs/msg
-- Installing: /home/banjov2/ros2_ws/install/tactigon_msgs/lib/python3.12/site-packages/tactigon_msgs/msg/_t_skin_state_s.c
-- Installing: /home/banjov2/ros2_ws/install/tactigon_msgs/lib/python3.12/site-packages/tactigon_msgs/msg/_gesture_s.c
-- Installing: /home/banjov2/ros2_ws/install/tactigon_msgs/lib/python3.12/site-packages/tactigon_msgs/msg/__init__.py
-- Installing: /home/banjov2/ros2_ws/install/tactigon_msgs/lib/python3.12/site-packages/tactigon_msgs/msg/_gesture.py
-- Installing: /home/banjov2/ros2_ws/install/tactigon_msgs/lib/python3.12/site-packages/tactigon_msgs/msg/_angle.py
-- Installing: /home/banjov2/ros2_ws/install/tactigon_msgs/lib/python3.12/site-packages/tactigon_msgs/msg/_angle_s.c
-- Installing: /home/banjov2/ros2_ws/install/tactigon_msgs/lib/python3.12/site-packages/tactigon_msgs/msg/_touch.py
-- Installing: /home/banjov2/ros2_ws/install/tactigon_msgs/lib/python3.12/site-packages/tactigon_msgs/msg/_touch_s.c
-- Installing: /home/banjov2/ros2_ws/install/tactigon_msgs/lib/python3.12/site-packages/tactigon_msgs/msg/_t_skin_state.py
-- Installing: /home/banjov2/ros2_ws/install/tactigon_msgs/lib/python3.12/site-packages/tactigon_msgs/_tactigon_msgs_s.ep.rosidl_typesupport_c.c
-- Installing: /home/banjov2/ros2_ws/install/tactigon_msgs/lib/python3.12/site-packages/tactigon_msgs/tactigon_msgs_s__rosidl_typesupport_c.so
-- Installing: /home/banjov2/ros2_ws/install/tactigon_msgs/lib/python3.12/site-packages/tactigon_msgs/_tactigon_msgs_s.ep.rosidl_typesupport_fastrtps_c.c
-- Installing: /home/banjov2/ros2_ws/install/tactigon_msgs/lib/python3.12/site-packages/tactigon_msgs/_tactigon_msgs_s.ep.rosidl_typesupport_introspection_c.c
Listing '/home/banjov2/ros2_ws/install/tactigon_msgs/lib/python3.12/site-packages/tactigon_msgs'...
Compiling '/home/banjov2/ros2_ws/install/tactigon_msgs/lib/python3.12/site-packages/tactigon_msgs/__init__.py'...
Listing '/home/banjov2/ros2_ws/install/tactigon_msgs/lib/python3.12/site-packages/tactigon_msgs/msg'...
Compiling '/home/banjov2/ros2_ws/install/tactigon_msgs/lib/python3.12/site-packages/tactigon_msgs/msg/__init__.py'...
Compiling '/home/banjov2/ros2_ws/install/tactigon_msgs/lib/python3.12/site-packages/tactigon_msgs/msg/_angle.py'...
Compiling '/home/banjov2/ros2_ws/install/tactigon_msgs/lib/python3.12/site-packages/tactigon_msgs/msg/_gesture.py'...
Compiling '/home/banjov2/ros2_ws/install/tactigon_msgs/lib/python3.12/site-packages/tactigon_msgs/msg/_t_skin_state.py'...
Compiling '/home/banjov2/ros2_ws/install/tactigon_msgs/lib/python3.12/site-packages/tactigon_msgs/msg/_touch.py'...
-- Installing: /home/banjov2/ros2_ws/install/tactigon_msgs/lib/python3.12/site-packages/tactigon_msgs/tactigon_msgs_s__rosidl_typesupport_fastrtps_c.so
-- Set non-toolchain portion of runtime path of "/home/banjov2/ros2_ws/install/tactigon_msgs/lib/python3.12/site-packages/tactigon_msgs/tactigon_msgs_s__rosidl_typesupport_fastrtps_c.so" to ""
-- Installing: /home/banjov2/ros2_ws/install/tactigon_msgs/lib/python3.12/site-packages/tactigon_msgs/tactigon_msgs_s__rosidl_typesupport_introspection_c.so
-- Set non-toolchain portion of runtime path of "/home/banjov2/ros2_ws/install/tactigon_msgs/lib/python3.12/site-packages/tactigon_msgs/tactigon_msgs_s__rosidl_typesupport_introspection_c.so" to ""
-- Installing: /home/banjov2/ros2_ws/install/tactigon_msgs/lib/python3.12/site-packages/tactigon_msgs/tactigon_msgs_s__rosidl_typesupport_c.so
-- Set non-toolchain portion of runtime path of "/home/banjov2/ros2_ws/install/tactigon_msgs/lib/python3.12/site-packages/tactigon_msgs/tactigon_msgs_s__rosidl_typesupport_c.so" to ""
-- Installing: /home/banjov2/ros2_ws/install/tactigon_msgs/lib/libtactigon_msgs__rosidl_generator_py.so
-- Set non-toolchain portion of runtime path of "/home/banjov2/ros2_ws/install/tactigon_msgs/lib/libtactigon_msgs__rosidl_generator_py.so" to ""
-- Installing: /home/banjov2/ros2_ws/install/tactigon_msgs/share/tactigon_msgs/msg/Touch.idl
-- Installing: /home/banjov2/ros2_ws/install/tactigon_msgs/share/tactigon_msgs/msg/Angle.idl
-- Installing: /home/banjov2/ros2_ws/install/tactigon_msgs/share/tactigon_msgs/msg/Gesture.idl
-- Installing: /home/banjov2/ros2_ws/install/tactigon_msgs/share/tactigon_msgs/msg/TSkinState.idl
-- Installing: /home/banjov2/ros2_ws/install/tactigon_msgs/share/tactigon_msgs/msg/Touch.msg
-- Installing: /home/banjov2/ros2_ws/install/tactigon_msgs/share/tactigon_msgs/msg/Angle.msg
-- Installing: /home/banjov2/ros2_ws/install/tactigon_msgs/share/tactigon_msgs/msg/Gesture.msg
-- Installing: /home/banjov2/ros2_ws/install/tactigon_msgs/share/tactigon_msgs/msg/TSkinState.msg
-- Installing: /home/banjov2/ros2_ws/install/tactigon_msgs/share/ament_index/resource_index/package_run_dependencies/tactigon_msgs
-- Installing: /home/banjov2/ros2_ws/install/tactigon_msgs/share/ament_index/resource_index/parent_prefix_path/tactigon_msgs
-- Installing: /home/banjov2/ros2_ws/install/tactigon_msgs/share/tactigon_msgs/environment/ament_prefix_path.sh
-- Installing: /home/banjov2/ros2_ws/install/tactigon_msgs/share/tactigon_msgs/environment/ament_prefix_path.dsv
-- Installing: /home/banjov2/ros2_ws/install/tactigon_msgs/share/tactigon_msgs/environment/path.sh
-- Installing: /home/banjov2/ros2_ws/install/tactigon_msgs/share/tactigon_msgs/environment/path.dsv
-- Installing: /home/banjov2/ros2_ws/install/tactigon_msgs/share/tactigon_msgs/local_setup.bash
-- Installing: /home/banjov2/ros2_ws/install/tactigon_msgs/share/tactigon_msgs/local_setup.sh
-- Installing: /home/banjov2/ros2_ws/install/tactigon_msgs/share/tactigon_msgs/local_setup.zsh
-- Installing: /home/banjov2/ros2_ws/install/tactigon_msgs/share/tactigon_msgs/local_setup.dsv
-- Installing: /home/banjov2/ros2_ws/install/tactigon_msgs/share/tactigon_msgs/package.dsv
-- Installing: /home/banjov2/ros2_ws/install/tactigon_msgs/share/ament_index/resource_index/packages/tactigon_msgs
-- Installing: /home/banjov2/ros2_ws/install/tactigon_msgs/share/tactigon_msgs/cmake/export_tactigon_msgs__rosidl_generator_cExport.cmake
-- Installing: /home/banjov2/ros2_ws/install/tactigon_msgs/share/tactigon_msgs/cmake/export_tactigon_msgs__rosidl_generator_cExport-noconfig.cmake
-- Installing: /home/banjov2/ros2_ws/install/tactigon_msgs/share/tactigon_msgs/cmake/export_tactigon_msgs__rosidl_typesupport_fastrtps_cExport.cmake
-- Installing: /home/banjov2/ros2_ws/install/tactigon_msgs/share/tactigon_msgs/cmake/export_tactigon_msgs__rosidl_typesupport_fastrtps_cExport-noconfig.cmake
-- Installing: /home/banjov2/ros2_ws/install/tactigon_msgs/share/tactigon_msgs/cmake/tactigon_msgs__rosidl_typesupport_introspection_cExport.cmake
-- Installing: /home/banjov2/ros2_ws/install/tactigon_msgs/share/tactigon_msgs/cmake/tactigon_msgs__rosidl_typesupport_introspection_cExport-noconfig.cmake
-- Installing: /home/banjov2/ros2_ws/install/tactigon_msgs/share/tactigon_msgs/cmake/tactigon_msgs__rosidl_typesupport_cExport.cmake
-- Installing: /home/banjov2/ros2_ws/install/tactigon_msgs/share/tactigon_msgs/cmake/tactigon_msgs__rosidl_typesupport_cExport-noconfig.cmake
-- Installing: /home/banjov2/ros2_ws/install/tactigon_msgs/share/tactigon_msgs/cmake/export_tactigon_msgs__rosidl_generator_cppExport.cmake
-- Installing: /home/banjov2/ros2_ws/install/tactigon_msgs/share/tactigon_msgs/cmake/export_tactigon_msgs__rosidl_typesupport_fastrtps_cppExport.cmake
-- Installing: /home/banjov2/ros2_ws/install/tactigon_msgs/share/tactigon_msgs/cmake/export_tactigon_msgs__rosidl_typesupport_fastrtps_cppExport-noconfig.cmake
-- Installing: /home/banjov2/ros2_ws/install/tactigon_msgs/share/tactigon_msgs/cmake/tactigon_msgs__rosidl_typesupport_introspection_cppExport.cmake
-- Installing: /home/banjov2/ros2_ws/install/tactigon_msgs/share/tactigon_msgs/cmake/tactigon_msgs__rosidl_typesupport_introspection_cppExport-noconfig.cmake
-- Installing: /home/banjov2/ros2_ws/install/tactigon_msgs/share/tactigon_msgs/cmake/tactigon_msgs__rosidl_typesupport_cppExport.cmake
-- Installing: /home/banjov2/ros2_ws/install/tactigon_msgs/share/tactigon_msgs/cmake/tactigon_msgs__rosidl_typesupport_cppExport-noconfig.cmake
-- Installing: /home/banjov2/ros2_ws/install/tactigon_msgs/share/tactigon_msgs/cmake/export_tactigon_msgs__rosidl_generator_pyExport.cmake
-- Installing: /home/banjov2/ros2_ws/install/tactigon_msgs/share/tactigon_msgs/cmake/export_tactigon_msgs__rosidl_generator_pyExport-noconfig.cmake
-- Installing: /home/banjov2/ros2_ws/install/tactigon_msgs/share/tactigon_msgs/cmake/rosidl_cmake-extras.cmake
-- Installing: /home/banjov2/ros2_ws/install/tactigon_msgs/share/tactigon_msgs/cmake/ament_cmake_export_dependencies-extras.cmake
-- Installing: /home/banjov2/ros2_ws/install/tactigon_msgs/share/tactigon_msgs/cmake/ament_cmake_export_include_directories-extras.cmake
-- Installing: /home/banjov2/ros2_ws/install/tactigon_msgs/share/tactigon_msgs/cmake/ament_cmake_export_libraries-extras.cmake
-- Installing: /home/banjov2/ros2_ws/install/tactigon_msgs/share/tactigon_msgs/cmake/ament_cmake_export_targets-extras.cmake
-- Installing: /home/banjov2/ros2_ws/install/tactigon_msgs/share/tactigon_msgs/cmake/rosidl_cmake_export_typesupport_targets-extras.cmake
-- Installing: /home/banjov2/ros2_ws/install/tactigon_msgs/share/tactigon_msgs/cmake/rosidl_cmake_export_typesupport_libraries-extras.cmake
-- Installing: /home/banjov2/ros2_ws/install/tactigon_msgs/share/tactigon_msgs/cmake/tactigon_msgsConfig.cmake
-- Installing: /home/banjov2/ros2_ws/install/tactigon_msgs/share/tactigon_msgs/cmake/tactigon_msgsConfig-version.cmake
-- Installing: /home/banjov2/ros2_ws/install/tactigon_msgs/share/tactigon_msgs/package.xml
