[0.023s] Invoking command in '/home/banjov2/ros2_ws/build/tactigon_msgs': CMAKE_PREFIX_PATH=${CMAKE_PREFIX_PATH}:/opt/ros/jazzy DEBUGINFOD_URLS=https://debuginfod.ubuntu.com /usr/bin/cmake /home/banjov2/ros2_ws/src/tactigon_msgs -DCMAKE_INSTALL_PREFIX=/home/banjov2/ros2_ws/install/tactigon_msgs
[0.099s] -- The C compiler identification is GNU 13.3.0
[0.186s] -- The CXX compiler identification is GNU 13.3.0
[0.202s] -- Detecting C compiler ABI info
[0.320s] -- Detecting C compiler ABI info - done
[0.343s] -- Check for working C compiler: /usr/bin/cc - skipped
[0.344s] -- Detecting C compile features
[0.346s] -- Detecting C compile features - done
[0.363s] -- Detecting CXX compiler ABI info
[0.492s] -- Detecting CXX compiler ABI info - done
[0.502s] -- Check for working CXX compiler: /usr/bin/c++ - skipped
[0.502s] -- Detecting CXX compile features
[0.503s] -- Detecting CXX compile features - done
[0.506s] -- Found ament_cmake: 2.5.3 (/opt/ros/jazzy/share/ament_cmake/cmake)
[0.727s] -- Found Python3: /usr/bin/python3 (found version "3.12.3") found components: Interpreter 
[0.871s] -- Found rosidl_default_generators: 1.6.0 (/opt/ros/jazzy/share/rosidl_default_generators/cmake)
[0.878s] -- Using all available rosidl_typesupport_c: rosidl_typesupport_fastrtps_c;rosidl_typesupport_introspection_c
[0.940s] -- Using all available rosidl_typesupport_cpp: rosidl_typesupport_fastrtps_cpp;rosidl_typesupport_introspection_cpp
[0.995s] -- Found rosidl_adapter: 4.6.5 (/opt/ros/jazzy/share/rosidl_adapter/cmake)
[0.998s] -- Found std_msgs: 5.3.5 (/opt/ros/jazzy/share/std_msgs/cmake)
[1.899s] -- Found ament_cmake_ros: 0.12.0 (/opt/ros/jazzy/share/ament_cmake_ros/cmake)
[2.570s] -- Using all available rosidl_typesupport_c: rosidl_typesupport_fastrtps_c;rosidl_typesupport_introspection_c
[3.409s] -- Using all available rosidl_typesupport_cpp: rosidl_typesupport_fastrtps_cpp;rosidl_typesupport_introspection_cpp
[3.412s] -- Found python_cmake_module: 0.11.1 (/opt/ros/jazzy/share/python_cmake_module/cmake)
[3.609s] -- Found PythonExtra: /usr/bin/python3  
[4.225s] -- Found Python3: /usr/bin/python3 (found version "3.12.3") found components: Interpreter Development NumPy Development.Module Development.Embed 
[4.300s] -- Found ament_lint_auto: 0.17.1 (/opt/ros/jazzy/share/ament_lint_auto/cmake)
[4.317s] -- Added test 'lint_cmake' to check CMake code style
[4.319s] -- Added test 'xmllint' to check XML markup files
[4.325s] -- Configuring done (4.3s)
[4.402s] -- Generating done (0.1s)
[4.416s] -- Build files have been written to: /home/banjov2/ros2_ws/build/tactigon_msgs
[4.434s] Invoked command in '/home/banjov2/ros2_ws/build/tactigon_msgs' returned '0': CMAKE_PREFIX_PATH=${CMAKE_PREFIX_PATH}:/opt/ros/jazzy DEBUGINFOD_URLS=https://debuginfod.ubuntu.com /usr/bin/cmake /home/banjov2/ros2_ws/src/tactigon_msgs -DCMAKE_INSTALL_PREFIX=/home/banjov2/ros2_ws/install/tactigon_msgs
[4.435s] Invoking command in '/home/banjov2/ros2_ws/build/tactigon_msgs': CMAKE_PREFIX_PATH=${CMAKE_PREFIX_PATH}:/opt/ros/jazzy DEBUGINFOD_URLS=https://debuginfod.ubuntu.com /usr/bin/cmake --build /home/banjov2/ros2_ws/build/tactigon_msgs -- -j8 -l8
[4.507s] [  1%] [34m[1mGenerating type hashes for ROS interfaces[0m
[4.516s] [  1%] Built target ament_cmake_python_copy_tactigon_msgs
[4.922s] running egg_info
[4.931s] creating tactigon_msgs.egg-info
[4.978s] writing tactigon_msgs.egg-info/PKG-INFO
[4.978s] writing dependency_links to tactigon_msgs.egg-info/dependency_links.txt
[4.984s] writing top-level names to tactigon_msgs.egg-info/top_level.txt
[4.984s] writing manifest file 'tactigon_msgs.egg-info/SOURCES.txt'
[5.010s] [  1%] Built target tactigon_msgs__rosidl_generator_type_description
[5.028s] [  3%] [34m[1mGenerating C code for ROS interfaces[0m
[5.051s] [  4%] [34m[1mGenerating C++ code for ROS interfaces[0m
[5.118s] reading manifest file 'tactigon_msgs.egg-info/SOURCES.txt'
[5.118s] writing manifest file 'tactigon_msgs.egg-info/SOURCES.txt'
[5.175s] [  4%] Built target ament_cmake_python_build_tactigon_msgs_egg
[5.891s] [  4%] Built target tactigon_msgs__cpp
[6.025s] [  6%] [32mBuilding C object CMakeFiles/tactigon_msgs__rosidl_generator_c.dir/rosidl_generator_c/tactigon_msgs/msg/detail/touch__description.c.o[0m
[6.031s] [  7%] [32mBuilding C object CMakeFiles/tactigon_msgs__rosidl_generator_c.dir/rosidl_generator_c/tactigon_msgs/msg/detail/touch__type_support.c.o[0m
[6.031s] [  9%] [32mBuilding C object CMakeFiles/tactigon_msgs__rosidl_generator_c.dir/rosidl_generator_c/tactigon_msgs/msg/detail/angle__description.c.o[0m
[6.031s] [ 10%] [32mBuilding C object CMakeFiles/tactigon_msgs__rosidl_generator_c.dir/rosidl_generator_c/tactigon_msgs/msg/detail/angle__functions.c.o[0m
[6.032s] [ 12%] [32mBuilding C object CMakeFiles/tactigon_msgs__rosidl_generator_c.dir/rosidl_generator_c/tactigon_msgs/msg/detail/gesture__description.c.o[0m
[6.032s] [ 14%] [32mBuilding C object CMakeFiles/tactigon_msgs__rosidl_generator_c.dir/rosidl_generator_c/tactigon_msgs/msg/detail/gesture__functions.c.o[0m
[6.039s] [ 15%] [32mBuilding C object CMakeFiles/tactigon_msgs__rosidl_generator_c.dir/rosidl_generator_c/tactigon_msgs/msg/detail/touch__functions.c.o[0m
[6.043s] [ 17%] [32mBuilding C object CMakeFiles/tactigon_msgs__rosidl_generator_c.dir/rosidl_generator_c/tactigon_msgs/msg/detail/angle__type_support.c.o[0m
[6.115s] [ 18%] [32mBuilding C object CMakeFiles/tactigon_msgs__rosidl_generator_c.dir/rosidl_generator_c/tactigon_msgs/msg/detail/gesture__type_support.c.o[0m
[6.122s] [ 20%] [32mBuilding C object CMakeFiles/tactigon_msgs__rosidl_generator_c.dir/rosidl_generator_c/tactigon_msgs/msg/detail/t_skin_state__functions.c.o[0m
[6.140s] [ 21%] [32mBuilding C object CMakeFiles/tactigon_msgs__rosidl_generator_c.dir/rosidl_generator_c/tactigon_msgs/msg/detail/t_skin_state__description.c.o[0m
[6.151s] [ 23%] [32mBuilding C object CMakeFiles/tactigon_msgs__rosidl_generator_c.dir/rosidl_generator_c/tactigon_msgs/msg/detail/t_skin_state__type_support.c.o[0m
[6.250s] [ 25%] [32m[1mLinking C shared library libtactigon_msgs__rosidl_generator_c.so[0m
[6.313s] [ 25%] Built target tactigon_msgs__rosidl_generator_c
[6.339s] [ 26%] [34m[1mGenerating C++ introspection for ROS interfaces[0m
[6.340s] [ 28%] [34m[1mGenerating C++ type support dispatch for ROS interfaces[0m
[6.343s] [ 29%] [34m[1mGenerating C type support for eProsima Fast-RTPS[0m
[6.349s] [ 31%] [34m[1mGenerating C type support dispatch for ROS interfaces[0m
[6.361s] [ 32%] [34m[1mGenerating C++ type support for eProsima Fast-RTPS[0m
[6.361s] [ 34%] [34m[1mGenerating C introspection for ROS interfaces[0m
[7.335s] [ 35%] [32mBuilding CXX object CMakeFiles/tactigon_msgs__rosidl_typesupport_c.dir/rosidl_typesupport_c/tactigon_msgs/msg/gesture__type_support.cpp.o[0m
[7.343s] [ 37%] [32mBuilding CXX object CMakeFiles/tactigon_msgs__rosidl_typesupport_c.dir/rosidl_typesupport_c/tactigon_msgs/msg/touch__type_support.cpp.o[0m
[7.343s] [ 39%] [32mBuilding CXX object CMakeFiles/tactigon_msgs__rosidl_typesupport_c.dir/rosidl_typesupport_c/tactigon_msgs/msg/angle__type_support.cpp.o[0m
[7.379s] [ 40%] [32mBuilding CXX object CMakeFiles/tactigon_msgs__rosidl_typesupport_cpp.dir/rosidl_typesupport_cpp/tactigon_msgs/msg/touch__type_support.cpp.o[0m
[7.488s] [ 42%] [32mBuilding CXX object CMakeFiles/tactigon_msgs__rosidl_typesupport_cpp.dir/rosidl_typesupport_cpp/tactigon_msgs/msg/angle__type_support.cpp.o[0m
[7.547s] [ 43%] [32mBuilding CXX object CMakeFiles/tactigon_msgs__rosidl_typesupport_c.dir/rosidl_typesupport_c/tactigon_msgs/msg/t_skin_state__type_support.cpp.o[0m
[7.560s] [ 45%] [32mBuilding CXX object CMakeFiles/tactigon_msgs__rosidl_typesupport_cpp.dir/rosidl_typesupport_cpp/tactigon_msgs/msg/gesture__type_support.cpp.o[0m
[7.621s] [ 46%] [32mBuilding CXX object CMakeFiles/tactigon_msgs__rosidl_typesupport_introspection_cpp.dir/rosidl_typesupport_introspection_cpp/tactigon_msgs/msg/detail/touch__type_support.cpp.o[0m
[7.696s] [ 48%] [32mBuilding C object CMakeFiles/tactigon_msgs__rosidl_typesupport_introspection_c.dir/rosidl_typesupport_introspection_c/tactigon_msgs/msg/detail/touch__type_support.c.o[0m
[7.714s] [ 50%] [32m[1mLinking CXX shared library libtactigon_msgs__rosidl_typesupport_c.so[0m
[7.784s] [ 51%] [32mBuilding CXX object CMakeFiles/tactigon_msgs__rosidl_typesupport_fastrtps_cpp.dir/rosidl_typesupport_fastrtps_cpp/tactigon_msgs/msg/detail/dds_fastrtps/touch__type_support.cpp.o[0m
[7.817s] [ 53%] [32mBuilding C object CMakeFiles/tactigon_msgs__rosidl_typesupport_introspection_c.dir/rosidl_typesupport_introspection_c/tactigon_msgs/msg/detail/angle__type_support.c.o[0m
[7.827s] [ 54%] [32mBuilding CXX object CMakeFiles/tactigon_msgs__rosidl_typesupport_fastrtps_c.dir/rosidl_typesupport_fastrtps_c/tactigon_msgs/msg/detail/touch__type_support_c.cpp.o[0m
[7.903s] [ 54%] Built target tactigon_msgs__rosidl_typesupport_c
[7.929s] [ 56%] [32mBuilding C object CMakeFiles/tactigon_msgs__rosidl_typesupport_introspection_c.dir/rosidl_typesupport_introspection_c/tactigon_msgs/msg/detail/gesture__type_support.c.o[0m
[7.937s] [ 57%] [32mBuilding CXX object CMakeFiles/tactigon_msgs__rosidl_typesupport_fastrtps_cpp.dir/rosidl_typesupport_fastrtps_cpp/tactigon_msgs/msg/detail/dds_fastrtps/angle__type_support.cpp.o[0m
[8.047s] [ 59%] [32mBuilding C object CMakeFiles/tactigon_msgs__rosidl_typesupport_introspection_c.dir/rosidl_typesupport_introspection_c/tactigon_msgs/msg/detail/t_skin_state__type_support.c.o[0m
[8.206s] [ 60%] [32m[1mLinking C shared library libtactigon_msgs__rosidl_typesupport_introspection_c.so[0m
[8.347s] [ 60%] Built target tactigon_msgs__rosidl_typesupport_introspection_c
[8.365s] [ 62%] [32mBuilding CXX object CMakeFiles/tactigon_msgs__rosidl_typesupport_introspection_cpp.dir/rosidl_typesupport_introspection_cpp/tactigon_msgs/msg/detail/angle__type_support.cpp.o[0m
[8.390s] [ 64%] [32mBuilding CXX object CMakeFiles/tactigon_msgs__rosidl_typesupport_fastrtps_cpp.dir/rosidl_typesupport_fastrtps_cpp/tactigon_msgs/msg/detail/dds_fastrtps/gesture__type_support.cpp.o[0m
[8.492s] [ 65%] [32mBuilding CXX object CMakeFiles/tactigon_msgs__rosidl_typesupport_cpp.dir/rosidl_typesupport_cpp/tactigon_msgs/msg/t_skin_state__type_support.cpp.o[0m
[8.503s] [ 67%] [32mBuilding CXX object CMakeFiles/tactigon_msgs__rosidl_typesupport_fastrtps_cpp.dir/rosidl_typesupport_fastrtps_cpp/tactigon_msgs/msg/detail/dds_fastrtps/t_skin_state__type_support.cpp.o[0m
[8.622s] [ 68%] [32mBuilding CXX object CMakeFiles/tactigon_msgs__rosidl_typesupport_fastrtps_c.dir/rosidl_typesupport_fastrtps_c/tactigon_msgs/msg/detail/angle__type_support_c.cpp.o[0m
[9.282s] [ 70%] [32mBuilding CXX object CMakeFiles/tactigon_msgs__rosidl_typesupport_fastrtps_c.dir/rosidl_typesupport_fastrtps_c/tactigon_msgs/msg/detail/gesture__type_support_c.cpp.o[0m
[9.512s] [ 71%] [32mBuilding CXX object CMakeFiles/tactigon_msgs__rosidl_typesupport_fastrtps_c.dir/rosidl_typesupport_fastrtps_c/tactigon_msgs/msg/detail/t_skin_state__type_support_c.cpp.o[0m
[9.571s] [ 73%] [32mBuilding CXX object CMakeFiles/tactigon_msgs__rosidl_typesupport_introspection_cpp.dir/rosidl_typesupport_introspection_cpp/tactigon_msgs/msg/detail/gesture__type_support.cpp.o[0m
[9.585s] [ 75%] [32m[1mLinking CXX shared library libtactigon_msgs__rosidl_typesupport_cpp.so[0m
[9.667s] [ 76%] [32mBuilding CXX object CMakeFiles/tactigon_msgs__rosidl_typesupport_introspection_cpp.dir/rosidl_typesupport_introspection_cpp/tactigon_msgs/msg/detail/t_skin_state__type_support.cpp.o[0m
[9.711s] [ 76%] Built target tactigon_msgs__rosidl_typesupport_cpp
[9.957s] [ 78%] [32m[1mLinking CXX shared library libtactigon_msgs__rosidl_typesupport_fastrtps_cpp.so[0m
[10.131s] [ 78%] Built target tactigon_msgs__rosidl_typesupport_fastrtps_cpp
[10.429s] [ 79%] [32m[1mLinking CXX shared library libtactigon_msgs__rosidl_typesupport_introspection_cpp.so[0m
[10.564s] [ 79%] Built target tactigon_msgs__rosidl_typesupport_introspection_cpp
[10.651s] [ 81%] [32m[1mLinking CXX shared library libtactigon_msgs__rosidl_typesupport_fastrtps_c.so[0m
[10.754s] [ 81%] Built target tactigon_msgs__rosidl_typesupport_fastrtps_c
[10.775s] [ 81%] Built target tactigon_msgs
[10.819s] [ 82%] [34m[1mGenerating Python code for ROS interfaces[0m
[11.694s] [ 82%] Built target tactigon_msgs__py
[11.733s] [ 85%] [32mBuilding C object CMakeFiles/tactigon_msgs__rosidl_generator_py.dir/rosidl_generator_py/tactigon_msgs/msg/_t_skin_state_s.c.o[0m
[11.737s] [ 85%] [32mBuilding C object CMakeFiles/tactigon_msgs__rosidl_generator_py.dir/rosidl_generator_py/tactigon_msgs/msg/_touch_s.c.o[0m
[11.739s] [ 87%] [32mBuilding C object CMakeFiles/tactigon_msgs__rosidl_generator_py.dir/rosidl_generator_py/tactigon_msgs/msg/_angle_s.c.o[0m
[11.741s] [ 89%] [32mBuilding C object CMakeFiles/tactigon_msgs__rosidl_generator_py.dir/rosidl_generator_py/tactigon_msgs/msg/_gesture_s.c.o[0m
[12.040s] [ 90%] [32m[1mLinking C shared library libtactigon_msgs__rosidl_generator_py.so[0m
[12.114s] [ 90%] Built target tactigon_msgs__rosidl_generator_py
[12.156s] [ 92%] [32mBuilding C object CMakeFiles/tactigon_msgs_s__rosidl_typesupport_fastrtps_c.dir/rosidl_generator_py/tactigon_msgs/_tactigon_msgs_s.ep.rosidl_typesupport_fastrtps_c.c.o[0m
[12.158s] [ 95%] [32mBuilding C object CMakeFiles/tactigon_msgs_s__rosidl_typesupport_c.dir/rosidl_generator_py/tactigon_msgs/_tactigon_msgs_s.ep.rosidl_typesupport_c.c.o[0m
[12.159s] [ 95%] [32mBuilding C object CMakeFiles/tactigon_msgs_s__rosidl_typesupport_introspection_c.dir/rosidl_generator_py/tactigon_msgs/_tactigon_msgs_s.ep.rosidl_typesupport_introspection_c.c.o[0m
[12.374s] [ 96%] [32m[1mLinking C shared module rosidl_generator_py/tactigon_msgs/tactigon_msgs_s__rosidl_typesupport_fastrtps_c.so[0m
[12.429s] [ 96%] Built target tactigon_msgs_s__rosidl_typesupport_fastrtps_c
[12.430s] [ 98%] [32m[1mLinking C shared module rosidl_generator_py/tactigon_msgs/tactigon_msgs_s__rosidl_typesupport_c.so[0m
[12.431s] [100%] [32m[1mLinking C shared module rosidl_generator_py/tactigon_msgs/tactigon_msgs_s__rosidl_typesupport_introspection_c.so[0m
[12.479s] [100%] Built target tactigon_msgs_s__rosidl_typesupport_introspection_c
[12.479s] [100%] Built target tactigon_msgs_s__rosidl_typesupport_c
[12.499s] Invoked command in '/home/banjov2/ros2_ws/build/tactigon_msgs' returned '0': CMAKE_PREFIX_PATH=${CMAKE_PREFIX_PATH}:/opt/ros/jazzy DEBUGINFOD_URLS=https://debuginfod.ubuntu.com /usr/bin/cmake --build /home/banjov2/ros2_ws/build/tactigon_msgs -- -j8 -l8
[12.517s] Invoking command in '/home/banjov2/ros2_ws/build/tactigon_msgs': CMAKE_PREFIX_PATH=${CMAKE_PREFIX_PATH}:/opt/ros/jazzy DEBUGINFOD_URLS=https://debuginfod.ubuntu.com /usr/bin/cmake --install /home/banjov2/ros2_ws/build/tactigon_msgs
[12.532s] -- Install configuration: ""
[12.533s] -- Installing: /home/banjov2/ros2_ws/install/tactigon_msgs/share/ament_index/resource_index/rosidl_interfaces/tactigon_msgs
[12.533s] -- Installing: /home/banjov2/ros2_ws/install/tactigon_msgs/share/tactigon_msgs/msg/Touch.json
[12.534s] -- Installing: /home/banjov2/ros2_ws/install/tactigon_msgs/share/tactigon_msgs/msg/Angle.json
[12.535s] -- Installing: /home/banjov2/ros2_ws/install/tactigon_msgs/share/tactigon_msgs/msg/Gesture.json
[12.535s] -- Installing: /home/banjov2/ros2_ws/install/tactigon_msgs/share/tactigon_msgs/msg/TSkinState.json
[12.535s] -- Installing: /home/banjov2/ros2_ws/install/tactigon_msgs/include/tactigon_msgs/tactigon_msgs
[12.535s] -- Installing: /home/banjov2/ros2_ws/install/tactigon_msgs/include/tactigon_msgs/tactigon_msgs/msg
[12.535s] -- Installing: /home/banjov2/ros2_ws/install/tactigon_msgs/include/tactigon_msgs/tactigon_msgs/msg/touch.h
[12.536s] -- Installing: /home/banjov2/ros2_ws/install/tactigon_msgs/include/tactigon_msgs/tactigon_msgs/msg/detail
[12.536s] -- Installing: /home/banjov2/ros2_ws/install/tactigon_msgs/include/tactigon_msgs/tactigon_msgs/msg/detail/touch__functions.c
[12.536s] -- Installing: /home/banjov2/ros2_ws/install/tactigon_msgs/include/tactigon_msgs/tactigon_msgs/msg/detail/touch__type_support.c
[12.536s] -- Installing: /home/banjov2/ros2_ws/install/tactigon_msgs/include/tactigon_msgs/tactigon_msgs/msg/detail/angle__type_support.h
[12.536s] -- Installing: /home/banjov2/ros2_ws/install/tactigon_msgs/include/tactigon_msgs/tactigon_msgs/msg/detail/gesture__functions.h
[12.536s] -- Installing: /home/banjov2/ros2_ws/install/tactigon_msgs/include/tactigon_msgs/tactigon_msgs/msg/detail/touch__description.c
[12.537s] -- Installing: /home/banjov2/ros2_ws/install/tactigon_msgs/include/tactigon_msgs/tactigon_msgs/msg/detail/t_skin_state__functions.c
[12.537s] -- Installing: /home/banjov2/ros2_ws/install/tactigon_msgs/include/tactigon_msgs/tactigon_msgs/msg/detail/t_skin_state__type_support.c
[12.537s] -- Installing: /home/banjov2/ros2_ws/install/tactigon_msgs/include/tactigon_msgs/tactigon_msgs/msg/detail/gesture__struct.h
[12.537s] -- Installing: /home/banjov2/ros2_ws/install/tactigon_msgs/include/tactigon_msgs/tactigon_msgs/msg/detail/t_skin_state__description.c
[12.537s] -- Installing: /home/banjov2/ros2_ws/install/tactigon_msgs/include/tactigon_msgs/tactigon_msgs/msg/detail/t_skin_state__functions.h
[12.538s] -- Installing: /home/banjov2/ros2_ws/install/tactigon_msgs/include/tactigon_msgs/tactigon_msgs/msg/detail/t_skin_state__type_support.h
[12.538s] -- Installing: /home/banjov2/ros2_ws/install/tactigon_msgs/include/tactigon_msgs/tactigon_msgs/msg/detail/gesture__type_support.h
[12.538s] -- Installing: /home/banjov2/ros2_ws/install/tactigon_msgs/include/tactigon_msgs/tactigon_msgs/msg/detail/angle__struct.h
[12.538s] -- Installing: /home/banjov2/ros2_ws/install/tactigon_msgs/include/tactigon_msgs/tactigon_msgs/msg/detail/angle__functions.h
[12.538s] -- Installing: /home/banjov2/ros2_ws/install/tactigon_msgs/include/tactigon_msgs/tactigon_msgs/msg/detail/gesture__type_support.c
[12.538s] -- Installing: /home/banjov2/ros2_ws/install/tactigon_msgs/include/tactigon_msgs/tactigon_msgs/msg/detail/angle__type_support.c
[12.539s] -- Installing: /home/banjov2/ros2_ws/install/tactigon_msgs/include/tactigon_msgs/tactigon_msgs/msg/detail/t_skin_state__struct.h
[12.539s] -- Installing: /home/banjov2/ros2_ws/install/tactigon_msgs/include/tactigon_msgs/tactigon_msgs/msg/detail/gesture__description.c
[12.539s] -- Installing: /home/banjov2/ros2_ws/install/tactigon_msgs/include/tactigon_msgs/tactigon_msgs/msg/detail/gesture__functions.c
[12.539s] -- Installing: /home/banjov2/ros2_ws/install/tactigon_msgs/include/tactigon_msgs/tactigon_msgs/msg/detail/touch__type_support.h
[12.539s] -- Installing: /home/banjov2/ros2_ws/install/tactigon_msgs/include/tactigon_msgs/tactigon_msgs/msg/detail/angle__description.c
[12.539s] -- Installing: /home/banjov2/ros2_ws/install/tactigon_msgs/include/tactigon_msgs/tactigon_msgs/msg/detail/touch__struct.h
[12.540s] -- Installing: /home/banjov2/ros2_ws/install/tactigon_msgs/include/tactigon_msgs/tactigon_msgs/msg/detail/touch__functions.h
[12.540s] -- Installing: /home/banjov2/ros2_ws/install/tactigon_msgs/include/tactigon_msgs/tactigon_msgs/msg/detail/angle__functions.c
[12.540s] -- Installing: /home/banjov2/ros2_ws/install/tactigon_msgs/include/tactigon_msgs/tactigon_msgs/msg/rosidl_generator_c__visibility_control.h
[12.540s] -- Installing: /home/banjov2/ros2_ws/install/tactigon_msgs/include/tactigon_msgs/tactigon_msgs/msg/t_skin_state.h
[12.540s] -- Installing: /home/banjov2/ros2_ws/install/tactigon_msgs/include/tactigon_msgs/tactigon_msgs/msg/angle.h
[12.540s] -- Installing: /home/banjov2/ros2_ws/install/tactigon_msgs/include/tactigon_msgs/tactigon_msgs/msg/gesture.h
[12.540s] -- Installing: /home/banjov2/ros2_ws/install/tactigon_msgs/share/tactigon_msgs/environment/library_path.sh
[12.541s] -- Installing: /home/banjov2/ros2_ws/install/tactigon_msgs/share/tactigon_msgs/environment/library_path.dsv
[12.541s] -- Installing: /home/banjov2/ros2_ws/install/tactigon_msgs/lib/libtactigon_msgs__rosidl_generator_c.so
[12.542s] -- Set non-toolchain portion of runtime path of "/home/banjov2/ros2_ws/install/tactigon_msgs/lib/libtactigon_msgs__rosidl_generator_c.so" to ""
[12.542s] -- Up-to-date: /home/banjov2/ros2_ws/install/tactigon_msgs/include/tactigon_msgs/tactigon_msgs
[12.542s] -- Up-to-date: /home/banjov2/ros2_ws/install/tactigon_msgs/include/tactigon_msgs/tactigon_msgs/msg
[12.542s] -- Installing: /home/banjov2/ros2_ws/install/tactigon_msgs/include/tactigon_msgs/tactigon_msgs/msg/rosidl_typesupport_fastrtps_c__visibility_control.h
[12.542s] -- Up-to-date: /home/banjov2/ros2_ws/install/tactigon_msgs/include/tactigon_msgs/tactigon_msgs/msg/detail
[12.543s] -- Installing: /home/banjov2/ros2_ws/install/tactigon_msgs/include/tactigon_msgs/tactigon_msgs/msg/detail/touch__rosidl_typesupport_fastrtps_c.h
[12.543s] -- Installing: /home/banjov2/ros2_ws/install/tactigon_msgs/include/tactigon_msgs/tactigon_msgs/msg/detail/angle__rosidl_typesupport_fastrtps_c.h
[12.543s] -- Installing: /home/banjov2/ros2_ws/install/tactigon_msgs/include/tactigon_msgs/tactigon_msgs/msg/detail/gesture__rosidl_typesupport_fastrtps_c.h
[12.543s] -- Installing: /home/banjov2/ros2_ws/install/tactigon_msgs/include/tactigon_msgs/tactigon_msgs/msg/detail/t_skin_state__rosidl_typesupport_fastrtps_c.h
[12.543s] -- Installing: /home/banjov2/ros2_ws/install/tactigon_msgs/lib/libtactigon_msgs__rosidl_typesupport_fastrtps_c.so
[12.544s] -- Set non-toolchain portion of runtime path of "/home/banjov2/ros2_ws/install/tactigon_msgs/lib/libtactigon_msgs__rosidl_typesupport_fastrtps_c.so" to ""
[12.544s] -- Up-to-date: /home/banjov2/ros2_ws/install/tactigon_msgs/include/tactigon_msgs/tactigon_msgs
[12.544s] -- Up-to-date: /home/banjov2/ros2_ws/install/tactigon_msgs/include/tactigon_msgs/tactigon_msgs/msg
[12.544s] -- Installing: /home/banjov2/ros2_ws/install/tactigon_msgs/include/tactigon_msgs/tactigon_msgs/msg/rosidl_typesupport_introspection_c__visibility_control.h
[12.545s] -- Up-to-date: /home/banjov2/ros2_ws/install/tactigon_msgs/include/tactigon_msgs/tactigon_msgs/msg/detail
[12.545s] -- Installing: /home/banjov2/ros2_ws/install/tactigon_msgs/include/tactigon_msgs/tactigon_msgs/msg/detail/touch__type_support.c
[12.545s] -- Installing: /home/banjov2/ros2_ws/install/tactigon_msgs/include/tactigon_msgs/tactigon_msgs/msg/detail/t_skin_state__type_support.c
[12.545s] -- Installing: /home/banjov2/ros2_ws/install/tactigon_msgs/include/tactigon_msgs/tactigon_msgs/msg/detail/gesture__rosidl_typesupport_introspection_c.h
[12.545s] -- Installing: /home/banjov2/ros2_ws/install/tactigon_msgs/include/tactigon_msgs/tactigon_msgs/msg/detail/gesture__type_support.c
[12.545s] -- Installing: /home/banjov2/ros2_ws/install/tactigon_msgs/include/tactigon_msgs/tactigon_msgs/msg/detail/touch__rosidl_typesupport_introspection_c.h
[12.545s] -- Installing: /home/banjov2/ros2_ws/install/tactigon_msgs/include/tactigon_msgs/tactigon_msgs/msg/detail/angle__type_support.c
[12.546s] -- Installing: /home/banjov2/ros2_ws/install/tactigon_msgs/include/tactigon_msgs/tactigon_msgs/msg/detail/t_skin_state__rosidl_typesupport_introspection_c.h
[12.546s] -- Installing: /home/banjov2/ros2_ws/install/tactigon_msgs/include/tactigon_msgs/tactigon_msgs/msg/detail/angle__rosidl_typesupport_introspection_c.h
[12.546s] -- Installing: /home/banjov2/ros2_ws/install/tactigon_msgs/lib/libtactigon_msgs__rosidl_typesupport_introspection_c.so
[12.547s] -- Set non-toolchain portion of runtime path of "/home/banjov2/ros2_ws/install/tactigon_msgs/lib/libtactigon_msgs__rosidl_typesupport_introspection_c.so" to ""
[12.547s] -- Installing: /home/banjov2/ros2_ws/install/tactigon_msgs/lib/libtactigon_msgs__rosidl_typesupport_c.so
[12.547s] -- Set non-toolchain portion of runtime path of "/home/banjov2/ros2_ws/install/tactigon_msgs/lib/libtactigon_msgs__rosidl_typesupport_c.so" to ""
[12.547s] -- Up-to-date: /home/banjov2/ros2_ws/install/tactigon_msgs/include/tactigon_msgs/tactigon_msgs
[12.547s] -- Up-to-date: /home/banjov2/ros2_ws/install/tactigon_msgs/include/tactigon_msgs/tactigon_msgs/msg
[12.547s] -- Installing: /home/banjov2/ros2_ws/install/tactigon_msgs/include/tactigon_msgs/tactigon_msgs/msg/angle.hpp
[12.548s] -- Installing: /home/banjov2/ros2_ws/install/tactigon_msgs/include/tactigon_msgs/tactigon_msgs/msg/rosidl_generator_cpp__visibility_control.hpp
[12.548s] -- Installing: /home/banjov2/ros2_ws/install/tactigon_msgs/include/tactigon_msgs/tactigon_msgs/msg/touch.hpp
[12.548s] -- Installing: /home/banjov2/ros2_ws/install/tactigon_msgs/include/tactigon_msgs/tactigon_msgs/msg/t_skin_state.hpp
[12.548s] -- Up-to-date: /home/banjov2/ros2_ws/install/tactigon_msgs/include/tactigon_msgs/tactigon_msgs/msg/detail
[12.548s] -- Installing: /home/banjov2/ros2_ws/install/tactigon_msgs/include/tactigon_msgs/tactigon_msgs/msg/detail/touch__type_support.hpp
[12.548s] -- Installing: /home/banjov2/ros2_ws/install/tactigon_msgs/include/tactigon_msgs/tactigon_msgs/msg/detail/touch__traits.hpp
[12.549s] -- Installing: /home/banjov2/ros2_ws/install/tactigon_msgs/include/tactigon_msgs/tactigon_msgs/msg/detail/angle__type_support.hpp
[12.549s] -- Installing: /home/banjov2/ros2_ws/install/tactigon_msgs/include/tactigon_msgs/tactigon_msgs/msg/detail/gesture__struct.hpp
[12.549s] -- Installing: /home/banjov2/ros2_ws/install/tactigon_msgs/include/tactigon_msgs/tactigon_msgs/msg/detail/gesture__traits.hpp
[12.549s] -- Installing: /home/banjov2/ros2_ws/install/tactigon_msgs/include/tactigon_msgs/tactigon_msgs/msg/detail/gesture__type_support.hpp
[12.549s] -- Installing: /home/banjov2/ros2_ws/install/tactigon_msgs/include/tactigon_msgs/tactigon_msgs/msg/detail/t_skin_state__struct.hpp
[12.550s] -- Installing: /home/banjov2/ros2_ws/install/tactigon_msgs/include/tactigon_msgs/tactigon_msgs/msg/detail/t_skin_state__traits.hpp
[12.550s] -- Installing: /home/banjov2/ros2_ws/install/tactigon_msgs/include/tactigon_msgs/tactigon_msgs/msg/detail/angle__traits.hpp
[12.550s] -- Installing: /home/banjov2/ros2_ws/install/tactigon_msgs/include/tactigon_msgs/tactigon_msgs/msg/detail/touch__struct.hpp
[12.550s] -- Installing: /home/banjov2/ros2_ws/install/tactigon_msgs/include/tactigon_msgs/tactigon_msgs/msg/detail/t_skin_state__type_support.hpp
[12.550s] -- Installing: /home/banjov2/ros2_ws/install/tactigon_msgs/include/tactigon_msgs/tactigon_msgs/msg/detail/gesture__builder.hpp
[12.550s] -- Installing: /home/banjov2/ros2_ws/install/tactigon_msgs/include/tactigon_msgs/tactigon_msgs/msg/detail/angle__builder.hpp
[12.550s] -- Installing: /home/banjov2/ros2_ws/install/tactigon_msgs/include/tactigon_msgs/tactigon_msgs/msg/detail/touch__builder.hpp
[12.550s] -- Installing: /home/banjov2/ros2_ws/install/tactigon_msgs/include/tactigon_msgs/tactigon_msgs/msg/detail/angle__struct.hpp
[12.551s] -- Installing: /home/banjov2/ros2_ws/install/tactigon_msgs/include/tactigon_msgs/tactigon_msgs/msg/detail/t_skin_state__builder.hpp
[12.551s] -- Installing: /home/banjov2/ros2_ws/install/tactigon_msgs/include/tactigon_msgs/tactigon_msgs/msg/gesture.hpp
[12.551s] -- Up-to-date: /home/banjov2/ros2_ws/install/tactigon_msgs/include/tactigon_msgs/tactigon_msgs
[12.551s] -- Up-to-date: /home/banjov2/ros2_ws/install/tactigon_msgs/include/tactigon_msgs/tactigon_msgs/msg
[12.551s] -- Installing: /home/banjov2/ros2_ws/install/tactigon_msgs/include/tactigon_msgs/tactigon_msgs/msg/rosidl_typesupport_fastrtps_cpp__visibility_control.h
[12.551s] -- Up-to-date: /home/banjov2/ros2_ws/install/tactigon_msgs/include/tactigon_msgs/tactigon_msgs/msg/detail
[12.551s] -- Installing: /home/banjov2/ros2_ws/install/tactigon_msgs/include/tactigon_msgs/tactigon_msgs/msg/detail/t_skin_state__rosidl_typesupport_fastrtps_cpp.hpp
[12.551s] -- Installing: /home/banjov2/ros2_ws/install/tactigon_msgs/include/tactigon_msgs/tactigon_msgs/msg/detail/touch__rosidl_typesupport_fastrtps_cpp.hpp
[12.551s] -- Installing: /home/banjov2/ros2_ws/install/tactigon_msgs/include/tactigon_msgs/tactigon_msgs/msg/detail/gesture__rosidl_typesupport_fastrtps_cpp.hpp
[12.552s] -- Installing: /home/banjov2/ros2_ws/install/tactigon_msgs/include/tactigon_msgs/tactigon_msgs/msg/detail/dds_fastrtps
[12.552s] -- Installing: /home/banjov2/ros2_ws/install/tactigon_msgs/include/tactigon_msgs/tactigon_msgs/msg/detail/angle__rosidl_typesupport_fastrtps_cpp.hpp
[12.552s] -- Installing: /home/banjov2/ros2_ws/install/tactigon_msgs/lib/libtactigon_msgs__rosidl_typesupport_fastrtps_cpp.so
[12.553s] -- Set non-toolchain portion of runtime path of "/home/banjov2/ros2_ws/install/tactigon_msgs/lib/libtactigon_msgs__rosidl_typesupport_fastrtps_cpp.so" to ""
[12.553s] -- Up-to-date: /home/banjov2/ros2_ws/install/tactigon_msgs/include/tactigon_msgs/tactigon_msgs
[12.553s] -- Up-to-date: /home/banjov2/ros2_ws/install/tactigon_msgs/include/tactigon_msgs/tactigon_msgs/msg
[12.553s] -- Up-to-date: /home/banjov2/ros2_ws/install/tactigon_msgs/include/tactigon_msgs/tactigon_msgs/msg/detail
[12.553s] -- Installing: /home/banjov2/ros2_ws/install/tactigon_msgs/include/tactigon_msgs/tactigon_msgs/msg/detail/touch__rosidl_typesupport_introspection_cpp.hpp
[12.553s] -- Installing: /home/banjov2/ros2_ws/install/tactigon_msgs/include/tactigon_msgs/tactigon_msgs/msg/detail/gesture__type_support.cpp
[12.554s] -- Installing: /home/banjov2/ros2_ws/install/tactigon_msgs/include/tactigon_msgs/tactigon_msgs/msg/detail/gesture__rosidl_typesupport_introspection_cpp.hpp
[12.554s] -- Installing: /home/banjov2/ros2_ws/install/tactigon_msgs/include/tactigon_msgs/tactigon_msgs/msg/detail/angle__rosidl_typesupport_introspection_cpp.hpp
[12.554s] -- Installing: /home/banjov2/ros2_ws/install/tactigon_msgs/include/tactigon_msgs/tactigon_msgs/msg/detail/angle__type_support.cpp
[12.554s] -- Installing: /home/banjov2/ros2_ws/install/tactigon_msgs/include/tactigon_msgs/tactigon_msgs/msg/detail/t_skin_state__rosidl_typesupport_introspection_cpp.hpp
[12.554s] -- Installing: /home/banjov2/ros2_ws/install/tactigon_msgs/include/tactigon_msgs/tactigon_msgs/msg/detail/touch__type_support.cpp
[12.554s] -- Installing: /home/banjov2/ros2_ws/install/tactigon_msgs/include/tactigon_msgs/tactigon_msgs/msg/detail/t_skin_state__type_support.cpp
[12.555s] -- Installing: /home/banjov2/ros2_ws/install/tactigon_msgs/lib/libtactigon_msgs__rosidl_typesupport_introspection_cpp.so
[12.556s] -- Set non-toolchain portion of runtime path of "/home/banjov2/ros2_ws/install/tactigon_msgs/lib/libtactigon_msgs__rosidl_typesupport_introspection_cpp.so" to ""
[12.556s] -- Installing: /home/banjov2/ros2_ws/install/tactigon_msgs/lib/libtactigon_msgs__rosidl_typesupport_cpp.so
[12.556s] -- Set non-toolchain portion of runtime path of "/home/banjov2/ros2_ws/install/tactigon_msgs/lib/libtactigon_msgs__rosidl_typesupport_cpp.so" to ""
[12.557s] -- Installing: /home/banjov2/ros2_ws/install/tactigon_msgs/share/tactigon_msgs/environment/pythonpath.sh
[12.557s] -- Installing: /home/banjov2/ros2_ws/install/tactigon_msgs/share/tactigon_msgs/environment/pythonpath.dsv
[12.557s] -- Installing: /home/banjov2/ros2_ws/install/tactigon_msgs/lib/python3.12/site-packages/tactigon_msgs-0.0.0-py3.12.egg-info
[12.557s] -- Installing: /home/banjov2/ros2_ws/install/tactigon_msgs/lib/python3.12/site-packages/tactigon_msgs-0.0.0-py3.12.egg-info/SOURCES.txt
[12.558s] -- Installing: /home/banjov2/ros2_ws/install/tactigon_msgs/lib/python3.12/site-packages/tactigon_msgs-0.0.0-py3.12.egg-info/dependency_links.txt
[12.558s] -- Installing: /home/banjov2/ros2_ws/install/tactigon_msgs/lib/python3.12/site-packages/tactigon_msgs-0.0.0-py3.12.egg-info/top_level.txt
[12.558s] -- Installing: /home/banjov2/ros2_ws/install/tactigon_msgs/lib/python3.12/site-packages/tactigon_msgs-0.0.0-py3.12.egg-info/PKG-INFO
[12.558s] -- Installing: /home/banjov2/ros2_ws/install/tactigon_msgs/lib/python3.12/site-packages/tactigon_msgs
[12.558s] -- Installing: /home/banjov2/ros2_ws/install/tactigon_msgs/lib/python3.12/site-packages/tactigon_msgs/tactigon_msgs_s__rosidl_typesupport_introspection_c.so
[12.559s] -- Installing: /home/banjov2/ros2_ws/install/tactigon_msgs/lib/python3.12/site-packages/tactigon_msgs/tactigon_msgs_s__rosidl_typesupport_fastrtps_c.so
[12.559s] -- Installing: /home/banjov2/ros2_ws/install/tactigon_msgs/lib/python3.12/site-packages/tactigon_msgs/__init__.py
[12.559s] -- Installing: /home/banjov2/ros2_ws/install/tactigon_msgs/lib/python3.12/site-packages/tactigon_msgs/msg
[12.559s] -- Installing: /home/banjov2/ros2_ws/install/tactigon_msgs/lib/python3.12/site-packages/tactigon_msgs/msg/_t_skin_state_s.c
[12.559s] -- Installing: /home/banjov2/ros2_ws/install/tactigon_msgs/lib/python3.12/site-packages/tactigon_msgs/msg/_gesture_s.c
[12.560s] -- Installing: /home/banjov2/ros2_ws/install/tactigon_msgs/lib/python3.12/site-packages/tactigon_msgs/msg/__init__.py
[12.560s] -- Installing: /home/banjov2/ros2_ws/install/tactigon_msgs/lib/python3.12/site-packages/tactigon_msgs/msg/_gesture.py
[12.560s] -- Installing: /home/banjov2/ros2_ws/install/tactigon_msgs/lib/python3.12/site-packages/tactigon_msgs/msg/_angle.py
[12.560s] -- Installing: /home/banjov2/ros2_ws/install/tactigon_msgs/lib/python3.12/site-packages/tactigon_msgs/msg/_angle_s.c
[12.560s] -- Installing: /home/banjov2/ros2_ws/install/tactigon_msgs/lib/python3.12/site-packages/tactigon_msgs/msg/_touch.py
[12.560s] -- Installing: /home/banjov2/ros2_ws/install/tactigon_msgs/lib/python3.12/site-packages/tactigon_msgs/msg/_touch_s.c
[12.561s] -- Installing: /home/banjov2/ros2_ws/install/tactigon_msgs/lib/python3.12/site-packages/tactigon_msgs/msg/_t_skin_state.py
[12.561s] -- Installing: /home/banjov2/ros2_ws/install/tactigon_msgs/lib/python3.12/site-packages/tactigon_msgs/_tactigon_msgs_s.ep.rosidl_typesupport_c.c
[12.561s] -- Installing: /home/banjov2/ros2_ws/install/tactigon_msgs/lib/python3.12/site-packages/tactigon_msgs/tactigon_msgs_s__rosidl_typesupport_c.so
[12.561s] -- Installing: /home/banjov2/ros2_ws/install/tactigon_msgs/lib/python3.12/site-packages/tactigon_msgs/_tactigon_msgs_s.ep.rosidl_typesupport_fastrtps_c.c
[12.561s] -- Installing: /home/banjov2/ros2_ws/install/tactigon_msgs/lib/python3.12/site-packages/tactigon_msgs/_tactigon_msgs_s.ep.rosidl_typesupport_introspection_c.c
[12.629s] Listing '/home/banjov2/ros2_ws/install/tactigon_msgs/lib/python3.12/site-packages/tactigon_msgs'...
[12.629s] Compiling '/home/banjov2/ros2_ws/install/tactigon_msgs/lib/python3.12/site-packages/tactigon_msgs/__init__.py'...
[12.629s] Listing '/home/banjov2/ros2_ws/install/tactigon_msgs/lib/python3.12/site-packages/tactigon_msgs/msg'...
[12.630s] Compiling '/home/banjov2/ros2_ws/install/tactigon_msgs/lib/python3.12/site-packages/tactigon_msgs/msg/__init__.py'...
[12.630s] Compiling '/home/banjov2/ros2_ws/install/tactigon_msgs/lib/python3.12/site-packages/tactigon_msgs/msg/_angle.py'...
[12.630s] Compiling '/home/banjov2/ros2_ws/install/tactigon_msgs/lib/python3.12/site-packages/tactigon_msgs/msg/_gesture.py'...
[12.630s] Compiling '/home/banjov2/ros2_ws/install/tactigon_msgs/lib/python3.12/site-packages/tactigon_msgs/msg/_t_skin_state.py'...
[12.630s] Compiling '/home/banjov2/ros2_ws/install/tactigon_msgs/lib/python3.12/site-packages/tactigon_msgs/msg/_touch.py'...
[12.638s] -- Installing: /home/banjov2/ros2_ws/install/tactigon_msgs/lib/python3.12/site-packages/tactigon_msgs/tactigon_msgs_s__rosidl_typesupport_fastrtps_c.so
[12.638s] -- Set non-toolchain portion of runtime path of "/home/banjov2/ros2_ws/install/tactigon_msgs/lib/python3.12/site-packages/tactigon_msgs/tactigon_msgs_s__rosidl_typesupport_fastrtps_c.so" to ""
[12.639s] -- Installing: /home/banjov2/ros2_ws/install/tactigon_msgs/lib/python3.12/site-packages/tactigon_msgs/tactigon_msgs_s__rosidl_typesupport_introspection_c.so
[12.639s] -- Set non-toolchain portion of runtime path of "/home/banjov2/ros2_ws/install/tactigon_msgs/lib/python3.12/site-packages/tactigon_msgs/tactigon_msgs_s__rosidl_typesupport_introspection_c.so" to ""
[12.639s] -- Installing: /home/banjov2/ros2_ws/install/tactigon_msgs/lib/python3.12/site-packages/tactigon_msgs/tactigon_msgs_s__rosidl_typesupport_c.so
[12.640s] -- Set non-toolchain portion of runtime path of "/home/banjov2/ros2_ws/install/tactigon_msgs/lib/python3.12/site-packages/tactigon_msgs/tactigon_msgs_s__rosidl_typesupport_c.so" to ""
[12.640s] -- Installing: /home/banjov2/ros2_ws/install/tactigon_msgs/lib/libtactigon_msgs__rosidl_generator_py.so
[12.641s] -- Set non-toolchain portion of runtime path of "/home/banjov2/ros2_ws/install/tactigon_msgs/lib/libtactigon_msgs__rosidl_generator_py.so" to ""
[12.641s] -- Installing: /home/banjov2/ros2_ws/install/tactigon_msgs/share/tactigon_msgs/msg/Touch.idl
[12.641s] -- Installing: /home/banjov2/ros2_ws/install/tactigon_msgs/share/tactigon_msgs/msg/Angle.idl
[12.641s] -- Installing: /home/banjov2/ros2_ws/install/tactigon_msgs/share/tactigon_msgs/msg/Gesture.idl
[12.641s] -- Installing: /home/banjov2/ros2_ws/install/tactigon_msgs/share/tactigon_msgs/msg/TSkinState.idl
[12.641s] -- Installing: /home/banjov2/ros2_ws/install/tactigon_msgs/share/tactigon_msgs/msg/Touch.msg
[12.641s] -- Installing: /home/banjov2/ros2_ws/install/tactigon_msgs/share/tactigon_msgs/msg/Angle.msg
[12.642s] -- Installing: /home/banjov2/ros2_ws/install/tactigon_msgs/share/tactigon_msgs/msg/Gesture.msg
[12.642s] -- Installing: /home/banjov2/ros2_ws/install/tactigon_msgs/share/tactigon_msgs/msg/TSkinState.msg
[12.642s] -- Installing: /home/banjov2/ros2_ws/install/tactigon_msgs/share/ament_index/resource_index/package_run_dependencies/tactigon_msgs
[12.643s] -- Installing: /home/banjov2/ros2_ws/install/tactigon_msgs/share/ament_index/resource_index/parent_prefix_path/tactigon_msgs
[12.643s] -- Installing: /home/banjov2/ros2_ws/install/tactigon_msgs/share/tactigon_msgs/environment/ament_prefix_path.sh
[12.643s] -- Installing: /home/banjov2/ros2_ws/install/tactigon_msgs/share/tactigon_msgs/environment/ament_prefix_path.dsv
[12.643s] -- Installing: /home/banjov2/ros2_ws/install/tactigon_msgs/share/tactigon_msgs/environment/path.sh
[12.643s] -- Installing: /home/banjov2/ros2_ws/install/tactigon_msgs/share/tactigon_msgs/environment/path.dsv
[12.644s] -- Installing: /home/banjov2/ros2_ws/install/tactigon_msgs/share/tactigon_msgs/local_setup.bash
[12.644s] -- Installing: /home/banjov2/ros2_ws/install/tactigon_msgs/share/tactigon_msgs/local_setup.sh
[12.644s] -- Installing: /home/banjov2/ros2_ws/install/tactigon_msgs/share/tactigon_msgs/local_setup.zsh
[12.644s] -- Installing: /home/banjov2/ros2_ws/install/tactigon_msgs/share/tactigon_msgs/local_setup.dsv
[12.645s] -- Installing: /home/banjov2/ros2_ws/install/tactigon_msgs/share/tactigon_msgs/package.dsv
[12.645s] -- Installing: /home/banjov2/ros2_ws/install/tactigon_msgs/share/ament_index/resource_index/packages/tactigon_msgs
[12.645s] -- Installing: /home/banjov2/ros2_ws/install/tactigon_msgs/share/tactigon_msgs/cmake/export_tactigon_msgs__rosidl_generator_cExport.cmake
[12.645s] -- Installing: /home/banjov2/ros2_ws/install/tactigon_msgs/share/tactigon_msgs/cmake/export_tactigon_msgs__rosidl_generator_cExport-noconfig.cmake
[12.646s] -- Installing: /home/banjov2/ros2_ws/install/tactigon_msgs/share/tactigon_msgs/cmake/export_tactigon_msgs__rosidl_typesupport_fastrtps_cExport.cmake
[12.646s] -- Installing: /home/banjov2/ros2_ws/install/tactigon_msgs/share/tactigon_msgs/cmake/export_tactigon_msgs__rosidl_typesupport_fastrtps_cExport-noconfig.cmake
[12.646s] -- Installing: /home/banjov2/ros2_ws/install/tactigon_msgs/share/tactigon_msgs/cmake/tactigon_msgs__rosidl_typesupport_introspection_cExport.cmake
[12.647s] -- Installing: /home/banjov2/ros2_ws/install/tactigon_msgs/share/tactigon_msgs/cmake/tactigon_msgs__rosidl_typesupport_introspection_cExport-noconfig.cmake
[12.647s] -- Installing: /home/banjov2/ros2_ws/install/tactigon_msgs/share/tactigon_msgs/cmake/tactigon_msgs__rosidl_typesupport_cExport.cmake
[12.647s] -- Installing: /home/banjov2/ros2_ws/install/tactigon_msgs/share/tactigon_msgs/cmake/tactigon_msgs__rosidl_typesupport_cExport-noconfig.cmake
[12.647s] -- Installing: /home/banjov2/ros2_ws/install/tactigon_msgs/share/tactigon_msgs/cmake/export_tactigon_msgs__rosidl_generator_cppExport.cmake
[12.648s] -- Installing: /home/banjov2/ros2_ws/install/tactigon_msgs/share/tactigon_msgs/cmake/export_tactigon_msgs__rosidl_typesupport_fastrtps_cppExport.cmake
[12.648s] -- Installing: /home/banjov2/ros2_ws/install/tactigon_msgs/share/tactigon_msgs/cmake/export_tactigon_msgs__rosidl_typesupport_fastrtps_cppExport-noconfig.cmake
[12.648s] -- Installing: /home/banjov2/ros2_ws/install/tactigon_msgs/share/tactigon_msgs/cmake/tactigon_msgs__rosidl_typesupport_introspection_cppExport.cmake
[12.648s] -- Installing: /home/banjov2/ros2_ws/install/tactigon_msgs/share/tactigon_msgs/cmake/tactigon_msgs__rosidl_typesupport_introspection_cppExport-noconfig.cmake
[12.649s] -- Installing: /home/banjov2/ros2_ws/install/tactigon_msgs/share/tactigon_msgs/cmake/tactigon_msgs__rosidl_typesupport_cppExport.cmake
[12.649s] -- Installing: /home/banjov2/ros2_ws/install/tactigon_msgs/share/tactigon_msgs/cmake/tactigon_msgs__rosidl_typesupport_cppExport-noconfig.cmake
[12.649s] -- Installing: /home/banjov2/ros2_ws/install/tactigon_msgs/share/tactigon_msgs/cmake/export_tactigon_msgs__rosidl_generator_pyExport.cmake
[12.649s] -- Installing: /home/banjov2/ros2_ws/install/tactigon_msgs/share/tactigon_msgs/cmake/export_tactigon_msgs__rosidl_generator_pyExport-noconfig.cmake
[12.650s] -- Installing: /home/banjov2/ros2_ws/install/tactigon_msgs/share/tactigon_msgs/cmake/rosidl_cmake-extras.cmake
[12.650s] -- Installing: /home/banjov2/ros2_ws/install/tactigon_msgs/share/tactigon_msgs/cmake/ament_cmake_export_dependencies-extras.cmake
[12.650s] -- Installing: /home/banjov2/ros2_ws/install/tactigon_msgs/share/tactigon_msgs/cmake/ament_cmake_export_include_directories-extras.cmake
[12.650s] -- Installing: /home/banjov2/ros2_ws/install/tactigon_msgs/share/tactigon_msgs/cmake/ament_cmake_export_libraries-extras.cmake
[12.651s] -- Installing: /home/banjov2/ros2_ws/install/tactigon_msgs/share/tactigon_msgs/cmake/ament_cmake_export_targets-extras.cmake
[12.651s] -- Installing: /home/banjov2/ros2_ws/install/tactigon_msgs/share/tactigon_msgs/cmake/rosidl_cmake_export_typesupport_targets-extras.cmake
[12.651s] -- Installing: /home/banjov2/ros2_ws/install/tactigon_msgs/share/tactigon_msgs/cmake/rosidl_cmake_export_typesupport_libraries-extras.cmake
[12.651s] -- Installing: /home/banjov2/ros2_ws/install/tactigon_msgs/share/tactigon_msgs/cmake/tactigon_msgsConfig.cmake
[12.652s] -- Installing: /home/banjov2/ros2_ws/install/tactigon_msgs/share/tactigon_msgs/cmake/tactigon_msgsConfig-version.cmake
[12.652s] -- Installing: /home/banjov2/ros2_ws/install/tactigon_msgs/share/tactigon_msgs/package.xml
[12.656s] Invoked command in '/home/banjov2/ros2_ws/build/tactigon_msgs' returned '0': CMAKE_PREFIX_PATH=${CMAKE_PREFIX_PATH}:/opt/ros/jazzy DEBUGINFOD_URLS=https://debuginfod.ubuntu.com /usr/bin/cmake --install /home/banjov2/ros2_ws/build/tactigon_msgs
