[0.193s] DEBUG:colcon:Command line arguments: ['/usr/bin/colcon', 'build']
[0.193s] DEBUG:colcon:Parsed command line arguments: Namespace(log_base=None, log_level=None, verb_name='build', build_base='build', install_base='install', merge_install=False, symlink_install=False, test_result_base=None, continue_on_error=False, executor='parallel', parallel_workers=8, event_handlers=None, ignore_user_meta=False, metas=['./colcon.meta'], base_paths=['.'], packages_ignore=None, packages_ignore_regex=None, paths=None, packages_up_to=None, packages_up_to_regex=None, packages_above=None, packages_above_and_dependencies=None, packages_above_depth=None, packages_select_by_dep=None, packages_skip_by_dep=None, packages_skip_up_to=None, packages_select_build_failed=False, packages_skip_build_finished=False, packages_select_test_failures=False, packages_skip_test_passed=False, packages_select=None, packages_skip=None, packages_select_regex=None, packages_skip_regex=None, packages_start=None, packages_end=None, allow_overriding=[], cmake_args=None, cmake_target=None, cmake_target_skip_unavailable=False, cmake_clean_cache=False, cmake_clean_first=False, cmake_force_configure=False, ament_cmake_args=None, catkin_cmake_args=None, catkin_skip_building_tests=False, mixin_files=None, mixin=None, verb_parser=<colcon_mixin.mixin.mixin_argument.MixinArgumentDecorator object at 0x79bed1e7b8c0>, verb_extension=<colcon_core.verb.build.BuildVerb object at 0x79bed1e7b5f0>, main=<bound method BuildVerb.main of <colcon_core.verb.build.BuildVerb object at 0x79bed1e7b5f0>>, mixin_verb=('build',))
[0.287s] Level 1:colcon.colcon_core.package_discovery:discover_packages(colcon_meta) check parameters
[0.287s] Level 1:colcon.colcon_core.package_discovery:discover_packages(recursive) check parameters
[0.287s] Level 1:colcon.colcon_core.package_discovery:discover_packages(ignore) check parameters
[0.287s] Level 1:colcon.colcon_core.package_discovery:discover_packages(path) check parameters
[0.287s] Level 1:colcon.colcon_core.package_discovery:discover_packages(colcon_meta) discover
[0.287s] Level 1:colcon.colcon_core.package_discovery:discover_packages(recursive) discover
[0.287s] INFO:colcon.colcon_core.package_discovery:Crawling recursively for packages in '/home/banjov2/ros2_ws'
[0.287s] Level 1:colcon.colcon_core.package_identification:_identify(.) by extensions ['ignore', 'ignore_ament_install']
[0.287s] Level 1:colcon.colcon_core.package_identification:_identify(.) by extension 'ignore'
[0.287s] Level 1:colcon.colcon_core.package_identification:_identify(.) by extension 'ignore_ament_install'
[0.288s] Level 1:colcon.colcon_core.package_identification:_identify(.) by extensions ['colcon_pkg']
[0.288s] Level 1:colcon.colcon_core.package_identification:_identify(.) by extension 'colcon_pkg'
[0.288s] Level 1:colcon.colcon_core.package_identification:_identify(.) by extensions ['colcon_meta']
[0.288s] Level 1:colcon.colcon_core.package_identification:_identify(.) by extension 'colcon_meta'
[0.288s] Level 1:colcon.colcon_core.package_identification:_identify(.) by extensions ['ros']
[0.288s] Level 1:colcon.colcon_core.package_identification:_identify(.) by extension 'ros'
[0.334s] Level 1:colcon.colcon_core.package_identification:_identify(.) by extensions ['cmake', 'python']
[0.334s] Level 1:colcon.colcon_core.package_identification:_identify(.) by extension 'cmake'
[0.334s] Level 1:colcon.colcon_core.package_identification:_identify(.) by extension 'python'
[0.334s] Level 1:colcon.colcon_core.package_identification:_identify(.) by extensions ['python_setup_py']
[0.334s] Level 1:colcon.colcon_core.package_identification:_identify(.) by extension 'python_setup_py'
[0.334s] Level 1:colcon.colcon_core.package_identification:_identify(build) by extensions ['ignore', 'ignore_ament_install']
[0.334s] Level 1:colcon.colcon_core.package_identification:_identify(build) by extension 'ignore'
[0.335s] Level 1:colcon.colcon_core.package_identification:_identify(build) ignored
[0.335s] Level 1:colcon.colcon_core.package_identification:_identify(examples) by extensions ['ignore', 'ignore_ament_install']
[0.335s] Level 1:colcon.colcon_core.package_identification:_identify(examples) by extension 'ignore'
[0.335s] Level 1:colcon.colcon_core.package_identification:_identify(examples) by extension 'ignore_ament_install'
[0.335s] Level 1:colcon.colcon_core.package_identification:_identify(examples) by extensions ['colcon_pkg']
[0.335s] Level 1:colcon.colcon_core.package_identification:_identify(examples) by extension 'colcon_pkg'
[0.335s] Level 1:colcon.colcon_core.package_identification:_identify(examples) by extensions ['colcon_meta']
[0.335s] Level 1:colcon.colcon_core.package_identification:_identify(examples) by extension 'colcon_meta'
[0.335s] Level 1:colcon.colcon_core.package_identification:_identify(examples) by extensions ['ros']
[0.335s] Level 1:colcon.colcon_core.package_identification:_identify(examples) by extension 'ros'
[0.335s] Level 1:colcon.colcon_core.package_identification:_identify(examples) by extensions ['cmake', 'python']
[0.335s] Level 1:colcon.colcon_core.package_identification:_identify(examples) by extension 'cmake'
[0.335s] Level 1:colcon.colcon_core.package_identification:_identify(examples) by extension 'python'
[0.336s] Level 1:colcon.colcon_core.package_identification:_identify(examples) by extensions ['python_setup_py']
[0.336s] Level 1:colcon.colcon_core.package_identification:_identify(examples) by extension 'python_setup_py'
[0.336s] Level 1:colcon.colcon_core.package_identification:_identify(examples/audio) by extensions ['ignore', 'ignore_ament_install']
[0.336s] Level 1:colcon.colcon_core.package_identification:_identify(examples/audio) by extension 'ignore'
[0.336s] Level 1:colcon.colcon_core.package_identification:_identify(examples/audio) by extension 'ignore_ament_install'
[0.336s] Level 1:colcon.colcon_core.package_identification:_identify(examples/audio) by extensions ['colcon_pkg']
[0.336s] Level 1:colcon.colcon_core.package_identification:_identify(examples/audio) by extension 'colcon_pkg'
[0.336s] Level 1:colcon.colcon_core.package_identification:_identify(examples/audio) by extensions ['colcon_meta']
[0.336s] Level 1:colcon.colcon_core.package_identification:_identify(examples/audio) by extension 'colcon_meta'
[0.336s] Level 1:colcon.colcon_core.package_identification:_identify(examples/audio) by extensions ['ros']
[0.336s] Level 1:colcon.colcon_core.package_identification:_identify(examples/audio) by extension 'ros'
[0.336s] Level 1:colcon.colcon_core.package_identification:_identify(examples/audio) by extensions ['cmake', 'python']
[0.336s] Level 1:colcon.colcon_core.package_identification:_identify(examples/audio) by extension 'cmake'
[0.336s] Level 1:colcon.colcon_core.package_identification:_identify(examples/audio) by extension 'python'
[0.336s] Level 1:colcon.colcon_core.package_identification:_identify(examples/audio) by extensions ['python_setup_py']
[0.336s] Level 1:colcon.colcon_core.package_identification:_identify(examples/audio) by extension 'python_setup_py'
[0.337s] Level 1:colcon.colcon_core.package_identification:_identify(examples/braccio) by extensions ['ignore', 'ignore_ament_install']
[0.337s] Level 1:colcon.colcon_core.package_identification:_identify(examples/braccio) by extension 'ignore'
[0.337s] Level 1:colcon.colcon_core.package_identification:_identify(examples/braccio) by extension 'ignore_ament_install'
[0.337s] Level 1:colcon.colcon_core.package_identification:_identify(examples/braccio) by extensions ['colcon_pkg']
[0.337s] Level 1:colcon.colcon_core.package_identification:_identify(examples/braccio) by extension 'colcon_pkg'
[0.337s] Level 1:colcon.colcon_core.package_identification:_identify(examples/braccio) by extensions ['colcon_meta']
[0.337s] Level 1:colcon.colcon_core.package_identification:_identify(examples/braccio) by extension 'colcon_meta'
[0.337s] Level 1:colcon.colcon_core.package_identification:_identify(examples/braccio) by extensions ['ros']
[0.337s] Level 1:colcon.colcon_core.package_identification:_identify(examples/braccio) by extension 'ros'
[0.337s] Level 1:colcon.colcon_core.package_identification:_identify(examples/braccio) by extensions ['cmake', 'python']
[0.337s] Level 1:colcon.colcon_core.package_identification:_identify(examples/braccio) by extension 'cmake'
[0.337s] Level 1:colcon.colcon_core.package_identification:_identify(examples/braccio) by extension 'python'
[0.337s] Level 1:colcon.colcon_core.package_identification:_identify(examples/braccio) by extensions ['python_setup_py']
[0.338s] Level 1:colcon.colcon_core.package_identification:_identify(examples/braccio) by extension 'python_setup_py'
[0.338s] Level 1:colcon.colcon_core.package_identification:_identify(examples/braccio/arduino_code) by extensions ['ignore', 'ignore_ament_install']
[0.338s] Level 1:colcon.colcon_core.package_identification:_identify(examples/braccio/arduino_code) by extension 'ignore'
[0.338s] Level 1:colcon.colcon_core.package_identification:_identify(examples/braccio/arduino_code) by extension 'ignore_ament_install'
[0.338s] Level 1:colcon.colcon_core.package_identification:_identify(examples/braccio/arduino_code) by extensions ['colcon_pkg']
[0.338s] Level 1:colcon.colcon_core.package_identification:_identify(examples/braccio/arduino_code) by extension 'colcon_pkg'
[0.338s] Level 1:colcon.colcon_core.package_identification:_identify(examples/braccio/arduino_code) by extensions ['colcon_meta']
[0.338s] Level 1:colcon.colcon_core.package_identification:_identify(examples/braccio/arduino_code) by extension 'colcon_meta'
[0.338s] Level 1:colcon.colcon_core.package_identification:_identify(examples/braccio/arduino_code) by extensions ['ros']
[0.339s] Level 1:colcon.colcon_core.package_identification:_identify(examples/braccio/arduino_code) by extension 'ros'
[0.339s] Level 1:colcon.colcon_core.package_identification:_identify(examples/braccio/arduino_code) by extensions ['cmake', 'python']
[0.339s] Level 1:colcon.colcon_core.package_identification:_identify(examples/braccio/arduino_code) by extension 'cmake'
[0.339s] Level 1:colcon.colcon_core.package_identification:_identify(examples/braccio/arduino_code) by extension 'python'
[0.339s] Level 1:colcon.colcon_core.package_identification:_identify(examples/braccio/arduino_code) by extensions ['python_setup_py']
[0.339s] Level 1:colcon.colcon_core.package_identification:_identify(examples/braccio/arduino_code) by extension 'python_setup_py'
[0.340s] Level 1:colcon.colcon_core.package_identification:_identify(examples/flask) by extensions ['ignore', 'ignore_ament_install']
[0.340s] Level 1:colcon.colcon_core.package_identification:_identify(examples/flask) by extension 'ignore'
[0.340s] Level 1:colcon.colcon_core.package_identification:_identify(examples/flask) by extension 'ignore_ament_install'
[0.340s] Level 1:colcon.colcon_core.package_identification:_identify(examples/flask) by extensions ['colcon_pkg']
[0.340s] Level 1:colcon.colcon_core.package_identification:_identify(examples/flask) by extension 'colcon_pkg'
[0.340s] Level 1:colcon.colcon_core.package_identification:_identify(examples/flask) by extensions ['colcon_meta']
[0.340s] Level 1:colcon.colcon_core.package_identification:_identify(examples/flask) by extension 'colcon_meta'
[0.340s] Level 1:colcon.colcon_core.package_identification:_identify(examples/flask) by extensions ['ros']
[0.340s] Level 1:colcon.colcon_core.package_identification:_identify(examples/flask) by extension 'ros'
[0.340s] Level 1:colcon.colcon_core.package_identification:_identify(examples/flask) by extensions ['cmake', 'python']
[0.340s] Level 1:colcon.colcon_core.package_identification:_identify(examples/flask) by extension 'cmake'
[0.341s] Level 1:colcon.colcon_core.package_identification:_identify(examples/flask) by extension 'python'
[0.341s] Level 1:colcon.colcon_core.package_identification:_identify(examples/flask) by extensions ['python_setup_py']
[0.341s] Level 1:colcon.colcon_core.package_identification:_identify(examples/flask) by extension 'python_setup_py'
[0.341s] Level 1:colcon.colcon_core.package_identification:_identify(examples/flask/extensions) by extensions ['ignore', 'ignore_ament_install']
[0.341s] Level 1:colcon.colcon_core.package_identification:_identify(examples/flask/extensions) by extension 'ignore'
[0.341s] Level 1:colcon.colcon_core.package_identification:_identify(examples/flask/extensions) by extension 'ignore_ament_install'
[0.341s] Level 1:colcon.colcon_core.package_identification:_identify(examples/flask/extensions) by extensions ['colcon_pkg']
[0.341s] Level 1:colcon.colcon_core.package_identification:_identify(examples/flask/extensions) by extension 'colcon_pkg'
[0.341s] Level 1:colcon.colcon_core.package_identification:_identify(examples/flask/extensions) by extensions ['colcon_meta']
[0.341s] Level 1:colcon.colcon_core.package_identification:_identify(examples/flask/extensions) by extension 'colcon_meta'
[0.341s] Level 1:colcon.colcon_core.package_identification:_identify(examples/flask/extensions) by extensions ['ros']
[0.341s] Level 1:colcon.colcon_core.package_identification:_identify(examples/flask/extensions) by extension 'ros'
[0.341s] Level 1:colcon.colcon_core.package_identification:_identify(examples/flask/extensions) by extensions ['cmake', 'python']
[0.341s] Level 1:colcon.colcon_core.package_identification:_identify(examples/flask/extensions) by extension 'cmake'
[0.341s] Level 1:colcon.colcon_core.package_identification:_identify(examples/flask/extensions) by extension 'python'
[0.341s] Level 1:colcon.colcon_core.package_identification:_identify(examples/flask/extensions) by extensions ['python_setup_py']
[0.342s] Level 1:colcon.colcon_core.package_identification:_identify(examples/flask/extensions) by extension 'python_setup_py'
[0.342s] Level 1:colcon.colcon_core.package_identification:_identify(examples/flask/static) by extensions ['ignore', 'ignore_ament_install']
[0.342s] Level 1:colcon.colcon_core.package_identification:_identify(examples/flask/static) by extension 'ignore'
[0.342s] Level 1:colcon.colcon_core.package_identification:_identify(examples/flask/static) by extension 'ignore_ament_install'
[0.342s] Level 1:colcon.colcon_core.package_identification:_identify(examples/flask/static) by extensions ['colcon_pkg']
[0.342s] Level 1:colcon.colcon_core.package_identification:_identify(examples/flask/static) by extension 'colcon_pkg'
[0.342s] Level 1:colcon.colcon_core.package_identification:_identify(examples/flask/static) by extensions ['colcon_meta']
[0.342s] Level 1:colcon.colcon_core.package_identification:_identify(examples/flask/static) by extension 'colcon_meta'
[0.342s] Level 1:colcon.colcon_core.package_identification:_identify(examples/flask/static) by extensions ['ros']
[0.342s] Level 1:colcon.colcon_core.package_identification:_identify(examples/flask/static) by extension 'ros'
[0.342s] Level 1:colcon.colcon_core.package_identification:_identify(examples/flask/static) by extensions ['cmake', 'python']
[0.342s] Level 1:colcon.colcon_core.package_identification:_identify(examples/flask/static) by extension 'cmake'
[0.342s] Level 1:colcon.colcon_core.package_identification:_identify(examples/flask/static) by extension 'python'
[0.342s] Level 1:colcon.colcon_core.package_identification:_identify(examples/flask/static) by extensions ['python_setup_py']
[0.342s] Level 1:colcon.colcon_core.package_identification:_identify(examples/flask/static) by extension 'python_setup_py'
[0.343s] Level 1:colcon.colcon_core.package_identification:_identify(examples/flask/static/css) by extensions ['ignore', 'ignore_ament_install']
[0.343s] Level 1:colcon.colcon_core.package_identification:_identify(examples/flask/static/css) by extension 'ignore'
[0.343s] Level 1:colcon.colcon_core.package_identification:_identify(examples/flask/static/css) by extension 'ignore_ament_install'
[0.343s] Level 1:colcon.colcon_core.package_identification:_identify(examples/flask/static/css) by extensions ['colcon_pkg']
[0.343s] Level 1:colcon.colcon_core.package_identification:_identify(examples/flask/static/css) by extension 'colcon_pkg'
[0.343s] Level 1:colcon.colcon_core.package_identification:_identify(examples/flask/static/css) by extensions ['colcon_meta']
[0.343s] Level 1:colcon.colcon_core.package_identification:_identify(examples/flask/static/css) by extension 'colcon_meta'
[0.343s] Level 1:colcon.colcon_core.package_identification:_identify(examples/flask/static/css) by extensions ['ros']
[0.343s] Level 1:colcon.colcon_core.package_identification:_identify(examples/flask/static/css) by extension 'ros'
[0.343s] Level 1:colcon.colcon_core.package_identification:_identify(examples/flask/static/css) by extensions ['cmake', 'python']
[0.343s] Level 1:colcon.colcon_core.package_identification:_identify(examples/flask/static/css) by extension 'cmake'
[0.343s] Level 1:colcon.colcon_core.package_identification:_identify(examples/flask/static/css) by extension 'python'
[0.343s] Level 1:colcon.colcon_core.package_identification:_identify(examples/flask/static/css) by extensions ['python_setup_py']
[0.343s] Level 1:colcon.colcon_core.package_identification:_identify(examples/flask/static/css) by extension 'python_setup_py'
[0.343s] Level 1:colcon.colcon_core.package_identification:_identify(examples/flask/static/images) by extensions ['ignore', 'ignore_ament_install']
[0.344s] Level 1:colcon.colcon_core.package_identification:_identify(examples/flask/static/images) by extension 'ignore'
[0.344s] Level 1:colcon.colcon_core.package_identification:_identify(examples/flask/static/images) by extension 'ignore_ament_install'
[0.344s] Level 1:colcon.colcon_core.package_identification:_identify(examples/flask/static/images) by extensions ['colcon_pkg']
[0.344s] Level 1:colcon.colcon_core.package_identification:_identify(examples/flask/static/images) by extension 'colcon_pkg'
[0.344s] Level 1:colcon.colcon_core.package_identification:_identify(examples/flask/static/images) by extensions ['colcon_meta']
[0.344s] Level 1:colcon.colcon_core.package_identification:_identify(examples/flask/static/images) by extension 'colcon_meta'
[0.344s] Level 1:colcon.colcon_core.package_identification:_identify(examples/flask/static/images) by extensions ['ros']
[0.344s] Level 1:colcon.colcon_core.package_identification:_identify(examples/flask/static/images) by extension 'ros'
[0.344s] Level 1:colcon.colcon_core.package_identification:_identify(examples/flask/static/images) by extensions ['cmake', 'python']
[0.344s] Level 1:colcon.colcon_core.package_identification:_identify(examples/flask/static/images) by extension 'cmake'
[0.344s] Level 1:colcon.colcon_core.package_identification:_identify(examples/flask/static/images) by extension 'python'
[0.344s] Level 1:colcon.colcon_core.package_identification:_identify(examples/flask/static/images) by extensions ['python_setup_py']
[0.344s] Level 1:colcon.colcon_core.package_identification:_identify(examples/flask/static/images) by extension 'python_setup_py'
[0.344s] Level 1:colcon.colcon_core.package_identification:_identify(examples/flask/templates) by extensions ['ignore', 'ignore_ament_install']
[0.344s] Level 1:colcon.colcon_core.package_identification:_identify(examples/flask/templates) by extension 'ignore'
[0.345s] Level 1:colcon.colcon_core.package_identification:_identify(examples/flask/templates) by extension 'ignore_ament_install'
[0.345s] Level 1:colcon.colcon_core.package_identification:_identify(examples/flask/templates) by extensions ['colcon_pkg']
[0.345s] Level 1:colcon.colcon_core.package_identification:_identify(examples/flask/templates) by extension 'colcon_pkg'
[0.345s] Level 1:colcon.colcon_core.package_identification:_identify(examples/flask/templates) by extensions ['colcon_meta']
[0.345s] Level 1:colcon.colcon_core.package_identification:_identify(examples/flask/templates) by extension 'colcon_meta'
[0.345s] Level 1:colcon.colcon_core.package_identification:_identify(examples/flask/templates) by extensions ['ros']
[0.345s] Level 1:colcon.colcon_core.package_identification:_identify(examples/flask/templates) by extension 'ros'
[0.345s] Level 1:colcon.colcon_core.package_identification:_identify(examples/flask/templates) by extensions ['cmake', 'python']
[0.345s] Level 1:colcon.colcon_core.package_identification:_identify(examples/flask/templates) by extension 'cmake'
[0.345s] Level 1:colcon.colcon_core.package_identification:_identify(examples/flask/templates) by extension 'python'
[0.345s] Level 1:colcon.colcon_core.package_identification:_identify(examples/flask/templates) by extensions ['python_setup_py']
[0.345s] Level 1:colcon.colcon_core.package_identification:_identify(examples/flask/templates) by extension 'python_setup_py'
[0.345s] Level 1:colcon.colcon_core.package_identification:_identify(examples/flask/templates/main) by extensions ['ignore', 'ignore_ament_install']
[0.345s] Level 1:colcon.colcon_core.package_identification:_identify(examples/flask/templates/main) by extension 'ignore'
[0.345s] Level 1:colcon.colcon_core.package_identification:_identify(examples/flask/templates/main) by extension 'ignore_ament_install'
[0.345s] Level 1:colcon.colcon_core.package_identification:_identify(examples/flask/templates/main) by extensions ['colcon_pkg']
[0.345s] Level 1:colcon.colcon_core.package_identification:_identify(examples/flask/templates/main) by extension 'colcon_pkg'
[0.346s] Level 1:colcon.colcon_core.package_identification:_identify(examples/flask/templates/main) by extensions ['colcon_meta']
[0.346s] Level 1:colcon.colcon_core.package_identification:_identify(examples/flask/templates/main) by extension 'colcon_meta'
[0.346s] Level 1:colcon.colcon_core.package_identification:_identify(examples/flask/templates/main) by extensions ['ros']
[0.346s] Level 1:colcon.colcon_core.package_identification:_identify(examples/flask/templates/main) by extension 'ros'
[0.346s] Level 1:colcon.colcon_core.package_identification:_identify(examples/flask/templates/main) by extensions ['cmake', 'python']
[0.346s] Level 1:colcon.colcon_core.package_identification:_identify(examples/flask/templates/main) by extension 'cmake'
[0.346s] Level 1:colcon.colcon_core.package_identification:_identify(examples/flask/templates/main) by extension 'python'
[0.346s] Level 1:colcon.colcon_core.package_identification:_identify(examples/flask/templates/main) by extensions ['python_setup_py']
[0.346s] Level 1:colcon.colcon_core.package_identification:_identify(examples/flask/templates/main) by extension 'python_setup_py'
[0.346s] Level 1:colcon.colcon_core.package_identification:_identify(examples/gear) by extensions ['ignore', 'ignore_ament_install']
[0.346s] Level 1:colcon.colcon_core.package_identification:_identify(examples/gear) by extension 'ignore'
[0.346s] Level 1:colcon.colcon_core.package_identification:_identify(examples/gear) by extension 'ignore_ament_install'
[0.346s] Level 1:colcon.colcon_core.package_identification:_identify(examples/gear) by extensions ['colcon_pkg']
[0.346s] Level 1:colcon.colcon_core.package_identification:_identify(examples/gear) by extension 'colcon_pkg'
[0.346s] Level 1:colcon.colcon_core.package_identification:_identify(examples/gear) by extensions ['colcon_meta']
[0.346s] Level 1:colcon.colcon_core.package_identification:_identify(examples/gear) by extension 'colcon_meta'
[0.346s] Level 1:colcon.colcon_core.package_identification:_identify(examples/gear) by extensions ['ros']
[0.346s] Level 1:colcon.colcon_core.package_identification:_identify(examples/gear) by extension 'ros'
[0.347s] Level 1:colcon.colcon_core.package_identification:_identify(examples/gear) by extensions ['cmake', 'python']
[0.347s] Level 1:colcon.colcon_core.package_identification:_identify(examples/gear) by extension 'cmake'
[0.347s] Level 1:colcon.colcon_core.package_identification:_identify(examples/gear) by extension 'python'
[0.347s] Level 1:colcon.colcon_core.package_identification:_identify(examples/gear) by extensions ['python_setup_py']
[0.347s] Level 1:colcon.colcon_core.package_identification:_identify(examples/gear) by extension 'python_setup_py'
[0.347s] Level 1:colcon.colcon_core.package_identification:_identify(examples/speech) by extensions ['ignore', 'ignore_ament_install']
[0.347s] Level 1:colcon.colcon_core.package_identification:_identify(examples/speech) by extension 'ignore'
[0.347s] Level 1:colcon.colcon_core.package_identification:_identify(examples/speech) by extension 'ignore_ament_install'
[0.347s] Level 1:colcon.colcon_core.package_identification:_identify(examples/speech) by extensions ['colcon_pkg']
[0.347s] Level 1:colcon.colcon_core.package_identification:_identify(examples/speech) by extension 'colcon_pkg'
[0.347s] Level 1:colcon.colcon_core.package_identification:_identify(examples/speech) by extensions ['colcon_meta']
[0.347s] Level 1:colcon.colcon_core.package_identification:_identify(examples/speech) by extension 'colcon_meta'
[0.347s] Level 1:colcon.colcon_core.package_identification:_identify(examples/speech) by extensions ['ros']
[0.347s] Level 1:colcon.colcon_core.package_identification:_identify(examples/speech) by extension 'ros'
[0.347s] Level 1:colcon.colcon_core.package_identification:_identify(examples/speech) by extensions ['cmake', 'python']
[0.348s] Level 1:colcon.colcon_core.package_identification:_identify(examples/speech) by extension 'cmake'
[0.348s] Level 1:colcon.colcon_core.package_identification:_identify(examples/speech) by extension 'python'
[0.348s] Level 1:colcon.colcon_core.package_identification:_identify(examples/speech) by extensions ['python_setup_py']
[0.348s] Level 1:colcon.colcon_core.package_identification:_identify(examples/speech) by extension 'python_setup_py'
[0.348s] Level 1:colcon.colcon_core.package_identification:_identify(install) by extensions ['ignore', 'ignore_ament_install']
[0.348s] Level 1:colcon.colcon_core.package_identification:_identify(install) by extension 'ignore'
[0.348s] Level 1:colcon.colcon_core.package_identification:_identify(install) ignored
[0.348s] Level 1:colcon.colcon_core.package_identification:_identify(log) by extensions ['ignore', 'ignore_ament_install']
[0.348s] Level 1:colcon.colcon_core.package_identification:_identify(log) by extension 'ignore'
[0.348s] Level 1:colcon.colcon_core.package_identification:_identify(log) ignored
[0.348s] Level 1:colcon.colcon_core.package_identification:_identify(src) by extensions ['ignore', 'ignore_ament_install']
[0.348s] Level 1:colcon.colcon_core.package_identification:_identify(src) by extension 'ignore'
[0.348s] Level 1:colcon.colcon_core.package_identification:_identify(src) by extension 'ignore_ament_install'
[0.349s] Level 1:colcon.colcon_core.package_identification:_identify(src) by extensions ['colcon_pkg']
[0.349s] Level 1:colcon.colcon_core.package_identification:_identify(src) by extension 'colcon_pkg'
[0.349s] Level 1:colcon.colcon_core.package_identification:_identify(src) by extensions ['colcon_meta']
[0.349s] Level 1:colcon.colcon_core.package_identification:_identify(src) by extension 'colcon_meta'
[0.349s] Level 1:colcon.colcon_core.package_identification:_identify(src) by extensions ['ros']
[0.349s] Level 1:colcon.colcon_core.package_identification:_identify(src) by extension 'ros'
[0.349s] Level 1:colcon.colcon_core.package_identification:_identify(src) by extensions ['cmake', 'python']
[0.349s] Level 1:colcon.colcon_core.package_identification:_identify(src) by extension 'cmake'
[0.349s] Level 1:colcon.colcon_core.package_identification:_identify(src) by extension 'python'
[0.349s] Level 1:colcon.colcon_core.package_identification:_identify(src) by extensions ['python_setup_py']
[0.349s] Level 1:colcon.colcon_core.package_identification:_identify(src) by extension 'python_setup_py'
[0.349s] Level 1:colcon.colcon_core.package_identification:_identify(src/tactigon_msgs) by extensions ['ignore', 'ignore_ament_install']
[0.349s] Level 1:colcon.colcon_core.package_identification:_identify(src/tactigon_msgs) by extension 'ignore'
[0.350s] Level 1:colcon.colcon_core.package_identification:_identify(src/tactigon_msgs) by extension 'ignore_ament_install'
[0.350s] Level 1:colcon.colcon_core.package_identification:_identify(src/tactigon_msgs) by extensions ['colcon_pkg']
[0.350s] Level 1:colcon.colcon_core.package_identification:_identify(src/tactigon_msgs) by extension 'colcon_pkg'
[0.350s] Level 1:colcon.colcon_core.package_identification:_identify(src/tactigon_msgs) by extensions ['colcon_meta']
[0.350s] Level 1:colcon.colcon_core.package_identification:_identify(src/tactigon_msgs) by extension 'colcon_meta'
[0.350s] Level 1:colcon.colcon_core.package_identification:_identify(src/tactigon_msgs) by extensions ['ros']
[0.350s] Level 1:colcon.colcon_core.package_identification:_identify(src/tactigon_msgs) by extension 'ros'
[0.356s] DEBUG:colcon.colcon_core.package_identification:Package 'src/tactigon_msgs' with type 'ros.ament_cmake' and name 'tactigon_msgs'
[0.357s] Level 1:colcon.colcon_core.package_identification:_identify(src/tactigon_ros) by extensions ['ignore', 'ignore_ament_install']
[0.357s] Level 1:colcon.colcon_core.package_identification:_identify(src/tactigon_ros) by extension 'ignore'
[0.357s] Level 1:colcon.colcon_core.package_identification:_identify(src/tactigon_ros) by extension 'ignore_ament_install'
[0.357s] Level 1:colcon.colcon_core.package_identification:_identify(src/tactigon_ros) by extensions ['colcon_pkg']
[0.357s] Level 1:colcon.colcon_core.package_identification:_identify(src/tactigon_ros) by extension 'colcon_pkg'
[0.357s] Level 1:colcon.colcon_core.package_identification:_identify(src/tactigon_ros) by extensions ['colcon_meta']
[0.357s] Level 1:colcon.colcon_core.package_identification:_identify(src/tactigon_ros) by extension 'colcon_meta'
[0.357s] Level 1:colcon.colcon_core.package_identification:_identify(src/tactigon_ros) by extensions ['ros']
[0.357s] Level 1:colcon.colcon_core.package_identification:_identify(src/tactigon_ros) by extension 'ros'
[0.359s] DEBUG:colcon.colcon_core.package_identification:Package 'src/tactigon_ros' with type 'ros.ament_python' and name 'tactigon_ros'
[0.359s] Level 1:colcon.colcon_core.package_discovery:discover_packages(recursive) using defaults
[0.359s] Level 1:colcon.colcon_core.package_discovery:discover_packages(ignore) discover
[0.359s] Level 1:colcon.colcon_core.package_discovery:discover_packages(ignore) using defaults
[0.359s] Level 1:colcon.colcon_core.package_discovery:discover_packages(path) discover
[0.359s] Level 1:colcon.colcon_core.package_discovery:discover_packages(path) using defaults
[0.393s] Level 1:colcon.colcon_core.package_discovery:discover_packages(prefix_path) check parameters
[0.393s] Level 1:colcon.colcon_core.package_discovery:discover_packages(prefix_path) discover
[0.397s] DEBUG:colcon.colcon_installed_package_information.package_discovery:Found 2 installed packages in /home/banjov2/ros2_ws/install
[0.398s] DEBUG:colcon.colcon_installed_package_information.package_discovery:Found 285 installed packages in /opt/ros/jazzy
[0.399s] Level 1:colcon.colcon_core.package_discovery:discover_packages(prefix_path) using defaults
[0.454s] Level 5:colcon.colcon_core.verb:set package 'tactigon_msgs' build argument 'cmake_args' from command line to 'None'
[0.454s] Level 5:colcon.colcon_core.verb:set package 'tactigon_msgs' build argument 'cmake_target' from command line to 'None'
[0.454s] Level 5:colcon.colcon_core.verb:set package 'tactigon_msgs' build argument 'cmake_target_skip_unavailable' from command line to 'False'
[0.454s] Level 5:colcon.colcon_core.verb:set package 'tactigon_msgs' build argument 'cmake_clean_cache' from command line to 'False'
[0.454s] Level 5:colcon.colcon_core.verb:set package 'tactigon_msgs' build argument 'cmake_clean_first' from command line to 'False'
[0.454s] Level 5:colcon.colcon_core.verb:set package 'tactigon_msgs' build argument 'cmake_force_configure' from command line to 'False'
[0.454s] Level 5:colcon.colcon_core.verb:set package 'tactigon_msgs' build argument 'ament_cmake_args' from command line to 'None'
[0.454s] Level 5:colcon.colcon_core.verb:set package 'tactigon_msgs' build argument 'catkin_cmake_args' from command line to 'None'
[0.454s] Level 5:colcon.colcon_core.verb:set package 'tactigon_msgs' build argument 'catkin_skip_building_tests' from command line to 'False'
[0.454s] DEBUG:colcon.colcon_core.verb:Building package 'tactigon_msgs' with the following arguments: {'ament_cmake_args': None, 'build_base': '/home/banjov2/ros2_ws/build/tactigon_msgs', 'catkin_cmake_args': None, 'catkin_skip_building_tests': False, 'cmake_args': None, 'cmake_clean_cache': False, 'cmake_clean_first': False, 'cmake_force_configure': False, 'cmake_target': None, 'cmake_target_skip_unavailable': False, 'install_base': '/home/banjov2/ros2_ws/install/tactigon_msgs', 'merge_install': False, 'path': '/home/banjov2/ros2_ws/src/tactigon_msgs', 'symlink_install': False, 'test_result_base': None}
[0.455s] Level 5:colcon.colcon_core.verb:set package 'tactigon_ros' build argument 'cmake_args' from command line to 'None'
[0.455s] Level 5:colcon.colcon_core.verb:set package 'tactigon_ros' build argument 'cmake_target' from command line to 'None'
[0.455s] Level 5:colcon.colcon_core.verb:set package 'tactigon_ros' build argument 'cmake_target_skip_unavailable' from command line to 'False'
[0.455s] Level 5:colcon.colcon_core.verb:set package 'tactigon_ros' build argument 'cmake_clean_cache' from command line to 'False'
[0.455s] Level 5:colcon.colcon_core.verb:set package 'tactigon_ros' build argument 'cmake_clean_first' from command line to 'False'
[0.455s] Level 5:colcon.colcon_core.verb:set package 'tactigon_ros' build argument 'cmake_force_configure' from command line to 'False'
[0.455s] Level 5:colcon.colcon_core.verb:set package 'tactigon_ros' build argument 'ament_cmake_args' from command line to 'None'
[0.455s] Level 5:colcon.colcon_core.verb:set package 'tactigon_ros' build argument 'catkin_cmake_args' from command line to 'None'
[0.455s] Level 5:colcon.colcon_core.verb:set package 'tactigon_ros' build argument 'catkin_skip_building_tests' from command line to 'False'
[0.455s] DEBUG:colcon.colcon_core.verb:Building package 'tactigon_ros' with the following arguments: {'ament_cmake_args': None, 'build_base': '/home/banjov2/ros2_ws/build/tactigon_ros', 'catkin_cmake_args': None, 'catkin_skip_building_tests': False, 'cmake_args': None, 'cmake_clean_cache': False, 'cmake_clean_first': False, 'cmake_force_configure': False, 'cmake_target': None, 'cmake_target_skip_unavailable': False, 'install_base': '/home/banjov2/ros2_ws/install/tactigon_ros', 'merge_install': False, 'path': '/home/banjov2/ros2_ws/src/tactigon_ros', 'symlink_install': False, 'test_result_base': None}
[0.456s] INFO:colcon.colcon_core.executor:Executing jobs using 'parallel' executor
[0.457s] DEBUG:colcon.colcon_parallel_executor.executor.parallel:run_until_complete
[0.457s] INFO:colcon.colcon_ros.task.ament_cmake.build:Building ROS package in '/home/banjov2/ros2_ws/src/tactigon_msgs' with build type 'ament_cmake'
[0.457s] INFO:colcon.colcon_cmake.task.cmake.build:Building CMake package in '/home/banjov2/ros2_ws/src/tactigon_msgs'
[0.462s] INFO:colcon.colcon_core.plugin_system:Skipping extension 'colcon_core.shell.bat': Not used on non-Windows systems
[0.462s] INFO:colcon.colcon_core.shell:Skip shell extension 'powershell' for command environment: Not usable outside of PowerShell
[0.462s] DEBUG:colcon.colcon_core.shell:Skip shell extension 'dsv' for command environment
[0.474s] DEBUG:colcon.colcon_core.event_handler.log_command:Invoking command in '/home/banjov2/ros2_ws/build/tactigon_msgs': CMAKE_PREFIX_PATH=${CMAKE_PREFIX_PATH}:/home/banjov2/ros2_ws/install/tactigon_ros:/opt/ros/jazzy DEBUGINFOD_URLS=https://debuginfod.ubuntu.com /usr/bin/cmake --build /home/banjov2/ros2_ws/build/tactigon_msgs -- -j8 -l8
[1.209s] DEBUG:colcon.colcon_core.event_handler.log_command:Invoked command in '/home/banjov2/ros2_ws/build/tactigon_msgs' returned '0': CMAKE_PREFIX_PATH=${CMAKE_PREFIX_PATH}:/home/banjov2/ros2_ws/install/tactigon_ros:/opt/ros/jazzy DEBUGINFOD_URLS=https://debuginfod.ubuntu.com /usr/bin/cmake --build /home/banjov2/ros2_ws/build/tactigon_msgs -- -j8 -l8
[1.221s] DEBUG:colcon.colcon_core.event_handler.log_command:Invoking command in '/home/banjov2/ros2_ws/build/tactigon_msgs': CMAKE_PREFIX_PATH=${CMAKE_PREFIX_PATH}:/home/banjov2/ros2_ws/install/tactigon_ros:/opt/ros/jazzy DEBUGINFOD_URLS=https://debuginfod.ubuntu.com /usr/bin/cmake --install /home/banjov2/ros2_ws/build/tactigon_msgs
[1.329s] Level 1:colcon.colcon_core.environment:create_environment_scripts_only(tactigon_msgs)
[1.330s] DEBUG:colcon.colcon_core.event_handler.log_command:Invoked command in '/home/banjov2/ros2_ws/build/tactigon_msgs' returned '0': CMAKE_PREFIX_PATH=${CMAKE_PREFIX_PATH}:/home/banjov2/ros2_ws/install/tactigon_ros:/opt/ros/jazzy DEBUGINFOD_URLS=https://debuginfod.ubuntu.com /usr/bin/cmake --install /home/banjov2/ros2_ws/build/tactigon_msgs
[1.336s] Level 1:colcon.colcon_core.environment:checking '/home/banjov2/ros2_ws/install/tactigon_msgs' for CMake module files
[1.337s] Level 1:colcon.colcon_core.environment:checking '/home/banjov2/ros2_ws/install/tactigon_msgs' for CMake config files
[1.337s] Level 1:colcon.colcon_core.shell:create_environment_hook('tactigon_msgs', 'cmake_prefix_path')
[1.337s] INFO:colcon.colcon_core.shell:Creating environment hook '/home/banjov2/ros2_ws/install/tactigon_msgs/share/tactigon_msgs/hook/cmake_prefix_path.ps1'
[1.339s] INFO:colcon.colcon_core.shell:Creating environment descriptor '/home/banjov2/ros2_ws/install/tactigon_msgs/share/tactigon_msgs/hook/cmake_prefix_path.dsv'
[1.339s] INFO:colcon.colcon_core.shell:Creating environment hook '/home/banjov2/ros2_ws/install/tactigon_msgs/share/tactigon_msgs/hook/cmake_prefix_path.sh'
[1.342s] Level 1:colcon.colcon_core.environment:checking '/home/banjov2/ros2_ws/install/tactigon_msgs/lib'
[1.342s] Level 1:colcon.colcon_core.shell:create_environment_hook('tactigon_msgs', 'ld_library_path_lib')
[1.343s] INFO:colcon.colcon_core.shell:Creating environment hook '/home/banjov2/ros2_ws/install/tactigon_msgs/share/tactigon_msgs/hook/ld_library_path_lib.ps1'
[1.343s] INFO:colcon.colcon_core.shell:Creating environment descriptor '/home/banjov2/ros2_ws/install/tactigon_msgs/share/tactigon_msgs/hook/ld_library_path_lib.dsv'
[1.344s] INFO:colcon.colcon_core.shell:Creating environment hook '/home/banjov2/ros2_ws/install/tactigon_msgs/share/tactigon_msgs/hook/ld_library_path_lib.sh'
[1.344s] Level 1:colcon.colcon_core.environment:checking '/home/banjov2/ros2_ws/install/tactigon_msgs/bin'
[1.344s] Level 1:colcon.colcon_core.environment:checking '/home/banjov2/ros2_ws/install/tactigon_msgs/lib/pkgconfig/tactigon_msgs.pc'
[1.345s] Level 1:colcon.colcon_core.environment:checking '/home/banjov2/ros2_ws/install/tactigon_msgs/lib/python3.12/site-packages'
[1.345s] Level 1:colcon.colcon_core.shell:create_environment_hook('tactigon_msgs', 'pythonpath')
[1.345s] INFO:colcon.colcon_core.shell:Creating environment hook '/home/banjov2/ros2_ws/install/tactigon_msgs/share/tactigon_msgs/hook/pythonpath.ps1'
[1.346s] INFO:colcon.colcon_core.shell:Creating environment descriptor '/home/banjov2/ros2_ws/install/tactigon_msgs/share/tactigon_msgs/hook/pythonpath.dsv'
[1.346s] INFO:colcon.colcon_core.shell:Creating environment hook '/home/banjov2/ros2_ws/install/tactigon_msgs/share/tactigon_msgs/hook/pythonpath.sh'
[1.347s] Level 1:colcon.colcon_core.environment:checking '/home/banjov2/ros2_ws/install/tactigon_msgs/bin'
[1.348s] INFO:colcon.colcon_core.shell:Creating package script '/home/banjov2/ros2_ws/install/tactigon_msgs/share/tactigon_msgs/package.ps1'
[1.349s] INFO:colcon.colcon_core.shell:Creating package descriptor '/home/banjov2/ros2_ws/install/tactigon_msgs/share/tactigon_msgs/package.dsv'
[1.350s] INFO:colcon.colcon_core.shell:Creating package script '/home/banjov2/ros2_ws/install/tactigon_msgs/share/tactigon_msgs/package.sh'
[1.352s] INFO:colcon.colcon_core.shell:Creating package script '/home/banjov2/ros2_ws/install/tactigon_msgs/share/tactigon_msgs/package.bash'
[1.353s] INFO:colcon.colcon_core.shell:Creating package script '/home/banjov2/ros2_ws/install/tactigon_msgs/share/tactigon_msgs/package.zsh'
[1.353s] Level 1:colcon.colcon_core.environment:create_file_with_runtime_dependencies(/home/banjov2/ros2_ws/install/tactigon_msgs/share/colcon-core/packages/tactigon_msgs)
[1.354s] Level 1:colcon.colcon_core.environment:create_environment_scripts_only(tactigon_msgs)
[1.355s] Level 1:colcon.colcon_core.environment:checking '/home/banjov2/ros2_ws/install/tactigon_msgs' for CMake module files
[1.355s] Level 1:colcon.colcon_core.environment:checking '/home/banjov2/ros2_ws/install/tactigon_msgs' for CMake config files
[1.356s] Level 1:colcon.colcon_core.shell:create_environment_hook('tactigon_msgs', 'cmake_prefix_path')
[1.356s] INFO:colcon.colcon_core.shell:Creating environment hook '/home/banjov2/ros2_ws/install/tactigon_msgs/share/tactigon_msgs/hook/cmake_prefix_path.ps1'
[1.357s] INFO:colcon.colcon_core.shell:Creating environment descriptor '/home/banjov2/ros2_ws/install/tactigon_msgs/share/tactigon_msgs/hook/cmake_prefix_path.dsv'
[1.358s] INFO:colcon.colcon_core.shell:Creating environment hook '/home/banjov2/ros2_ws/install/tactigon_msgs/share/tactigon_msgs/hook/cmake_prefix_path.sh'
[1.359s] Level 1:colcon.colcon_core.environment:checking '/home/banjov2/ros2_ws/install/tactigon_msgs/lib'
[1.359s] Level 1:colcon.colcon_core.shell:create_environment_hook('tactigon_msgs', 'ld_library_path_lib')
[1.359s] INFO:colcon.colcon_core.shell:Creating environment hook '/home/banjov2/ros2_ws/install/tactigon_msgs/share/tactigon_msgs/hook/ld_library_path_lib.ps1'
[1.360s] INFO:colcon.colcon_core.shell:Creating environment descriptor '/home/banjov2/ros2_ws/install/tactigon_msgs/share/tactigon_msgs/hook/ld_library_path_lib.dsv'
[1.361s] INFO:colcon.colcon_core.shell:Creating environment hook '/home/banjov2/ros2_ws/install/tactigon_msgs/share/tactigon_msgs/hook/ld_library_path_lib.sh'
[1.361s] Level 1:colcon.colcon_core.environment:checking '/home/banjov2/ros2_ws/install/tactigon_msgs/bin'
[1.362s] Level 1:colcon.colcon_core.environment:checking '/home/banjov2/ros2_ws/install/tactigon_msgs/lib/pkgconfig/tactigon_msgs.pc'
[1.362s] Level 1:colcon.colcon_core.environment:checking '/home/banjov2/ros2_ws/install/tactigon_msgs/lib/python3.12/site-packages'
[1.362s] Level 1:colcon.colcon_core.shell:create_environment_hook('tactigon_msgs', 'pythonpath')
[1.362s] INFO:colcon.colcon_core.shell:Creating environment hook '/home/banjov2/ros2_ws/install/tactigon_msgs/share/tactigon_msgs/hook/pythonpath.ps1'
[1.363s] INFO:colcon.colcon_core.shell:Creating environment descriptor '/home/banjov2/ros2_ws/install/tactigon_msgs/share/tactigon_msgs/hook/pythonpath.dsv'
[1.364s] INFO:colcon.colcon_core.shell:Creating environment hook '/home/banjov2/ros2_ws/install/tactigon_msgs/share/tactigon_msgs/hook/pythonpath.sh'
[1.365s] Level 1:colcon.colcon_core.environment:checking '/home/banjov2/ros2_ws/install/tactigon_msgs/bin'
[1.365s] INFO:colcon.colcon_core.shell:Creating package script '/home/banjov2/ros2_ws/install/tactigon_msgs/share/tactigon_msgs/package.ps1'
[1.366s] INFO:colcon.colcon_core.shell:Creating package descriptor '/home/banjov2/ros2_ws/install/tactigon_msgs/share/tactigon_msgs/package.dsv'
[1.367s] INFO:colcon.colcon_core.shell:Creating package script '/home/banjov2/ros2_ws/install/tactigon_msgs/share/tactigon_msgs/package.sh'
[1.368s] INFO:colcon.colcon_core.shell:Creating package script '/home/banjov2/ros2_ws/install/tactigon_msgs/share/tactigon_msgs/package.bash'
[1.369s] INFO:colcon.colcon_core.shell:Creating package script '/home/banjov2/ros2_ws/install/tactigon_msgs/share/tactigon_msgs/package.zsh'
[1.371s] Level 1:colcon.colcon_core.environment:create_file_with_runtime_dependencies(/home/banjov2/ros2_ws/install/tactigon_msgs/share/colcon-core/packages/tactigon_msgs)
[1.371s] INFO:colcon.colcon_ros.task.ament_python.build:Building ROS package in '/home/banjov2/ros2_ws/src/tactigon_ros' with build type 'ament_python'
[1.372s] Level 1:colcon.colcon_core.shell:create_environment_hook('tactigon_ros', 'ament_prefix_path')
[1.372s] INFO:colcon.colcon_core.shell:Creating environment hook '/home/banjov2/ros2_ws/install/tactigon_ros/share/tactigon_ros/hook/ament_prefix_path.ps1'
[1.373s] INFO:colcon.colcon_core.shell:Creating environment descriptor '/home/banjov2/ros2_ws/install/tactigon_ros/share/tactigon_ros/hook/ament_prefix_path.dsv'
[1.374s] INFO:colcon.colcon_core.shell:Creating environment hook '/home/banjov2/ros2_ws/install/tactigon_ros/share/tactigon_ros/hook/ament_prefix_path.sh'
[1.375s] INFO:colcon.colcon_core.shell:Skip shell extension 'powershell' for command environment: Not usable outside of PowerShell
[1.375s] DEBUG:colcon.colcon_core.shell:Skip shell extension 'dsv' for command environment
[1.681s] INFO:colcon.colcon_core.task.python.build:Building Python package in '/home/banjov2/ros2_ws/src/tactigon_ros'
[1.681s] INFO:colcon.colcon_core.shell:Skip shell extension 'powershell' for command environment: Not usable outside of PowerShell
[1.681s] DEBUG:colcon.colcon_core.shell:Skip shell extension 'dsv' for command environment
[2.610s] DEBUG:colcon.colcon_core.event_handler.log_command:Invoking command in '/home/banjov2/ros2_ws/src/tactigon_ros': DEBUGINFOD_URLS=https://debuginfod.ubuntu.com PYTHONPATH=/home/banjov2/ros2_ws/build/tactigon_ros/prefix_override:/usr/lib/python3/dist-packages/colcon_core/task/python/colcon_distutils_commands:/home/banjov2/ros2_ws/install/tactigon_ros/lib/python3.12/site-packages:/home/banjov2/ros2_ws/install/tactigon_msgs/lib/python3.12/site-packages:/home/banjov2/ros2_ws/install/tactigon_ros/lib/python3.12/site-packages:/opt/ros/jazzy/lib/python3.12/site-packages /usr/bin/python3 -W ignore:setup.py install is deprecated -W ignore:easy_install command is deprecated setup.py egg_info --egg-base ../../build/tactigon_ros build --build-base /home/banjov2/ros2_ws/build/tactigon_ros/build install --record /home/banjov2/ros2_ws/build/tactigon_ros/install.log --single-version-externally-managed install_data
[3.272s] Level 1:colcon.colcon_core.environment:checking '/home/banjov2/ros2_ws/install/tactigon_ros' for CMake module files
[3.272s] DEBUG:colcon.colcon_core.event_handler.log_command:Invoked command in '/home/banjov2/ros2_ws/src/tactigon_ros' returned '0': DEBUGINFOD_URLS=https://debuginfod.ubuntu.com PYTHONPATH=/home/banjov2/ros2_ws/build/tactigon_ros/prefix_override:/usr/lib/python3/dist-packages/colcon_core/task/python/colcon_distutils_commands:/home/banjov2/ros2_ws/install/tactigon_ros/lib/python3.12/site-packages:/home/banjov2/ros2_ws/install/tactigon_msgs/lib/python3.12/site-packages:/home/banjov2/ros2_ws/install/tactigon_ros/lib/python3.12/site-packages:/opt/ros/jazzy/lib/python3.12/site-packages /usr/bin/python3 -W ignore:setup.py install is deprecated -W ignore:easy_install command is deprecated setup.py egg_info --egg-base ../../build/tactigon_ros build --build-base /home/banjov2/ros2_ws/build/tactigon_ros/build install --record /home/banjov2/ros2_ws/build/tactigon_ros/install.log --single-version-externally-managed install_data
[3.273s] Level 1:colcon.colcon_core.environment:checking '/home/banjov2/ros2_ws/install/tactigon_ros' for CMake config files
[3.274s] Level 1:colcon.colcon_core.environment:checking '/home/banjov2/ros2_ws/install/tactigon_ros/lib'
[3.274s] Level 1:colcon.colcon_core.environment:checking '/home/banjov2/ros2_ws/install/tactigon_ros/bin'
[3.274s] Level 1:colcon.colcon_core.environment:checking '/home/banjov2/ros2_ws/install/tactigon_ros/lib/pkgconfig/tactigon_ros.pc'
[3.274s] Level 1:colcon.colcon_core.environment:checking '/home/banjov2/ros2_ws/install/tactigon_ros/lib/python3.12/site-packages'
[3.274s] Level 1:colcon.colcon_core.shell:create_environment_hook('tactigon_ros', 'pythonpath')
[3.275s] INFO:colcon.colcon_core.shell:Creating environment hook '/home/banjov2/ros2_ws/install/tactigon_ros/share/tactigon_ros/hook/pythonpath.ps1'
[3.276s] INFO:colcon.colcon_core.shell:Creating environment descriptor '/home/banjov2/ros2_ws/install/tactigon_ros/share/tactigon_ros/hook/pythonpath.dsv'
[3.276s] INFO:colcon.colcon_core.shell:Creating environment hook '/home/banjov2/ros2_ws/install/tactigon_ros/share/tactigon_ros/hook/pythonpath.sh'
[3.277s] Level 1:colcon.colcon_core.environment:checking '/home/banjov2/ros2_ws/install/tactigon_ros/bin'
[3.277s] Level 1:colcon.colcon_core.environment:create_environment_scripts_only(tactigon_ros)
[3.278s] INFO:colcon.colcon_core.shell:Creating package script '/home/banjov2/ros2_ws/install/tactigon_ros/share/tactigon_ros/package.ps1'
[3.278s] INFO:colcon.colcon_core.shell:Creating package descriptor '/home/banjov2/ros2_ws/install/tactigon_ros/share/tactigon_ros/package.dsv'
[3.279s] INFO:colcon.colcon_core.shell:Creating package script '/home/banjov2/ros2_ws/install/tactigon_ros/share/tactigon_ros/package.sh'
[3.280s] INFO:colcon.colcon_core.shell:Creating package script '/home/banjov2/ros2_ws/install/tactigon_ros/share/tactigon_ros/package.bash'
[3.280s] INFO:colcon.colcon_core.shell:Creating package script '/home/banjov2/ros2_ws/install/tactigon_ros/share/tactigon_ros/package.zsh'
[3.280s] Level 1:colcon.colcon_core.environment:create_file_with_runtime_dependencies(/home/banjov2/ros2_ws/install/tactigon_ros/share/colcon-core/packages/tactigon_ros)
[3.281s] DEBUG:colcon.colcon_parallel_executor.executor.parallel:closing loop
[3.281s] DEBUG:colcon.colcon_parallel_executor.executor.parallel:loop closed
[3.281s] DEBUG:colcon.colcon_parallel_executor.executor.parallel:run_until_complete finished with '0'
[3.281s] DEBUG:colcon.colcon_core.event_reactor:joining thread
[3.290s] INFO:colcon.colcon_core.plugin_system:Skipping extension 'colcon_notification.desktop_notification.terminal_notifier': Not used on non-Darwin systems
[3.291s] INFO:colcon.colcon_core.plugin_system:Skipping extension 'colcon_notification.desktop_notification.win32': Not used on non-Windows systems
[3.291s] INFO:colcon.colcon_notification.desktop_notification:Sending desktop notification using 'notify2'
[3.320s] DEBUG:colcon.colcon_core.event_reactor:joined thread
[3.320s] INFO:colcon.colcon_core.shell:Creating prefix script '/home/banjov2/ros2_ws/install/local_setup.ps1'
[3.322s] INFO:colcon.colcon_core.shell:Creating prefix util module '/home/banjov2/ros2_ws/install/_local_setup_util_ps1.py'
[3.323s] INFO:colcon.colcon_core.shell:Creating prefix chain script '/home/banjov2/ros2_ws/install/setup.ps1'
[3.324s] INFO:colcon.colcon_core.shell:Creating prefix script '/home/banjov2/ros2_ws/install/local_setup.sh'
[3.326s] INFO:colcon.colcon_core.shell:Creating prefix util module '/home/banjov2/ros2_ws/install/_local_setup_util_sh.py'
[3.327s] INFO:colcon.colcon_core.shell:Creating prefix chain script '/home/banjov2/ros2_ws/install/setup.sh'
[3.329s] INFO:colcon.colcon_core.shell:Creating prefix script '/home/banjov2/ros2_ws/install/local_setup.bash'
[3.329s] INFO:colcon.colcon_core.shell:Creating prefix chain script '/home/banjov2/ros2_ws/install/setup.bash'
[3.331s] INFO:colcon.colcon_core.shell:Creating prefix script '/home/banjov2/ros2_ws/install/local_setup.zsh'
[3.332s] INFO:colcon.colcon_core.shell:Creating prefix chain script '/home/banjov2/ros2_ws/install/setup.zsh'
