/home/banjov2/ros2_ws/install/tactigon_ros/lib/python3.12/site-packages/tactigon_ros/tactigon_turtlesim_controller.py
/home/banjov2/ros2_ws/install/tactigon_ros/lib/python3.12/site-packages/tactigon_ros/__init__.py
/home/banjov2/ros2_ws/install/tactigon_ros/lib/python3.12/site-packages/tactigon_ros/tactigon_data.py
/home/banjov2/ros2_ws/install/tactigon_ros/lib/python3.12/site-packages/tactigon_ros/tactigon_logger.py
/home/banjov2/ros2_ws/install/tactigon_ros/lib/python3.12/site-packages/tactigon_ros/__pycache__/tactigon_turtlesim_controller.cpython-312.pyc
/home/banjov2/ros2_ws/install/tactigon_ros/lib/python3.12/site-packages/tactigon_ros/__pycache__/__init__.cpython-312.pyc
/home/banjov2/ros2_ws/install/tactigon_ros/lib/python3.12/site-packages/tactigon_ros/__pycache__/tactigon_data.cpython-312.pyc
/home/banjov2/ros2_ws/install/tactigon_ros/lib/python3.12/site-packages/tactigon_ros/__pycache__/tactigon_logger.cpython-312.pyc
/home/banjov2/ros2_ws/install/tactigon_ros/share/ament_index/resource_index/packages/tactigon_ros
/home/banjov2/ros2_ws/install/tactigon_ros/share/tactigon_ros/package.xml
/home/banjov2/ros2_ws/install/tactigon_ros/share/tactigon_ros/msg
/home/banjov2/ros2_ws/install/tactigon_ros/share/tactigon_ros/launch/launch_tactigon_ros.launch.py
/home/banjov2/ros2_ws/install/tactigon_ros/lib/python3.12/site-packages/tactigon_ros-0.0.0-py3.12.egg-info/SOURCES.txt
/home/banjov2/ros2_ws/install/tactigon_ros/lib/python3.12/site-packages/tactigon_ros-0.0.0-py3.12.egg-info/requires.txt
/home/banjov2/ros2_ws/install/tactigon_ros/lib/python3.12/site-packages/tactigon_ros-0.0.0-py3.12.egg-info/entry_points.txt
/home/banjov2/ros2_ws/install/tactigon_ros/lib/python3.12/site-packages/tactigon_ros-0.0.0-py3.12.egg-info/dependency_links.txt
/home/banjov2/ros2_ws/install/tactigon_ros/lib/python3.12/site-packages/tactigon_ros-0.0.0-py3.12.egg-info/top_level.txt
/home/banjov2/ros2_ws/install/tactigon_ros/lib/python3.12/site-packages/tactigon_ros-0.0.0-py3.12.egg-info/zip-safe
/home/banjov2/ros2_ws/install/tactigon_ros/lib/python3.12/site-packages/tactigon_ros-0.0.0-py3.12.egg-info/PKG-INFO
/home/banjov2/ros2_ws/install/tactigon_ros/lib/tactigon_ros/tactigon_data
/home/banjov2/ros2_ws/install/tactigon_ros/lib/tactigon_ros/tactigon_logger
/home/banjov2/ros2_ws/install/tactigon_ros/lib/tactigon_ros/tactigon_turtlesim_controller
