[0.017s] Invoking command in '/home/banjov2/ros2_ws/build/tactigon_msgs': CMAKE_PREFIX_PATH=${CMAKE_PREFIX_PATH}:/home/banjov2/ros2_ws/install/tactigon_ros:/opt/ros/jazzy DEBUGINFOD_URLS=https://debuginfod.ubuntu.com /usr/bin/cmake --build /home/banjov2/ros2_ws/build/tactigon_msgs -- -j8 -l8
[0.168s] [  1%] Built target tactigon_msgs__rosidl_generator_type_description
[0.185s] [  1%] Built target ament_cmake_python_copy_tactigon_msgs
[0.195s] [  3%] Built target tactigon_msgs__cpp
[0.212s] [ 25%] Built target tactigon_msgs__rosidl_generator_c
[0.256s] [ 34%] Built target tactigon_msgs__rosidl_typesupport_introspection_c
[0.260s] [ 43%] Built target tactigon_msgs__rosidl_typesupport_c
[0.263s] [ 81%] Built target tactigon_msgs__rosidl_typesupport_introspection_cpp
[0.263s] [ 81%] Built target tactigon_msgs__rosidl_typesupport_fastrtps_cpp
[0.263s] [ 81%] Built target tactigon_msgs__rosidl_typesupport_cpp
[0.263s] [ 81%] Built target tactigon_msgs__rosidl_typesupport_fastrtps_c
[0.287s] [ 81%] Built target tactigon_msgs
[0.315s] [ 82%] Built target tactigon_msgs__py
[0.352s] [ 90%] Built target tactigon_msgs__rosidl_generator_py
[0.423s] [ 93%] Built target tactigon_msgs_s__rosidl_typesupport_fastrtps_c
[0.423s] [ 98%] Built target tactigon_msgs_s__rosidl_typesupport_c
[0.424s] [100%] Built target tactigon_msgs_s__rosidl_typesupport_introspection_c
[0.585s] running egg_info
[0.612s] writing tactigon_msgs.egg-info/PKG-INFO
[0.613s] writing dependency_links to tactigon_msgs.egg-info/dependency_links.txt
[0.613s] writing top-level names to tactigon_msgs.egg-info/top_level.txt
[0.701s] reading manifest file 'tactigon_msgs.egg-info/SOURCES.txt'
[0.702s] writing manifest file 'tactigon_msgs.egg-info/SOURCES.txt'
[0.735s] [100%] Built target ament_cmake_python_build_tactigon_msgs_egg
[0.751s] Invoked command in '/home/banjov2/ros2_ws/build/tactigon_msgs' returned '0': CMAKE_PREFIX_PATH=${CMAKE_PREFIX_PATH}:/home/banjov2/ros2_ws/install/tactigon_ros:/opt/ros/jazzy DEBUGINFOD_URLS=https://debuginfod.ubuntu.com /usr/bin/cmake --build /home/banjov2/ros2_ws/build/tactigon_msgs -- -j8 -l8
[0.763s] Invoking command in '/home/banjov2/ros2_ws/build/tactigon_msgs': CMAKE_PREFIX_PATH=${CMAKE_PREFIX_PATH}:/home/banjov2/ros2_ws/install/tactigon_ros:/opt/ros/jazzy DEBUGINFOD_URLS=https://debuginfod.ubuntu.com /usr/bin/cmake --install /home/banjov2/ros2_ws/build/tactigon_msgs
[0.775s] -- Install configuration: ""
[0.777s] -- Up-to-date: /home/banjov2/ros2_ws/install/tactigon_msgs/share/ament_index/resource_index/rosidl_interfaces/tactigon_msgs
[0.777s] -- Up-to-date: /home/banjov2/ros2_ws/install/tactigon_msgs/share/tactigon_msgs/msg/Touch.json
[0.777s] -- Up-to-date: /home/banjov2/ros2_ws/install/tactigon_msgs/share/tactigon_msgs/msg/Angle.json
[0.777s] -- Up-to-date: /home/banjov2/ros2_ws/install/tactigon_msgs/share/tactigon_msgs/msg/Gesture.json
[0.777s] -- Up-to-date: /home/banjov2/ros2_ws/install/tactigon_msgs/share/tactigon_msgs/msg/TSkinState.json
[0.777s] -- Up-to-date: /home/banjov2/ros2_ws/install/tactigon_msgs/include/tactigon_msgs/tactigon_msgs
[0.777s] -- Up-to-date: /home/banjov2/ros2_ws/install/tactigon_msgs/include/tactigon_msgs/tactigon_msgs/msg
[0.778s] -- Up-to-date: /home/banjov2/ros2_ws/install/tactigon_msgs/include/tactigon_msgs/tactigon_msgs/msg/touch.h
[0.778s] -- Up-to-date: /home/banjov2/ros2_ws/install/tactigon_msgs/include/tactigon_msgs/tactigon_msgs/msg/detail
[0.778s] -- Up-to-date: /home/banjov2/ros2_ws/install/tactigon_msgs/include/tactigon_msgs/tactigon_msgs/msg/detail/touch__functions.c
[0.778s] -- Installing: /home/banjov2/ros2_ws/install/tactigon_msgs/include/tactigon_msgs/tactigon_msgs/msg/detail/touch__type_support.c
[0.778s] -- Up-to-date: /home/banjov2/ros2_ws/install/tactigon_msgs/include/tactigon_msgs/tactigon_msgs/msg/detail/angle__type_support.h
[0.778s] -- Up-to-date: /home/banjov2/ros2_ws/install/tactigon_msgs/include/tactigon_msgs/tactigon_msgs/msg/detail/gesture__functions.h
[0.778s] -- Up-to-date: /home/banjov2/ros2_ws/install/tactigon_msgs/include/tactigon_msgs/tactigon_msgs/msg/detail/touch__description.c
[0.778s] -- Up-to-date: /home/banjov2/ros2_ws/install/tactigon_msgs/include/tactigon_msgs/tactigon_msgs/msg/detail/t_skin_state__functions.c
[0.778s] -- Installing: /home/banjov2/ros2_ws/install/tactigon_msgs/include/tactigon_msgs/tactigon_msgs/msg/detail/t_skin_state__type_support.c
[0.778s] -- Up-to-date: /home/banjov2/ros2_ws/install/tactigon_msgs/include/tactigon_msgs/tactigon_msgs/msg/detail/gesture__struct.h
[0.778s] -- Up-to-date: /home/banjov2/ros2_ws/install/tactigon_msgs/include/tactigon_msgs/tactigon_msgs/msg/detail/t_skin_state__description.c
[0.779s] -- Up-to-date: /home/banjov2/ros2_ws/install/tactigon_msgs/include/tactigon_msgs/tactigon_msgs/msg/detail/t_skin_state__functions.h
[0.779s] -- Up-to-date: /home/banjov2/ros2_ws/install/tactigon_msgs/include/tactigon_msgs/tactigon_msgs/msg/detail/t_skin_state__type_support.h
[0.779s] -- Up-to-date: /home/banjov2/ros2_ws/install/tactigon_msgs/include/tactigon_msgs/tactigon_msgs/msg/detail/gesture__type_support.h
[0.779s] -- Up-to-date: /home/banjov2/ros2_ws/install/tactigon_msgs/include/tactigon_msgs/tactigon_msgs/msg/detail/angle__struct.h
[0.779s] -- Up-to-date: /home/banjov2/ros2_ws/install/tactigon_msgs/include/tactigon_msgs/tactigon_msgs/msg/detail/angle__functions.h
[0.779s] -- Installing: /home/banjov2/ros2_ws/install/tactigon_msgs/include/tactigon_msgs/tactigon_msgs/msg/detail/gesture__type_support.c
[0.779s] -- Installing: /home/banjov2/ros2_ws/install/tactigon_msgs/include/tactigon_msgs/tactigon_msgs/msg/detail/angle__type_support.c
[0.779s] -- Up-to-date: /home/banjov2/ros2_ws/install/tactigon_msgs/include/tactigon_msgs/tactigon_msgs/msg/detail/t_skin_state__struct.h
[0.779s] -- Up-to-date: /home/banjov2/ros2_ws/install/tactigon_msgs/include/tactigon_msgs/tactigon_msgs/msg/detail/gesture__description.c
[0.780s] -- Up-to-date: /home/banjov2/ros2_ws/install/tactigon_msgs/include/tactigon_msgs/tactigon_msgs/msg/detail/gesture__functions.c
[0.780s] -- Up-to-date: /home/banjov2/ros2_ws/install/tactigon_msgs/include/tactigon_msgs/tactigon_msgs/msg/detail/touch__type_support.h
[0.780s] -- Up-to-date: /home/banjov2/ros2_ws/install/tactigon_msgs/include/tactigon_msgs/tactigon_msgs/msg/detail/angle__description.c
[0.780s] -- Up-to-date: /home/banjov2/ros2_ws/install/tactigon_msgs/include/tactigon_msgs/tactigon_msgs/msg/detail/touch__struct.h
[0.780s] -- Up-to-date: /home/banjov2/ros2_ws/install/tactigon_msgs/include/tactigon_msgs/tactigon_msgs/msg/detail/touch__functions.h
[0.780s] -- Up-to-date: /home/banjov2/ros2_ws/install/tactigon_msgs/include/tactigon_msgs/tactigon_msgs/msg/detail/angle__functions.c
[0.780s] -- Up-to-date: /home/banjov2/ros2_ws/install/tactigon_msgs/include/tactigon_msgs/tactigon_msgs/msg/rosidl_generator_c__visibility_control.h
[0.780s] -- Up-to-date: /home/banjov2/ros2_ws/install/tactigon_msgs/include/tactigon_msgs/tactigon_msgs/msg/t_skin_state.h
[0.780s] -- Up-to-date: /home/banjov2/ros2_ws/install/tactigon_msgs/include/tactigon_msgs/tactigon_msgs/msg/angle.h
[0.780s] -- Up-to-date: /home/banjov2/ros2_ws/install/tactigon_msgs/include/tactigon_msgs/tactigon_msgs/msg/gesture.h
[0.780s] -- Up-to-date: /home/banjov2/ros2_ws/install/tactigon_msgs/share/tactigon_msgs/environment/library_path.sh
[0.780s] -- Up-to-date: /home/banjov2/ros2_ws/install/tactigon_msgs/share/tactigon_msgs/environment/library_path.dsv
[0.782s] -- Up-to-date: /home/banjov2/ros2_ws/install/tactigon_msgs/lib/libtactigon_msgs__rosidl_generator_c.so
[0.783s] -- Up-to-date: /home/banjov2/ros2_ws/install/tactigon_msgs/include/tactigon_msgs/tactigon_msgs
[0.783s] -- Up-to-date: /home/banjov2/ros2_ws/install/tactigon_msgs/include/tactigon_msgs/tactigon_msgs/msg
[0.783s] -- Up-to-date: /home/banjov2/ros2_ws/install/tactigon_msgs/include/tactigon_msgs/tactigon_msgs/msg/rosidl_typesupport_fastrtps_c__visibility_control.h
[0.783s] -- Up-to-date: /home/banjov2/ros2_ws/install/tactigon_msgs/include/tactigon_msgs/tactigon_msgs/msg/detail
[0.784s] -- Up-to-date: /home/banjov2/ros2_ws/install/tactigon_msgs/include/tactigon_msgs/tactigon_msgs/msg/detail/touch__rosidl_typesupport_fastrtps_c.h
[0.784s] -- Up-to-date: /home/banjov2/ros2_ws/install/tactigon_msgs/include/tactigon_msgs/tactigon_msgs/msg/detail/angle__rosidl_typesupport_fastrtps_c.h
[0.784s] -- Up-to-date: /home/banjov2/ros2_ws/install/tactigon_msgs/include/tactigon_msgs/tactigon_msgs/msg/detail/gesture__rosidl_typesupport_fastrtps_c.h
[0.784s] -- Up-to-date: /home/banjov2/ros2_ws/install/tactigon_msgs/include/tactigon_msgs/tactigon_msgs/msg/detail/t_skin_state__rosidl_typesupport_fastrtps_c.h
[0.785s] -- Up-to-date: /home/banjov2/ros2_ws/install/tactigon_msgs/lib/libtactigon_msgs__rosidl_typesupport_fastrtps_c.so
[0.785s] -- Up-to-date: /home/banjov2/ros2_ws/install/tactigon_msgs/include/tactigon_msgs/tactigon_msgs
[0.785s] -- Up-to-date: /home/banjov2/ros2_ws/install/tactigon_msgs/include/tactigon_msgs/tactigon_msgs/msg
[0.785s] -- Up-to-date: /home/banjov2/ros2_ws/install/tactigon_msgs/include/tactigon_msgs/tactigon_msgs/msg/rosidl_typesupport_introspection_c__visibility_control.h
[0.785s] -- Up-to-date: /home/banjov2/ros2_ws/install/tactigon_msgs/include/tactigon_msgs/tactigon_msgs/msg/detail
[0.785s] -- Installing: /home/banjov2/ros2_ws/install/tactigon_msgs/include/tactigon_msgs/tactigon_msgs/msg/detail/touch__type_support.c
[0.786s] -- Installing: /home/banjov2/ros2_ws/install/tactigon_msgs/include/tactigon_msgs/tactigon_msgs/msg/detail/t_skin_state__type_support.c
[0.786s] -- Up-to-date: /home/banjov2/ros2_ws/install/tactigon_msgs/include/tactigon_msgs/tactigon_msgs/msg/detail/gesture__rosidl_typesupport_introspection_c.h
[0.787s] -- Installing: /home/banjov2/ros2_ws/install/tactigon_msgs/include/tactigon_msgs/tactigon_msgs/msg/detail/gesture__type_support.c
[0.787s] -- Up-to-date: /home/banjov2/ros2_ws/install/tactigon_msgs/include/tactigon_msgs/tactigon_msgs/msg/detail/touch__rosidl_typesupport_introspection_c.h
[0.787s] -- Installing: /home/banjov2/ros2_ws/install/tactigon_msgs/include/tactigon_msgs/tactigon_msgs/msg/detail/angle__type_support.c
[0.787s] -- Up-to-date: /home/banjov2/ros2_ws/install/tactigon_msgs/include/tactigon_msgs/tactigon_msgs/msg/detail/t_skin_state__rosidl_typesupport_introspection_c.h
[0.788s] -- Up-to-date: /home/banjov2/ros2_ws/install/tactigon_msgs/include/tactigon_msgs/tactigon_msgs/msg/detail/angle__rosidl_typesupport_introspection_c.h
[0.789s] -- Up-to-date: /home/banjov2/ros2_ws/install/tactigon_msgs/lib/libtactigon_msgs__rosidl_typesupport_introspection_c.so
[0.790s] -- Up-to-date: /home/banjov2/ros2_ws/install/tactigon_msgs/lib/libtactigon_msgs__rosidl_typesupport_c.so
[0.790s] -- Up-to-date: /home/banjov2/ros2_ws/install/tactigon_msgs/include/tactigon_msgs/tactigon_msgs
[0.790s] -- Up-to-date: /home/banjov2/ros2_ws/install/tactigon_msgs/include/tactigon_msgs/tactigon_msgs/msg
[0.790s] -- Up-to-date: /home/banjov2/ros2_ws/install/tactigon_msgs/include/tactigon_msgs/tactigon_msgs/msg/angle.hpp
[0.790s] -- Up-to-date: /home/banjov2/ros2_ws/install/tactigon_msgs/include/tactigon_msgs/tactigon_msgs/msg/rosidl_generator_cpp__visibility_control.hpp
[0.791s] -- Up-to-date: /home/banjov2/ros2_ws/install/tactigon_msgs/include/tactigon_msgs/tactigon_msgs/msg/touch.hpp
[0.791s] -- Up-to-date: /home/banjov2/ros2_ws/install/tactigon_msgs/include/tactigon_msgs/tactigon_msgs/msg/t_skin_state.hpp
[0.791s] -- Up-to-date: /home/banjov2/ros2_ws/install/tactigon_msgs/include/tactigon_msgs/tactigon_msgs/msg/detail
[0.791s] -- Up-to-date: /home/banjov2/ros2_ws/install/tactigon_msgs/include/tactigon_msgs/tactigon_msgs/msg/detail/touch__type_support.hpp
[0.791s] -- Up-to-date: /home/banjov2/ros2_ws/install/tactigon_msgs/include/tactigon_msgs/tactigon_msgs/msg/detail/touch__traits.hpp
[0.791s] -- Up-to-date: /home/banjov2/ros2_ws/install/tactigon_msgs/include/tactigon_msgs/tactigon_msgs/msg/detail/angle__type_support.hpp
[0.791s] -- Up-to-date: /home/banjov2/ros2_ws/install/tactigon_msgs/include/tactigon_msgs/tactigon_msgs/msg/detail/gesture__struct.hpp
[0.791s] -- Up-to-date: /home/banjov2/ros2_ws/install/tactigon_msgs/include/tactigon_msgs/tactigon_msgs/msg/detail/gesture__traits.hpp
[0.792s] -- Up-to-date: /home/banjov2/ros2_ws/install/tactigon_msgs/include/tactigon_msgs/tactigon_msgs/msg/detail/gesture__type_support.hpp
[0.792s] -- Up-to-date: /home/banjov2/ros2_ws/install/tactigon_msgs/include/tactigon_msgs/tactigon_msgs/msg/detail/t_skin_state__struct.hpp
[0.792s] -- Up-to-date: /home/banjov2/ros2_ws/install/tactigon_msgs/include/tactigon_msgs/tactigon_msgs/msg/detail/t_skin_state__traits.hpp
[0.792s] -- Up-to-date: /home/banjov2/ros2_ws/install/tactigon_msgs/include/tactigon_msgs/tactigon_msgs/msg/detail/angle__traits.hpp
[0.792s] -- Up-to-date: /home/banjov2/ros2_ws/install/tactigon_msgs/include/tactigon_msgs/tactigon_msgs/msg/detail/touch__struct.hpp
[0.792s] -- Up-to-date: /home/banjov2/ros2_ws/install/tactigon_msgs/include/tactigon_msgs/tactigon_msgs/msg/detail/t_skin_state__type_support.hpp
[0.792s] -- Up-to-date: /home/banjov2/ros2_ws/install/tactigon_msgs/include/tactigon_msgs/tactigon_msgs/msg/detail/gesture__builder.hpp
[0.792s] -- Up-to-date: /home/banjov2/ros2_ws/install/tactigon_msgs/include/tactigon_msgs/tactigon_msgs/msg/detail/angle__builder.hpp
[0.792s] -- Up-to-date: /home/banjov2/ros2_ws/install/tactigon_msgs/include/tactigon_msgs/tactigon_msgs/msg/detail/touch__builder.hpp
[0.792s] -- Up-to-date: /home/banjov2/ros2_ws/install/tactigon_msgs/include/tactigon_msgs/tactigon_msgs/msg/detail/angle__struct.hpp
[0.792s] -- Up-to-date: /home/banjov2/ros2_ws/install/tactigon_msgs/include/tactigon_msgs/tactigon_msgs/msg/detail/t_skin_state__builder.hpp
[0.792s] -- Up-to-date: /home/banjov2/ros2_ws/install/tactigon_msgs/include/tactigon_msgs/tactigon_msgs/msg/gesture.hpp
[0.793s] -- Up-to-date: /home/banjov2/ros2_ws/install/tactigon_msgs/include/tactigon_msgs/tactigon_msgs
[0.793s] -- Up-to-date: /home/banjov2/ros2_ws/install/tactigon_msgs/include/tactigon_msgs/tactigon_msgs/msg
[0.793s] -- Up-to-date: /home/banjov2/ros2_ws/install/tactigon_msgs/include/tactigon_msgs/tactigon_msgs/msg/rosidl_typesupport_fastrtps_cpp__visibility_control.h
[0.793s] -- Up-to-date: /home/banjov2/ros2_ws/install/tactigon_msgs/include/tactigon_msgs/tactigon_msgs/msg/detail
[0.793s] -- Up-to-date: /home/banjov2/ros2_ws/install/tactigon_msgs/include/tactigon_msgs/tactigon_msgs/msg/detail/t_skin_state__rosidl_typesupport_fastrtps_cpp.hpp
[0.793s] -- Up-to-date: /home/banjov2/ros2_ws/install/tactigon_msgs/include/tactigon_msgs/tactigon_msgs/msg/detail/touch__rosidl_typesupport_fastrtps_cpp.hpp
[0.794s] -- Up-to-date: /home/banjov2/ros2_ws/install/tactigon_msgs/include/tactigon_msgs/tactigon_msgs/msg/detail/gesture__rosidl_typesupport_fastrtps_cpp.hpp
[0.794s] -- Up-to-date: /home/banjov2/ros2_ws/install/tactigon_msgs/include/tactigon_msgs/tactigon_msgs/msg/detail/dds_fastrtps
[0.794s] -- Up-to-date: /home/banjov2/ros2_ws/install/tactigon_msgs/include/tactigon_msgs/tactigon_msgs/msg/detail/angle__rosidl_typesupport_fastrtps_cpp.hpp
[0.794s] -- Up-to-date: /home/banjov2/ros2_ws/install/tactigon_msgs/lib/libtactigon_msgs__rosidl_typesupport_fastrtps_cpp.so
[0.794s] -- Up-to-date: /home/banjov2/ros2_ws/install/tactigon_msgs/include/tactigon_msgs/tactigon_msgs
[0.794s] -- Up-to-date: /home/banjov2/ros2_ws/install/tactigon_msgs/include/tactigon_msgs/tactigon_msgs/msg
[0.794s] -- Up-to-date: /home/banjov2/ros2_ws/install/tactigon_msgs/include/tactigon_msgs/tactigon_msgs/msg/detail
[0.794s] -- Up-to-date: /home/banjov2/ros2_ws/install/tactigon_msgs/include/tactigon_msgs/tactigon_msgs/msg/detail/touch__rosidl_typesupport_introspection_cpp.hpp
[0.794s] -- Up-to-date: /home/banjov2/ros2_ws/install/tactigon_msgs/include/tactigon_msgs/tactigon_msgs/msg/detail/gesture__type_support.cpp
[0.794s] -- Up-to-date: /home/banjov2/ros2_ws/install/tactigon_msgs/include/tactigon_msgs/tactigon_msgs/msg/detail/gesture__rosidl_typesupport_introspection_cpp.hpp
[0.794s] -- Up-to-date: /home/banjov2/ros2_ws/install/tactigon_msgs/include/tactigon_msgs/tactigon_msgs/msg/detail/angle__rosidl_typesupport_introspection_cpp.hpp
[0.794s] -- Up-to-date: /home/banjov2/ros2_ws/install/tactigon_msgs/include/tactigon_msgs/tactigon_msgs/msg/detail/angle__type_support.cpp
[0.795s] -- Up-to-date: /home/banjov2/ros2_ws/install/tactigon_msgs/include/tactigon_msgs/tactigon_msgs/msg/detail/t_skin_state__rosidl_typesupport_introspection_cpp.hpp
[0.795s] -- Up-to-date: /home/banjov2/ros2_ws/install/tactigon_msgs/include/tactigon_msgs/tactigon_msgs/msg/detail/touch__type_support.cpp
[0.795s] -- Up-to-date: /home/banjov2/ros2_ws/install/tactigon_msgs/include/tactigon_msgs/tactigon_msgs/msg/detail/t_skin_state__type_support.cpp
[0.795s] -- Up-to-date: /home/banjov2/ros2_ws/install/tactigon_msgs/lib/libtactigon_msgs__rosidl_typesupport_introspection_cpp.so
[0.796s] -- Up-to-date: /home/banjov2/ros2_ws/install/tactigon_msgs/lib/libtactigon_msgs__rosidl_typesupport_cpp.so
[0.796s] -- Up-to-date: /home/banjov2/ros2_ws/install/tactigon_msgs/share/tactigon_msgs/environment/pythonpath.sh
[0.796s] -- Up-to-date: /home/banjov2/ros2_ws/install/tactigon_msgs/share/tactigon_msgs/environment/pythonpath.dsv
[0.796s] -- Up-to-date: /home/banjov2/ros2_ws/install/tactigon_msgs/lib/python3.12/site-packages/tactigon_msgs-0.0.0-py3.12.egg-info
[0.796s] -- Installing: /home/banjov2/ros2_ws/install/tactigon_msgs/lib/python3.12/site-packages/tactigon_msgs-0.0.0-py3.12.egg-info/SOURCES.txt
[0.797s] -- Installing: /home/banjov2/ros2_ws/install/tactigon_msgs/lib/python3.12/site-packages/tactigon_msgs-0.0.0-py3.12.egg-info/dependency_links.txt
[0.797s] -- Installing: /home/banjov2/ros2_ws/install/tactigon_msgs/lib/python3.12/site-packages/tactigon_msgs-0.0.0-py3.12.egg-info/top_level.txt
[0.797s] -- Installing: /home/banjov2/ros2_ws/install/tactigon_msgs/lib/python3.12/site-packages/tactigon_msgs-0.0.0-py3.12.egg-info/PKG-INFO
[0.797s] -- Up-to-date: /home/banjov2/ros2_ws/install/tactigon_msgs/lib/python3.12/site-packages/tactigon_msgs
[0.797s] -- Up-to-date: /home/banjov2/ros2_ws/install/tactigon_msgs/lib/python3.12/site-packages/tactigon_msgs/tactigon_msgs_s__rosidl_typesupport_introspection_c.so
[0.797s] -- Up-to-date: /home/banjov2/ros2_ws/install/tactigon_msgs/lib/python3.12/site-packages/tactigon_msgs/tactigon_msgs_s__rosidl_typesupport_fastrtps_c.so
[0.797s] -- Up-to-date: /home/banjov2/ros2_ws/install/tactigon_msgs/lib/python3.12/site-packages/tactigon_msgs/__init__.py
[0.797s] -- Up-to-date: /home/banjov2/ros2_ws/install/tactigon_msgs/lib/python3.12/site-packages/tactigon_msgs/msg
[0.798s] -- Up-to-date: /home/banjov2/ros2_ws/install/tactigon_msgs/lib/python3.12/site-packages/tactigon_msgs/msg/_t_skin_state_s.c
[0.798s] -- Up-to-date: /home/banjov2/ros2_ws/install/tactigon_msgs/lib/python3.12/site-packages/tactigon_msgs/msg/_gesture_s.c
[0.798s] -- Up-to-date: /home/banjov2/ros2_ws/install/tactigon_msgs/lib/python3.12/site-packages/tactigon_msgs/msg/__init__.py
[0.798s] -- Up-to-date: /home/banjov2/ros2_ws/install/tactigon_msgs/lib/python3.12/site-packages/tactigon_msgs/msg/_gesture.py
[0.798s] -- Up-to-date: /home/banjov2/ros2_ws/install/tactigon_msgs/lib/python3.12/site-packages/tactigon_msgs/msg/_angle.py
[0.799s] -- Up-to-date: /home/banjov2/ros2_ws/install/tactigon_msgs/lib/python3.12/site-packages/tactigon_msgs/msg/_angle_s.c
[0.799s] -- Up-to-date: /home/banjov2/ros2_ws/install/tactigon_msgs/lib/python3.12/site-packages/tactigon_msgs/msg/_touch.py
[0.799s] -- Up-to-date: /home/banjov2/ros2_ws/install/tactigon_msgs/lib/python3.12/site-packages/tactigon_msgs/msg/_touch_s.c
[0.799s] -- Up-to-date: /home/banjov2/ros2_ws/install/tactigon_msgs/lib/python3.12/site-packages/tactigon_msgs/msg/_t_skin_state.py
[0.799s] -- Up-to-date: /home/banjov2/ros2_ws/install/tactigon_msgs/lib/python3.12/site-packages/tactigon_msgs/_tactigon_msgs_s.ep.rosidl_typesupport_c.c
[0.800s] -- Up-to-date: /home/banjov2/ros2_ws/install/tactigon_msgs/lib/python3.12/site-packages/tactigon_msgs/tactigon_msgs_s__rosidl_typesupport_c.so
[0.800s] -- Up-to-date: /home/banjov2/ros2_ws/install/tactigon_msgs/lib/python3.12/site-packages/tactigon_msgs/_tactigon_msgs_s.ep.rosidl_typesupport_fastrtps_c.c
[0.800s] -- Up-to-date: /home/banjov2/ros2_ws/install/tactigon_msgs/lib/python3.12/site-packages/tactigon_msgs/_tactigon_msgs_s.ep.rosidl_typesupport_introspection_c.c
[0.851s] Listing '/home/banjov2/ros2_ws/install/tactigon_msgs/lib/python3.12/site-packages/tactigon_msgs'...
[0.852s] Listing '/home/banjov2/ros2_ws/install/tactigon_msgs/lib/python3.12/site-packages/tactigon_msgs/msg'...
[0.858s] -- Up-to-date: /home/banjov2/ros2_ws/install/tactigon_msgs/lib/python3.12/site-packages/tactigon_msgs/tactigon_msgs_s__rosidl_typesupport_fastrtps_c.so
[0.859s] -- Up-to-date: /home/banjov2/ros2_ws/install/tactigon_msgs/lib/python3.12/site-packages/tactigon_msgs/tactigon_msgs_s__rosidl_typesupport_introspection_c.so
[0.859s] -- Up-to-date: /home/banjov2/ros2_ws/install/tactigon_msgs/lib/python3.12/site-packages/tactigon_msgs/tactigon_msgs_s__rosidl_typesupport_c.so
[0.861s] -- Up-to-date: /home/banjov2/ros2_ws/install/tactigon_msgs/lib/libtactigon_msgs__rosidl_generator_py.so
[0.861s] -- Up-to-date: /home/banjov2/ros2_ws/install/tactigon_msgs/share/tactigon_msgs/msg/Touch.idl
[0.861s] -- Up-to-date: /home/banjov2/ros2_ws/install/tactigon_msgs/share/tactigon_msgs/msg/Angle.idl
[0.861s] -- Up-to-date: /home/banjov2/ros2_ws/install/tactigon_msgs/share/tactigon_msgs/msg/Gesture.idl
[0.861s] -- Up-to-date: /home/banjov2/ros2_ws/install/tactigon_msgs/share/tactigon_msgs/msg/TSkinState.idl
[0.862s] -- Up-to-date: /home/banjov2/ros2_ws/install/tactigon_msgs/share/tactigon_msgs/msg/Touch.msg
[0.862s] -- Up-to-date: /home/banjov2/ros2_ws/install/tactigon_msgs/share/tactigon_msgs/msg/Angle.msg
[0.862s] -- Up-to-date: /home/banjov2/ros2_ws/install/tactigon_msgs/share/tactigon_msgs/msg/Gesture.msg
[0.862s] -- Up-to-date: /home/banjov2/ros2_ws/install/tactigon_msgs/share/tactigon_msgs/msg/TSkinState.msg
[0.862s] -- Up-to-date: /home/banjov2/ros2_ws/install/tactigon_msgs/share/ament_index/resource_index/package_run_dependencies/tactigon_msgs
[0.862s] -- Up-to-date: /home/banjov2/ros2_ws/install/tactigon_msgs/share/ament_index/resource_index/parent_prefix_path/tactigon_msgs
[0.862s] -- Up-to-date: /home/banjov2/ros2_ws/install/tactigon_msgs/share/tactigon_msgs/environment/ament_prefix_path.sh
[0.862s] -- Up-to-date: /home/banjov2/ros2_ws/install/tactigon_msgs/share/tactigon_msgs/environment/ament_prefix_path.dsv
[0.862s] -- Up-to-date: /home/banjov2/ros2_ws/install/tactigon_msgs/share/tactigon_msgs/environment/path.sh
[0.862s] -- Up-to-date: /home/banjov2/ros2_ws/install/tactigon_msgs/share/tactigon_msgs/environment/path.dsv
[0.862s] -- Up-to-date: /home/banjov2/ros2_ws/install/tactigon_msgs/share/tactigon_msgs/local_setup.bash
[0.863s] -- Up-to-date: /home/banjov2/ros2_ws/install/tactigon_msgs/share/tactigon_msgs/local_setup.sh
[0.863s] -- Up-to-date: /home/banjov2/ros2_ws/install/tactigon_msgs/share/tactigon_msgs/local_setup.zsh
[0.863s] -- Up-to-date: /home/banjov2/ros2_ws/install/tactigon_msgs/share/tactigon_msgs/local_setup.dsv
[0.863s] -- Installing: /home/banjov2/ros2_ws/install/tactigon_msgs/share/tactigon_msgs/package.dsv
[0.863s] -- Up-to-date: /home/banjov2/ros2_ws/install/tactigon_msgs/share/ament_index/resource_index/packages/tactigon_msgs
[0.863s] -- Up-to-date: /home/banjov2/ros2_ws/install/tactigon_msgs/share/tactigon_msgs/cmake/export_tactigon_msgs__rosidl_generator_cExport.cmake
[0.863s] -- Up-to-date: /home/banjov2/ros2_ws/install/tactigon_msgs/share/tactigon_msgs/cmake/export_tactigon_msgs__rosidl_generator_cExport-noconfig.cmake
[0.864s] -- Up-to-date: /home/banjov2/ros2_ws/install/tactigon_msgs/share/tactigon_msgs/cmake/export_tactigon_msgs__rosidl_typesupport_fastrtps_cExport.cmake
[0.864s] -- Up-to-date: /home/banjov2/ros2_ws/install/tactigon_msgs/share/tactigon_msgs/cmake/export_tactigon_msgs__rosidl_typesupport_fastrtps_cExport-noconfig.cmake
[0.864s] -- Up-to-date: /home/banjov2/ros2_ws/install/tactigon_msgs/share/tactigon_msgs/cmake/tactigon_msgs__rosidl_typesupport_introspection_cExport.cmake
[0.864s] -- Up-to-date: /home/banjov2/ros2_ws/install/tactigon_msgs/share/tactigon_msgs/cmake/tactigon_msgs__rosidl_typesupport_introspection_cExport-noconfig.cmake
[0.865s] -- Up-to-date: /home/banjov2/ros2_ws/install/tactigon_msgs/share/tactigon_msgs/cmake/tactigon_msgs__rosidl_typesupport_cExport.cmake
[0.865s] -- Up-to-date: /home/banjov2/ros2_ws/install/tactigon_msgs/share/tactigon_msgs/cmake/tactigon_msgs__rosidl_typesupport_cExport-noconfig.cmake
[0.866s] -- Up-to-date: /home/banjov2/ros2_ws/install/tactigon_msgs/share/tactigon_msgs/cmake/export_tactigon_msgs__rosidl_generator_cppExport.cmake
[0.867s] -- Up-to-date: /home/banjov2/ros2_ws/install/tactigon_msgs/share/tactigon_msgs/cmake/export_tactigon_msgs__rosidl_typesupport_fastrtps_cppExport.cmake
[0.867s] -- Up-to-date: /home/banjov2/ros2_ws/install/tactigon_msgs/share/tactigon_msgs/cmake/export_tactigon_msgs__rosidl_typesupport_fastrtps_cppExport-noconfig.cmake
[0.867s] -- Up-to-date: /home/banjov2/ros2_ws/install/tactigon_msgs/share/tactigon_msgs/cmake/tactigon_msgs__rosidl_typesupport_introspection_cppExport.cmake
[0.867s] -- Up-to-date: /home/banjov2/ros2_ws/install/tactigon_msgs/share/tactigon_msgs/cmake/tactigon_msgs__rosidl_typesupport_introspection_cppExport-noconfig.cmake
[0.868s] -- Up-to-date: /home/banjov2/ros2_ws/install/tactigon_msgs/share/tactigon_msgs/cmake/tactigon_msgs__rosidl_typesupport_cppExport.cmake
[0.868s] -- Up-to-date: /home/banjov2/ros2_ws/install/tactigon_msgs/share/tactigon_msgs/cmake/tactigon_msgs__rosidl_typesupport_cppExport-noconfig.cmake
[0.869s] -- Up-to-date: /home/banjov2/ros2_ws/install/tactigon_msgs/share/tactigon_msgs/cmake/export_tactigon_msgs__rosidl_generator_pyExport.cmake
[0.869s] -- Up-to-date: /home/banjov2/ros2_ws/install/tactigon_msgs/share/tactigon_msgs/cmake/export_tactigon_msgs__rosidl_generator_pyExport-noconfig.cmake
[0.869s] -- Up-to-date: /home/banjov2/ros2_ws/install/tactigon_msgs/share/tactigon_msgs/cmake/rosidl_cmake-extras.cmake
[0.869s] -- Up-to-date: /home/banjov2/ros2_ws/install/tactigon_msgs/share/tactigon_msgs/cmake/ament_cmake_export_dependencies-extras.cmake
[0.869s] -- Up-to-date: /home/banjov2/ros2_ws/install/tactigon_msgs/share/tactigon_msgs/cmake/ament_cmake_export_include_directories-extras.cmake
[0.869s] -- Up-to-date: /home/banjov2/ros2_ws/install/tactigon_msgs/share/tactigon_msgs/cmake/ament_cmake_export_libraries-extras.cmake
[0.869s] -- Up-to-date: /home/banjov2/ros2_ws/install/tactigon_msgs/share/tactigon_msgs/cmake/ament_cmake_export_targets-extras.cmake
[0.869s] -- Up-to-date: /home/banjov2/ros2_ws/install/tactigon_msgs/share/tactigon_msgs/cmake/rosidl_cmake_export_typesupport_targets-extras.cmake
[0.869s] -- Up-to-date: /home/banjov2/ros2_ws/install/tactigon_msgs/share/tactigon_msgs/cmake/rosidl_cmake_export_typesupport_libraries-extras.cmake
[0.869s] -- Up-to-date: /home/banjov2/ros2_ws/install/tactigon_msgs/share/tactigon_msgs/cmake/tactigon_msgsConfig.cmake
[0.870s] -- Up-to-date: /home/banjov2/ros2_ws/install/tactigon_msgs/share/tactigon_msgs/cmake/tactigon_msgsConfig-version.cmake
[0.870s] -- Up-to-date: /home/banjov2/ros2_ws/install/tactigon_msgs/share/tactigon_msgs/package.xml
[0.872s] Invoked command in '/home/banjov2/ros2_ws/build/tactigon_msgs' returned '0': CMAKE_PREFIX_PATH=${CMAKE_PREFIX_PATH}:/home/banjov2/ros2_ws/install/tactigon_ros:/opt/ros/jazzy DEBUGINFOD_URLS=https://debuginfod.ubuntu.com /usr/bin/cmake --install /home/banjov2/ros2_ws/build/tactigon_msgs
