running egg_info
creating ../../build/tactigon_ros/tactigon_ros.egg-info
writing ../../build/tactigon_ros/tactigon_ros.egg-info/PKG-INFO
writing dependency_links to ../../build/tactigon_ros/tactigon_ros.egg-info/dependency_links.txt
writing entry points to ../../build/tactigon_ros/tactigon_ros.egg-info/entry_points.txt
writing requirements to ../../build/tactigon_ros/tactigon_ros.egg-info/requires.txt
writing top-level names to ../../build/tactigon_ros/tactigon_ros.egg-info/top_level.txt
writing manifest file '../../build/tactigon_ros/tactigon_ros.egg-info/SOURCES.txt'
reading manifest file '../../build/tactigon_ros/tactigon_ros.egg-info/SOURCES.txt'
writing manifest file '../../build/tactigon_ros/tactigon_ros.egg-info/SOURCES.txt'
running build
running build_py
creating /home/banjov2/ros2_ws/build/tactigon_ros/build
creating /home/banjov2/ros2_ws/build/tactigon_ros/build/lib
creating /home/banjov2/ros2_ws/build/tactigon_ros/build/lib/tactigon_ros
copying tactigon_ros/tactigon_turtlesim_controller.py -> /home/banjov2/ros2_ws/build/tactigon_ros/build/lib/tactigon_ros
copying tactigon_ros/__init__.py -> /home/banjov2/ros2_ws/build/tactigon_ros/build/lib/tactigon_ros
copying tactigon_ros/tactigon_data.py -> /home/banjov2/ros2_ws/build/tactigon_ros/build/lib/tactigon_ros
copying tactigon_ros/tactigon_logger.py -> /home/banjov2/ros2_ws/build/tactigon_ros/build/lib/tactigon_ros
running install
running install_lib
creating /home/banjov2/ros2_ws/install/tactigon_ros/lib/python3.12/site-packages/tactigon_ros
copying /home/banjov2/ros2_ws/build/tactigon_ros/build/lib/tactigon_ros/tactigon_turtlesim_controller.py -> /home/banjov2/ros2_ws/install/tactigon_ros/lib/python3.12/site-packages/tactigon_ros
copying /home/banjov2/ros2_ws/build/tactigon_ros/build/lib/tactigon_ros/__init__.py -> /home/banjov2/ros2_ws/install/tactigon_ros/lib/python3.12/site-packages/tactigon_ros
copying /home/banjov2/ros2_ws/build/tactigon_ros/build/lib/tactigon_ros/tactigon_data.py -> /home/banjov2/ros2_ws/install/tactigon_ros/lib/python3.12/site-packages/tactigon_ros
copying /home/banjov2/ros2_ws/build/tactigon_ros/build/lib/tactigon_ros/tactigon_logger.py -> /home/banjov2/ros2_ws/install/tactigon_ros/lib/python3.12/site-packages/tactigon_ros
byte-compiling /home/banjov2/ros2_ws/install/tactigon_ros/lib/python3.12/site-packages/tactigon_ros/tactigon_turtlesim_controller.py to tactigon_turtlesim_controller.cpython-312.pyc
byte-compiling /home/banjov2/ros2_ws/install/tactigon_ros/lib/python3.12/site-packages/tactigon_ros/__init__.py to __init__.cpython-312.pyc
byte-compiling /home/banjov2/ros2_ws/install/tactigon_ros/lib/python3.12/site-packages/tactigon_ros/tactigon_data.py to tactigon_data.cpython-312.pyc
byte-compiling /home/banjov2/ros2_ws/install/tactigon_ros/lib/python3.12/site-packages/tactigon_ros/tactigon_logger.py to tactigon_logger.cpython-312.pyc
running install_data
creating /home/banjov2/ros2_ws/install/tactigon_ros/share/ament_index
creating /home/banjov2/ros2_ws/install/tactigon_ros/share/ament_index/resource_index
creating /home/banjov2/ros2_ws/install/tactigon_ros/share/ament_index/resource_index/packages
copying resource/tactigon_ros -> /home/banjov2/ros2_ws/install/tactigon_ros/share/ament_index/resource_index/packages
copying package.xml -> /home/banjov2/ros2_ws/install/tactigon_ros/share/tactigon_ros
creating /home/banjov2/ros2_ws/install/tactigon_ros/share/tactigon_ros/msg
creating /home/banjov2/ros2_ws/install/tactigon_ros/share/tactigon_ros/launch
copying launch/launch_tactigon_ros.launch.py -> /home/banjov2/ros2_ws/install/tactigon_ros/share/tactigon_ros/launch
running install_egg_info
Copying ../../build/tactigon_ros/tactigon_ros.egg-info to /home/banjov2/ros2_ws/install/tactigon_ros/lib/python3.12/site-packages/tactigon_ros-0.0.0-py3.12.egg-info
running install_scripts
Installing tactigon_data script to /home/banjov2/ros2_ws/install/tactigon_ros/lib/tactigon_ros
Installing tactigon_logger script to /home/banjov2/ros2_ws/install/tactigon_ros/lib/tactigon_ros
Installing tactigon_turtlesim_controller script to /home/banjov2/ros2_ws/install/tactigon_ros/lib/tactigon_ros
writing list of installed files to '/home/banjov2/ros2_ws/build/tactigon_ros/install.log'
