[1.275s] Invoking command in '/home/banjov2/ros2_ws/src/tactigon_ros': AMENT_PREFIX_PATH=/home/banjov2/ros2_ws/install/tactigon_msgs:${AMENT_PREFIX_PATH} CMAKE_PREFIX_PATH=/home/banjov2/ros2_ws/install/tactigon_msgs:${CMAKE_PREFIX_PATH} DEBUGINFOD_URLS=https://debuginfod.ubuntu.com LD_LIBRARY_PATH=/home/banjov2/ros2_ws/install/tactigon_msgs/lib:${LD_LIBRARY_PATH} PYTHONPATH=/home/banjov2/ros2_ws/build/tactigon_ros/prefix_override:/usr/lib/python3/dist-packages/colcon_core/task/python/colcon_distutils_commands:/home/banjov2/ros2_ws/install/tactigon_ros/lib/python3.12/site-packages:/home/banjov2/ros2_ws/install/tactigon_msgs/lib/python3.12/site-packages:${PYTHONPATH} /usr/bin/python3 -W ignore:setup.py install is deprecated -W ignore:easy_install command is deprecated setup.py egg_info --egg-base ../../build/tactigon_ros build --build-base /home/banjov2/ros2_ws/build/tactigon_ros/build install --record /home/banjov2/ros2_ws/build/tactigon_ros/install.log --single-version-externally-managed install_data
[1.668s] running egg_info
[1.669s] creating ../../build/tactigon_ros/tactigon_ros.egg-info
[1.694s] writing ../../build/tactigon_ros/tactigon_ros.egg-info/PKG-INFO
[1.694s] writing dependency_links to ../../build/tactigon_ros/tactigon_ros.egg-info/dependency_links.txt
[1.694s] writing entry points to ../../build/tactigon_ros/tactigon_ros.egg-info/entry_points.txt
[1.694s] writing requirements to ../../build/tactigon_ros/tactigon_ros.egg-info/requires.txt
[1.695s] writing top-level names to ../../build/tactigon_ros/tactigon_ros.egg-info/top_level.txt
[1.695s] writing manifest file '../../build/tactigon_ros/tactigon_ros.egg-info/SOURCES.txt'
[1.767s] reading manifest file '../../build/tactigon_ros/tactigon_ros.egg-info/SOURCES.txt'
[1.768s] writing manifest file '../../build/tactigon_ros/tactigon_ros.egg-info/SOURCES.txt'
[1.768s] running build
[1.768s] running build_py
[1.769s] creating /home/banjov2/ros2_ws/build/tactigon_ros/build
[1.769s] creating /home/banjov2/ros2_ws/build/tactigon_ros/build/lib
[1.769s] creating /home/banjov2/ros2_ws/build/tactigon_ros/build/lib/tactigon_ros
[1.769s] copying tactigon_ros/tactigon_turtlesim_controller.py -> /home/banjov2/ros2_ws/build/tactigon_ros/build/lib/tactigon_ros
[1.769s] copying tactigon_ros/__init__.py -> /home/banjov2/ros2_ws/build/tactigon_ros/build/lib/tactigon_ros
[1.769s] copying tactigon_ros/tactigon_data.py -> /home/banjov2/ros2_ws/build/tactigon_ros/build/lib/tactigon_ros
[1.769s] copying tactigon_ros/tactigon_logger.py -> /home/banjov2/ros2_ws/build/tactigon_ros/build/lib/tactigon_ros
[1.770s] running install
[1.778s] running install_lib
[1.797s] creating /home/banjov2/ros2_ws/install/tactigon_ros/lib/python3.12/site-packages/tactigon_ros
[1.798s] copying /home/banjov2/ros2_ws/build/tactigon_ros/build/lib/tactigon_ros/tactigon_turtlesim_controller.py -> /home/banjov2/ros2_ws/install/tactigon_ros/lib/python3.12/site-packages/tactigon_ros
[1.798s] copying /home/banjov2/ros2_ws/build/tactigon_ros/build/lib/tactigon_ros/__init__.py -> /home/banjov2/ros2_ws/install/tactigon_ros/lib/python3.12/site-packages/tactigon_ros
[1.798s] copying /home/banjov2/ros2_ws/build/tactigon_ros/build/lib/tactigon_ros/tactigon_data.py -> /home/banjov2/ros2_ws/install/tactigon_ros/lib/python3.12/site-packages/tactigon_ros
[1.798s] copying /home/banjov2/ros2_ws/build/tactigon_ros/build/lib/tactigon_ros/tactigon_logger.py -> /home/banjov2/ros2_ws/install/tactigon_ros/lib/python3.12/site-packages/tactigon_ros
[1.798s] byte-compiling /home/banjov2/ros2_ws/install/tactigon_ros/lib/python3.12/site-packages/tactigon_ros/tactigon_turtlesim_controller.py to tactigon_turtlesim_controller.cpython-312.pyc
[1.799s] byte-compiling /home/banjov2/ros2_ws/install/tactigon_ros/lib/python3.12/site-packages/tactigon_ros/__init__.py to __init__.cpython-312.pyc
[1.799s] byte-compiling /home/banjov2/ros2_ws/install/tactigon_ros/lib/python3.12/site-packages/tactigon_ros/tactigon_data.py to tactigon_data.cpython-312.pyc
[1.801s] byte-compiling /home/banjov2/ros2_ws/install/tactigon_ros/lib/python3.12/site-packages/tactigon_ros/tactigon_logger.py to tactigon_logger.cpython-312.pyc
[1.802s] running install_data
[1.802s] creating /home/banjov2/ros2_ws/install/tactigon_ros/share/ament_index
[1.802s] creating /home/banjov2/ros2_ws/install/tactigon_ros/share/ament_index/resource_index
[1.802s] creating /home/banjov2/ros2_ws/install/tactigon_ros/share/ament_index/resource_index/packages
[1.802s] copying resource/tactigon_ros -> /home/banjov2/ros2_ws/install/tactigon_ros/share/ament_index/resource_index/packages
[1.802s] copying package.xml -> /home/banjov2/ros2_ws/install/tactigon_ros/share/tactigon_ros
[1.802s] creating /home/banjov2/ros2_ws/install/tactigon_ros/share/tactigon_ros/msg
[1.802s] creating /home/banjov2/ros2_ws/install/tactigon_ros/share/tactigon_ros/launch
[1.802s] copying launch/launch_tactigon_ros.launch.py -> /home/banjov2/ros2_ws/install/tactigon_ros/share/tactigon_ros/launch
[1.802s] running install_egg_info
[1.834s] Copying ../../build/tactigon_ros/tactigon_ros.egg-info to /home/banjov2/ros2_ws/install/tactigon_ros/lib/python3.12/site-packages/tactigon_ros-0.0.0-py3.12.egg-info
[1.836s] running install_scripts
[2.050s] Installing tactigon_data script to /home/banjov2/ros2_ws/install/tactigon_ros/lib/tactigon_ros
[2.051s] Installing tactigon_logger script to /home/banjov2/ros2_ws/install/tactigon_ros/lib/tactigon_ros
[2.051s] Installing tactigon_turtlesim_controller script to /home/banjov2/ros2_ws/install/tactigon_ros/lib/tactigon_ros
[2.051s] writing list of installed files to '/home/banjov2/ros2_ws/build/tactigon_ros/install.log'
[2.087s] Invoked command in '/home/banjov2/ros2_ws/src/tactigon_ros' returned '0': AMENT_PREFIX_PATH=/home/banjov2/ros2_ws/install/tactigon_msgs:${AMENT_PREFIX_PATH} CMAKE_PREFIX_PATH=/home/banjov2/ros2_ws/install/tactigon_msgs:${CMAKE_PREFIX_PATH} DEBUGINFOD_URLS=https://debuginfod.ubuntu.com LD_LIBRARY_PATH=/home/banjov2/ros2_ws/install/tactigon_msgs/lib:${LD_LIBRARY_PATH} PYTHONPATH=/home/banjov2/ros2_ws/build/tactigon_ros/prefix_override:/usr/lib/python3/dist-packages/colcon_core/task/python/colcon_distutils_commands:/home/banjov2/ros2_ws/install/tactigon_ros/lib/python3.12/site-packages:/home/banjov2/ros2_ws/install/tactigon_msgs/lib/python3.12/site-packages:${PYTHONPATH} /usr/bin/python3 -W ignore:setup.py install is deprecated -W ignore:easy_install command is deprecated setup.py egg_info --egg-base ../../build/tactigon_ros build --build-base /home/banjov2/ros2_ws/build/tactigon_ros/build install --record /home/banjov2/ros2_ws/build/tactigon_ros/install.log --single-version-externally-managed install_data
