[0.205s] DEBUG:colcon:Command line arguments: ['/usr/bin/colcon', 'build']
[0.205s] DEBUG:colcon:Parsed command line arguments: Namespace(log_base=None, log_level=None, verb_name='build', build_base='build', install_base='install', merge_install=False, symlink_install=False, test_result_base=None, continue_on_error=False, executor='parallel', parallel_workers=8, event_handlers=None, ignore_user_meta=False, metas=['./colcon.meta'], base_paths=['.'], packages_ignore=None, packages_ignore_regex=None, paths=None, packages_up_to=None, packages_up_to_regex=None, packages_above=None, packages_above_and_dependencies=None, packages_above_depth=None, packages_select_by_dep=None, packages_skip_by_dep=None, packages_skip_up_to=None, packages_select_build_failed=False, packages_skip_build_finished=False, packages_select_test_failures=False, packages_skip_test_passed=False, packages_select=None, packages_skip=None, packages_select_regex=None, packages_skip_regex=None, packages_start=None, packages_end=None, allow_overriding=[], cmake_args=None, cmake_target=None, cmake_target_skip_unavailable=False, cmake_clean_cache=False, cmake_clean_first=False, cmake_force_configure=False, ament_cmake_args=None, catkin_cmake_args=None, catkin_skip_building_tests=False, mixin_files=None, mixin=None, verb_parser=<colcon_mixin.mixin.mixin_argument.MixinArgumentDecorator object at 0x72b6faa77a10>, verb_extension=<colcon_core.verb.build.BuildVerb object at 0x72b6faa777a0>, main=<bound method BuildVerb.main of <colcon_core.verb.build.BuildVerb object at 0x72b6faa777a0>>, mixin_verb=('build',))
[0.252s] Level 1:colcon.colcon_core.package_discovery:discover_packages(colcon_meta) check parameters
[0.252s] Level 1:colcon.colcon_core.package_discovery:discover_packages(recursive) check parameters
[0.252s] Level 1:colcon.colcon_core.package_discovery:discover_packages(ignore) check parameters
[0.252s] Level 1:colcon.colcon_core.package_discovery:discover_packages(path) check parameters
[0.252s] Level 1:colcon.colcon_core.package_discovery:discover_packages(colcon_meta) discover
[0.252s] Level 1:colcon.colcon_core.package_discovery:discover_packages(recursive) discover
[0.253s] INFO:colcon.colcon_core.package_discovery:Crawling recursively for packages in '/home/banjov2/ros2_ws'
[0.253s] Level 1:colcon.colcon_core.package_identification:_identify(.) by extensions ['ignore', 'ignore_ament_install']
[0.253s] Level 1:colcon.colcon_core.package_identification:_identify(.) by extension 'ignore'
[0.253s] Level 1:colcon.colcon_core.package_identification:_identify(.) by extension 'ignore_ament_install'
[0.253s] Level 1:colcon.colcon_core.package_identification:_identify(.) by extensions ['colcon_pkg']
[0.253s] Level 1:colcon.colcon_core.package_identification:_identify(.) by extension 'colcon_pkg'
[0.253s] Level 1:colcon.colcon_core.package_identification:_identify(.) by extensions ['colcon_meta']
[0.253s] Level 1:colcon.colcon_core.package_identification:_identify(.) by extension 'colcon_meta'
[0.253s] Level 1:colcon.colcon_core.package_identification:_identify(.) by extensions ['ros']
[0.253s] Level 1:colcon.colcon_core.package_identification:_identify(.) by extension 'ros'
[0.274s] Level 1:colcon.colcon_core.package_identification:_identify(.) by extensions ['cmake', 'python']
[0.274s] Level 1:colcon.colcon_core.package_identification:_identify(.) by extension 'cmake'
[0.274s] Level 1:colcon.colcon_core.package_identification:_identify(.) by extension 'python'
[0.274s] Level 1:colcon.colcon_core.package_identification:_identify(.) by extensions ['python_setup_py']
[0.274s] Level 1:colcon.colcon_core.package_identification:_identify(.) by extension 'python_setup_py'
[0.274s] Level 1:colcon.colcon_core.package_identification:_identify(build) by extensions ['ignore', 'ignore_ament_install']
[0.274s] Level 1:colcon.colcon_core.package_identification:_identify(build) by extension 'ignore'
[0.274s] Level 1:colcon.colcon_core.package_identification:_identify(build) ignored
[0.274s] Level 1:colcon.colcon_core.package_identification:_identify(examples) by extensions ['ignore', 'ignore_ament_install']
[0.275s] Level 1:colcon.colcon_core.package_identification:_identify(examples) by extension 'ignore'
[0.275s] Level 1:colcon.colcon_core.package_identification:_identify(examples) by extension 'ignore_ament_install'
[0.275s] Level 1:colcon.colcon_core.package_identification:_identify(examples) by extensions ['colcon_pkg']
[0.275s] Level 1:colcon.colcon_core.package_identification:_identify(examples) by extension 'colcon_pkg'
[0.275s] Level 1:colcon.colcon_core.package_identification:_identify(examples) by extensions ['colcon_meta']
[0.275s] Level 1:colcon.colcon_core.package_identification:_identify(examples) by extension 'colcon_meta'
[0.275s] Level 1:colcon.colcon_core.package_identification:_identify(examples) by extensions ['ros']
[0.275s] Level 1:colcon.colcon_core.package_identification:_identify(examples) by extension 'ros'
[0.275s] Level 1:colcon.colcon_core.package_identification:_identify(examples) by extensions ['cmake', 'python']
[0.275s] Level 1:colcon.colcon_core.package_identification:_identify(examples) by extension 'cmake'
[0.275s] Level 1:colcon.colcon_core.package_identification:_identify(examples) by extension 'python'
[0.275s] Level 1:colcon.colcon_core.package_identification:_identify(examples) by extensions ['python_setup_py']
[0.275s] Level 1:colcon.colcon_core.package_identification:_identify(examples) by extension 'python_setup_py'
[0.275s] Level 1:colcon.colcon_core.package_identification:_identify(examples/audio) by extensions ['ignore', 'ignore_ament_install']
[0.275s] Level 1:colcon.colcon_core.package_identification:_identify(examples/audio) by extension 'ignore'
[0.275s] Level 1:colcon.colcon_core.package_identification:_identify(examples/audio) by extension 'ignore_ament_install'
[0.275s] Level 1:colcon.colcon_core.package_identification:_identify(examples/audio) by extensions ['colcon_pkg']
[0.275s] Level 1:colcon.colcon_core.package_identification:_identify(examples/audio) by extension 'colcon_pkg'
[0.275s] Level 1:colcon.colcon_core.package_identification:_identify(examples/audio) by extensions ['colcon_meta']
[0.275s] Level 1:colcon.colcon_core.package_identification:_identify(examples/audio) by extension 'colcon_meta'
[0.275s] Level 1:colcon.colcon_core.package_identification:_identify(examples/audio) by extensions ['ros']
[0.275s] Level 1:colcon.colcon_core.package_identification:_identify(examples/audio) by extension 'ros'
[0.275s] Level 1:colcon.colcon_core.package_identification:_identify(examples/audio) by extensions ['cmake', 'python']
[0.275s] Level 1:colcon.colcon_core.package_identification:_identify(examples/audio) by extension 'cmake'
[0.275s] Level 1:colcon.colcon_core.package_identification:_identify(examples/audio) by extension 'python'
[0.275s] Level 1:colcon.colcon_core.package_identification:_identify(examples/audio) by extensions ['python_setup_py']
[0.276s] Level 1:colcon.colcon_core.package_identification:_identify(examples/audio) by extension 'python_setup_py'
[0.276s] Level 1:colcon.colcon_core.package_identification:_identify(examples/braccio) by extensions ['ignore', 'ignore_ament_install']
[0.276s] Level 1:colcon.colcon_core.package_identification:_identify(examples/braccio) by extension 'ignore'
[0.276s] Level 1:colcon.colcon_core.package_identification:_identify(examples/braccio) by extension 'ignore_ament_install'
[0.276s] Level 1:colcon.colcon_core.package_identification:_identify(examples/braccio) by extensions ['colcon_pkg']
[0.276s] Level 1:colcon.colcon_core.package_identification:_identify(examples/braccio) by extension 'colcon_pkg'
[0.276s] Level 1:colcon.colcon_core.package_identification:_identify(examples/braccio) by extensions ['colcon_meta']
[0.276s] Level 1:colcon.colcon_core.package_identification:_identify(examples/braccio) by extension 'colcon_meta'
[0.276s] Level 1:colcon.colcon_core.package_identification:_identify(examples/braccio) by extensions ['ros']
[0.276s] Level 1:colcon.colcon_core.package_identification:_identify(examples/braccio) by extension 'ros'
[0.276s] Level 1:colcon.colcon_core.package_identification:_identify(examples/braccio) by extensions ['cmake', 'python']
[0.276s] Level 1:colcon.colcon_core.package_identification:_identify(examples/braccio) by extension 'cmake'
[0.276s] Level 1:colcon.colcon_core.package_identification:_identify(examples/braccio) by extension 'python'
[0.276s] Level 1:colcon.colcon_core.package_identification:_identify(examples/braccio) by extensions ['python_setup_py']
[0.276s] Level 1:colcon.colcon_core.package_identification:_identify(examples/braccio) by extension 'python_setup_py'
[0.276s] Level 1:colcon.colcon_core.package_identification:_identify(examples/braccio/arduino_code) by extensions ['ignore', 'ignore_ament_install']
[0.276s] Level 1:colcon.colcon_core.package_identification:_identify(examples/braccio/arduino_code) by extension 'ignore'
[0.276s] Level 1:colcon.colcon_core.package_identification:_identify(examples/braccio/arduino_code) by extension 'ignore_ament_install'
[0.276s] Level 1:colcon.colcon_core.package_identification:_identify(examples/braccio/arduino_code) by extensions ['colcon_pkg']
[0.276s] Level 1:colcon.colcon_core.package_identification:_identify(examples/braccio/arduino_code) by extension 'colcon_pkg'
[0.276s] Level 1:colcon.colcon_core.package_identification:_identify(examples/braccio/arduino_code) by extensions ['colcon_meta']
[0.276s] Level 1:colcon.colcon_core.package_identification:_identify(examples/braccio/arduino_code) by extension 'colcon_meta'
[0.276s] Level 1:colcon.colcon_core.package_identification:_identify(examples/braccio/arduino_code) by extensions ['ros']
[0.276s] Level 1:colcon.colcon_core.package_identification:_identify(examples/braccio/arduino_code) by extension 'ros'
[0.276s] Level 1:colcon.colcon_core.package_identification:_identify(examples/braccio/arduino_code) by extensions ['cmake', 'python']
[0.276s] Level 1:colcon.colcon_core.package_identification:_identify(examples/braccio/arduino_code) by extension 'cmake'
[0.277s] Level 1:colcon.colcon_core.package_identification:_identify(examples/braccio/arduino_code) by extension 'python'
[0.277s] Level 1:colcon.colcon_core.package_identification:_identify(examples/braccio/arduino_code) by extensions ['python_setup_py']
[0.277s] Level 1:colcon.colcon_core.package_identification:_identify(examples/braccio/arduino_code) by extension 'python_setup_py'
[0.277s] Level 1:colcon.colcon_core.package_identification:_identify(examples/flask) by extensions ['ignore', 'ignore_ament_install']
[0.277s] Level 1:colcon.colcon_core.package_identification:_identify(examples/flask) by extension 'ignore'
[0.277s] Level 1:colcon.colcon_core.package_identification:_identify(examples/flask) by extension 'ignore_ament_install'
[0.277s] Level 1:colcon.colcon_core.package_identification:_identify(examples/flask) by extensions ['colcon_pkg']
[0.277s] Level 1:colcon.colcon_core.package_identification:_identify(examples/flask) by extension 'colcon_pkg'
[0.277s] Level 1:colcon.colcon_core.package_identification:_identify(examples/flask) by extensions ['colcon_meta']
[0.277s] Level 1:colcon.colcon_core.package_identification:_identify(examples/flask) by extension 'colcon_meta'
[0.277s] Level 1:colcon.colcon_core.package_identification:_identify(examples/flask) by extensions ['ros']
[0.277s] Level 1:colcon.colcon_core.package_identification:_identify(examples/flask) by extension 'ros'
[0.277s] Level 1:colcon.colcon_core.package_identification:_identify(examples/flask) by extensions ['cmake', 'python']
[0.277s] Level 1:colcon.colcon_core.package_identification:_identify(examples/flask) by extension 'cmake'
[0.277s] Level 1:colcon.colcon_core.package_identification:_identify(examples/flask) by extension 'python'
[0.277s] Level 1:colcon.colcon_core.package_identification:_identify(examples/flask) by extensions ['python_setup_py']
[0.277s] Level 1:colcon.colcon_core.package_identification:_identify(examples/flask) by extension 'python_setup_py'
[0.277s] Level 1:colcon.colcon_core.package_identification:_identify(examples/flask/extensions) by extensions ['ignore', 'ignore_ament_install']
[0.277s] Level 1:colcon.colcon_core.package_identification:_identify(examples/flask/extensions) by extension 'ignore'
[0.277s] Level 1:colcon.colcon_core.package_identification:_identify(examples/flask/extensions) by extension 'ignore_ament_install'
[0.277s] Level 1:colcon.colcon_core.package_identification:_identify(examples/flask/extensions) by extensions ['colcon_pkg']
[0.277s] Level 1:colcon.colcon_core.package_identification:_identify(examples/flask/extensions) by extension 'colcon_pkg'
[0.277s] Level 1:colcon.colcon_core.package_identification:_identify(examples/flask/extensions) by extensions ['colcon_meta']
[0.277s] Level 1:colcon.colcon_core.package_identification:_identify(examples/flask/extensions) by extension 'colcon_meta'
[0.277s] Level 1:colcon.colcon_core.package_identification:_identify(examples/flask/extensions) by extensions ['ros']
[0.277s] Level 1:colcon.colcon_core.package_identification:_identify(examples/flask/extensions) by extension 'ros'
[0.278s] Level 1:colcon.colcon_core.package_identification:_identify(examples/flask/extensions) by extensions ['cmake', 'python']
[0.278s] Level 1:colcon.colcon_core.package_identification:_identify(examples/flask/extensions) by extension 'cmake'
[0.278s] Level 1:colcon.colcon_core.package_identification:_identify(examples/flask/extensions) by extension 'python'
[0.278s] Level 1:colcon.colcon_core.package_identification:_identify(examples/flask/extensions) by extensions ['python_setup_py']
[0.278s] Level 1:colcon.colcon_core.package_identification:_identify(examples/flask/extensions) by extension 'python_setup_py'
[0.278s] Level 1:colcon.colcon_core.package_identification:_identify(examples/flask/static) by extensions ['ignore', 'ignore_ament_install']
[0.278s] Level 1:colcon.colcon_core.package_identification:_identify(examples/flask/static) by extension 'ignore'
[0.278s] Level 1:colcon.colcon_core.package_identification:_identify(examples/flask/static) by extension 'ignore_ament_install'
[0.278s] Level 1:colcon.colcon_core.package_identification:_identify(examples/flask/static) by extensions ['colcon_pkg']
[0.278s] Level 1:colcon.colcon_core.package_identification:_identify(examples/flask/static) by extension 'colcon_pkg'
[0.278s] Level 1:colcon.colcon_core.package_identification:_identify(examples/flask/static) by extensions ['colcon_meta']
[0.278s] Level 1:colcon.colcon_core.package_identification:_identify(examples/flask/static) by extension 'colcon_meta'
[0.278s] Level 1:colcon.colcon_core.package_identification:_identify(examples/flask/static) by extensions ['ros']
[0.278s] Level 1:colcon.colcon_core.package_identification:_identify(examples/flask/static) by extension 'ros'
[0.278s] Level 1:colcon.colcon_core.package_identification:_identify(examples/flask/static) by extensions ['cmake', 'python']
[0.278s] Level 1:colcon.colcon_core.package_identification:_identify(examples/flask/static) by extension 'cmake'
[0.278s] Level 1:colcon.colcon_core.package_identification:_identify(examples/flask/static) by extension 'python'
[0.278s] Level 1:colcon.colcon_core.package_identification:_identify(examples/flask/static) by extensions ['python_setup_py']
[0.278s] Level 1:colcon.colcon_core.package_identification:_identify(examples/flask/static) by extension 'python_setup_py'
[0.278s] Level 1:colcon.colcon_core.package_identification:_identify(examples/flask/static/css) by extensions ['ignore', 'ignore_ament_install']
[0.278s] Level 1:colcon.colcon_core.package_identification:_identify(examples/flask/static/css) by extension 'ignore'
[0.278s] Level 1:colcon.colcon_core.package_identification:_identify(examples/flask/static/css) by extension 'ignore_ament_install'
[0.278s] Level 1:colcon.colcon_core.package_identification:_identify(examples/flask/static/css) by extensions ['colcon_pkg']
[0.278s] Level 1:colcon.colcon_core.package_identification:_identify(examples/flask/static/css) by extension 'colcon_pkg'
[0.278s] Level 1:colcon.colcon_core.package_identification:_identify(examples/flask/static/css) by extensions ['colcon_meta']
[0.278s] Level 1:colcon.colcon_core.package_identification:_identify(examples/flask/static/css) by extension 'colcon_meta'
[0.278s] Level 1:colcon.colcon_core.package_identification:_identify(examples/flask/static/css) by extensions ['ros']
[0.279s] Level 1:colcon.colcon_core.package_identification:_identify(examples/flask/static/css) by extension 'ros'
[0.279s] Level 1:colcon.colcon_core.package_identification:_identify(examples/flask/static/css) by extensions ['cmake', 'python']
[0.279s] Level 1:colcon.colcon_core.package_identification:_identify(examples/flask/static/css) by extension 'cmake'
[0.279s] Level 1:colcon.colcon_core.package_identification:_identify(examples/flask/static/css) by extension 'python'
[0.279s] Level 1:colcon.colcon_core.package_identification:_identify(examples/flask/static/css) by extensions ['python_setup_py']
[0.279s] Level 1:colcon.colcon_core.package_identification:_identify(examples/flask/static/css) by extension 'python_setup_py'
[0.279s] Level 1:colcon.colcon_core.package_identification:_identify(examples/flask/static/images) by extensions ['ignore', 'ignore_ament_install']
[0.279s] Level 1:colcon.colcon_core.package_identification:_identify(examples/flask/static/images) by extension 'ignore'
[0.279s] Level 1:colcon.colcon_core.package_identification:_identify(examples/flask/static/images) by extension 'ignore_ament_install'
[0.279s] Level 1:colcon.colcon_core.package_identification:_identify(examples/flask/static/images) by extensions ['colcon_pkg']
[0.279s] Level 1:colcon.colcon_core.package_identification:_identify(examples/flask/static/images) by extension 'colcon_pkg'
[0.279s] Level 1:colcon.colcon_core.package_identification:_identify(examples/flask/static/images) by extensions ['colcon_meta']
[0.279s] Level 1:colcon.colcon_core.package_identification:_identify(examples/flask/static/images) by extension 'colcon_meta'
[0.279s] Level 1:colcon.colcon_core.package_identification:_identify(examples/flask/static/images) by extensions ['ros']
[0.279s] Level 1:colcon.colcon_core.package_identification:_identify(examples/flask/static/images) by extension 'ros'
[0.279s] Level 1:colcon.colcon_core.package_identification:_identify(examples/flask/static/images) by extensions ['cmake', 'python']
[0.279s] Level 1:colcon.colcon_core.package_identification:_identify(examples/flask/static/images) by extension 'cmake'
[0.279s] Level 1:colcon.colcon_core.package_identification:_identify(examples/flask/static/images) by extension 'python'
[0.279s] Level 1:colcon.colcon_core.package_identification:_identify(examples/flask/static/images) by extensions ['python_setup_py']
[0.279s] Level 1:colcon.colcon_core.package_identification:_identify(examples/flask/static/images) by extension 'python_setup_py'
[0.279s] Level 1:colcon.colcon_core.package_identification:_identify(examples/flask/templates) by extensions ['ignore', 'ignore_ament_install']
[0.279s] Level 1:colcon.colcon_core.package_identification:_identify(examples/flask/templates) by extension 'ignore'
[0.279s] Level 1:colcon.colcon_core.package_identification:_identify(examples/flask/templates) by extension 'ignore_ament_install'
[0.279s] Level 1:colcon.colcon_core.package_identification:_identify(examples/flask/templates) by extensions ['colcon_pkg']
[0.279s] Level 1:colcon.colcon_core.package_identification:_identify(examples/flask/templates) by extension 'colcon_pkg'
[0.280s] Level 1:colcon.colcon_core.package_identification:_identify(examples/flask/templates) by extensions ['colcon_meta']
[0.280s] Level 1:colcon.colcon_core.package_identification:_identify(examples/flask/templates) by extension 'colcon_meta'
[0.280s] Level 1:colcon.colcon_core.package_identification:_identify(examples/flask/templates) by extensions ['ros']
[0.280s] Level 1:colcon.colcon_core.package_identification:_identify(examples/flask/templates) by extension 'ros'
[0.280s] Level 1:colcon.colcon_core.package_identification:_identify(examples/flask/templates) by extensions ['cmake', 'python']
[0.280s] Level 1:colcon.colcon_core.package_identification:_identify(examples/flask/templates) by extension 'cmake'
[0.280s] Level 1:colcon.colcon_core.package_identification:_identify(examples/flask/templates) by extension 'python'
[0.280s] Level 1:colcon.colcon_core.package_identification:_identify(examples/flask/templates) by extensions ['python_setup_py']
[0.280s] Level 1:colcon.colcon_core.package_identification:_identify(examples/flask/templates) by extension 'python_setup_py'
[0.280s] Level 1:colcon.colcon_core.package_identification:_identify(examples/flask/templates/main) by extensions ['ignore', 'ignore_ament_install']
[0.280s] Level 1:colcon.colcon_core.package_identification:_identify(examples/flask/templates/main) by extension 'ignore'
[0.280s] Level 1:colcon.colcon_core.package_identification:_identify(examples/flask/templates/main) by extension 'ignore_ament_install'
[0.280s] Level 1:colcon.colcon_core.package_identification:_identify(examples/flask/templates/main) by extensions ['colcon_pkg']
[0.280s] Level 1:colcon.colcon_core.package_identification:_identify(examples/flask/templates/main) by extension 'colcon_pkg'
[0.280s] Level 1:colcon.colcon_core.package_identification:_identify(examples/flask/templates/main) by extensions ['colcon_meta']
[0.280s] Level 1:colcon.colcon_core.package_identification:_identify(examples/flask/templates/main) by extension 'colcon_meta'
[0.280s] Level 1:colcon.colcon_core.package_identification:_identify(examples/flask/templates/main) by extensions ['ros']
[0.280s] Level 1:colcon.colcon_core.package_identification:_identify(examples/flask/templates/main) by extension 'ros'
[0.280s] Level 1:colcon.colcon_core.package_identification:_identify(examples/flask/templates/main) by extensions ['cmake', 'python']
[0.280s] Level 1:colcon.colcon_core.package_identification:_identify(examples/flask/templates/main) by extension 'cmake'
[0.280s] Level 1:colcon.colcon_core.package_identification:_identify(examples/flask/templates/main) by extension 'python'
[0.280s] Level 1:colcon.colcon_core.package_identification:_identify(examples/flask/templates/main) by extensions ['python_setup_py']
[0.280s] Level 1:colcon.colcon_core.package_identification:_identify(examples/flask/templates/main) by extension 'python_setup_py'
[0.280s] Level 1:colcon.colcon_core.package_identification:_identify(examples/gear) by extensions ['ignore', 'ignore_ament_install']
[0.280s] Level 1:colcon.colcon_core.package_identification:_identify(examples/gear) by extension 'ignore'
[0.280s] Level 1:colcon.colcon_core.package_identification:_identify(examples/gear) by extension 'ignore_ament_install'
[0.281s] Level 1:colcon.colcon_core.package_identification:_identify(examples/gear) by extensions ['colcon_pkg']
[0.281s] Level 1:colcon.colcon_core.package_identification:_identify(examples/gear) by extension 'colcon_pkg'
[0.281s] Level 1:colcon.colcon_core.package_identification:_identify(examples/gear) by extensions ['colcon_meta']
[0.281s] Level 1:colcon.colcon_core.package_identification:_identify(examples/gear) by extension 'colcon_meta'
[0.281s] Level 1:colcon.colcon_core.package_identification:_identify(examples/gear) by extensions ['ros']
[0.281s] Level 1:colcon.colcon_core.package_identification:_identify(examples/gear) by extension 'ros'
[0.281s] Level 1:colcon.colcon_core.package_identification:_identify(examples/gear) by extensions ['cmake', 'python']
[0.281s] Level 1:colcon.colcon_core.package_identification:_identify(examples/gear) by extension 'cmake'
[0.281s] Level 1:colcon.colcon_core.package_identification:_identify(examples/gear) by extension 'python'
[0.281s] Level 1:colcon.colcon_core.package_identification:_identify(examples/gear) by extensions ['python_setup_py']
[0.281s] Level 1:colcon.colcon_core.package_identification:_identify(examples/gear) by extension 'python_setup_py'
[0.281s] Level 1:colcon.colcon_core.package_identification:_identify(examples/speech) by extensions ['ignore', 'ignore_ament_install']
[0.281s] Level 1:colcon.colcon_core.package_identification:_identify(examples/speech) by extension 'ignore'
[0.281s] Level 1:colcon.colcon_core.package_identification:_identify(examples/speech) by extension 'ignore_ament_install'
[0.281s] Level 1:colcon.colcon_core.package_identification:_identify(examples/speech) by extensions ['colcon_pkg']
[0.281s] Level 1:colcon.colcon_core.package_identification:_identify(examples/speech) by extension 'colcon_pkg'
[0.281s] Level 1:colcon.colcon_core.package_identification:_identify(examples/speech) by extensions ['colcon_meta']
[0.281s] Level 1:colcon.colcon_core.package_identification:_identify(examples/speech) by extension 'colcon_meta'
[0.281s] Level 1:colcon.colcon_core.package_identification:_identify(examples/speech) by extensions ['ros']
[0.281s] Level 1:colcon.colcon_core.package_identification:_identify(examples/speech) by extension 'ros'
[0.281s] Level 1:colcon.colcon_core.package_identification:_identify(examples/speech) by extensions ['cmake', 'python']
[0.281s] Level 1:colcon.colcon_core.package_identification:_identify(examples/speech) by extension 'cmake'
[0.281s] Level 1:colcon.colcon_core.package_identification:_identify(examples/speech) by extension 'python'
[0.281s] Level 1:colcon.colcon_core.package_identification:_identify(examples/speech) by extensions ['python_setup_py']
[0.281s] Level 1:colcon.colcon_core.package_identification:_identify(examples/speech) by extension 'python_setup_py'
[0.281s] Level 1:colcon.colcon_core.package_identification:_identify(install) by extensions ['ignore', 'ignore_ament_install']
[0.281s] Level 1:colcon.colcon_core.package_identification:_identify(install) by extension 'ignore'
[0.281s] Level 1:colcon.colcon_core.package_identification:_identify(install) ignored
[0.282s] Level 1:colcon.colcon_core.package_identification:_identify(log) by extensions ['ignore', 'ignore_ament_install']
[0.282s] Level 1:colcon.colcon_core.package_identification:_identify(log) by extension 'ignore'
[0.282s] Level 1:colcon.colcon_core.package_identification:_identify(log) ignored
[0.282s] Level 1:colcon.colcon_core.package_identification:_identify(src) by extensions ['ignore', 'ignore_ament_install']
[0.282s] Level 1:colcon.colcon_core.package_identification:_identify(src) by extension 'ignore'
[0.282s] Level 1:colcon.colcon_core.package_identification:_identify(src) by extension 'ignore_ament_install'
[0.282s] Level 1:colcon.colcon_core.package_identification:_identify(src) by extensions ['colcon_pkg']
[0.282s] Level 1:colcon.colcon_core.package_identification:_identify(src) by extension 'colcon_pkg'
[0.282s] Level 1:colcon.colcon_core.package_identification:_identify(src) by extensions ['colcon_meta']
[0.282s] Level 1:colcon.colcon_core.package_identification:_identify(src) by extension 'colcon_meta'
[0.282s] Level 1:colcon.colcon_core.package_identification:_identify(src) by extensions ['ros']
[0.282s] Level 1:colcon.colcon_core.package_identification:_identify(src) by extension 'ros'
[0.282s] Level 1:colcon.colcon_core.package_identification:_identify(src) by extensions ['cmake', 'python']
[0.282s] Level 1:colcon.colcon_core.package_identification:_identify(src) by extension 'cmake'
[0.282s] Level 1:colcon.colcon_core.package_identification:_identify(src) by extension 'python'
[0.282s] Level 1:colcon.colcon_core.package_identification:_identify(src) by extensions ['python_setup_py']
[0.282s] Level 1:colcon.colcon_core.package_identification:_identify(src) by extension 'python_setup_py'
[0.282s] Level 1:colcon.colcon_core.package_identification:_identify(src/tactigon_msgs) by extensions ['ignore', 'ignore_ament_install']
[0.282s] Level 1:colcon.colcon_core.package_identification:_identify(src/tactigon_msgs) by extension 'ignore'
[0.282s] Level 1:colcon.colcon_core.package_identification:_identify(src/tactigon_msgs) by extension 'ignore_ament_install'
[0.282s] Level 1:colcon.colcon_core.package_identification:_identify(src/tactigon_msgs) by extensions ['colcon_pkg']
[0.282s] Level 1:colcon.colcon_core.package_identification:_identify(src/tactigon_msgs) by extension 'colcon_pkg'
[0.282s] Level 1:colcon.colcon_core.package_identification:_identify(src/tactigon_msgs) by extensions ['colcon_meta']
[0.282s] Level 1:colcon.colcon_core.package_identification:_identify(src/tactigon_msgs) by extension 'colcon_meta'
[0.282s] Level 1:colcon.colcon_core.package_identification:_identify(src/tactigon_msgs) by extensions ['ros']
[0.282s] Level 1:colcon.colcon_core.package_identification:_identify(src/tactigon_msgs) by extension 'ros'
[0.285s] DEBUG:colcon.colcon_core.package_identification:Package 'src/tactigon_msgs' with type 'ros.ament_cmake' and name 'tactigon_msgs'
[0.285s] Level 1:colcon.colcon_core.package_identification:_identify(src/tactigon_ros) by extensions ['ignore', 'ignore_ament_install']
[0.285s] Level 1:colcon.colcon_core.package_identification:_identify(src/tactigon_ros) by extension 'ignore'
[0.285s] Level 1:colcon.colcon_core.package_identification:_identify(src/tactigon_ros) by extension 'ignore_ament_install'
[0.285s] Level 1:colcon.colcon_core.package_identification:_identify(src/tactigon_ros) by extensions ['colcon_pkg']
[0.285s] Level 1:colcon.colcon_core.package_identification:_identify(src/tactigon_ros) by extension 'colcon_pkg'
[0.285s] Level 1:colcon.colcon_core.package_identification:_identify(src/tactigon_ros) by extensions ['colcon_meta']
[0.285s] Level 1:colcon.colcon_core.package_identification:_identify(src/tactigon_ros) by extension 'colcon_meta'
[0.285s] Level 1:colcon.colcon_core.package_identification:_identify(src/tactigon_ros) by extensions ['ros']
[0.285s] Level 1:colcon.colcon_core.package_identification:_identify(src/tactigon_ros) by extension 'ros'
[0.286s] DEBUG:colcon.colcon_core.package_identification:Package 'src/tactigon_ros' with type 'ros.ament_python' and name 'tactigon_ros'
[0.286s] Level 1:colcon.colcon_core.package_discovery:discover_packages(recursive) using defaults
[0.286s] Level 1:colcon.colcon_core.package_discovery:discover_packages(ignore) discover
[0.286s] Level 1:colcon.colcon_core.package_discovery:discover_packages(ignore) using defaults
[0.286s] Level 1:colcon.colcon_core.package_discovery:discover_packages(path) discover
[0.286s] Level 1:colcon.colcon_core.package_discovery:discover_packages(path) using defaults
[0.325s] Level 1:colcon.colcon_core.package_discovery:discover_packages(prefix_path) check parameters
[0.325s] Level 1:colcon.colcon_core.package_discovery:discover_packages(prefix_path) discover
[0.330s] DEBUG:colcon.colcon_installed_package_information.package_discovery:Found 285 installed packages in /opt/ros/jazzy
[0.331s] Level 1:colcon.colcon_core.package_discovery:discover_packages(prefix_path) using defaults
[0.381s] Level 5:colcon.colcon_core.verb:set package 'tactigon_msgs' build argument 'cmake_args' from command line to 'None'
[0.381s] Level 5:colcon.colcon_core.verb:set package 'tactigon_msgs' build argument 'cmake_target' from command line to 'None'
[0.382s] Level 5:colcon.colcon_core.verb:set package 'tactigon_msgs' build argument 'cmake_target_skip_unavailable' from command line to 'False'
[0.382s] Level 5:colcon.colcon_core.verb:set package 'tactigon_msgs' build argument 'cmake_clean_cache' from command line to 'False'
[0.382s] Level 5:colcon.colcon_core.verb:set package 'tactigon_msgs' build argument 'cmake_clean_first' from command line to 'False'
[0.382s] Level 5:colcon.colcon_core.verb:set package 'tactigon_msgs' build argument 'cmake_force_configure' from command line to 'False'
[0.382s] Level 5:colcon.colcon_core.verb:set package 'tactigon_msgs' build argument 'ament_cmake_args' from command line to 'None'
[0.382s] Level 5:colcon.colcon_core.verb:set package 'tactigon_msgs' build argument 'catkin_cmake_args' from command line to 'None'
[0.382s] Level 5:colcon.colcon_core.verb:set package 'tactigon_msgs' build argument 'catkin_skip_building_tests' from command line to 'False'
[0.382s] DEBUG:colcon.colcon_core.verb:Building package 'tactigon_msgs' with the following arguments: {'ament_cmake_args': None, 'build_base': '/home/banjov2/ros2_ws/build/tactigon_msgs', 'catkin_cmake_args': None, 'catkin_skip_building_tests': False, 'cmake_args': None, 'cmake_clean_cache': False, 'cmake_clean_first': False, 'cmake_force_configure': False, 'cmake_target': None, 'cmake_target_skip_unavailable': False, 'install_base': '/home/banjov2/ros2_ws/install/tactigon_msgs', 'merge_install': False, 'path': '/home/banjov2/ros2_ws/src/tactigon_msgs', 'symlink_install': False, 'test_result_base': None}
[0.382s] Level 5:colcon.colcon_core.verb:set package 'tactigon_ros' build argument 'cmake_args' from command line to 'None'
[0.382s] Level 5:colcon.colcon_core.verb:set package 'tactigon_ros' build argument 'cmake_target' from command line to 'None'
[0.382s] Level 5:colcon.colcon_core.verb:set package 'tactigon_ros' build argument 'cmake_target_skip_unavailable' from command line to 'False'
[0.382s] Level 5:colcon.colcon_core.verb:set package 'tactigon_ros' build argument 'cmake_clean_cache' from command line to 'False'
[0.382s] Level 5:colcon.colcon_core.verb:set package 'tactigon_ros' build argument 'cmake_clean_first' from command line to 'False'
[0.382s] Level 5:colcon.colcon_core.verb:set package 'tactigon_ros' build argument 'cmake_force_configure' from command line to 'False'
[0.382s] Level 5:colcon.colcon_core.verb:set package 'tactigon_ros' build argument 'ament_cmake_args' from command line to 'None'
[0.382s] Level 5:colcon.colcon_core.verb:set package 'tactigon_ros' build argument 'catkin_cmake_args' from command line to 'None'
[0.382s] Level 5:colcon.colcon_core.verb:set package 'tactigon_ros' build argument 'catkin_skip_building_tests' from command line to 'False'
[0.382s] DEBUG:colcon.colcon_core.verb:Building package 'tactigon_ros' with the following arguments: {'ament_cmake_args': None, 'build_base': '/home/banjov2/ros2_ws/build/tactigon_ros', 'catkin_cmake_args': None, 'catkin_skip_building_tests': False, 'cmake_args': None, 'cmake_clean_cache': False, 'cmake_clean_first': False, 'cmake_force_configure': False, 'cmake_target': None, 'cmake_target_skip_unavailable': False, 'install_base': '/home/banjov2/ros2_ws/install/tactigon_ros', 'merge_install': False, 'path': '/home/banjov2/ros2_ws/src/tactigon_ros', 'symlink_install': False, 'test_result_base': None}
[0.383s] INFO:colcon.colcon_core.executor:Executing jobs using 'parallel' executor
[0.384s] DEBUG:colcon.colcon_parallel_executor.executor.parallel:run_until_complete
[0.384s] INFO:colcon.colcon_ros.task.ament_cmake.build:Building ROS package in '/home/banjov2/ros2_ws/src/tactigon_msgs' with build type 'ament_cmake'
[0.384s] INFO:colcon.colcon_cmake.task.cmake.build:Building CMake package in '/home/banjov2/ros2_ws/src/tactigon_msgs'
[0.393s] INFO:colcon.colcon_core.plugin_system:Skipping extension 'colcon_core.shell.bat': Not used on non-Windows systems
[0.393s] INFO:colcon.colcon_core.shell:Skip shell extension 'powershell' for command environment: Not usable outside of PowerShell
[0.393s] DEBUG:colcon.colcon_core.shell:Skip shell extension 'dsv' for command environment
[0.407s] DEBUG:colcon.colcon_core.event_handler.log_command:Invoking command in '/home/banjov2/ros2_ws/build/tactigon_msgs': CMAKE_PREFIX_PATH=${CMAKE_PREFIX_PATH}:/opt/ros/jazzy DEBUGINFOD_URLS=https://debuginfod.ubuntu.com /usr/bin/cmake /home/banjov2/ros2_ws/src/tactigon_msgs -DCMAKE_INSTALL_PREFIX=/home/banjov2/ros2_ws/install/tactigon_msgs
[4.818s] DEBUG:colcon.colcon_core.event_handler.log_command:Invoked command in '/home/banjov2/ros2_ws/build/tactigon_msgs' returned '0': CMAKE_PREFIX_PATH=${CMAKE_PREFIX_PATH}:/opt/ros/jazzy DEBUGINFOD_URLS=https://debuginfod.ubuntu.com /usr/bin/cmake /home/banjov2/ros2_ws/src/tactigon_msgs -DCMAKE_INSTALL_PREFIX=/home/banjov2/ros2_ws/install/tactigon_msgs
[4.819s] DEBUG:colcon.colcon_core.event_handler.log_command:Invoking command in '/home/banjov2/ros2_ws/build/tactigon_msgs': CMAKE_PREFIX_PATH=${CMAKE_PREFIX_PATH}:/opt/ros/jazzy DEBUGINFOD_URLS=https://debuginfod.ubuntu.com /usr/bin/cmake --build /home/banjov2/ros2_ws/build/tactigon_msgs -- -j8 -l8
[12.883s] DEBUG:colcon.colcon_core.event_handler.log_command:Invoked command in '/home/banjov2/ros2_ws/build/tactigon_msgs' returned '0': CMAKE_PREFIX_PATH=${CMAKE_PREFIX_PATH}:/opt/ros/jazzy DEBUGINFOD_URLS=https://debuginfod.ubuntu.com /usr/bin/cmake --build /home/banjov2/ros2_ws/build/tactigon_msgs -- -j8 -l8
[12.901s] DEBUG:colcon.colcon_core.event_handler.log_command:Invoking command in '/home/banjov2/ros2_ws/build/tactigon_msgs': CMAKE_PREFIX_PATH=${CMAKE_PREFIX_PATH}:/opt/ros/jazzy DEBUGINFOD_URLS=https://debuginfod.ubuntu.com /usr/bin/cmake --install /home/banjov2/ros2_ws/build/tactigon_msgs
[13.039s] Level 1:colcon.colcon_core.environment:create_environment_scripts_only(tactigon_msgs)
[13.040s] DEBUG:colcon.colcon_core.event_handler.log_command:Invoked command in '/home/banjov2/ros2_ws/build/tactigon_msgs' returned '0': CMAKE_PREFIX_PATH=${CMAKE_PREFIX_PATH}:/opt/ros/jazzy DEBUGINFOD_URLS=https://debuginfod.ubuntu.com /usr/bin/cmake --install /home/banjov2/ros2_ws/build/tactigon_msgs
[13.050s] Level 1:colcon.colcon_core.environment:checking '/home/banjov2/ros2_ws/install/tactigon_msgs' for CMake module files
[13.050s] Level 1:colcon.colcon_core.environment:checking '/home/banjov2/ros2_ws/install/tactigon_msgs' for CMake config files
[13.051s] Level 1:colcon.colcon_core.shell:create_environment_hook('tactigon_msgs', 'cmake_prefix_path')
[13.051s] INFO:colcon.colcon_core.shell:Creating environment hook '/home/banjov2/ros2_ws/install/tactigon_msgs/share/tactigon_msgs/hook/cmake_prefix_path.ps1'
[13.051s] INFO:colcon.colcon_core.shell:Creating environment descriptor '/home/banjov2/ros2_ws/install/tactigon_msgs/share/tactigon_msgs/hook/cmake_prefix_path.dsv'
[13.052s] INFO:colcon.colcon_core.shell:Creating environment hook '/home/banjov2/ros2_ws/install/tactigon_msgs/share/tactigon_msgs/hook/cmake_prefix_path.sh'
[13.052s] Level 1:colcon.colcon_core.environment:checking '/home/banjov2/ros2_ws/install/tactigon_msgs/lib'
[13.053s] Level 1:colcon.colcon_core.shell:create_environment_hook('tactigon_msgs', 'ld_library_path_lib')
[13.053s] INFO:colcon.colcon_core.shell:Creating environment hook '/home/banjov2/ros2_ws/install/tactigon_msgs/share/tactigon_msgs/hook/ld_library_path_lib.ps1'
[13.053s] INFO:colcon.colcon_core.shell:Creating environment descriptor '/home/banjov2/ros2_ws/install/tactigon_msgs/share/tactigon_msgs/hook/ld_library_path_lib.dsv'
[13.053s] INFO:colcon.colcon_core.shell:Creating environment hook '/home/banjov2/ros2_ws/install/tactigon_msgs/share/tactigon_msgs/hook/ld_library_path_lib.sh'
[13.054s] Level 1:colcon.colcon_core.environment:checking '/home/banjov2/ros2_ws/install/tactigon_msgs/bin'
[13.054s] Level 1:colcon.colcon_core.environment:checking '/home/banjov2/ros2_ws/install/tactigon_msgs/lib/pkgconfig/tactigon_msgs.pc'
[13.054s] Level 1:colcon.colcon_core.environment:checking '/home/banjov2/ros2_ws/install/tactigon_msgs/lib/python3.12/site-packages'
[13.054s] Level 1:colcon.colcon_core.shell:create_environment_hook('tactigon_msgs', 'pythonpath')
[13.054s] INFO:colcon.colcon_core.shell:Creating environment hook '/home/banjov2/ros2_ws/install/tactigon_msgs/share/tactigon_msgs/hook/pythonpath.ps1'
[13.054s] INFO:colcon.colcon_core.shell:Creating environment descriptor '/home/banjov2/ros2_ws/install/tactigon_msgs/share/tactigon_msgs/hook/pythonpath.dsv'
[13.055s] INFO:colcon.colcon_core.shell:Creating environment hook '/home/banjov2/ros2_ws/install/tactigon_msgs/share/tactigon_msgs/hook/pythonpath.sh'
[13.055s] Level 1:colcon.colcon_core.environment:checking '/home/banjov2/ros2_ws/install/tactigon_msgs/bin'
[13.055s] INFO:colcon.colcon_core.shell:Creating package script '/home/banjov2/ros2_ws/install/tactigon_msgs/share/tactigon_msgs/package.ps1'
[13.056s] INFO:colcon.colcon_core.shell:Creating package descriptor '/home/banjov2/ros2_ws/install/tactigon_msgs/share/tactigon_msgs/package.dsv'
[13.057s] INFO:colcon.colcon_core.shell:Creating package script '/home/banjov2/ros2_ws/install/tactigon_msgs/share/tactigon_msgs/package.sh'
[13.057s] INFO:colcon.colcon_core.shell:Creating package script '/home/banjov2/ros2_ws/install/tactigon_msgs/share/tactigon_msgs/package.bash'
[13.058s] INFO:colcon.colcon_core.shell:Creating package script '/home/banjov2/ros2_ws/install/tactigon_msgs/share/tactigon_msgs/package.zsh'
[13.058s] Level 1:colcon.colcon_core.environment:create_file_with_runtime_dependencies(/home/banjov2/ros2_ws/install/tactigon_msgs/share/colcon-core/packages/tactigon_msgs)
[13.059s] Level 1:colcon.colcon_core.environment:create_environment_scripts_only(tactigon_msgs)
[13.059s] Level 1:colcon.colcon_core.environment:checking '/home/banjov2/ros2_ws/install/tactigon_msgs' for CMake module files
[13.059s] Level 1:colcon.colcon_core.environment:checking '/home/banjov2/ros2_ws/install/tactigon_msgs' for CMake config files
[13.059s] Level 1:colcon.colcon_core.shell:create_environment_hook('tactigon_msgs', 'cmake_prefix_path')
[13.060s] INFO:colcon.colcon_core.shell:Creating environment hook '/home/banjov2/ros2_ws/install/tactigon_msgs/share/tactigon_msgs/hook/cmake_prefix_path.ps1'
[13.060s] INFO:colcon.colcon_core.shell:Creating environment descriptor '/home/banjov2/ros2_ws/install/tactigon_msgs/share/tactigon_msgs/hook/cmake_prefix_path.dsv'
[13.060s] INFO:colcon.colcon_core.shell:Creating environment hook '/home/banjov2/ros2_ws/install/tactigon_msgs/share/tactigon_msgs/hook/cmake_prefix_path.sh'
[13.061s] Level 1:colcon.colcon_core.environment:checking '/home/banjov2/ros2_ws/install/tactigon_msgs/lib'
[13.061s] Level 1:colcon.colcon_core.shell:create_environment_hook('tactigon_msgs', 'ld_library_path_lib')
[13.061s] INFO:colcon.colcon_core.shell:Creating environment hook '/home/banjov2/ros2_ws/install/tactigon_msgs/share/tactigon_msgs/hook/ld_library_path_lib.ps1'
[13.061s] INFO:colcon.colcon_core.shell:Creating environment descriptor '/home/banjov2/ros2_ws/install/tactigon_msgs/share/tactigon_msgs/hook/ld_library_path_lib.dsv'
[13.062s] INFO:colcon.colcon_core.shell:Creating environment hook '/home/banjov2/ros2_ws/install/tactigon_msgs/share/tactigon_msgs/hook/ld_library_path_lib.sh'
[13.062s] Level 1:colcon.colcon_core.environment:checking '/home/banjov2/ros2_ws/install/tactigon_msgs/bin'
[13.062s] Level 1:colcon.colcon_core.environment:checking '/home/banjov2/ros2_ws/install/tactigon_msgs/lib/pkgconfig/tactigon_msgs.pc'
[13.063s] Level 1:colcon.colcon_core.environment:checking '/home/banjov2/ros2_ws/install/tactigon_msgs/lib/python3.12/site-packages'
[13.063s] Level 1:colcon.colcon_core.shell:create_environment_hook('tactigon_msgs', 'pythonpath')
[13.063s] INFO:colcon.colcon_core.shell:Creating environment hook '/home/banjov2/ros2_ws/install/tactigon_msgs/share/tactigon_msgs/hook/pythonpath.ps1'
[13.063s] INFO:colcon.colcon_core.shell:Creating environment descriptor '/home/banjov2/ros2_ws/install/tactigon_msgs/share/tactigon_msgs/hook/pythonpath.dsv'
[13.063s] INFO:colcon.colcon_core.shell:Creating environment hook '/home/banjov2/ros2_ws/install/tactigon_msgs/share/tactigon_msgs/hook/pythonpath.sh'
[13.064s] Level 1:colcon.colcon_core.environment:checking '/home/banjov2/ros2_ws/install/tactigon_msgs/bin'
[13.064s] INFO:colcon.colcon_core.shell:Creating package script '/home/banjov2/ros2_ws/install/tactigon_msgs/share/tactigon_msgs/package.ps1'
[13.065s] INFO:colcon.colcon_core.shell:Creating package descriptor '/home/banjov2/ros2_ws/install/tactigon_msgs/share/tactigon_msgs/package.dsv'
[13.065s] INFO:colcon.colcon_core.shell:Creating package script '/home/banjov2/ros2_ws/install/tactigon_msgs/share/tactigon_msgs/package.sh'
[13.066s] INFO:colcon.colcon_core.shell:Creating package script '/home/banjov2/ros2_ws/install/tactigon_msgs/share/tactigon_msgs/package.bash'
[13.066s] INFO:colcon.colcon_core.shell:Creating package script '/home/banjov2/ros2_ws/install/tactigon_msgs/share/tactigon_msgs/package.zsh'
[13.066s] Level 1:colcon.colcon_core.environment:create_file_with_runtime_dependencies(/home/banjov2/ros2_ws/install/tactigon_msgs/share/colcon-core/packages/tactigon_msgs)
[13.067s] INFO:colcon.colcon_ros.task.ament_python.build:Building ROS package in '/home/banjov2/ros2_ws/src/tactigon_ros' with build type 'ament_python'
[13.067s] Level 1:colcon.colcon_core.shell:create_environment_hook('tactigon_ros', 'ament_prefix_path')
[13.067s] INFO:colcon.colcon_core.shell:Creating environment hook '/home/banjov2/ros2_ws/install/tactigon_ros/share/tactigon_ros/hook/ament_prefix_path.ps1'
[13.068s] INFO:colcon.colcon_core.shell:Creating environment descriptor '/home/banjov2/ros2_ws/install/tactigon_ros/share/tactigon_ros/hook/ament_prefix_path.dsv'
[13.069s] INFO:colcon.colcon_core.shell:Creating environment hook '/home/banjov2/ros2_ws/install/tactigon_ros/share/tactigon_ros/hook/ament_prefix_path.sh'
[13.070s] INFO:colcon.colcon_core.shell:Skip shell extension 'powershell' for command environment: Not usable outside of PowerShell
[13.070s] DEBUG:colcon.colcon_core.shell:Skip shell extension 'dsv' for command environment
[13.458s] INFO:colcon.colcon_core.task.python.build:Building Python package in '/home/banjov2/ros2_ws/src/tactigon_ros'
[13.458s] INFO:colcon.colcon_core.shell:Skip shell extension 'powershell' for command environment: Not usable outside of PowerShell
[13.458s] DEBUG:colcon.colcon_core.shell:Skip shell extension 'dsv' for command environment
[14.343s] DEBUG:colcon.colcon_core.event_handler.log_command:Invoking command in '/home/banjov2/ros2_ws/src/tactigon_ros': AMENT_PREFIX_PATH=/home/banjov2/ros2_ws/install/tactigon_msgs:${AMENT_PREFIX_PATH} CMAKE_PREFIX_PATH=/home/banjov2/ros2_ws/install/tactigon_msgs:${CMAKE_PREFIX_PATH} DEBUGINFOD_URLS=https://debuginfod.ubuntu.com LD_LIBRARY_PATH=/home/banjov2/ros2_ws/install/tactigon_msgs/lib:${LD_LIBRARY_PATH} PYTHONPATH=/home/banjov2/ros2_ws/build/tactigon_ros/prefix_override:/usr/lib/python3/dist-packages/colcon_core/task/python/colcon_distutils_commands:/home/banjov2/ros2_ws/install/tactigon_ros/lib/python3.12/site-packages:/home/banjov2/ros2_ws/install/tactigon_msgs/lib/python3.12/site-packages:${PYTHONPATH} /usr/bin/python3 -W ignore:setup.py install is deprecated -W ignore:easy_install command is deprecated setup.py egg_info --egg-base ../../build/tactigon_ros build --build-base /home/banjov2/ros2_ws/build/tactigon_ros/build install --record /home/banjov2/ros2_ws/build/tactigon_ros/install.log --single-version-externally-managed install_data
[15.155s] Level 1:colcon.colcon_core.environment:checking '/home/banjov2/ros2_ws/install/tactigon_ros' for CMake module files
[15.155s] DEBUG:colcon.colcon_core.event_handler.log_command:Invoked command in '/home/banjov2/ros2_ws/src/tactigon_ros' returned '0': AMENT_PREFIX_PATH=/home/banjov2/ros2_ws/install/tactigon_msgs:${AMENT_PREFIX_PATH} CMAKE_PREFIX_PATH=/home/banjov2/ros2_ws/install/tactigon_msgs:${CMAKE_PREFIX_PATH} DEBUGINFOD_URLS=https://debuginfod.ubuntu.com LD_LIBRARY_PATH=/home/banjov2/ros2_ws/install/tactigon_msgs/lib:${LD_LIBRARY_PATH} PYTHONPATH=/home/banjov2/ros2_ws/build/tactigon_ros/prefix_override:/usr/lib/python3/dist-packages/colcon_core/task/python/colcon_distutils_commands:/home/banjov2/ros2_ws/install/tactigon_ros/lib/python3.12/site-packages:/home/banjov2/ros2_ws/install/tactigon_msgs/lib/python3.12/site-packages:${PYTHONPATH} /usr/bin/python3 -W ignore:setup.py install is deprecated -W ignore:easy_install command is deprecated setup.py egg_info --egg-base ../../build/tactigon_ros build --build-base /home/banjov2/ros2_ws/build/tactigon_ros/build install --record /home/banjov2/ros2_ws/build/tactigon_ros/install.log --single-version-externally-managed install_data
[15.156s] Level 1:colcon.colcon_core.environment:checking '/home/banjov2/ros2_ws/install/tactigon_ros' for CMake config files
[15.156s] Level 1:colcon.colcon_core.environment:checking '/home/banjov2/ros2_ws/install/tactigon_ros/lib'
[15.156s] Level 1:colcon.colcon_core.environment:checking '/home/banjov2/ros2_ws/install/tactigon_ros/bin'
[15.156s] Level 1:colcon.colcon_core.environment:checking '/home/banjov2/ros2_ws/install/tactigon_ros/lib/pkgconfig/tactigon_ros.pc'
[15.156s] Level 1:colcon.colcon_core.environment:checking '/home/banjov2/ros2_ws/install/tactigon_ros/lib/python3.12/site-packages'
[15.156s] Level 1:colcon.colcon_core.shell:create_environment_hook('tactigon_ros', 'pythonpath')
[15.157s] INFO:colcon.colcon_core.shell:Creating environment hook '/home/banjov2/ros2_ws/install/tactigon_ros/share/tactigon_ros/hook/pythonpath.ps1'
[15.157s] INFO:colcon.colcon_core.shell:Creating environment descriptor '/home/banjov2/ros2_ws/install/tactigon_ros/share/tactigon_ros/hook/pythonpath.dsv'
[15.157s] INFO:colcon.colcon_core.shell:Creating environment hook '/home/banjov2/ros2_ws/install/tactigon_ros/share/tactigon_ros/hook/pythonpath.sh'
[15.158s] Level 1:colcon.colcon_core.environment:checking '/home/banjov2/ros2_ws/install/tactigon_ros/bin'
[15.158s] Level 1:colcon.colcon_core.environment:create_environment_scripts_only(tactigon_ros)
[15.158s] INFO:colcon.colcon_core.shell:Creating package script '/home/banjov2/ros2_ws/install/tactigon_ros/share/tactigon_ros/package.ps1'
[15.158s] INFO:colcon.colcon_core.shell:Creating package descriptor '/home/banjov2/ros2_ws/install/tactigon_ros/share/tactigon_ros/package.dsv'
[15.159s] INFO:colcon.colcon_core.shell:Creating package script '/home/banjov2/ros2_ws/install/tactigon_ros/share/tactigon_ros/package.sh'
[15.159s] INFO:colcon.colcon_core.shell:Creating package script '/home/banjov2/ros2_ws/install/tactigon_ros/share/tactigon_ros/package.bash'
[15.159s] INFO:colcon.colcon_core.shell:Creating package script '/home/banjov2/ros2_ws/install/tactigon_ros/share/tactigon_ros/package.zsh'
[15.159s] Level 1:colcon.colcon_core.environment:create_file_with_runtime_dependencies(/home/banjov2/ros2_ws/install/tactigon_ros/share/colcon-core/packages/tactigon_ros)
[15.160s] DEBUG:colcon.colcon_parallel_executor.executor.parallel:closing loop
[15.160s] DEBUG:colcon.colcon_parallel_executor.executor.parallel:loop closed
[15.160s] DEBUG:colcon.colcon_parallel_executor.executor.parallel:run_until_complete finished with '0'
[15.160s] DEBUG:colcon.colcon_core.event_reactor:joining thread
[15.166s] INFO:colcon.colcon_core.plugin_system:Skipping extension 'colcon_notification.desktop_notification.terminal_notifier': Not used on non-Darwin systems
[15.166s] INFO:colcon.colcon_core.plugin_system:Skipping extension 'colcon_notification.desktop_notification.win32': Not used on non-Windows systems
[15.166s] INFO:colcon.colcon_notification.desktop_notification:Sending desktop notification using 'notify2'
[15.207s] DEBUG:colcon.colcon_core.event_reactor:joined thread
[15.208s] INFO:colcon.colcon_core.shell:Creating prefix script '/home/banjov2/ros2_ws/install/local_setup.ps1'
[15.210s] INFO:colcon.colcon_core.shell:Creating prefix util module '/home/banjov2/ros2_ws/install/_local_setup_util_ps1.py'
[15.212s] INFO:colcon.colcon_core.shell:Creating prefix chain script '/home/banjov2/ros2_ws/install/setup.ps1'
[15.214s] INFO:colcon.colcon_core.shell:Creating prefix script '/home/banjov2/ros2_ws/install/local_setup.sh'
[15.216s] INFO:colcon.colcon_core.shell:Creating prefix util module '/home/banjov2/ros2_ws/install/_local_setup_util_sh.py'
[15.217s] INFO:colcon.colcon_core.shell:Creating prefix chain script '/home/banjov2/ros2_ws/install/setup.sh'
[15.220s] INFO:colcon.colcon_core.shell:Creating prefix script '/home/banjov2/ros2_ws/install/local_setup.bash'
[15.221s] INFO:colcon.colcon_core.shell:Creating prefix chain script '/home/banjov2/ros2_ws/install/setup.bash'
[15.223s] INFO:colcon.colcon_core.shell:Creating prefix script '/home/banjov2/ros2_ws/install/local_setup.zsh'
[15.224s] INFO:colcon.colcon_core.shell:Creating prefix chain script '/home/banjov2/ros2_ws/install/setup.zsh'
