running egg_info
writing ../../build/tactigon_ros/tactigon_ros.egg-info/PKG-INFO
writing dependency_links to ../../build/tactigon_ros/tactigon_ros.egg-info/dependency_links.txt
writing entry points to ../../build/tactigon_ros/tactigon_ros.egg-info/entry_points.txt
writing requirements to ../../build/tactigon_ros/tactigon_ros.egg-info/requires.txt
writing top-level names to ../../build/tactigon_ros/tactigon_ros.egg-info/top_level.txt
reading manifest file '../../build/tactigon_ros/tactigon_ros.egg-info/SOURCES.txt'
writing manifest file '../../build/tactigon_ros/tactigon_ros.egg-info/SOURCES.txt'
running build
running build_py
running install
running install_lib
running install_data
running install_egg_info
removing '/home/banjov2/ros2_ws/install/tactigon_ros/lib/python3.12/site-packages/tactigon_ros-0.0.0-py3.12.egg-info' (and everything under it)
Copying ../../build/tactigon_ros/tactigon_ros.egg-info to /home/banjov2/ros2_ws/install/tactigon_ros/lib/python3.12/site-packages/tactigon_ros-0.0.0-py3.12.egg-info
running install_scripts
Installing tactigon_data script to /home/banjov2/ros2_ws/install/tactigon_ros/lib/tactigon_ros
Installing tactigon_logger script to /home/banjov2/ros2_ws/install/tactigon_ros/lib/tactigon_ros
Installing tactigon_turtlesim_controller script to /home/banjov2/ros2_ws/install/tactigon_ros/lib/tactigon_ros
writing list of installed files to '/home/banjov2/ros2_ws/build/tactigon_ros/install.log'
