[0.148s] DEBUG:colcon:Command line arguments: ['/usr/bin/colcon', 'build']
[0.148s] DEBUG:colcon:Parsed command line arguments: Namespace(log_base=None, log_level=None, verb_name='build', build_base='build', install_base='install', merge_install=False, symlink_install=False, test_result_base=None, continue_on_error=False, executor='parallel', parallel_workers=8, event_handlers=None, ignore_user_meta=False, metas=['./colcon.meta'], base_paths=['.'], packages_ignore=None, packages_ignore_regex=None, paths=None, packages_up_to=None, packages_up_to_regex=None, packages_above=None, packages_above_and_dependencies=None, packages_above_depth=None, packages_select_by_dep=None, packages_skip_by_dep=None, packages_skip_up_to=None, packages_select_build_failed=False, packages_skip_build_finished=False, packages_select_test_failures=False, packages_skip_test_passed=False, packages_select=None, packages_skip=None, packages_select_regex=None, packages_skip_regex=None, packages_start=None, packages_end=None, allow_overriding=[], cmake_args=None, cmake_target=None, cmake_target_skip_unavailable=False, cmake_clean_cache=False, cmake_clean_first=False, cmake_force_configure=False, ament_cmake_args=None, catkin_cmake_args=None, catkin_skip_building_tests=False, mixin_files=None, mixin=None, verb_parser=<colcon_mixin.mixin.mixin_argument.MixinArgumentDecorator object at 0x7e7dbdc3cbf0>, verb_extension=<colcon_core.verb.build.BuildVerb object at 0x7e7dbdc3c8f0>, main=<bound method BuildVerb.main of <colcon_core.verb.build.BuildVerb object at 0x7e7dbdc3c8f0>>, mixin_verb=('build',))
[0.183s] Level 1:colcon.colcon_core.package_discovery:discover_packages(colcon_meta) check parameters
[0.183s] Level 1:colcon.colcon_core.package_discovery:discover_packages(recursive) check parameters
[0.183s] Level 1:colcon.colcon_core.package_discovery:discover_packages(ignore) check parameters
[0.183s] Level 1:colcon.colcon_core.package_discovery:discover_packages(path) check parameters
[0.183s] Level 1:colcon.colcon_core.package_discovery:discover_packages(colcon_meta) discover
[0.183s] Level 1:colcon.colcon_core.package_discovery:discover_packages(recursive) discover
[0.183s] INFO:colcon.colcon_core.package_discovery:Crawling recursively for packages in '/home/banjov2/ros2_ws'
[0.183s] Level 1:colcon.colcon_core.package_identification:_identify(.) by extensions ['ignore', 'ignore_ament_install']
[0.184s] Level 1:colcon.colcon_core.package_identification:_identify(.) by extension 'ignore'
[0.184s] Level 1:colcon.colcon_core.package_identification:_identify(.) by extension 'ignore_ament_install'
[0.184s] Level 1:colcon.colcon_core.package_identification:_identify(.) by extensions ['colcon_pkg']
[0.184s] Level 1:colcon.colcon_core.package_identification:_identify(.) by extension 'colcon_pkg'
[0.184s] Level 1:colcon.colcon_core.package_identification:_identify(.) by extensions ['colcon_meta']
[0.184s] Level 1:colcon.colcon_core.package_identification:_identify(.) by extension 'colcon_meta'
[0.184s] Level 1:colcon.colcon_core.package_identification:_identify(.) by extensions ['ros']
[0.184s] Level 1:colcon.colcon_core.package_identification:_identify(.) by extension 'ros'
[0.206s] Level 1:colcon.colcon_core.package_identification:_identify(.) by extensions ['cmake', 'python']
[0.206s] Level 1:colcon.colcon_core.package_identification:_identify(.) by extension 'cmake'
[0.206s] Level 1:colcon.colcon_core.package_identification:_identify(.) by extension 'python'
[0.206s] Level 1:colcon.colcon_core.package_identification:_identify(.) by extensions ['python_setup_py']
[0.206s] Level 1:colcon.colcon_core.package_identification:_identify(.) by extension 'python_setup_py'
[0.206s] Level 1:colcon.colcon_core.package_identification:_identify(build) by extensions ['ignore', 'ignore_ament_install']
[0.206s] Level 1:colcon.colcon_core.package_identification:_identify(build) by extension 'ignore'
[0.207s] Level 1:colcon.colcon_core.package_identification:_identify(build) ignored
[0.207s] Level 1:colcon.colcon_core.package_identification:_identify(install) by extensions ['ignore', 'ignore_ament_install']
[0.207s] Level 1:colcon.colcon_core.package_identification:_identify(install) by extension 'ignore'
[0.207s] Level 1:colcon.colcon_core.package_identification:_identify(install) ignored
[0.207s] Level 1:colcon.colcon_core.package_identification:_identify(log) by extensions ['ignore', 'ignore_ament_install']
[0.207s] Level 1:colcon.colcon_core.package_identification:_identify(log) by extension 'ignore'
[0.207s] Level 1:colcon.colcon_core.package_identification:_identify(log) ignored
[0.207s] Level 1:colcon.colcon_core.package_identification:_identify(models) by extensions ['ignore', 'ignore_ament_install']
[0.207s] Level 1:colcon.colcon_core.package_identification:_identify(models) by extension 'ignore'
[0.207s] Level 1:colcon.colcon_core.package_identification:_identify(models) by extension 'ignore_ament_install'
[0.208s] Level 1:colcon.colcon_core.package_identification:_identify(models) by extensions ['colcon_pkg']
[0.208s] Level 1:colcon.colcon_core.package_identification:_identify(models) by extension 'colcon_pkg'
[0.208s] Level 1:colcon.colcon_core.package_identification:_identify(models) by extensions ['colcon_meta']
[0.208s] Level 1:colcon.colcon_core.package_identification:_identify(models) by extension 'colcon_meta'
[0.208s] Level 1:colcon.colcon_core.package_identification:_identify(models) by extensions ['ros']
[0.208s] Level 1:colcon.colcon_core.package_identification:_identify(models) by extension 'ros'
[0.208s] Level 1:colcon.colcon_core.package_identification:_identify(models) by extensions ['cmake', 'python']
[0.208s] Level 1:colcon.colcon_core.package_identification:_identify(models) by extension 'cmake'
[0.208s] Level 1:colcon.colcon_core.package_identification:_identify(models) by extension 'python'
[0.208s] Level 1:colcon.colcon_core.package_identification:_identify(models) by extensions ['python_setup_py']
[0.208s] Level 1:colcon.colcon_core.package_identification:_identify(models) by extension 'python_setup_py'
[0.208s] Level 1:colcon.colcon_core.package_identification:_identify(models/demo) by extensions ['ignore', 'ignore_ament_install']
[0.208s] Level 1:colcon.colcon_core.package_identification:_identify(models/demo) by extension 'ignore'
[0.208s] Level 1:colcon.colcon_core.package_identification:_identify(models/demo) by extension 'ignore_ament_install'
[0.208s] Level 1:colcon.colcon_core.package_identification:_identify(models/demo) by extensions ['colcon_pkg']
[0.208s] Level 1:colcon.colcon_core.package_identification:_identify(models/demo) by extension 'colcon_pkg'
[0.208s] Level 1:colcon.colcon_core.package_identification:_identify(models/demo) by extensions ['colcon_meta']
[0.208s] Level 1:colcon.colcon_core.package_identification:_identify(models/demo) by extension 'colcon_meta'
[0.208s] Level 1:colcon.colcon_core.package_identification:_identify(models/demo) by extensions ['ros']
[0.208s] Level 1:colcon.colcon_core.package_identification:_identify(models/demo) by extension 'ros'
[0.208s] Level 1:colcon.colcon_core.package_identification:_identify(models/demo) by extensions ['cmake', 'python']
[0.208s] Level 1:colcon.colcon_core.package_identification:_identify(models/demo) by extension 'cmake'
[0.209s] Level 1:colcon.colcon_core.package_identification:_identify(models/demo) by extension 'python'
[0.209s] Level 1:colcon.colcon_core.package_identification:_identify(models/demo) by extensions ['python_setup_py']
[0.209s] Level 1:colcon.colcon_core.package_identification:_identify(models/demo) by extension 'python_setup_py'
[0.209s] Level 1:colcon.colcon_core.package_identification:_identify(src) by extensions ['ignore', 'ignore_ament_install']
[0.209s] Level 1:colcon.colcon_core.package_identification:_identify(src) by extension 'ignore'
[0.209s] Level 1:colcon.colcon_core.package_identification:_identify(src) by extension 'ignore_ament_install'
[0.209s] Level 1:colcon.colcon_core.package_identification:_identify(src) by extensions ['colcon_pkg']
[0.209s] Level 1:colcon.colcon_core.package_identification:_identify(src) by extension 'colcon_pkg'
[0.209s] Level 1:colcon.colcon_core.package_identification:_identify(src) by extensions ['colcon_meta']
[0.209s] Level 1:colcon.colcon_core.package_identification:_identify(src) by extension 'colcon_meta'
[0.209s] Level 1:colcon.colcon_core.package_identification:_identify(src) by extensions ['ros']
[0.209s] Level 1:colcon.colcon_core.package_identification:_identify(src) by extension 'ros'
[0.209s] Level 1:colcon.colcon_core.package_identification:_identify(src) by extensions ['cmake', 'python']
[0.209s] Level 1:colcon.colcon_core.package_identification:_identify(src) by extension 'cmake'
[0.209s] Level 1:colcon.colcon_core.package_identification:_identify(src) by extension 'python'
[0.209s] Level 1:colcon.colcon_core.package_identification:_identify(src) by extensions ['python_setup_py']
[0.209s] Level 1:colcon.colcon_core.package_identification:_identify(src) by extension 'python_setup_py'
[0.209s] Level 1:colcon.colcon_core.package_identification:_identify(src/tactigon_msgs) by extensions ['ignore', 'ignore_ament_install']
[0.209s] Level 1:colcon.colcon_core.package_identification:_identify(src/tactigon_msgs) by extension 'ignore'
[0.209s] Level 1:colcon.colcon_core.package_identification:_identify(src/tactigon_msgs) by extension 'ignore_ament_install'
[0.210s] Level 1:colcon.colcon_core.package_identification:_identify(src/tactigon_msgs) by extensions ['colcon_pkg']
[0.210s] Level 1:colcon.colcon_core.package_identification:_identify(src/tactigon_msgs) by extension 'colcon_pkg'
[0.210s] Level 1:colcon.colcon_core.package_identification:_identify(src/tactigon_msgs) by extensions ['colcon_meta']
[0.210s] Level 1:colcon.colcon_core.package_identification:_identify(src/tactigon_msgs) by extension 'colcon_meta'
[0.210s] Level 1:colcon.colcon_core.package_identification:_identify(src/tactigon_msgs) by extensions ['ros']
[0.210s] Level 1:colcon.colcon_core.package_identification:_identify(src/tactigon_msgs) by extension 'ros'
[0.212s] DEBUG:colcon.colcon_core.package_identification:Package 'src/tactigon_msgs' with type 'ros.ament_cmake' and name 'tactigon_msgs'
[0.212s] Level 1:colcon.colcon_core.package_identification:_identify(src/tactigon_ros) by extensions ['ignore', 'ignore_ament_install']
[0.213s] Level 1:colcon.colcon_core.package_identification:_identify(src/tactigon_ros) by extension 'ignore'
[0.213s] Level 1:colcon.colcon_core.package_identification:_identify(src/tactigon_ros) by extension 'ignore_ament_install'
[0.213s] Level 1:colcon.colcon_core.package_identification:_identify(src/tactigon_ros) by extensions ['colcon_pkg']
[0.213s] Level 1:colcon.colcon_core.package_identification:_identify(src/tactigon_ros) by extension 'colcon_pkg'
[0.213s] Level 1:colcon.colcon_core.package_identification:_identify(src/tactigon_ros) by extensions ['colcon_meta']
[0.213s] Level 1:colcon.colcon_core.package_identification:_identify(src/tactigon_ros) by extension 'colcon_meta'
[0.213s] Level 1:colcon.colcon_core.package_identification:_identify(src/tactigon_ros) by extensions ['ros']
[0.213s] Level 1:colcon.colcon_core.package_identification:_identify(src/tactigon_ros) by extension 'ros'
[0.214s] DEBUG:colcon.colcon_core.package_identification:Package 'src/tactigon_ros' with type 'ros.ament_python' and name 'tactigon_ros'
[0.214s] Level 1:colcon.colcon_core.package_discovery:discover_packages(recursive) using defaults
[0.214s] Level 1:colcon.colcon_core.package_discovery:discover_packages(ignore) discover
[0.214s] Level 1:colcon.colcon_core.package_discovery:discover_packages(ignore) using defaults
[0.214s] Level 1:colcon.colcon_core.package_discovery:discover_packages(path) discover
[0.214s] Level 1:colcon.colcon_core.package_discovery:discover_packages(path) using defaults
[0.234s] Level 1:colcon.colcon_core.package_discovery:discover_packages(prefix_path) check parameters
[0.234s] Level 1:colcon.colcon_core.package_discovery:discover_packages(prefix_path) discover
[0.238s] DEBUG:colcon.colcon_installed_package_information.package_discovery:Found 285 installed packages in /opt/ros/jazzy
[0.239s] Level 1:colcon.colcon_core.package_discovery:discover_packages(prefix_path) using defaults
[0.271s] Level 5:colcon.colcon_core.verb:set package 'tactigon_msgs' build argument 'cmake_args' from command line to 'None'
[0.271s] Level 5:colcon.colcon_core.verb:set package 'tactigon_msgs' build argument 'cmake_target' from command line to 'None'
[0.271s] Level 5:colcon.colcon_core.verb:set package 'tactigon_msgs' build argument 'cmake_target_skip_unavailable' from command line to 'False'
[0.271s] Level 5:colcon.colcon_core.verb:set package 'tactigon_msgs' build argument 'cmake_clean_cache' from command line to 'False'
[0.271s] Level 5:colcon.colcon_core.verb:set package 'tactigon_msgs' build argument 'cmake_clean_first' from command line to 'False'
[0.271s] Level 5:colcon.colcon_core.verb:set package 'tactigon_msgs' build argument 'cmake_force_configure' from command line to 'False'
[0.271s] Level 5:colcon.colcon_core.verb:set package 'tactigon_msgs' build argument 'ament_cmake_args' from command line to 'None'
[0.271s] Level 5:colcon.colcon_core.verb:set package 'tactigon_msgs' build argument 'catkin_cmake_args' from command line to 'None'
[0.271s] Level 5:colcon.colcon_core.verb:set package 'tactigon_msgs' build argument 'catkin_skip_building_tests' from command line to 'False'
[0.271s] DEBUG:colcon.colcon_core.verb:Building package 'tactigon_msgs' with the following arguments: {'ament_cmake_args': None, 'build_base': '/home/banjov2/ros2_ws/build/tactigon_msgs', 'catkin_cmake_args': None, 'catkin_skip_building_tests': False, 'cmake_args': None, 'cmake_clean_cache': False, 'cmake_clean_first': False, 'cmake_force_configure': False, 'cmake_target': None, 'cmake_target_skip_unavailable': False, 'install_base': '/home/banjov2/ros2_ws/install/tactigon_msgs', 'merge_install': False, 'path': '/home/banjov2/ros2_ws/src/tactigon_msgs', 'symlink_install': False, 'test_result_base': None}
[0.272s] Level 5:colcon.colcon_core.verb:set package 'tactigon_ros' build argument 'cmake_args' from command line to 'None'
[0.272s] Level 5:colcon.colcon_core.verb:set package 'tactigon_ros' build argument 'cmake_target' from command line to 'None'
[0.272s] Level 5:colcon.colcon_core.verb:set package 'tactigon_ros' build argument 'cmake_target_skip_unavailable' from command line to 'False'
[0.272s] Level 5:colcon.colcon_core.verb:set package 'tactigon_ros' build argument 'cmake_clean_cache' from command line to 'False'
[0.272s] Level 5:colcon.colcon_core.verb:set package 'tactigon_ros' build argument 'cmake_clean_first' from command line to 'False'
[0.272s] Level 5:colcon.colcon_core.verb:set package 'tactigon_ros' build argument 'cmake_force_configure' from command line to 'False'
[0.272s] Level 5:colcon.colcon_core.verb:set package 'tactigon_ros' build argument 'ament_cmake_args' from command line to 'None'
[0.272s] Level 5:colcon.colcon_core.verb:set package 'tactigon_ros' build argument 'catkin_cmake_args' from command line to 'None'
[0.272s] Level 5:colcon.colcon_core.verb:set package 'tactigon_ros' build argument 'catkin_skip_building_tests' from command line to 'False'
[0.272s] DEBUG:colcon.colcon_core.verb:Building package 'tactigon_ros' with the following arguments: {'ament_cmake_args': None, 'build_base': '/home/banjov2/ros2_ws/build/tactigon_ros', 'catkin_cmake_args': None, 'catkin_skip_building_tests': False, 'cmake_args': None, 'cmake_clean_cache': False, 'cmake_clean_first': False, 'cmake_force_configure': False, 'cmake_target': None, 'cmake_target_skip_unavailable': False, 'install_base': '/home/banjov2/ros2_ws/install/tactigon_ros', 'merge_install': False, 'path': '/home/banjov2/ros2_ws/src/tactigon_ros', 'symlink_install': False, 'test_result_base': None}
[0.272s] INFO:colcon.colcon_core.executor:Executing jobs using 'parallel' executor
[0.273s] DEBUG:colcon.colcon_parallel_executor.executor.parallel:run_until_complete
[0.273s] INFO:colcon.colcon_ros.task.ament_cmake.build:Building ROS package in '/home/banjov2/ros2_ws/src/tactigon_msgs' with build type 'ament_cmake'
[0.273s] INFO:colcon.colcon_cmake.task.cmake.build:Building CMake package in '/home/banjov2/ros2_ws/src/tactigon_msgs'
[0.276s] INFO:colcon.colcon_core.plugin_system:Skipping extension 'colcon_core.shell.bat': Not used on non-Windows systems
[0.277s] INFO:colcon.colcon_core.shell:Skip shell extension 'powershell' for command environment: Not usable outside of PowerShell
[0.277s] DEBUG:colcon.colcon_core.shell:Skip shell extension 'dsv' for command environment
[0.286s] DEBUG:colcon.colcon_core.event_handler.log_command:Invoking command in '/home/banjov2/ros2_ws/build/tactigon_msgs': CMAKE_PREFIX_PATH=${CMAKE_PREFIX_PATH}:/opt/ros/jazzy DEBUGINFOD_URLS=https://debuginfod.ubuntu.com /usr/bin/cmake --build /home/banjov2/ros2_ws/build/tactigon_msgs -- -j8 -l8
[0.725s] DEBUG:colcon.colcon_core.event_handler.log_command:Invoked command in '/home/banjov2/ros2_ws/build/tactigon_msgs' returned '0': CMAKE_PREFIX_PATH=${CMAKE_PREFIX_PATH}:/opt/ros/jazzy DEBUGINFOD_URLS=https://debuginfod.ubuntu.com /usr/bin/cmake --build /home/banjov2/ros2_ws/build/tactigon_msgs -- -j8 -l8
[0.735s] DEBUG:colcon.colcon_core.event_handler.log_command:Invoking command in '/home/banjov2/ros2_ws/build/tactigon_msgs': CMAKE_PREFIX_PATH=${CMAKE_PREFIX_PATH}:/opt/ros/jazzy DEBUGINFOD_URLS=https://debuginfod.ubuntu.com /usr/bin/cmake --install /home/banjov2/ros2_ws/build/tactigon_msgs
[0.808s] Level 1:colcon.colcon_core.environment:create_environment_scripts_only(tactigon_msgs)
[0.808s] DEBUG:colcon.colcon_core.event_handler.log_command:Invoked command in '/home/banjov2/ros2_ws/build/tactigon_msgs' returned '0': CMAKE_PREFIX_PATH=${CMAKE_PREFIX_PATH}:/opt/ros/jazzy DEBUGINFOD_URLS=https://debuginfod.ubuntu.com /usr/bin/cmake --install /home/banjov2/ros2_ws/build/tactigon_msgs
[0.812s] Level 1:colcon.colcon_core.environment:checking '/home/banjov2/ros2_ws/install/tactigon_msgs' for CMake module files
[0.812s] Level 1:colcon.colcon_core.environment:checking '/home/banjov2/ros2_ws/install/tactigon_msgs' for CMake config files
[0.813s] Level 1:colcon.colcon_core.shell:create_environment_hook('tactigon_msgs', 'cmake_prefix_path')
[0.813s] INFO:colcon.colcon_core.shell:Creating environment hook '/home/banjov2/ros2_ws/install/tactigon_msgs/share/tactigon_msgs/hook/cmake_prefix_path.ps1'
[0.814s] INFO:colcon.colcon_core.shell:Creating environment descriptor '/home/banjov2/ros2_ws/install/tactigon_msgs/share/tactigon_msgs/hook/cmake_prefix_path.dsv'
[0.814s] INFO:colcon.colcon_core.shell:Creating environment hook '/home/banjov2/ros2_ws/install/tactigon_msgs/share/tactigon_msgs/hook/cmake_prefix_path.sh'
[0.815s] Level 1:colcon.colcon_core.environment:checking '/home/banjov2/ros2_ws/install/tactigon_msgs/lib'
[0.815s] Level 1:colcon.colcon_core.shell:create_environment_hook('tactigon_msgs', 'ld_library_path_lib')
[0.815s] INFO:colcon.colcon_core.shell:Creating environment hook '/home/banjov2/ros2_ws/install/tactigon_msgs/share/tactigon_msgs/hook/ld_library_path_lib.ps1'
[0.816s] INFO:colcon.colcon_core.shell:Creating environment descriptor '/home/banjov2/ros2_ws/install/tactigon_msgs/share/tactigon_msgs/hook/ld_library_path_lib.dsv'
[0.816s] INFO:colcon.colcon_core.shell:Creating environment hook '/home/banjov2/ros2_ws/install/tactigon_msgs/share/tactigon_msgs/hook/ld_library_path_lib.sh'
[0.816s] Level 1:colcon.colcon_core.environment:checking '/home/banjov2/ros2_ws/install/tactigon_msgs/bin'
[0.816s] Level 1:colcon.colcon_core.environment:checking '/home/banjov2/ros2_ws/install/tactigon_msgs/lib/pkgconfig/tactigon_msgs.pc'
[0.816s] Level 1:colcon.colcon_core.environment:checking '/home/banjov2/ros2_ws/install/tactigon_msgs/lib/python3.12/site-packages'
[0.817s] Level 1:colcon.colcon_core.shell:create_environment_hook('tactigon_msgs', 'pythonpath')
[0.817s] INFO:colcon.colcon_core.shell:Creating environment hook '/home/banjov2/ros2_ws/install/tactigon_msgs/share/tactigon_msgs/hook/pythonpath.ps1'
[0.817s] INFO:colcon.colcon_core.shell:Creating environment descriptor '/home/banjov2/ros2_ws/install/tactigon_msgs/share/tactigon_msgs/hook/pythonpath.dsv'
[0.817s] INFO:colcon.colcon_core.shell:Creating environment hook '/home/banjov2/ros2_ws/install/tactigon_msgs/share/tactigon_msgs/hook/pythonpath.sh'
[0.818s] Level 1:colcon.colcon_core.environment:checking '/home/banjov2/ros2_ws/install/tactigon_msgs/bin'
[0.818s] INFO:colcon.colcon_core.shell:Creating package script '/home/banjov2/ros2_ws/install/tactigon_msgs/share/tactigon_msgs/package.ps1'
[0.819s] INFO:colcon.colcon_core.shell:Creating package descriptor '/home/banjov2/ros2_ws/install/tactigon_msgs/share/tactigon_msgs/package.dsv'
[0.820s] INFO:colcon.colcon_core.shell:Creating package script '/home/banjov2/ros2_ws/install/tactigon_msgs/share/tactigon_msgs/package.sh'
[0.820s] INFO:colcon.colcon_core.shell:Creating package script '/home/banjov2/ros2_ws/install/tactigon_msgs/share/tactigon_msgs/package.bash'
[0.821s] INFO:colcon.colcon_core.shell:Creating package script '/home/banjov2/ros2_ws/install/tactigon_msgs/share/tactigon_msgs/package.zsh'
[0.822s] Level 1:colcon.colcon_core.environment:create_file_with_runtime_dependencies(/home/banjov2/ros2_ws/install/tactigon_msgs/share/colcon-core/packages/tactigon_msgs)
[0.822s] Level 1:colcon.colcon_core.environment:create_environment_scripts_only(tactigon_msgs)
[0.822s] Level 1:colcon.colcon_core.environment:checking '/home/banjov2/ros2_ws/install/tactigon_msgs' for CMake module files
[0.823s] Level 1:colcon.colcon_core.environment:checking '/home/banjov2/ros2_ws/install/tactigon_msgs' for CMake config files
[0.823s] Level 1:colcon.colcon_core.shell:create_environment_hook('tactigon_msgs', 'cmake_prefix_path')
[0.823s] INFO:colcon.colcon_core.shell:Creating environment hook '/home/banjov2/ros2_ws/install/tactigon_msgs/share/tactigon_msgs/hook/cmake_prefix_path.ps1'
[0.824s] INFO:colcon.colcon_core.shell:Creating environment descriptor '/home/banjov2/ros2_ws/install/tactigon_msgs/share/tactigon_msgs/hook/cmake_prefix_path.dsv'
[0.824s] INFO:colcon.colcon_core.shell:Creating environment hook '/home/banjov2/ros2_ws/install/tactigon_msgs/share/tactigon_msgs/hook/cmake_prefix_path.sh'
[0.825s] Level 1:colcon.colcon_core.environment:checking '/home/banjov2/ros2_ws/install/tactigon_msgs/lib'
[0.825s] Level 1:colcon.colcon_core.shell:create_environment_hook('tactigon_msgs', 'ld_library_path_lib')
[0.825s] INFO:colcon.colcon_core.shell:Creating environment hook '/home/banjov2/ros2_ws/install/tactigon_msgs/share/tactigon_msgs/hook/ld_library_path_lib.ps1'
[0.825s] INFO:colcon.colcon_core.shell:Creating environment descriptor '/home/banjov2/ros2_ws/install/tactigon_msgs/share/tactigon_msgs/hook/ld_library_path_lib.dsv'
[0.825s] INFO:colcon.colcon_core.shell:Creating environment hook '/home/banjov2/ros2_ws/install/tactigon_msgs/share/tactigon_msgs/hook/ld_library_path_lib.sh'
[0.826s] Level 1:colcon.colcon_core.environment:checking '/home/banjov2/ros2_ws/install/tactigon_msgs/bin'
[0.826s] Level 1:colcon.colcon_core.environment:checking '/home/banjov2/ros2_ws/install/tactigon_msgs/lib/pkgconfig/tactigon_msgs.pc'
[0.826s] Level 1:colcon.colcon_core.environment:checking '/home/banjov2/ros2_ws/install/tactigon_msgs/lib/python3.12/site-packages'
[0.826s] Level 1:colcon.colcon_core.shell:create_environment_hook('tactigon_msgs', 'pythonpath')
[0.826s] INFO:colcon.colcon_core.shell:Creating environment hook '/home/banjov2/ros2_ws/install/tactigon_msgs/share/tactigon_msgs/hook/pythonpath.ps1'
[0.826s] INFO:colcon.colcon_core.shell:Creating environment descriptor '/home/banjov2/ros2_ws/install/tactigon_msgs/share/tactigon_msgs/hook/pythonpath.dsv'
[0.827s] INFO:colcon.colcon_core.shell:Creating environment hook '/home/banjov2/ros2_ws/install/tactigon_msgs/share/tactigon_msgs/hook/pythonpath.sh'
[0.827s] Level 1:colcon.colcon_core.environment:checking '/home/banjov2/ros2_ws/install/tactigon_msgs/bin'
[0.827s] INFO:colcon.colcon_core.shell:Creating package script '/home/banjov2/ros2_ws/install/tactigon_msgs/share/tactigon_msgs/package.ps1'
[0.828s] INFO:colcon.colcon_core.shell:Creating package descriptor '/home/banjov2/ros2_ws/install/tactigon_msgs/share/tactigon_msgs/package.dsv'
[0.828s] INFO:colcon.colcon_core.shell:Creating package script '/home/banjov2/ros2_ws/install/tactigon_msgs/share/tactigon_msgs/package.sh'
[0.829s] INFO:colcon.colcon_core.shell:Creating package script '/home/banjov2/ros2_ws/install/tactigon_msgs/share/tactigon_msgs/package.bash'
[0.829s] INFO:colcon.colcon_core.shell:Creating package script '/home/banjov2/ros2_ws/install/tactigon_msgs/share/tactigon_msgs/package.zsh'
[0.829s] Level 1:colcon.colcon_core.environment:create_file_with_runtime_dependencies(/home/banjov2/ros2_ws/install/tactigon_msgs/share/colcon-core/packages/tactigon_msgs)
[0.830s] INFO:colcon.colcon_ros.task.ament_python.build:Building ROS package in '/home/banjov2/ros2_ws/src/tactigon_ros' with build type 'ament_python'
[0.830s] Level 1:colcon.colcon_core.shell:create_environment_hook('tactigon_ros', 'ament_prefix_path')
[0.830s] INFO:colcon.colcon_core.shell:Creating environment hook '/home/banjov2/ros2_ws/install/tactigon_ros/share/tactigon_ros/hook/ament_prefix_path.ps1'
[0.831s] INFO:colcon.colcon_core.shell:Creating environment descriptor '/home/banjov2/ros2_ws/install/tactigon_ros/share/tactigon_ros/hook/ament_prefix_path.dsv'
[0.831s] INFO:colcon.colcon_core.shell:Creating environment hook '/home/banjov2/ros2_ws/install/tactigon_ros/share/tactigon_ros/hook/ament_prefix_path.sh'
[0.831s] INFO:colcon.colcon_core.shell:Skip shell extension 'powershell' for command environment: Not usable outside of PowerShell
[0.831s] DEBUG:colcon.colcon_core.shell:Skip shell extension 'dsv' for command environment
[1.053s] INFO:colcon.colcon_core.task.python.build:Building Python package in '/home/banjov2/ros2_ws/src/tactigon_ros'
[1.053s] INFO:colcon.colcon_core.shell:Skip shell extension 'powershell' for command environment: Not usable outside of PowerShell
[1.053s] DEBUG:colcon.colcon_core.shell:Skip shell extension 'dsv' for command environment
[1.765s] DEBUG:colcon.colcon_core.event_handler.log_command:Invoking command in '/home/banjov2/ros2_ws/src/tactigon_ros': AMENT_PREFIX_PATH=/home/banjov2/ros2_ws/install/tactigon_msgs:${AMENT_PREFIX_PATH} CMAKE_PREFIX_PATH=/home/banjov2/ros2_ws/install/tactigon_msgs:${CMAKE_PREFIX_PATH} DEBUGINFOD_URLS=https://debuginfod.ubuntu.com LD_LIBRARY_PATH=/home/banjov2/ros2_ws/install/tactigon_msgs/lib:${LD_LIBRARY_PATH} PYTHONPATH=/home/banjov2/ros2_ws/build/tactigon_ros/prefix_override:/usr/lib/python3/dist-packages/colcon_core/task/python/colcon_distutils_commands:/home/banjov2/ros2_ws/install/tactigon_ros/lib/python3.12/site-packages:/home/banjov2/ros2_ws/install/tactigon_msgs/lib/python3.12/site-packages:${PYTHONPATH} /usr/bin/python3 -W ignore:setup.py install is deprecated -W ignore:easy_install command is deprecated setup.py egg_info --egg-base ../../build/tactigon_ros build --build-base /home/banjov2/ros2_ws/build/tactigon_ros/build install --record /home/banjov2/ros2_ws/build/tactigon_ros/install.log --single-version-externally-managed install_data
[2.299s] Level 1:colcon.colcon_core.environment:checking '/home/banjov2/ros2_ws/install/tactigon_ros' for CMake module files
[2.299s] DEBUG:colcon.colcon_core.event_handler.log_command:Invoked command in '/home/banjov2/ros2_ws/src/tactigon_ros' returned '0': AMENT_PREFIX_PATH=/home/banjov2/ros2_ws/install/tactigon_msgs:${AMENT_PREFIX_PATH} CMAKE_PREFIX_PATH=/home/banjov2/ros2_ws/install/tactigon_msgs:${CMAKE_PREFIX_PATH} DEBUGINFOD_URLS=https://debuginfod.ubuntu.com LD_LIBRARY_PATH=/home/banjov2/ros2_ws/install/tactigon_msgs/lib:${LD_LIBRARY_PATH} PYTHONPATH=/home/banjov2/ros2_ws/build/tactigon_ros/prefix_override:/usr/lib/python3/dist-packages/colcon_core/task/python/colcon_distutils_commands:/home/banjov2/ros2_ws/install/tactigon_ros/lib/python3.12/site-packages:/home/banjov2/ros2_ws/install/tactigon_msgs/lib/python3.12/site-packages:${PYTHONPATH} /usr/bin/python3 -W ignore:setup.py install is deprecated -W ignore:easy_install command is deprecated setup.py egg_info --egg-base ../../build/tactigon_ros build --build-base /home/banjov2/ros2_ws/build/tactigon_ros/build install --record /home/banjov2/ros2_ws/build/tactigon_ros/install.log --single-version-externally-managed install_data
[2.299s] Level 1:colcon.colcon_core.environment:checking '/home/banjov2/ros2_ws/install/tactigon_ros' for CMake config files
[2.300s] Level 1:colcon.colcon_core.environment:checking '/home/banjov2/ros2_ws/install/tactigon_ros/lib'
[2.300s] Level 1:colcon.colcon_core.environment:checking '/home/banjov2/ros2_ws/install/tactigon_ros/bin'
[2.300s] Level 1:colcon.colcon_core.environment:checking '/home/banjov2/ros2_ws/install/tactigon_ros/lib/pkgconfig/tactigon_ros.pc'
[2.300s] Level 1:colcon.colcon_core.environment:checking '/home/banjov2/ros2_ws/install/tactigon_ros/lib/python3.12/site-packages'
[2.300s] Level 1:colcon.colcon_core.shell:create_environment_hook('tactigon_ros', 'pythonpath')
[2.301s] INFO:colcon.colcon_core.shell:Creating environment hook '/home/banjov2/ros2_ws/install/tactigon_ros/share/tactigon_ros/hook/pythonpath.ps1'
[2.301s] INFO:colcon.colcon_core.shell:Creating environment descriptor '/home/banjov2/ros2_ws/install/tactigon_ros/share/tactigon_ros/hook/pythonpath.dsv'
[2.301s] INFO:colcon.colcon_core.shell:Creating environment hook '/home/banjov2/ros2_ws/install/tactigon_ros/share/tactigon_ros/hook/pythonpath.sh'
[2.302s] Level 1:colcon.colcon_core.environment:checking '/home/banjov2/ros2_ws/install/tactigon_ros/bin'
[2.302s] Level 1:colcon.colcon_core.environment:create_environment_scripts_only(tactigon_ros)
[2.302s] INFO:colcon.colcon_core.shell:Creating package script '/home/banjov2/ros2_ws/install/tactigon_ros/share/tactigon_ros/package.ps1'
[2.303s] INFO:colcon.colcon_core.shell:Creating package descriptor '/home/banjov2/ros2_ws/install/tactigon_ros/share/tactigon_ros/package.dsv'
[2.304s] INFO:colcon.colcon_core.shell:Creating package script '/home/banjov2/ros2_ws/install/tactigon_ros/share/tactigon_ros/package.sh'
[2.304s] INFO:colcon.colcon_core.shell:Creating package script '/home/banjov2/ros2_ws/install/tactigon_ros/share/tactigon_ros/package.bash'
[2.304s] INFO:colcon.colcon_core.shell:Creating package script '/home/banjov2/ros2_ws/install/tactigon_ros/share/tactigon_ros/package.zsh'
[2.305s] Level 1:colcon.colcon_core.environment:create_file_with_runtime_dependencies(/home/banjov2/ros2_ws/install/tactigon_ros/share/colcon-core/packages/tactigon_ros)
[2.305s] DEBUG:colcon.colcon_parallel_executor.executor.parallel:closing loop
[2.305s] DEBUG:colcon.colcon_parallel_executor.executor.parallel:loop closed
[2.305s] DEBUG:colcon.colcon_parallel_executor.executor.parallel:run_until_complete finished with '0'
[2.305s] DEBUG:colcon.colcon_core.event_reactor:joining thread
[2.312s] INFO:colcon.colcon_core.plugin_system:Skipping extension 'colcon_notification.desktop_notification.terminal_notifier': Not used on non-Darwin systems
[2.312s] INFO:colcon.colcon_core.plugin_system:Skipping extension 'colcon_notification.desktop_notification.win32': Not used on non-Windows systems
[2.312s] INFO:colcon.colcon_notification.desktop_notification:Sending desktop notification using 'notify2'
[2.344s] DEBUG:colcon.colcon_core.event_reactor:joined thread
[2.344s] INFO:colcon.colcon_core.shell:Creating prefix script '/home/banjov2/ros2_ws/install/local_setup.ps1'
[2.346s] INFO:colcon.colcon_core.shell:Creating prefix util module '/home/banjov2/ros2_ws/install/_local_setup_util_ps1.py'
[2.348s] INFO:colcon.colcon_core.shell:Creating prefix chain script '/home/banjov2/ros2_ws/install/setup.ps1'
[2.350s] INFO:colcon.colcon_core.shell:Creating prefix script '/home/banjov2/ros2_ws/install/local_setup.sh'
[2.355s] INFO:colcon.colcon_core.shell:Creating prefix util module '/home/banjov2/ros2_ws/install/_local_setup_util_sh.py'
[2.355s] INFO:colcon.colcon_core.shell:Creating prefix chain script '/home/banjov2/ros2_ws/install/setup.sh'
[2.360s] INFO:colcon.colcon_core.shell:Creating prefix script '/home/banjov2/ros2_ws/install/local_setup.bash'
[2.362s] INFO:colcon.colcon_core.shell:Creating prefix chain script '/home/banjov2/ros2_ws/install/setup.bash'
[2.364s] INFO:colcon.colcon_core.shell:Creating prefix script '/home/banjov2/ros2_ws/install/local_setup.zsh'
[2.365s] INFO:colcon.colcon_core.shell:Creating prefix chain script '/home/banjov2/ros2_ws/install/setup.zsh'
